[16:40:21.745] [INFO   ] thread main starting.
[16:40:21.752] [SEVERE ] cannot read configuration file config.properties trying from resources.
[16:40:21.753] [SEVERE ] configuration file was loaded from resources directory.
[16:40:22.285] [INFO   ] thread dealer starting.
[16:40:22.286] [INFO   ] Thread dealer starting.
[16:40:22.287] [INFO   ] Thread player1 starting.
[16:40:22.287] [INFO   ] Thread player0 starting.
[16:40:22.396] [SEVERE ] placing card 68 in slot 0
[16:40:22.497] [SEVERE ] placing card 34 in slot 1
[16:40:22.598] [SEVERE ] placing card 30 in slot 2
[16:40:22.698] [SEVERE ] placing card 75 in slot 3
[16:40:22.799] [SEVERE ] placing card 4 in slot 4
[16:40:22.901] [SEVERE ] placing card 41 in slot 5
[16:40:23.001] [SEVERE ] placing card 57 in slot 6
[16:40:23.102] [SEVERE ] placing card 60 in slot 7
[16:40:23.202] [SEVERE ] placing card 25 in slot 8
[16:40:23.303] [SEVERE ] placing card 71 in slot 9
[16:40:23.403] [SEVERE ] placing card 72 in slot 10
[16:40:23.503] [SEVERE ] placing card 1 in slot 11
[16:40:23.519] [SEVERE ] updating countdown to 60000
[16:40:24.363] [SEVERE ] exit button pressed
[16:40:24.363] [INFO   ] Thread player1 terminated.
[16:40:24.364] [INFO   ] Thread player0 terminated.
[16:40:24.520] [SEVERE ] updating countdown to 59999
[16:40:24.622] [SEVERE ] removing card from slot 0
[16:40:24.622] [SEVERE ] removing player 1 token from slot 0
[16:40:24.623] [SEVERE ] removing player 2 token from slot 0
[16:40:24.723] [SEVERE ] removing card from slot 1
[16:40:24.724] [SEVERE ] removing player 1 token from slot 1
[16:40:24.725] [SEVERE ] removing player 2 token from slot 1
[16:40:24.826] [SEVERE ] removing card from slot 2
[16:40:24.827] [SEVERE ] removing player 1 token from slot 2
[16:40:24.827] [SEVERE ] removing player 2 token from slot 2
[16:40:24.928] [SEVERE ] removing card from slot 3
[16:40:24.929] [SEVERE ] removing player 1 token from slot 3
[16:40:24.930] [SEVERE ] removing player 2 token from slot 3
[16:40:25.031] [SEVERE ] removing card from slot 4
[16:40:25.032] [SEVERE ] removing player 1 token from slot 4
[16:40:25.033] [SEVERE ] removing player 2 token from slot 4
[16:40:25.134] [SEVERE ] removing card from slot 5
[16:40:25.134] [SEVERE ] removing player 1 token from slot 5
[16:40:25.135] [SEVERE ] removing player 2 token from slot 5
[16:40:25.237] [SEVERE ] removing card from slot 6
[16:40:25.237] [SEVERE ] removing player 1 token from slot 6
[16:40:25.238] [SEVERE ] removing player 2 token from slot 6
[16:40:25.338] [SEVERE ] removing card from slot 7
[16:40:25.339] [SEVERE ] removing player 1 token from slot 7
[16:40:25.340] [SEVERE ] removing player 2 token from slot 7
[16:40:25.441] [SEVERE ] removing card from slot 8
[16:40:25.441] [SEVERE ] removing player 1 token from slot 8
[16:40:25.442] [SEVERE ] removing player 2 token from slot 8
[16:40:25.543] [SEVERE ] removing card from slot 9
[16:40:25.543] [SEVERE ] removing player 1 token from slot 9
[16:40:25.544] [SEVERE ] removing player 2 token from slot 9
[16:40:25.645] [SEVERE ] removing card from slot 10
[16:40:25.646] [SEVERE ] removing player 1 token from slot 10
[16:40:25.647] [SEVERE ] removing player 2 token from slot 10
[16:40:25.748] [SEVERE ] removing card from slot 11
[16:40:25.748] [SEVERE ] removing player 1 token from slot 11
[16:40:25.749] [SEVERE ] removing player 2 token from slot 11
[16:40:25.851] [SEVERE ] placing card 68 in slot 0
[16:40:25.952] [SEVERE ] placing card 1 in slot 1
[16:40:26.053] [SEVERE ] placing card 57 in slot 2
[16:40:26.154] [SEVERE ] placing card 52 in slot 3
[16:40:26.254] [SEVERE ] placing card 49 in slot 4
[16:40:26.355] [SEVERE ] placing card 25 in slot 5
[16:40:26.456] [SEVERE ] placing card 75 in slot 6
[16:40:26.556] [SEVERE ] placing card 71 in slot 7
[16:40:26.657] [SEVERE ] placing card 30 in slot 8
[16:40:26.758] [SEVERE ] placing card 41 in slot 9
[16:40:26.859] [SEVERE ] placing card 3 in slot 10
[16:40:26.959] [SEVERE ] placing card 4 in slot 11
[16:40:26.959] [INFO   ] Thread dealer terminated.
[16:40:26.960] [INFO   ] thread dealer terminated.
[16:40:26.961] [SEVERE ] thanks for playing... it was fun!
[16:40:26.961] [INFO   ] thread main terminated.
