[15:03:39.845] [INFO   ] thread main starting.
[15:03:39.852] [SEVERE ] cannot read configuration file config.properties trying from resources.
[15:03:39.855] [SEVERE ] configuration file was loaded from resources directory.
[15:03:40.318] [INFO   ] thread dealer starting.
[15:03:40.318] [INFO   ] Thread dealer starting.
[15:03:40.320] [INFO   ] Thread player0 starting.
[15:03:40.322] [INFO   ] Thread player1 starting.
[15:03:40.425] [SEVERE ] placing card 55 in slot 0
[15:03:40.526] [SEVERE ] placing card 7 in slot 1
[15:03:40.626] [SEVERE ] placing card 44 in slot 2
[15:03:40.726] [SEVERE ] placing card 76 in slot 3
[15:03:40.827] [SEVERE ] placing card 72 in slot 4
[15:03:40.927] [SEVERE ] placing card 73 in slot 5
[15:03:41.028] [SEVERE ] placing card 23 in slot 6
[15:03:41.128] [SEVERE ] placing card 21 in slot 7
[15:03:41.229] [SEVERE ] placing card 32 in slot 8
[15:03:41.329] [SEVERE ] placing card 80 in slot 9
[15:03:41.429] [SEVERE ] placing card 67 in slot 10
[15:03:41.530] [SEVERE ] placing card 62 in slot 11
[15:03:41.535] [SEVERE ] updating countdown to 60000
[15:03:42.536] [SEVERE ] updating countdown to 59999
[15:03:43.537] [SEVERE ] updating countdown to 58998
[15:03:44.500] [SEVERE ] exit button pressed
[15:03:44.500] [INFO   ] Thread player1 terminated.
[15:03:44.501] [INFO   ] Thread player0 terminated.
[15:03:44.537] [SEVERE ] updating countdown to 57998
[15:03:44.638] [SEVERE ] removing card from slot 0
[15:03:44.639] [SEVERE ] removing player 1 token from slot 0
[15:03:44.640] [SEVERE ] removing player 2 token from slot 0
[15:03:44.741] [SEVERE ] removing card from slot 1
[15:03:44.741] [SEVERE ] removing player 1 token from slot 1
[15:03:44.742] [SEVERE ] removing player 2 token from slot 1
[15:03:44.843] [SEVERE ] removing card from slot 2
[15:03:44.844] [SEVERE ] removing player 1 token from slot 2
[15:03:44.844] [SEVERE ] removing player 2 token from slot 2
[15:03:44.945] [SEVERE ] removing card from slot 3
[15:03:44.946] [SEVERE ] removing player 1 token from slot 3
[15:03:44.947] [SEVERE ] removing player 2 token from slot 3
[15:03:45.048] [SEVERE ] removing card from slot 4
[15:03:45.048] [SEVERE ] removing player 1 token from slot 4
[15:03:45.049] [SEVERE ] removing player 2 token from slot 4
[15:03:45.150] [SEVERE ] removing card from slot 5
[15:03:45.151] [SEVERE ] removing player 1 token from slot 5
[15:03:45.151] [SEVERE ] removing player 2 token from slot 5
[15:03:45.252] [SEVERE ] removing card from slot 6
[15:03:45.253] [SEVERE ] removing player 1 token from slot 6
[15:03:45.254] [SEVERE ] removing player 2 token from slot 6
[15:03:45.355] [SEVERE ] removing card from slot 7
[15:03:45.355] [SEVERE ] removing player 1 token from slot 7
[15:03:45.356] [SEVERE ] removing player 2 token from slot 7
[15:03:45.457] [SEVERE ] removing card from slot 8
[15:03:45.458] [SEVERE ] removing player 1 token from slot 8
[15:03:45.458] [SEVERE ] removing player 2 token from slot 8
[15:03:45.559] [SEVERE ] removing card from slot 9
[15:03:45.560] [SEVERE ] removing player 1 token from slot 9
[15:03:45.561] [SEVERE ] removing player 2 token from slot 9
[15:03:45.662] [SEVERE ] removing card from slot 10
[15:03:45.663] [SEVERE ] removing player 1 token from slot 10
[15:03:45.663] [SEVERE ] removing player 2 token from slot 10
[15:03:45.764] [SEVERE ] removing card from slot 11
[15:03:45.765] [SEVERE ] removing player 1 token from slot 11
[15:03:45.766] [SEVERE ] removing player 2 token from slot 11
[15:03:45.870] [SEVERE ] placing card 55 in slot 0
[15:03:45.971] [SEVERE ] placing card 23 in slot 1
[15:03:46.072] [SEVERE ] placing card 67 in slot 2
[15:03:46.173] [SEVERE ] placing card 32 in slot 3
[15:03:46.274] [SEVERE ] placing card 44 in slot 4
[15:03:46.374] [SEVERE ] placing card 21 in slot 5
[15:03:46.475] [SEVERE ] placing card 47 in slot 6
[15:03:46.576] [SEVERE ] placing card 7 in slot 7
[15:03:46.676] [SEVERE ] placing card 80 in slot 8
[15:03:46.777] [SEVERE ] placing card 22 in slot 9
[15:03:46.877] [SEVERE ] placing card 62 in slot 10
[15:03:46.978] [SEVERE ] placing card 76 in slot 11
[15:03:46.979] [INFO   ] Thread dealer terminated.
[15:03:46.980] [INFO   ] thread dealer terminated.
[15:03:46.981] [SEVERE ] thanks for playing... it was fun!
[15:03:46.982] [INFO   ] thread main terminated.
