[14:08:34.175] [INFO   ] thread main starting.
[14:08:34.183] [SEVERE ] cannot read configuration file config.properties trying from resources.
[14:08:34.186] [SEVERE ] configuration file was loaded from resources directory.
[14:08:34.697] [INFO   ] thread dealer starting.
[14:08:34.700] [INFO   ] Thread dealer starting.
[14:08:34.702] [INFO   ] Thread player1 starting.
[14:08:34.702] [INFO   ] Thread player0 starting.
[14:08:34.825] [SEVERE ] placing card 36 in slot 0
[14:08:34.925] [SEVERE ] placing card 9 in slot 1
[14:08:35.028] [SEVERE ] placing card 63 in slot 2
[14:08:35.129] [SEVERE ] placing card 3 in slot 3
[14:08:35.231] [SEVERE ] placing card 37 in slot 4
[14:08:35.333] [SEVERE ] placing card 58 in slot 5
[14:08:35.435] [SEVERE ] placing card 38 in slot 6
[14:08:35.536] [SEVERE ] placing card 70 in slot 7
[14:08:35.636] [SEVERE ] placing card 46 in slot 8
[14:08:35.737] [SEVERE ] placing card 0 in slot 9
[14:08:35.839] [SEVERE ] placing card 51 in slot 10
[14:08:35.939] [SEVERE ] placing card 30 in slot 11
[14:08:35.944] [SEVERE ] updating countdown to 60000
[14:08:36.946] [SEVERE ] updating countdown to 59999
[14:08:37.234] [SEVERE ] key 81 was pressed by player 1
[14:08:37.234] [SEVERE ] player 1 placing token on slot 0
[14:08:37.823] [SEVERE ] key 87 was pressed by player 1
[14:08:37.823] [SEVERE ] player 1 placing token on slot 1
[14:08:37.947] [SEVERE ] updating countdown to 58998
[14:08:38.948] [SEVERE ] updating countdown to 57997
[14:08:39.887] [SEVERE ] key 69 was pressed by player 1
[14:08:39.887] [SEVERE ] player 1 placing token on slot 2
[14:08:39.887] [SEVERE ] setting player 1 score to 1
[14:08:39.888] [SEVERE ] removing player 1 token from slot 0
[14:08:39.888] [SEVERE ] removing player 1 token from slot 1
[14:08:39.889] [SEVERE ] removing player 1 token from slot 2
[14:08:39.890] [SEVERE ] removing player 2 token from slot 0
[14:08:39.890] [SEVERE ] removing player 2 token from slot 1
[14:08:39.891] [SEVERE ] removing player 2 token from slot 2
[14:08:39.890] [SEVERE ] setting player 1 freeze to 1999
[14:08:39.902] [SEVERE ] setting player 1 freeze to 1987
[14:08:39.914] [SEVERE ] setting player 1 freeze to 1975
[14:08:39.925] [SEVERE ] setting player 1 freeze to 1964
[14:08:39.936] [SEVERE ] setting player 1 freeze to 1954
[14:08:39.946] [SEVERE ] setting player 1 freeze to 1943
[14:08:39.957] [SEVERE ] setting player 1 freeze to 1932
[14:08:39.967] [SEVERE ] setting player 1 freeze to 1922
[14:08:39.977] [SEVERE ] setting player 1 freeze to 1912
[14:08:39.988] [SEVERE ] setting player 1 freeze to 1901
[14:08:39.992] [SEVERE ] removing card from slot 0
[14:08:39.998] [SEVERE ] setting player 1 freeze to 1891
[14:08:40.009] [SEVERE ] setting player 1 freeze to 1881
[14:08:40.020] [SEVERE ] setting player 1 freeze to 1869
[14:08:40.030] [SEVERE ] setting player 1 freeze to 1859
[14:08:40.040] [SEVERE ] setting player 1 freeze to 1849
[14:08:40.051] [SEVERE ] setting player 1 freeze to 1838
[14:08:40.061] [SEVERE ] setting player 1 freeze to 1828
[14:08:40.071] [SEVERE ] setting player 1 freeze to 1818
[14:08:40.082] [SEVERE ] setting player 1 freeze to 1807
[14:08:40.092] [SEVERE ] removing card from slot 1
[14:08:40.092] [SEVERE ] setting player 1 freeze to 1797
[14:08:40.103] [SEVERE ] setting player 1 freeze to 1786
[14:08:40.113] [SEVERE ] setting player 1 freeze to 1776
[14:08:40.124] [SEVERE ] setting player 1 freeze to 1765
[14:08:40.134] [SEVERE ] setting player 1 freeze to 1755
[14:08:40.145] [SEVERE ] setting player 1 freeze to 1744
[14:08:40.155] [SEVERE ] setting player 1 freeze to 1734
[14:08:40.165] [SEVERE ] setting player 1 freeze to 1724
[14:08:40.176] [SEVERE ] setting player 1 freeze to 1713
[14:08:40.186] [SEVERE ] setting player 1 freeze to 1703
[14:08:40.192] [SEVERE ] removing card from slot 2
[14:08:40.196] [SEVERE ] setting player 1 freeze to 1693
[14:08:40.207] [SEVERE ] setting player 1 freeze to 1682
[14:08:40.217] [SEVERE ] setting player 1 freeze to 1672
[14:08:40.227] [SEVERE ] setting player 1 freeze to 1662
[14:08:40.237] [SEVERE ] setting player 1 freeze to 1652
[14:08:40.248] [SEVERE ] setting player 1 freeze to 1641
[14:08:40.258] [SEVERE ] setting player 1 freeze to 1631
[14:08:40.268] [SEVERE ] setting player 1 freeze to 1621
[14:08:40.279] [SEVERE ] setting player 1 freeze to 1610
[14:08:40.289] [SEVERE ] setting player 1 freeze to 1600
[14:08:40.293] [SEVERE ] placing card 1 in slot 0
[14:08:40.299] [SEVERE ] setting player 1 freeze to 1590
[14:08:40.310] [SEVERE ] setting player 1 freeze to 1579
[14:08:40.320] [SEVERE ] setting player 1 freeze to 1569
[14:08:40.330] [SEVERE ] setting player 1 freeze to 1559
[14:08:40.341] [SEVERE ] setting player 1 freeze to 1548
[14:08:40.351] [SEVERE ] setting player 1 freeze to 1538
[14:08:40.361] [SEVERE ] setting player 1 freeze to 1528
[14:08:40.372] [SEVERE ] setting player 1 freeze to 1517
[14:08:40.382] [SEVERE ] setting player 1 freeze to 1507
[14:08:40.392] [SEVERE ] setting player 1 freeze to 1497
[14:08:40.393] [SEVERE ] placing card 33 in slot 1
[14:08:40.403] [SEVERE ] setting player 1 freeze to 1486
[14:08:40.413] [SEVERE ] setting player 1 freeze to 1476
[14:08:40.424] [SEVERE ] setting player 1 freeze to 1465
[14:08:40.434] [SEVERE ] setting player 1 freeze to 1455
[14:08:40.444] [SEVERE ] setting player 1 freeze to 1445
[14:08:40.454] [SEVERE ] setting player 1 freeze to 1435
[14:08:40.465] [SEVERE ] setting player 1 freeze to 1424
[14:08:40.475] [SEVERE ] setting player 1 freeze to 1414
[14:08:40.485] [SEVERE ] setting player 1 freeze to 1404
[14:08:40.493] [SEVERE ] placing card 54 in slot 2
[14:08:40.497] [SEVERE ] updating countdown to 60000
[14:08:40.499] [SEVERE ] setting player 1 freeze to 1390
[14:08:40.510] [SEVERE ] setting player 1 freeze to 1379
[14:08:40.520] [SEVERE ] setting player 1 freeze to 1369
[14:08:40.531] [SEVERE ] setting player 1 freeze to 1358
[14:08:40.541] [SEVERE ] setting player 1 freeze to 1348
[14:08:40.551] [SEVERE ] setting player 1 freeze to 1338
[14:08:40.562] [SEVERE ] setting player 1 freeze to 1327
[14:08:40.572] [SEVERE ] setting player 1 freeze to 1317
[14:08:40.582] [SEVERE ] setting player 1 freeze to 1307
[14:08:40.593] [SEVERE ] setting player 1 freeze to 1296
[14:08:40.603] [SEVERE ] setting player 1 freeze to 1286
[14:08:40.613] [SEVERE ] setting player 1 freeze to 1276
[14:08:40.624] [SEVERE ] setting player 1 freeze to 1265
[14:08:40.634] [SEVERE ] setting player 1 freeze to 1255
[14:08:40.644] [SEVERE ] setting player 1 freeze to 1245
[14:08:40.654] [SEVERE ] setting player 1 freeze to 1235
[14:08:40.665] [SEVERE ] setting player 1 freeze to 1224
[14:08:40.675] [SEVERE ] setting player 1 freeze to 1214
[14:08:40.685] [SEVERE ] setting player 1 freeze to 1204
[14:08:40.696] [SEVERE ] setting player 1 freeze to 1193
[14:08:40.706] [SEVERE ] setting player 1 freeze to 1183
[14:08:40.717] [SEVERE ] setting player 1 freeze to 1172
[14:08:40.727] [SEVERE ] setting player 1 freeze to 1162
[14:08:40.737] [SEVERE ] setting player 1 freeze to 1152
[14:08:40.748] [SEVERE ] setting player 1 freeze to 1142
[14:08:40.758] [SEVERE ] setting player 1 freeze to 1131
[14:08:40.768] [SEVERE ] setting player 1 freeze to 1121
[14:08:40.779] [SEVERE ] setting player 1 freeze to 1110
[14:08:40.789] [SEVERE ] setting player 1 freeze to 1100
[14:08:40.799] [SEVERE ] setting player 1 freeze to 1090
[14:08:40.809] [SEVERE ] setting player 1 freeze to 1080
[14:08:40.820] [SEVERE ] setting player 1 freeze to 1069
[14:08:40.830] [SEVERE ] setting player 1 freeze to 1059
[14:08:40.840] [SEVERE ] setting player 1 freeze to 1049
[14:08:40.851] [SEVERE ] setting player 1 freeze to 1038
[14:08:40.861] [SEVERE ] setting player 1 freeze to 1028
[14:08:40.871] [SEVERE ] setting player 1 freeze to 1018
[14:08:40.882] [SEVERE ] setting player 1 freeze to 1008
[14:08:40.892] [SEVERE ] setting player 1 freeze to 997
[14:08:40.902] [SEVERE ] setting player 1 freeze to 987
[14:08:40.913] [SEVERE ] setting player 1 freeze to 977
[14:08:40.923] [SEVERE ] setting player 1 freeze to 966
[14:08:40.933] [SEVERE ] setting player 1 freeze to 956
[14:08:40.944] [SEVERE ] setting player 1 freeze to 945
[14:08:40.954] [SEVERE ] setting player 1 freeze to 935
[14:08:40.964] [SEVERE ] setting player 1 freeze to 925
[14:08:40.975] [SEVERE ] setting player 1 freeze to 914
[14:08:40.985] [SEVERE ] setting player 1 freeze to 904
[14:08:40.995] [SEVERE ] setting player 1 freeze to 894
[14:08:41.005] [SEVERE ] setting player 1 freeze to 884
[14:08:41.016] [SEVERE ] setting player 1 freeze to 873
[14:08:41.026] [SEVERE ] setting player 1 freeze to 863
[14:08:41.036] [SEVERE ] setting player 1 freeze to 853
[14:08:41.047] [SEVERE ] setting player 1 freeze to 842
[14:08:41.057] [SEVERE ] setting player 1 freeze to 832
[14:08:41.067] [SEVERE ] setting player 1 freeze to 822
[14:08:41.078] [SEVERE ] setting player 1 freeze to 811
[14:08:41.088] [SEVERE ] setting player 1 freeze to 801
[14:08:41.098] [SEVERE ] setting player 1 freeze to 791
[14:08:41.108] [SEVERE ] setting player 1 freeze to 781
[14:08:41.119] [SEVERE ] setting player 1 freeze to 770
[14:08:41.129] [SEVERE ] setting player 1 freeze to 760
[14:08:41.139] [SEVERE ] setting player 1 freeze to 750
[14:08:41.150] [SEVERE ] setting player 1 freeze to 739
[14:08:41.160] [SEVERE ] setting player 1 freeze to 729
[14:08:41.170] [SEVERE ] setting player 1 freeze to 719
[14:08:41.181] [SEVERE ] setting player 1 freeze to 708
[14:08:41.191] [SEVERE ] setting player 1 freeze to 698
[14:08:41.202] [SEVERE ] setting player 1 freeze to 687
[14:08:41.212] [SEVERE ] setting player 1 freeze to 677
[14:08:41.222] [SEVERE ] setting player 1 freeze to 667
[14:08:41.233] [SEVERE ] setting player 1 freeze to 656
[14:08:41.243] [SEVERE ] setting player 1 freeze to 646
[14:08:41.253] [SEVERE ] setting player 1 freeze to 636
[14:08:41.263] [SEVERE ] setting player 1 freeze to 626
[14:08:41.274] [SEVERE ] setting player 1 freeze to 615
[14:08:41.284] [SEVERE ] setting player 1 freeze to 605
[14:08:41.294] [SEVERE ] setting player 1 freeze to 595
[14:08:41.305] [SEVERE ] setting player 1 freeze to 584
[14:08:41.315] [SEVERE ] setting player 1 freeze to 574
[14:08:41.325] [SEVERE ] setting player 1 freeze to 564
[14:08:41.343] [SEVERE ] setting player 1 freeze to 546
[14:08:41.353] [SEVERE ] setting player 1 freeze to 536
[14:08:41.364] [SEVERE ] setting player 1 freeze to 525
[14:08:41.374] [SEVERE ] setting player 1 freeze to 515
[14:08:41.384] [SEVERE ] setting player 1 freeze to 505
[14:08:41.395] [SEVERE ] setting player 1 freeze to 494
[14:08:41.405] [SEVERE ] setting player 1 freeze to 484
[14:08:41.415] [SEVERE ] setting player 1 freeze to 474
[14:08:41.426] [SEVERE ] setting player 1 freeze to 463
[14:08:41.436] [SEVERE ] setting player 1 freeze to 453
[14:08:41.446] [SEVERE ] setting player 1 freeze to 443
[14:08:41.457] [SEVERE ] setting player 1 freeze to 433
[14:08:41.467] [SEVERE ] setting player 1 freeze to 422
[14:08:41.477] [SEVERE ] setting player 1 freeze to 412
[14:08:41.487] [SEVERE ] setting player 1 freeze to 402
[14:08:41.498] [SEVERE ] setting player 1 freeze to 391
[14:08:41.498] [SEVERE ] updating countdown to 59999
[14:08:41.508] [SEVERE ] setting player 1 freeze to 381
[14:08:41.518] [SEVERE ] setting player 1 freeze to 371
[14:08:41.529] [SEVERE ] setting player 1 freeze to 360
[14:08:41.539] [SEVERE ] setting player 1 freeze to 350
[14:08:41.549] [SEVERE ] setting player 1 freeze to 340
[14:08:41.559] [SEVERE ] setting player 1 freeze to 330
[14:08:41.570] [SEVERE ] setting player 1 freeze to 319
[14:08:41.580] [SEVERE ] setting player 1 freeze to 309
[14:08:41.590] [SEVERE ] setting player 1 freeze to 299
[14:08:41.601] [SEVERE ] setting player 1 freeze to 288
[14:08:41.611] [SEVERE ] setting player 1 freeze to 278
[14:08:41.621] [SEVERE ] setting player 1 freeze to 268
[14:08:41.631] [SEVERE ] setting player 1 freeze to 258
[14:08:41.642] [SEVERE ] setting player 1 freeze to 247
[14:08:41.652] [SEVERE ] setting player 1 freeze to 237
[14:08:41.662] [SEVERE ] setting player 1 freeze to 227
[14:08:41.673] [SEVERE ] setting player 1 freeze to 216
[14:08:41.683] [SEVERE ] setting player 1 freeze to 206
[14:08:41.693] [SEVERE ] setting player 1 freeze to 196
[14:08:41.704] [SEVERE ] setting player 1 freeze to 185
[14:08:41.714] [SEVERE ] setting player 1 freeze to 175
[14:08:41.724] [SEVERE ] setting player 1 freeze to 165
[14:08:41.735] [SEVERE ] setting player 1 freeze to 154
[14:08:41.745] [SEVERE ] setting player 1 freeze to 144
[14:08:41.755] [SEVERE ] setting player 1 freeze to 134
[14:08:41.765] [SEVERE ] setting player 1 freeze to 124
[14:08:41.776] [SEVERE ] setting player 1 freeze to 113
[14:08:41.786] [SEVERE ] setting player 1 freeze to 103
[14:08:41.796] [SEVERE ] setting player 1 freeze to 93
[14:08:41.807] [SEVERE ] setting player 1 freeze to 82
[14:08:41.817] [SEVERE ] setting player 1 freeze to 72
[14:08:41.827] [SEVERE ] setting player 1 freeze to 62
[14:08:41.838] [SEVERE ] setting player 1 freeze to 51
[14:08:41.848] [SEVERE ] setting player 1 freeze to 41
[14:08:41.858] [SEVERE ] setting player 1 freeze to 31
[14:08:41.868] [SEVERE ] setting player 1 freeze to 21
[14:08:41.879] [SEVERE ] setting player 1 freeze to 10
[14:08:41.889] [SEVERE ] setting player 1 freeze to 0
[14:08:42.499] [SEVERE ] updating countdown to 58998
[14:08:43.499] [SEVERE ] updating countdown to 57998
[14:08:44.500] [SEVERE ] updating countdown to 56997
[14:08:44.520] [SEVERE ] key 81 was pressed by player 1
[14:08:44.521] [SEVERE ] player 1 placing token on slot 0
[14:08:44.927] [SEVERE ] key 87 was pressed by player 1
[14:08:44.927] [SEVERE ] player 1 placing token on slot 1
[14:08:45.416] [SEVERE ] key 69 was pressed by player 1
[14:08:45.416] [SEVERE ] player 1 placing token on slot 2
[14:08:45.417] [SEVERE ] setting player 1 freeze to 3999
[14:08:45.427] [SEVERE ] setting player 1 freeze to 3989
[14:08:45.438] [SEVERE ] setting player 1 freeze to 3979
[14:08:45.448] [SEVERE ] setting player 1 freeze to 3968
[14:08:45.458] [SEVERE ] setting player 1 freeze to 3958
[14:08:45.469] [SEVERE ] setting player 1 freeze to 3947
[14:08:45.479] [SEVERE ] setting player 1 freeze to 3937
[14:08:45.489] [SEVERE ] setting player 1 freeze to 3927
[14:08:45.500] [SEVERE ] updating countdown to 55997
[14:08:45.500] [SEVERE ] setting player 1 freeze to 3916
[14:08:45.511] [SEVERE ] setting player 1 freeze to 3905
[14:08:45.522] [SEVERE ] setting player 1 freeze to 3894
[14:08:45.532] [SEVERE ] setting player 1 freeze to 3884
[14:08:45.542] [SEVERE ] setting player 1 freeze to 3874
[14:08:45.552] [SEVERE ] setting player 1 freeze to 3864
[14:08:45.563] [SEVERE ] setting player 1 freeze to 3853
[14:08:45.573] [SEVERE ] setting player 1 freeze to 3843
[14:08:45.583] [SEVERE ] setting player 1 freeze to 3833
[14:08:45.594] [SEVERE ] setting player 1 freeze to 3822
[14:08:45.604] [SEVERE ] setting player 1 freeze to 3812
[14:08:45.614] [SEVERE ] setting player 1 freeze to 3802
[14:08:45.625] [SEVERE ] setting player 1 freeze to 3792
[14:08:45.635] [SEVERE ] setting player 1 freeze to 3781
[14:08:45.645] [SEVERE ] setting player 1 freeze to 3771
[14:08:45.655] [SEVERE ] setting player 1 freeze to 3761
[14:08:45.665] [SEVERE ] setting player 1 freeze to 3751
[14:08:45.676] [SEVERE ] setting player 1 freeze to 3740
[14:08:45.686] [SEVERE ] setting player 1 freeze to 3730
[14:08:45.696] [SEVERE ] setting player 1 freeze to 3720
[14:08:45.707] [SEVERE ] setting player 1 freeze to 3709
[14:08:45.717] [SEVERE ] setting player 1 freeze to 3699
[14:08:45.727] [SEVERE ] setting player 1 freeze to 3689
[14:08:45.737] [SEVERE ] setting player 1 freeze to 3679
[14:08:45.748] [SEVERE ] setting player 1 freeze to 3668
[14:08:45.758] [SEVERE ] setting player 1 freeze to 3658
[14:08:45.768] [SEVERE ] setting player 1 freeze to 3648
[14:08:45.779] [SEVERE ] setting player 1 freeze to 3637
[14:08:45.789] [SEVERE ] setting player 1 freeze to 3627
[14:08:45.799] [SEVERE ] setting player 1 freeze to 3617
[14:08:45.809] [SEVERE ] setting player 1 freeze to 3607
[14:08:45.819] [SEVERE ] setting player 1 freeze to 3597
[14:08:45.830] [SEVERE ] setting player 1 freeze to 3586
[14:08:45.840] [SEVERE ] setting player 1 freeze to 3576
[14:08:45.850] [SEVERE ] setting player 1 freeze to 3566
[14:08:45.861] [SEVERE ] setting player 1 freeze to 3555
[14:08:45.871] [SEVERE ] setting player 1 freeze to 3545
[14:08:45.881] [SEVERE ] setting player 1 freeze to 3535
[14:08:45.891] [SEVERE ] setting player 1 freeze to 3525
[14:08:45.902] [SEVERE ] setting player 1 freeze to 3514
[14:08:45.912] [SEVERE ] setting player 1 freeze to 3504
[14:08:45.922] [SEVERE ] setting player 1 freeze to 3494
[14:08:45.932] [SEVERE ] setting player 1 freeze to 3484
[14:08:45.942] [SEVERE ] setting player 1 freeze to 3474
[14:08:45.953] [SEVERE ] setting player 1 freeze to 3463
[14:08:45.963] [SEVERE ] setting player 1 freeze to 3453
[14:08:45.973] [SEVERE ] setting player 1 freeze to 3443
[14:08:45.984] [SEVERE ] setting player 1 freeze to 3432
[14:08:45.994] [SEVERE ] setting player 1 freeze to 3422
[14:08:46.004] [SEVERE ] setting player 1 freeze to 3412
[14:08:46.014] [SEVERE ] setting player 1 freeze to 3402
[14:08:46.025] [SEVERE ] setting player 1 freeze to 3391
[14:08:46.035] [SEVERE ] setting player 1 freeze to 3381
[14:08:46.045] [SEVERE ] setting player 1 freeze to 3371
[14:08:46.055] [SEVERE ] setting player 1 freeze to 3361
[14:08:46.066] [SEVERE ] setting player 1 freeze to 3350
[14:08:46.076] [SEVERE ] setting player 1 freeze to 3340
[14:08:46.086] [SEVERE ] setting player 1 freeze to 3330
[14:08:46.096] [SEVERE ] setting player 1 freeze to 3320
[14:08:46.107] [SEVERE ] setting player 1 freeze to 3309
[14:08:46.117] [SEVERE ] setting player 1 freeze to 3299
[14:08:46.127] [SEVERE ] setting player 1 freeze to 3289
[14:08:46.137] [SEVERE ] setting player 1 freeze to 3279
[14:08:46.148] [SEVERE ] setting player 1 freeze to 3268
[14:08:46.158] [SEVERE ] setting player 1 freeze to 3258
[14:08:46.168] [SEVERE ] setting player 1 freeze to 3248
[14:08:46.178] [SEVERE ] setting player 1 freeze to 3238
[14:08:46.189] [SEVERE ] setting player 1 freeze to 3227
[14:08:46.199] [SEVERE ] setting player 1 freeze to 3217
[14:08:46.209] [SEVERE ] setting player 1 freeze to 3207
[14:08:46.219] [SEVERE ] setting player 1 freeze to 3197
[14:08:46.232] [SEVERE ] setting player 1 freeze to 3184
[14:08:46.242] [SEVERE ] setting player 1 freeze to 3174
[14:08:46.253] [SEVERE ] setting player 1 freeze to 3163
[14:08:46.263] [SEVERE ] setting player 1 freeze to 3153
[14:08:46.273] [SEVERE ] setting player 1 freeze to 3143
[14:08:46.283] [SEVERE ] setting player 1 freeze to 3133
[14:08:46.294] [SEVERE ] setting player 1 freeze to 3122
[14:08:46.304] [SEVERE ] setting player 1 freeze to 3112
[14:08:46.314] [SEVERE ] setting player 1 freeze to 3102
[14:08:46.325] [SEVERE ] setting player 1 freeze to 3091
[14:08:46.335] [SEVERE ] setting player 1 freeze to 3081
[14:08:46.345] [SEVERE ] setting player 1 freeze to 3071
[14:08:46.355] [SEVERE ] setting player 1 freeze to 3061
[14:08:46.365] [SEVERE ] setting player 1 freeze to 3051
[14:08:46.376] [SEVERE ] setting player 1 freeze to 3040
[14:08:46.386] [SEVERE ] setting player 1 freeze to 3030
[14:08:46.396] [SEVERE ] setting player 1 freeze to 3020
[14:08:46.407] [SEVERE ] setting player 1 freeze to 3009
[14:08:46.417] [SEVERE ] setting player 1 freeze to 2999
[14:08:46.427] [SEVERE ] setting player 1 freeze to 2989
[14:08:46.437] [SEVERE ] setting player 1 freeze to 2979
[14:08:46.448] [SEVERE ] setting player 1 freeze to 2968
[14:08:46.458] [SEVERE ] setting player 1 freeze to 2958
[14:08:46.468] [SEVERE ] setting player 1 freeze to 2948
[14:08:46.478] [SEVERE ] setting player 1 freeze to 2938
[14:08:46.489] [SEVERE ] setting player 1 freeze to 2928
[14:08:46.499] [SEVERE ] setting player 1 freeze to 2917
[14:08:46.501] [SEVERE ] updating countdown to 54996
[14:08:46.509] [SEVERE ] setting player 1 freeze to 2907
[14:08:46.519] [SEVERE ] setting player 1 freeze to 2897
[14:08:46.530] [SEVERE ] setting player 1 freeze to 2886
[14:08:46.540] [SEVERE ] setting player 1 freeze to 2876
[14:08:46.550] [SEVERE ] setting player 1 freeze to 2866
[14:08:46.560] [SEVERE ] setting player 1 freeze to 2856
[14:08:46.571] [SEVERE ] setting player 1 freeze to 2845
[14:08:46.581] [SEVERE ] setting player 1 freeze to 2835
[14:08:46.591] [SEVERE ] setting player 1 freeze to 2825
[14:08:46.602] [SEVERE ] setting player 1 freeze to 2814
[14:08:46.612] [SEVERE ] setting player 1 freeze to 2804
[14:08:46.622] [SEVERE ] setting player 1 freeze to 2794
[14:08:46.632] [SEVERE ] setting player 1 freeze to 2784
[14:08:46.643] [SEVERE ] setting player 1 freeze to 2773
[14:08:46.653] [SEVERE ] setting player 1 freeze to 2763
[14:08:46.663] [SEVERE ] setting player 1 freeze to 2753
[14:08:46.673] [SEVERE ] setting player 1 freeze to 2743
[14:08:46.683] [SEVERE ] setting player 1 freeze to 2733
[14:08:46.694] [SEVERE ] setting player 1 freeze to 2722
[14:08:46.704] [SEVERE ] setting player 1 freeze to 2712
[14:08:46.714] [SEVERE ] setting player 1 freeze to 2702
[14:08:46.725] [SEVERE ] setting player 1 freeze to 2691
[14:08:46.735] [SEVERE ] setting player 1 freeze to 2681
[14:08:46.745] [SEVERE ] setting player 1 freeze to 2671
[14:08:46.755] [SEVERE ] setting player 1 freeze to 2661
[14:08:46.767] [SEVERE ] setting player 1 freeze to 2649
[14:08:46.777] [SEVERE ] setting player 1 freeze to 2639
[14:08:46.787] [SEVERE ] setting player 1 freeze to 2629
[14:08:46.798] [SEVERE ] setting player 1 freeze to 2618
[14:08:46.808] [SEVERE ] setting player 1 freeze to 2608
[14:08:46.818] [SEVERE ] setting player 1 freeze to 2598
[14:08:46.828] [SEVERE ] setting player 1 freeze to 2588
[14:08:46.839] [SEVERE ] setting player 1 freeze to 2577
[14:08:46.849] [SEVERE ] setting player 1 freeze to 2567
[14:08:46.859] [SEVERE ] setting player 1 freeze to 2557
[14:08:46.869] [SEVERE ] setting player 1 freeze to 2547
[14:08:46.880] [SEVERE ] setting player 1 freeze to 2536
[14:08:46.890] [SEVERE ] setting player 1 freeze to 2526
[14:08:46.900] [SEVERE ] setting player 1 freeze to 2516
[14:08:46.910] [SEVERE ] setting player 1 freeze to 2506
[14:08:46.921] [SEVERE ] setting player 1 freeze to 2495
[14:08:46.931] [SEVERE ] setting player 1 freeze to 2485
[14:08:46.941] [SEVERE ] setting player 1 freeze to 2475
[14:08:46.951] [SEVERE ] setting player 1 freeze to 2465
[14:08:46.962] [SEVERE ] setting player 1 freeze to 2454
[14:08:46.972] [SEVERE ] setting player 1 freeze to 2444
[14:08:46.982] [SEVERE ] setting player 1 freeze to 2434
[14:08:46.992] [SEVERE ] setting player 1 freeze to 2424
[14:08:47.003] [SEVERE ] setting player 1 freeze to 2413
[14:08:47.013] [SEVERE ] setting player 1 freeze to 2403
[14:08:47.023] [SEVERE ] setting player 1 freeze to 2393
[14:08:47.033] [SEVERE ] setting player 1 freeze to 2383
[14:08:47.044] [SEVERE ] setting player 1 freeze to 2372
[14:08:47.054] [SEVERE ] setting player 1 freeze to 2362
[14:08:47.064] [SEVERE ] setting player 1 freeze to 2352
[14:08:47.074] [SEVERE ] setting player 1 freeze to 2342
[14:08:47.085] [SEVERE ] setting player 1 freeze to 2331
[14:08:47.095] [SEVERE ] setting player 1 freeze to 2321
[14:08:47.105] [SEVERE ] setting player 1 freeze to 2311
[14:08:47.115] [SEVERE ] setting player 1 freeze to 2301
[14:08:47.125] [SEVERE ] setting player 1 freeze to 2291
[14:08:47.136] [SEVERE ] setting player 1 freeze to 2280
[14:08:47.146] [SEVERE ] setting player 1 freeze to 2270
[14:08:47.156] [SEVERE ] setting player 1 freeze to 2260
[14:08:47.166] [SEVERE ] setting player 1 freeze to 2250
[14:08:47.177] [SEVERE ] setting player 1 freeze to 2239
[14:08:47.187] [SEVERE ] setting player 1 freeze to 2229
[14:08:47.197] [SEVERE ] setting player 1 freeze to 2219
[14:08:47.207] [SEVERE ] setting player 1 freeze to 2209
[14:08:47.218] [SEVERE ] setting player 1 freeze to 2198
[14:08:47.228] [SEVERE ] setting player 1 freeze to 2188
[14:08:47.238] [SEVERE ] setting player 1 freeze to 2178
[14:08:47.248] [SEVERE ] setting player 1 freeze to 2168
[14:08:47.259] [SEVERE ] setting player 1 freeze to 2157
[14:08:47.269] [SEVERE ] setting player 1 freeze to 2147
[14:08:47.279] [SEVERE ] setting player 1 freeze to 2137
[14:08:47.289] [SEVERE ] setting player 1 freeze to 2127
[14:08:47.299] [SEVERE ] setting player 1 freeze to 2117
[14:08:47.310] [SEVERE ] setting player 1 freeze to 2106
[14:08:47.320] [SEVERE ] setting player 1 freeze to 2096
[14:08:47.330] [SEVERE ] setting player 1 freeze to 2086
[14:08:47.340] [SEVERE ] setting player 1 freeze to 2076
[14:08:47.351] [SEVERE ] setting player 1 freeze to 2065
[14:08:47.361] [SEVERE ] setting player 1 freeze to 2055
[14:08:47.371] [SEVERE ] setting player 1 freeze to 2045
[14:08:47.381] [SEVERE ] setting player 1 freeze to 2035
[14:08:47.391] [SEVERE ] setting player 1 freeze to 2025
[14:08:47.402] [SEVERE ] setting player 1 freeze to 2014
[14:08:47.412] [SEVERE ] setting player 1 freeze to 2004
[14:08:47.422] [SEVERE ] setting player 1 freeze to 1994
[14:08:47.432] [SEVERE ] setting player 1 freeze to 1984
[14:08:47.443] [SEVERE ] setting player 1 freeze to 1973
[14:08:47.453] [SEVERE ] setting player 1 freeze to 1963
[14:08:47.463] [SEVERE ] setting player 1 freeze to 1953
[14:08:47.473] [SEVERE ] setting player 1 freeze to 1943
[14:08:47.483] [SEVERE ] setting player 1 freeze to 1933
[14:08:47.494] [SEVERE ] setting player 1 freeze to 1922
[14:08:47.501] [SEVERE ] updating countdown to 53996
[14:08:47.504] [SEVERE ] setting player 1 freeze to 1912
[14:08:47.514] [SEVERE ] setting player 1 freeze to 1902
[14:08:47.524] [SEVERE ] setting player 1 freeze to 1892
[14:08:47.534] [SEVERE ] setting player 1 freeze to 1882
[14:08:47.545] [SEVERE ] setting player 1 freeze to 1871
[14:08:47.555] [SEVERE ] setting player 1 freeze to 1861
[14:08:47.565] [SEVERE ] setting player 1 freeze to 1851
[14:08:47.575] [SEVERE ] setting player 1 freeze to 1841
[14:08:47.585] [SEVERE ] setting player 1 freeze to 1831
[14:08:47.596] [SEVERE ] setting player 1 freeze to 1820
[14:08:47.606] [SEVERE ] setting player 1 freeze to 1810
[14:08:47.616] [SEVERE ] setting player 1 freeze to 1800
[14:08:47.626] [SEVERE ] setting player 1 freeze to 1790
[14:08:47.637] [SEVERE ] setting player 1 freeze to 1779
[14:08:47.647] [SEVERE ] setting player 1 freeze to 1769
[14:08:47.657] [SEVERE ] setting player 1 freeze to 1759
[14:08:47.667] [SEVERE ] setting player 1 freeze to 1749
[14:08:47.678] [SEVERE ] setting player 1 freeze to 1738
[14:08:47.688] [SEVERE ] setting player 1 freeze to 1728
[14:08:47.698] [SEVERE ] setting player 1 freeze to 1718
[14:08:47.708] [SEVERE ] setting player 1 freeze to 1708
[14:08:47.718] [SEVERE ] setting player 1 freeze to 1698
[14:08:47.729] [SEVERE ] setting player 1 freeze to 1687
[14:08:47.739] [SEVERE ] setting player 1 freeze to 1677
[14:08:47.750] [SEVERE ] setting player 1 freeze to 1667
[14:08:47.760] [SEVERE ] setting player 1 freeze to 1656
[14:08:47.770] [SEVERE ] setting player 1 freeze to 1646
[14:08:47.780] [SEVERE ] setting player 1 freeze to 1636
[14:08:47.790] [SEVERE ] setting player 1 freeze to 1626
[14:08:47.801] [SEVERE ] setting player 1 freeze to 1615
[14:08:47.811] [SEVERE ] setting player 1 freeze to 1605
[14:08:47.821] [SEVERE ] setting player 1 freeze to 1595
[14:08:47.831] [SEVERE ] setting player 1 freeze to 1585
[14:08:47.842] [SEVERE ] setting player 1 freeze to 1574
[14:08:47.852] [SEVERE ] setting player 1 freeze to 1564
[14:08:47.862] [SEVERE ] setting player 1 freeze to 1554
[14:08:47.872] [SEVERE ] setting player 1 freeze to 1544
[14:08:47.882] [SEVERE ] setting player 1 freeze to 1534
[14:08:47.893] [SEVERE ] setting player 1 freeze to 1523
[14:08:47.903] [SEVERE ] setting player 1 freeze to 1513
[14:08:47.913] [SEVERE ] setting player 1 freeze to 1503
[14:08:47.923] [SEVERE ] setting player 1 freeze to 1493
[14:08:47.934] [SEVERE ] setting player 1 freeze to 1482
[14:08:47.944] [SEVERE ] setting player 1 freeze to 1472
[14:08:47.954] [SEVERE ] setting player 1 freeze to 1462
[14:08:47.964] [SEVERE ] setting player 1 freeze to 1452
[14:08:47.975] [SEVERE ] setting player 1 freeze to 1441
[14:08:47.985] [SEVERE ] setting player 1 freeze to 1431
[14:08:47.995] [SEVERE ] setting player 1 freeze to 1421
[14:08:48.005] [SEVERE ] setting player 1 freeze to 1411
[14:08:48.015] [SEVERE ] setting player 1 freeze to 1401
[14:08:48.026] [SEVERE ] setting player 1 freeze to 1390
[14:08:48.036] [SEVERE ] setting player 1 freeze to 1380
[14:08:48.046] [SEVERE ] setting player 1 freeze to 1370
[14:08:48.056] [SEVERE ] setting player 1 freeze to 1360
[14:08:48.067] [SEVERE ] setting player 1 freeze to 1349
[14:08:48.077] [SEVERE ] setting player 1 freeze to 1339
[14:08:48.087] [SEVERE ] setting player 1 freeze to 1329
[14:08:48.097] [SEVERE ] setting player 1 freeze to 1319
[14:08:48.108] [SEVERE ] setting player 1 freeze to 1308
[14:08:48.118] [SEVERE ] setting player 1 freeze to 1298
[14:08:48.128] [SEVERE ] setting player 1 freeze to 1288
[14:08:48.138] [SEVERE ] setting player 1 freeze to 1278
[14:08:48.149] [SEVERE ] setting player 1 freeze to 1267
[14:08:48.159] [SEVERE ] setting player 1 freeze to 1257
[14:08:48.169] [SEVERE ] setting player 1 freeze to 1247
[14:08:48.179] [SEVERE ] setting player 1 freeze to 1237
[14:08:48.190] [SEVERE ] setting player 1 freeze to 1226
[14:08:48.200] [SEVERE ] setting player 1 freeze to 1216
[14:08:48.210] [SEVERE ] setting player 1 freeze to 1206
[14:08:48.220] [SEVERE ] setting player 1 freeze to 1196
[14:08:48.231] [SEVERE ] setting player 1 freeze to 1185
[14:08:48.241] [SEVERE ] setting player 1 freeze to 1175
[14:08:48.251] [SEVERE ] setting player 1 freeze to 1165
[14:08:48.262] [SEVERE ] setting player 1 freeze to 1154
[14:08:48.272] [SEVERE ] setting player 1 freeze to 1144
[14:08:48.282] [SEVERE ] setting player 1 freeze to 1134
[14:08:48.292] [SEVERE ] setting player 1 freeze to 1124
[14:08:48.302] [SEVERE ] setting player 1 freeze to 1114
[14:08:48.313] [SEVERE ] setting player 1 freeze to 1103
[14:08:48.323] [SEVERE ] setting player 1 freeze to 1093
[14:08:48.333] [SEVERE ] setting player 1 freeze to 1083
[14:08:48.344] [SEVERE ] setting player 1 freeze to 1072
[14:08:48.354] [SEVERE ] setting player 1 freeze to 1062
[14:08:48.364] [SEVERE ] setting player 1 freeze to 1052
[14:08:48.374] [SEVERE ] setting player 1 freeze to 1042
[14:08:48.385] [SEVERE ] setting player 1 freeze to 1031
[14:08:48.395] [SEVERE ] setting player 1 freeze to 1021
[14:08:48.405] [SEVERE ] setting player 1 freeze to 1011
[14:08:48.415] [SEVERE ] setting player 1 freeze to 1001
[14:08:48.425] [SEVERE ] setting player 1 freeze to 991
[14:08:48.436] [SEVERE ] setting player 1 freeze to 980
[14:08:48.446] [SEVERE ] setting player 1 freeze to 970
[14:08:48.456] [SEVERE ] setting player 1 freeze to 960
[14:08:48.466] [SEVERE ] setting player 1 freeze to 950
[14:08:48.476] [SEVERE ] setting player 1 freeze to 940
[14:08:48.487] [SEVERE ] setting player 1 freeze to 929
[14:08:48.497] [SEVERE ] setting player 1 freeze to 919
[14:08:48.502] [SEVERE ] updating countdown to 52995
[14:08:48.507] [SEVERE ] setting player 1 freeze to 909
[14:08:48.517] [SEVERE ] setting player 1 freeze to 899
[14:08:48.528] [SEVERE ] setting player 1 freeze to 888
[14:08:48.538] [SEVERE ] setting player 1 freeze to 878
[14:08:48.548] [SEVERE ] setting player 1 freeze to 868
[14:08:48.558] [SEVERE ] setting player 1 freeze to 858
[14:08:48.568] [SEVERE ] setting player 1 freeze to 848
[14:08:48.579] [SEVERE ] setting player 1 freeze to 837
[14:08:48.589] [SEVERE ] setting player 1 freeze to 827
[14:08:48.599] [SEVERE ] setting player 1 freeze to 817
[14:08:48.609] [SEVERE ] setting player 1 freeze to 807
[14:08:48.619] [SEVERE ] setting player 1 freeze to 797
[14:08:48.630] [SEVERE ] setting player 1 freeze to 786
[14:08:48.640] [SEVERE ] setting player 1 freeze to 776
[14:08:48.650] [SEVERE ] setting player 1 freeze to 766
[14:08:48.660] [SEVERE ] setting player 1 freeze to 756
[14:08:48.671] [SEVERE ] setting player 1 freeze to 745
[14:08:48.681] [SEVERE ] setting player 1 freeze to 735
[14:08:48.691] [SEVERE ] setting player 1 freeze to 725
[14:08:48.701] [SEVERE ] setting player 1 freeze to 715
[14:08:48.712] [SEVERE ] setting player 1 freeze to 704
[14:08:48.722] [SEVERE ] setting player 1 freeze to 694
[14:08:48.732] [SEVERE ] setting player 1 freeze to 684
[14:08:48.742] [SEVERE ] setting player 1 freeze to 674
[14:08:48.752] [SEVERE ] setting player 1 freeze to 664
[14:08:48.763] [SEVERE ] setting player 1 freeze to 653
[14:08:48.773] [SEVERE ] setting player 1 freeze to 643
[14:08:48.783] [SEVERE ] setting player 1 freeze to 633
[14:08:48.793] [SEVERE ] setting player 1 freeze to 623
[14:08:48.803] [SEVERE ] setting player 1 freeze to 613
[14:08:48.814] [SEVERE ] setting player 1 freeze to 602
[14:08:48.824] [SEVERE ] setting player 1 freeze to 592
[14:08:48.834] [SEVERE ] setting player 1 freeze to 582
[14:08:48.844] [SEVERE ] setting player 1 freeze to 572
[14:08:48.855] [SEVERE ] setting player 1 freeze to 561
[14:08:48.865] [SEVERE ] setting player 1 freeze to 551
[14:08:48.875] [SEVERE ] setting player 1 freeze to 541
[14:08:48.885] [SEVERE ] setting player 1 freeze to 531
[14:08:48.895] [SEVERE ] setting player 1 freeze to 521
[14:08:48.906] [SEVERE ] setting player 1 freeze to 510
[14:08:48.916] [SEVERE ] setting player 1 freeze to 500
[14:08:48.926] [SEVERE ] setting player 1 freeze to 490
[14:08:48.936] [SEVERE ] setting player 1 freeze to 480
[14:08:48.946] [SEVERE ] setting player 1 freeze to 470
[14:08:48.957] [SEVERE ] setting player 1 freeze to 459
[14:08:48.967] [SEVERE ] setting player 1 freeze to 449
[14:08:48.977] [SEVERE ] setting player 1 freeze to 439
[14:08:48.987] [SEVERE ] setting player 1 freeze to 429
[14:08:48.998] [SEVERE ] setting player 1 freeze to 419
[14:08:49.008] [SEVERE ] setting player 1 freeze to 408
[14:08:49.018] [SEVERE ] setting player 1 freeze to 398
[14:08:49.028] [SEVERE ] setting player 1 freeze to 388
[14:08:49.038] [SEVERE ] setting player 1 freeze to 378
[14:08:49.049] [SEVERE ] setting player 1 freeze to 367
[14:08:49.059] [SEVERE ] setting player 1 freeze to 357
[14:08:49.069] [SEVERE ] setting player 1 freeze to 347
[14:08:49.079] [SEVERE ] setting player 1 freeze to 337
[14:08:49.089] [SEVERE ] setting player 1 freeze to 327
[14:08:49.100] [SEVERE ] setting player 1 freeze to 316
[14:08:49.110] [SEVERE ] setting player 1 freeze to 306
[14:08:49.120] [SEVERE ] setting player 1 freeze to 296
[14:08:49.130] [SEVERE ] setting player 1 freeze to 286
[14:08:49.141] [SEVERE ] setting player 1 freeze to 275
[14:08:49.151] [SEVERE ] setting player 1 freeze to 265
[14:08:49.161] [SEVERE ] setting player 1 freeze to 255
[14:08:49.171] [SEVERE ] setting player 1 freeze to 245
[14:08:49.182] [SEVERE ] setting player 1 freeze to 234
[14:08:49.192] [SEVERE ] setting player 1 freeze to 224
[14:08:49.202] [SEVERE ] setting player 1 freeze to 214
[14:08:49.212] [SEVERE ] setting player 1 freeze to 204
[14:08:49.222] [SEVERE ] setting player 1 freeze to 194
[14:08:49.232] [SEVERE ] setting player 1 freeze to 184
[14:08:49.243] [SEVERE ] setting player 1 freeze to 173
[14:08:49.253] [SEVERE ] setting player 1 freeze to 163
[14:08:49.263] [SEVERE ] setting player 1 freeze to 153
[14:08:49.273] [SEVERE ] setting player 1 freeze to 143
[14:08:49.284] [SEVERE ] setting player 1 freeze to 132
[14:08:49.294] [SEVERE ] setting player 1 freeze to 122
[14:08:49.304] [SEVERE ] setting player 1 freeze to 112
[14:08:49.314] [SEVERE ] setting player 1 freeze to 102
[14:08:49.325] [SEVERE ] setting player 1 freeze to 91
[14:08:49.335] [SEVERE ] setting player 1 freeze to 81
[14:08:49.345] [SEVERE ] setting player 1 freeze to 71
[14:08:49.355] [SEVERE ] setting player 1 freeze to 61
[14:08:49.365] [SEVERE ] setting player 1 freeze to 51
[14:08:49.376] [SEVERE ] setting player 1 freeze to 40
[14:08:49.386] [SEVERE ] setting player 1 freeze to 30
[14:08:49.396] [SEVERE ] setting player 1 freeze to 20
[14:08:49.406] [SEVERE ] setting player 1 freeze to 10
[14:08:49.417] [SEVERE ] setting player 1 freeze to -1
[14:08:49.502] [SEVERE ] updating countdown to 51995
[14:08:50.502] [SEVERE ] updating countdown to 50995
[14:08:51.502] [SEVERE ] updating countdown to 49995
[14:08:52.503] [SEVERE ] updating countdown to 48994
[14:08:53.503] [SEVERE ] updating countdown to 47994
[14:08:53.867] [SEVERE ] exit button pressed
[14:08:53.867] [INFO   ] Thread player1 terminated.
[14:08:53.867] [INFO   ] Thread player0 terminated.
[14:08:54.504] [SEVERE ] updating countdown to 46993
[14:08:54.605] [SEVERE ] removing card from slot 0
[14:08:54.605] [SEVERE ] removing player 1 token from slot 0
[14:08:54.606] [SEVERE ] removing player 2 token from slot 0
[14:08:54.707] [SEVERE ] removing card from slot 1
[14:08:54.707] [SEVERE ] removing player 1 token from slot 1
[14:08:54.707] [SEVERE ] removing player 2 token from slot 1
[14:08:54.809] [SEVERE ] removing card from slot 2
[14:08:54.809] [SEVERE ] removing player 1 token from slot 2
[14:08:54.810] [SEVERE ] removing player 2 token from slot 2
[14:08:54.911] [SEVERE ] removing card from slot 3
[14:08:54.911] [SEVERE ] removing player 1 token from slot 3
[14:08:54.911] [SEVERE ] removing player 2 token from slot 3
[14:08:55.012] [SEVERE ] removing card from slot 4
[14:08:55.012] [SEVERE ] removing player 1 token from slot 4
[14:08:55.013] [SEVERE ] removing player 2 token from slot 4
[14:08:55.114] [SEVERE ] removing card from slot 5
[14:08:55.114] [SEVERE ] removing player 1 token from slot 5
[14:08:55.115] [SEVERE ] removing player 2 token from slot 5
[14:08:55.216] [SEVERE ] removing card from slot 6
[14:08:55.216] [SEVERE ] removing player 1 token from slot 6
[14:08:55.217] [SEVERE ] removing player 2 token from slot 6
[14:08:55.317] [SEVERE ] removing card from slot 7
[14:08:55.318] [SEVERE ] removing player 1 token from slot 7
[14:08:55.318] [SEVERE ] removing player 2 token from slot 7
[14:08:55.419] [SEVERE ] removing card from slot 8
[14:08:55.419] [SEVERE ] removing player 1 token from slot 8
[14:08:55.420] [SEVERE ] removing player 2 token from slot 8
[14:08:55.520] [SEVERE ] removing card from slot 9
[14:08:55.521] [SEVERE ] removing player 1 token from slot 9
[14:08:55.521] [SEVERE ] removing player 2 token from slot 9
[14:08:55.622] [SEVERE ] removing card from slot 10
[14:08:55.622] [SEVERE ] removing player 1 token from slot 10
[14:08:55.622] [SEVERE ] removing player 2 token from slot 10
[14:08:55.723] [SEVERE ] removing card from slot 11
[14:08:55.723] [SEVERE ] removing player 1 token from slot 11
[14:08:55.724] [SEVERE ] removing player 2 token from slot 11
[14:08:55.826] [SEVERE ] placing card 54 in slot 0
[14:08:55.926] [SEVERE ] placing card 71 in slot 1
[14:08:56.027] [SEVERE ] placing card 58 in slot 2
[14:08:56.127] [SEVERE ] placing card 46 in slot 3
[14:08:56.228] [SEVERE ] placing card 39 in slot 4
[14:08:56.328] [SEVERE ] placing card 1 in slot 5
[14:08:56.429] [SEVERE ] placing card 37 in slot 6
[14:08:56.530] [SEVERE ] placing card 0 in slot 7
[14:08:56.630] [SEVERE ] placing card 30 in slot 8
[14:08:56.730] [SEVERE ] placing card 26 in slot 9
[14:08:56.831] [SEVERE ] placing card 38 in slot 10
[14:08:56.931] [SEVERE ] placing card 76 in slot 11
[14:08:56.932] [INFO   ] Thread dealer terminated.
[14:08:56.932] [INFO   ] thread dealer terminated.
[14:08:56.933] [SEVERE ] thanks for playing... it was fun!
[14:08:56.933] [INFO   ] thread main terminated.
