[22:26:16.044] [INFO   ] thread main starting.
[22:26:16.049] [SEVERE ] cannot read configuration file config.properties trying from resources.
[22:26:16.052] [SEVERE ] configuration file was loaded from resources directory.
[22:26:16.518] [INFO   ] thread dealer starting.
[22:26:16.519] [INFO   ] Thread dealer starting.
[22:26:16.519] [INFO   ] Thread player1 starting.
[22:26:16.519] [INFO   ] Thread player0 starting.
[22:26:16.522] [INFO   ] Thread computer-0 starting.
[22:26:16.522] [INFO   ] Thread computer-1 starting.
[22:26:16.622] [SEVERE ] placing card 13 in slot 0
[22:26:16.729] [SEVERE ] placing card 55 in slot 1
[22:26:16.837] [SEVERE ] placing card 19 in slot 2
[22:26:16.947] [SEVERE ] placing card 9 in slot 3
[22:26:17.056] [SEVERE ] placing card 44 in slot 4
[22:26:17.167] [SEVERE ] placing card 48 in slot 5
[22:26:17.278] [SEVERE ] placing card 29 in slot 6
[22:26:17.387] [SEVERE ] placing card 60 in slot 7
[22:26:17.495] [SEVERE ] placing card 43 in slot 8
[22:26:17.502] [SEVERE ] updating countdown to 60000
[22:26:17.511] [SEVERE ] player 2 placing token on slot 5
[22:26:17.511] [SEVERE ] player 1 placing token on slot 5
[22:26:17.511] [SEVERE ] player 2 placing token on slot 1
[22:26:17.511] [SEVERE ] player 1 placing token on slot 2
[22:26:17.512] [SEVERE ] player 2 placing token on slot 3
[22:26:17.512] [SEVERE ] player 1 placing token on slot 0
[22:26:17.512] [SEVERE ] setting player 2 freeze to 0
[22:26:17.512] [SEVERE ] setting player 1 freeze to 0
[22:26:17.512] [SEVERE ] removing player 2 token from slot 5
[22:26:17.513] [SEVERE ] removing player 2 token from slot 1
[22:26:17.513] [SEVERE ] removing player 2 token from slot 3
[22:26:17.512] [SEVERE ] removing player 1 token from slot 5
[22:26:17.513] [SEVERE ] removing player 1 token from slot 2
[22:26:17.513] [SEVERE ] removing player 1 token from slot 0
[22:26:17.524] [SEVERE ] player 2 placing token on slot 3
[22:26:17.524] [SEVERE ] player 2 placing token on slot 7
[22:26:17.525] [SEVERE ] player 1 placing token on slot 7
[22:26:17.525] [SEVERE ] player 2 placing token on slot 0
[22:26:17.525] [SEVERE ] player 1 placing token on slot 5
[22:26:17.525] [SEVERE ] setting player 2 freeze to 0
[22:26:17.526] [SEVERE ] player 1 placing token on slot 4
[22:26:17.526] [SEVERE ] removing player 2 token from slot 3
[22:26:17.526] [SEVERE ] setting player 1 freeze to 0
[22:26:17.526] [SEVERE ] removing player 2 token from slot 7
[22:26:17.526] [SEVERE ] removing player 1 token from slot 7
[22:26:17.526] [SEVERE ] removing player 1 token from slot 5
[22:26:17.526] [SEVERE ] removing player 2 token from slot 0
[22:26:17.526] [SEVERE ] removing player 1 token from slot 4
[22:26:17.537] [SEVERE ] player 2 placing token on slot 1
[22:26:17.537] [SEVERE ] player 2 placing token on slot 6
[22:26:17.537] [SEVERE ] player 2 placing token on slot 7
[22:26:17.537] [SEVERE ] setting player 2 freeze to 0
[22:26:17.538] [SEVERE ] player 1 placing token on slot 8
[22:26:17.538] [SEVERE ] removing player 2 token from slot 1
[22:26:17.538] [SEVERE ] player 1 placing token on slot 3
[22:26:17.538] [SEVERE ] removing player 2 token from slot 6
[22:26:17.538] [SEVERE ] player 1 placing token on slot 2
[22:26:17.538] [SEVERE ] removing player 2 token from slot 7
[22:26:17.539] [SEVERE ] setting player 1 freeze to 0
[22:26:17.539] [SEVERE ] removing player 1 token from slot 8
[22:26:17.539] [SEVERE ] removing player 1 token from slot 3
[22:26:17.539] [SEVERE ] removing player 1 token from slot 2
[22:26:17.549] [SEVERE ] player 2 placing token on slot 8
[22:26:17.549] [SEVERE ] player 2 placing token on slot 4
[22:26:17.549] [SEVERE ] player 2 placing token on slot 3
[22:26:17.550] [SEVERE ] setting player 2 freeze to 0
[22:26:17.550] [SEVERE ] removing player 2 token from slot 8
[22:26:17.550] [SEVERE ] removing player 2 token from slot 4
[22:26:17.550] [SEVERE ] removing player 2 token from slot 3
[22:26:17.551] [SEVERE ] player 1 placing token on slot 5
[22:26:17.551] [SEVERE ] player 1 placing token on slot 6
[22:26:17.551] [SEVERE ] player 1 placing token on slot 0
[22:26:17.551] [SEVERE ] setting player 1 freeze to 0
[22:26:17.551] [SEVERE ] removing player 1 token from slot 5
[22:26:17.552] [SEVERE ] removing player 1 token from slot 6
[22:26:17.553] [SEVERE ] removing player 1 token from slot 0
[22:26:17.560] [SEVERE ] player 2 placing token on slot 6
[22:26:17.560] [SEVERE ] player 2 placing token on slot 5
[22:26:17.560] [SEVERE ] player 2 placing token on slot 8
[22:26:17.560] [SEVERE ] setting player 2 score to 1
[22:26:17.561] [SEVERE ] setting player 2 freeze to 0
[22:26:17.562] [SEVERE ] removing player 1 token from slot 6
[22:26:17.562] [SEVERE ] removing player 1 token from slot 5
[22:26:17.562] [SEVERE ] removing player 1 token from slot 8
[22:26:17.562] [SEVERE ] removing player 2 token from slot 6
[22:26:17.562] [SEVERE ] removing player 2 token from slot 5
[22:26:17.563] [SEVERE ] removing player 2 token from slot 8
[22:26:17.668] [SEVERE ] removing card from slot 6
[22:26:17.780] [SEVERE ] removing card from slot 5
[22:26:17.890] [SEVERE ] removing card from slot 8
[22:26:18.000] [SEVERE ] removing card from slot 0
[22:26:18.000] [SEVERE ] removing player 1 token from slot 0
[22:26:18.000] [SEVERE ] removing player 2 token from slot 0
[22:26:18.109] [SEVERE ] removing card from slot 1
[22:26:18.109] [SEVERE ] removing player 1 token from slot 1
[22:26:18.109] [SEVERE ] removing player 2 token from slot 1
[22:26:18.219] [SEVERE ] removing card from slot 2
[22:26:18.219] [SEVERE ] removing player 1 token from slot 2
[22:26:18.219] [SEVERE ] removing player 2 token from slot 2
[22:26:18.327] [SEVERE ] removing card from slot 3
[22:26:18.327] [SEVERE ] removing player 1 token from slot 3
[22:26:18.327] [SEVERE ] removing player 2 token from slot 3
[22:26:18.435] [SEVERE ] removing card from slot 4
[22:26:18.435] [SEVERE ] removing player 1 token from slot 4
[22:26:18.435] [SEVERE ] removing player 2 token from slot 4
[22:26:18.545] [SEVERE ] removing card from slot 7
[22:26:18.545] [SEVERE ] removing player 1 token from slot 7
[22:26:18.545] [SEVERE ] removing player 2 token from slot 7
[22:26:18.546] [SEVERE ] announcing winner(s): player 2
[22:26:18.547] [INFO   ] Thread computer-1 terminated.
[22:26:18.548] [INFO   ] Thread player1 terminated.
[22:26:18.548] [INFO   ] Thread computer-0 terminated.
[22:26:18.548] [INFO   ] Thread player0 terminated.
[22:26:18.548] [INFO   ] Thread dealer terminated.
[22:26:18.549] [INFO   ] thread dealer terminated.
[22:26:23.551] [SEVERE ] thanks for playing... it was fun!
[22:26:23.553] [INFO   ] thread main terminated.
[22:26:23.553] [SEVERE ] disposing of user interface elements
