[14:15:14.215] [INFO   ] thread main starting.
[14:15:14.230] [SEVERE ] cannot read configuration file config.properties trying from resources.
[14:15:14.237] [SEVERE ] configuration file was loaded from resources directory.
[14:15:14.969] [INFO   ] thread dealer starting.
[14:15:14.970] [INFO   ] Thread dealer starting.
[14:15:14.971] [INFO   ] Thread player0 starting.
[14:15:14.971] [INFO   ] Thread player1 starting.
[14:15:15.087] [SEVERE ] placing card 27 in slot 0
[14:15:15.206] [SEVERE ] placing card 60 in slot 1
[14:15:15.307] [SEVERE ] placing card 73 in slot 2
[14:15:15.409] [SEVERE ] placing card 79 in slot 3
[14:15:15.509] [SEVERE ] placing card 22 in slot 4
[14:15:15.609] [SEVERE ] placing card 12 in slot 5
[14:15:15.710] [SEVERE ] placing card 80 in slot 6
[14:15:15.810] [SEVERE ] placing card 77 in slot 7
[14:15:15.911] [SEVERE ] placing card 18 in slot 8
[14:15:16.011] [SEVERE ] placing card 21 in slot 9
[14:15:16.111] [SEVERE ] placing card 14 in slot 10
[14:15:16.212] [SEVERE ] placing card 56 in slot 11
[14:15:16.218] [SEVERE ] updating countdown to 60000
[14:15:17.219] [SEVERE ] updating countdown to 59999
[14:15:17.861] [SEVERE ] key 81 was pressed by player 1
[14:15:17.861] [SEVERE ] player 1 placing token on slot 0
[14:15:18.147] [SEVERE ] key 87 was pressed by player 1
[14:15:18.147] [SEVERE ] player 1 placing token on slot 1
[14:15:18.220] [SEVERE ] updating countdown to 58998
[14:15:18.579] [SEVERE ] key 69 was pressed by player 1
[14:15:18.579] [SEVERE ] player 1 placing token on slot 2
[14:15:18.582] [SEVERE ] setting player 1 freeze to 3999
[14:15:18.594] [SEVERE ] setting player 1 freeze to 3987
[14:15:18.605] [SEVERE ] setting player 1 freeze to 3976
[14:15:18.615] [SEVERE ] setting player 1 freeze to 3966
[14:15:18.626] [SEVERE ] setting player 1 freeze to 3955
[14:15:18.638] [SEVERE ] setting player 1 freeze to 3943
[14:15:18.648] [SEVERE ] setting player 1 freeze to 3933
[14:15:18.659] [SEVERE ] setting player 1 freeze to 3922
[14:15:18.669] [SEVERE ] setting player 1 freeze to 3912
[14:15:18.680] [SEVERE ] setting player 1 freeze to 3901
[14:15:18.690] [SEVERE ] setting player 1 freeze to 3891
[14:15:18.701] [SEVERE ] setting player 1 freeze to 3880
[14:15:18.711] [SEVERE ] setting player 1 freeze to 3870
[14:15:18.722] [SEVERE ] setting player 1 freeze to 3859
[14:15:18.732] [SEVERE ] setting player 1 freeze to 3849
[14:15:18.742] [SEVERE ] setting player 1 freeze to 3839
[14:15:18.753] [SEVERE ] setting player 1 freeze to 3828
[14:15:18.763] [SEVERE ] setting player 1 freeze to 3818
[14:15:18.773] [SEVERE ] setting player 1 freeze to 3808
[14:15:18.784] [SEVERE ] setting player 1 freeze to 3798
[14:15:18.794] [SEVERE ] setting player 1 freeze to 3787
[14:15:18.804] [SEVERE ] setting player 1 freeze to 3777
[14:15:18.815] [SEVERE ] setting player 1 freeze to 3766
[14:15:18.825] [SEVERE ] setting player 1 freeze to 3756
[14:15:18.835] [SEVERE ] setting player 1 freeze to 3746
[14:15:18.846] [SEVERE ] setting player 1 freeze to 3735
[14:15:18.856] [SEVERE ] setting player 1 freeze to 3725
[14:15:18.866] [SEVERE ] setting player 1 freeze to 3715
[14:15:18.877] [SEVERE ] setting player 1 freeze to 3704
[14:15:18.888] [SEVERE ] setting player 1 freeze to 3693
[14:15:18.898] [SEVERE ] setting player 1 freeze to 3683
[14:15:18.908] [SEVERE ] setting player 1 freeze to 3673
[14:15:18.919] [SEVERE ] setting player 1 freeze to 3662
[14:15:18.929] [SEVERE ] setting player 1 freeze to 3652
[14:15:18.939] [SEVERE ] setting player 1 freeze to 3642
[14:15:18.950] [SEVERE ] setting player 1 freeze to 3631
[14:15:18.960] [SEVERE ] setting player 1 freeze to 3621
[14:15:18.970] [SEVERE ] setting player 1 freeze to 3611
[14:15:18.981] [SEVERE ] setting player 1 freeze to 3600
[14:15:18.991] [SEVERE ] setting player 1 freeze to 3590
[14:15:19.001] [SEVERE ] setting player 1 freeze to 3580
[14:15:19.012] [SEVERE ] setting player 1 freeze to 3569
[14:15:19.022] [SEVERE ] setting player 1 freeze to 3559
[14:15:19.032] [SEVERE ] setting player 1 freeze to 3549
[14:15:19.043] [SEVERE ] setting player 1 freeze to 3538
[14:15:19.053] [SEVERE ] setting player 1 freeze to 3528
[14:15:19.063] [SEVERE ] setting player 1 freeze to 3518
[14:15:19.073] [SEVERE ] setting player 1 freeze to 3508
[14:15:19.084] [SEVERE ] setting player 1 freeze to 3497
[14:15:19.094] [SEVERE ] setting player 1 freeze to 3487
[14:15:19.105] [SEVERE ] setting player 1 freeze to 3477
[14:15:19.115] [SEVERE ] setting player 1 freeze to 3466
[14:15:19.125] [SEVERE ] setting player 1 freeze to 3456
[14:15:19.135] [SEVERE ] setting player 1 freeze to 3446
[14:15:19.146] [SEVERE ] setting player 1 freeze to 3435
[14:15:19.156] [SEVERE ] setting player 1 freeze to 3425
[14:15:19.167] [SEVERE ] setting player 1 freeze to 3414
[14:15:19.177] [SEVERE ] setting player 1 freeze to 3404
[14:15:19.188] [SEVERE ] setting player 1 freeze to 3393
[14:15:19.198] [SEVERE ] setting player 1 freeze to 3383
[14:15:19.208] [SEVERE ] setting player 1 freeze to 3373
[14:15:19.219] [SEVERE ] setting player 1 freeze to 3362
[14:15:19.220] [SEVERE ] updating countdown to 57998
[14:15:19.229] [SEVERE ] setting player 1 freeze to 3352
[14:15:19.239] [SEVERE ] setting player 1 freeze to 3342
[14:15:19.250] [SEVERE ] setting player 1 freeze to 3331
[14:15:19.260] [SEVERE ] setting player 1 freeze to 3321
[14:15:19.270] [SEVERE ] setting player 1 freeze to 3311
[14:15:19.281] [SEVERE ] setting player 1 freeze to 3300
[14:15:19.291] [SEVERE ] setting player 1 freeze to 3290
[14:15:19.302] [SEVERE ] setting player 1 freeze to 3280
[14:15:19.312] [SEVERE ] setting player 1 freeze to 3269
[14:15:19.323] [SEVERE ] setting player 1 freeze to 3258
[14:15:19.333] [SEVERE ] setting player 1 freeze to 3248
[14:15:19.343] [SEVERE ] setting player 1 freeze to 3238
[14:15:19.353] [SEVERE ] setting player 1 freeze to 3228
[14:15:19.364] [SEVERE ] setting player 1 freeze to 3217
[14:15:19.374] [SEVERE ] setting player 1 freeze to 3207
[14:15:19.384] [SEVERE ] setting player 1 freeze to 3197
[14:15:19.395] [SEVERE ] setting player 1 freeze to 3186
[14:15:19.406] [SEVERE ] setting player 1 freeze to 3175
[14:15:19.416] [SEVERE ] setting player 1 freeze to 3165
[14:15:19.426] [SEVERE ] setting player 1 freeze to 3155
[14:15:19.437] [SEVERE ] setting player 1 freeze to 3145
[14:15:19.447] [SEVERE ] setting player 1 freeze to 3134
[14:15:19.457] [SEVERE ] setting player 1 freeze to 3124
[14:15:19.467] [SEVERE ] setting player 1 freeze to 3114
[14:15:19.478] [SEVERE ] setting player 1 freeze to 3103
[14:15:19.488] [SEVERE ] setting player 1 freeze to 3093
[14:15:19.499] [SEVERE ] setting player 1 freeze to 3082
[14:15:19.509] [SEVERE ] setting player 1 freeze to 3072
[14:15:19.519] [SEVERE ] setting player 1 freeze to 3062
[14:15:19.530] [SEVERE ] setting player 1 freeze to 3051
[14:15:19.540] [SEVERE ] setting player 1 freeze to 3041
[14:15:19.550] [SEVERE ] setting player 1 freeze to 3031
[14:15:19.561] [SEVERE ] setting player 1 freeze to 3020
[14:15:19.571] [SEVERE ] setting player 1 freeze to 3010
[14:15:19.582] [SEVERE ] setting player 1 freeze to 2999
[14:15:19.592] [SEVERE ] setting player 1 freeze to 2989
[14:15:19.602] [SEVERE ] setting player 1 freeze to 2979
[14:15:19.612] [SEVERE ] setting player 1 freeze to 2969
[14:15:19.623] [SEVERE ] setting player 1 freeze to 2958
[14:15:19.633] [SEVERE ] setting player 1 freeze to 2948
[14:15:19.643] [SEVERE ] setting player 1 freeze to 2938
[14:15:19.654] [SEVERE ] setting player 1 freeze to 2927
[14:15:19.664] [SEVERE ] setting player 1 freeze to 2917
[14:15:19.674] [SEVERE ] setting player 1 freeze to 2907
[14:15:19.684] [SEVERE ] setting player 1 freeze to 2897
[14:15:19.695] [SEVERE ] setting player 1 freeze to 2886
[14:15:19.705] [SEVERE ] setting player 1 freeze to 2876
[14:15:19.715] [SEVERE ] setting player 1 freeze to 2866
[14:15:19.726] [SEVERE ] setting player 1 freeze to 2855
[14:15:19.736] [SEVERE ] setting player 1 freeze to 2845
[14:15:19.746] [SEVERE ] setting player 1 freeze to 2835
[14:15:19.756] [SEVERE ] setting player 1 freeze to 2825
[14:15:19.767] [SEVERE ] setting player 1 freeze to 2814
[14:15:19.777] [SEVERE ] setting player 1 freeze to 2804
[14:15:19.787] [SEVERE ] setting player 1 freeze to 2794
[14:15:19.798] [SEVERE ] setting player 1 freeze to 2783
[14:15:19.808] [SEVERE ] setting player 1 freeze to 2773
[14:15:19.818] [SEVERE ] setting player 1 freeze to 2763
[14:15:19.829] [SEVERE ] setting player 1 freeze to 2752
[14:15:19.839] [SEVERE ] setting player 1 freeze to 2742
[14:15:19.849] [SEVERE ] setting player 1 freeze to 2732
[14:15:19.860] [SEVERE ] setting player 1 freeze to 2722
[14:15:19.870] [SEVERE ] setting player 1 freeze to 2711
[14:15:19.880] [SEVERE ] setting player 1 freeze to 2701
[14:15:19.890] [SEVERE ] setting player 1 freeze to 2691
[14:15:19.901] [SEVERE ] setting player 1 freeze to 2680
[14:15:19.911] [SEVERE ] setting player 1 freeze to 2670
[14:15:19.921] [SEVERE ] setting player 1 freeze to 2660
[14:15:19.932] [SEVERE ] setting player 1 freeze to 2649
[14:15:19.942] [SEVERE ] setting player 1 freeze to 2639
[14:15:19.952] [SEVERE ] setting player 1 freeze to 2629
[14:15:19.962] [SEVERE ] setting player 1 freeze to 2619
[14:15:19.973] [SEVERE ] setting player 1 freeze to 2608
[14:15:19.983] [SEVERE ] setting player 1 freeze to 2598
[14:15:19.993] [SEVERE ] setting player 1 freeze to 2588
[14:15:20.004] [SEVERE ] setting player 1 freeze to 2577
[14:15:20.014] [SEVERE ] setting player 1 freeze to 2567
[14:15:20.024] [SEVERE ] setting player 1 freeze to 2557
[14:15:20.035] [SEVERE ] setting player 1 freeze to 2547
[14:15:20.045] [SEVERE ] setting player 1 freeze to 2536
[14:15:20.055] [SEVERE ] setting player 1 freeze to 2526
[14:15:20.066] [SEVERE ] setting player 1 freeze to 2515
[14:15:20.076] [SEVERE ] setting player 1 freeze to 2505
[14:15:20.086] [SEVERE ] setting player 1 freeze to 2495
[14:15:20.096] [SEVERE ] setting player 1 freeze to 2485
[14:15:20.107] [SEVERE ] setting player 1 freeze to 2474
[14:15:20.117] [SEVERE ] setting player 1 freeze to 2464
[14:15:20.127] [SEVERE ] setting player 1 freeze to 2454
[14:15:20.138] [SEVERE ] setting player 1 freeze to 2443
[14:15:20.148] [SEVERE ] setting player 1 freeze to 2433
[14:15:20.158] [SEVERE ] setting player 1 freeze to 2423
[14:15:20.168] [SEVERE ] setting player 1 freeze to 2413
[14:15:20.179] [SEVERE ] setting player 1 freeze to 2402
[14:15:20.189] [SEVERE ] setting player 1 freeze to 2392
[14:15:20.199] [SEVERE ] setting player 1 freeze to 2382
[14:15:20.210] [SEVERE ] setting player 1 freeze to 2371
[14:15:20.220] [SEVERE ] setting player 1 freeze to 2361
[14:15:20.220] [SEVERE ] updating countdown to 56998
[14:15:20.230] [SEVERE ] setting player 1 freeze to 2351
[14:15:20.240] [SEVERE ] setting player 1 freeze to 2341
[14:15:20.251] [SEVERE ] setting player 1 freeze to 2330
[14:15:20.261] [SEVERE ] setting player 1 freeze to 2320
[14:15:20.271] [SEVERE ] setting player 1 freeze to 2310
[14:15:20.282] [SEVERE ] setting player 1 freeze to 2299
[14:15:20.292] [SEVERE ] setting player 1 freeze to 2289
[14:15:20.302] [SEVERE ] setting player 1 freeze to 2279
[14:15:20.313] [SEVERE ] setting player 1 freeze to 2268
[14:15:20.323] [SEVERE ] setting player 1 freeze to 2258
[14:15:20.333] [SEVERE ] setting player 1 freeze to 2248
[14:15:20.344] [SEVERE ] setting player 1 freeze to 2237
[14:15:20.354] [SEVERE ] setting player 1 freeze to 2227
[14:15:20.364] [SEVERE ] setting player 1 freeze to 2217
[14:15:20.374] [SEVERE ] setting player 1 freeze to 2207
[14:15:20.385] [SEVERE ] setting player 1 freeze to 2196
[14:15:20.395] [SEVERE ] setting player 1 freeze to 2186
[14:15:20.405] [SEVERE ] setting player 1 freeze to 2176
[14:15:20.416] [SEVERE ] setting player 1 freeze to 2165
[14:15:20.426] [SEVERE ] setting player 1 freeze to 2155
[14:15:20.436] [SEVERE ] setting player 1 freeze to 2145
[14:15:20.447] [SEVERE ] setting player 1 freeze to 2134
[14:15:20.457] [SEVERE ] setting player 1 freeze to 2124
[14:15:20.467] [SEVERE ] setting player 1 freeze to 2114
[14:15:20.478] [SEVERE ] setting player 1 freeze to 2103
[14:15:20.488] [SEVERE ] setting player 1 freeze to 2093
[14:15:20.498] [SEVERE ] setting player 1 freeze to 2083
[14:15:20.509] [SEVERE ] setting player 1 freeze to 2072
[14:15:20.519] [SEVERE ] setting player 1 freeze to 2062
[14:15:20.529] [SEVERE ] setting player 1 freeze to 2052
[14:15:20.540] [SEVERE ] setting player 1 freeze to 2041
[14:15:20.550] [SEVERE ] setting player 1 freeze to 2031
[14:15:20.560] [SEVERE ] setting player 1 freeze to 2021
[14:15:20.570] [SEVERE ] setting player 1 freeze to 2011
[14:15:20.581] [SEVERE ] setting player 1 freeze to 2000
[14:15:20.591] [SEVERE ] setting player 1 freeze to 1990
[14:15:20.601] [SEVERE ] setting player 1 freeze to 1980
[14:15:20.611] [SEVERE ] setting player 1 freeze to 1970
[14:15:20.622] [SEVERE ] setting player 1 freeze to 1959
[14:15:20.632] [SEVERE ] setting player 1 freeze to 1949
[14:15:20.642] [SEVERE ] setting player 1 freeze to 1939
[14:15:20.653] [SEVERE ] setting player 1 freeze to 1928
[14:15:20.663] [SEVERE ] setting player 1 freeze to 1918
[14:15:20.673] [SEVERE ] setting player 1 freeze to 1908
[14:15:20.683] [SEVERE ] setting player 1 freeze to 1898
[14:15:20.694] [SEVERE ] setting player 1 freeze to 1887
[14:15:20.704] [SEVERE ] setting player 1 freeze to 1877
[14:15:20.715] [SEVERE ] setting player 1 freeze to 1866
[14:15:20.725] [SEVERE ] setting player 1 freeze to 1856
[14:15:20.735] [SEVERE ] setting player 1 freeze to 1846
[14:15:20.745] [SEVERE ] setting player 1 freeze to 1836
[14:15:20.756] [SEVERE ] setting player 1 freeze to 1825
[14:15:20.766] [SEVERE ] setting player 1 freeze to 1815
[14:15:20.776] [SEVERE ] setting player 1 freeze to 1805
[14:15:20.787] [SEVERE ] setting player 1 freeze to 1794
[14:15:20.797] [SEVERE ] setting player 1 freeze to 1784
[14:15:20.807] [SEVERE ] setting player 1 freeze to 1774
[14:15:20.817] [SEVERE ] setting player 1 freeze to 1764
[14:15:20.828] [SEVERE ] setting player 1 freeze to 1753
[14:15:20.838] [SEVERE ] setting player 1 freeze to 1743
[14:15:20.849] [SEVERE ] setting player 1 freeze to 1732
[14:15:20.859] [SEVERE ] setting player 1 freeze to 1722
[14:15:20.869] [SEVERE ] setting player 1 freeze to 1712
[14:15:20.879] [SEVERE ] setting player 1 freeze to 1702
[14:15:20.890] [SEVERE ] setting player 1 freeze to 1691
[14:15:20.900] [SEVERE ] setting player 1 freeze to 1681
[14:15:20.911] [SEVERE ] setting player 1 freeze to 1670
[14:15:20.921] [SEVERE ] setting player 1 freeze to 1660
[14:15:20.931] [SEVERE ] setting player 1 freeze to 1650
[14:15:20.941] [SEVERE ] setting player 1 freeze to 1640
[14:15:20.952] [SEVERE ] setting player 1 freeze to 1629
[14:15:20.962] [SEVERE ] setting player 1 freeze to 1619
[14:15:20.972] [SEVERE ] setting player 1 freeze to 1609
[14:15:20.983] [SEVERE ] setting player 1 freeze to 1598
[14:15:20.993] [SEVERE ] setting player 1 freeze to 1588
[14:15:21.003] [SEVERE ] setting player 1 freeze to 1578
[14:15:21.013] [SEVERE ] setting player 1 freeze to 1568
[14:15:21.024] [SEVERE ] setting player 1 freeze to 1557
[14:15:21.034] [SEVERE ] setting player 1 freeze to 1547
[14:15:21.044] [SEVERE ] setting player 1 freeze to 1537
[14:15:21.054] [SEVERE ] setting player 1 freeze to 1527
[14:15:21.065] [SEVERE ] setting player 1 freeze to 1516
[14:15:21.075] [SEVERE ] setting player 1 freeze to 1506
[14:15:21.085] [SEVERE ] setting player 1 freeze to 1496
[14:15:21.096] [SEVERE ] setting player 1 freeze to 1485
[14:15:21.106] [SEVERE ] setting player 1 freeze to 1475
[14:15:21.116] [SEVERE ] setting player 1 freeze to 1465
[14:15:21.126] [SEVERE ] setting player 1 freeze to 1455
[14:15:21.137] [SEVERE ] setting player 1 freeze to 1444
[14:15:21.147] [SEVERE ] setting player 1 freeze to 1434
[14:15:21.157] [SEVERE ] setting player 1 freeze to 1424
[14:15:21.167] [SEVERE ] setting player 1 freeze to 1414
[14:15:21.178] [SEVERE ] setting player 1 freeze to 1403
[14:15:21.188] [SEVERE ] setting player 1 freeze to 1393
[14:15:21.198] [SEVERE ] setting player 1 freeze to 1383
[14:15:21.208] [SEVERE ] setting player 1 freeze to 1373
[14:15:21.219] [SEVERE ] setting player 1 freeze to 1362
[14:15:21.221] [SEVERE ] updating countdown to 55997
[14:15:21.229] [SEVERE ] setting player 1 freeze to 1352
[14:15:21.240] [SEVERE ] setting player 1 freeze to 1341
[14:15:21.250] [SEVERE ] setting player 1 freeze to 1331
[14:15:21.261] [SEVERE ] setting player 1 freeze to 1320
[14:15:21.271] [SEVERE ] setting player 1 freeze to 1310
[14:15:21.281] [SEVERE ] setting player 1 freeze to 1300
[14:15:21.291] [SEVERE ] setting player 1 freeze to 1290
[14:15:21.302] [SEVERE ] setting player 1 freeze to 1279
[14:15:21.312] [SEVERE ] setting player 1 freeze to 1269
[14:15:21.322] [SEVERE ] setting player 1 freeze to 1259
[14:15:21.333] [SEVERE ] setting player 1 freeze to 1248
[14:15:21.343] [SEVERE ] setting player 1 freeze to 1238
[14:15:21.353] [SEVERE ] setting player 1 freeze to 1228
[14:15:21.363] [SEVERE ] setting player 1 freeze to 1218
[14:15:21.374] [SEVERE ] setting player 1 freeze to 1207
[14:15:21.384] [SEVERE ] setting player 1 freeze to 1197
[14:15:21.394] [SEVERE ] setting player 1 freeze to 1187
[14:15:21.405] [SEVERE ] setting player 1 freeze to 1176
[14:15:21.415] [SEVERE ] setting player 1 freeze to 1166
[14:15:21.425] [SEVERE ] setting player 1 freeze to 1156
[14:15:21.435] [SEVERE ] setting player 1 freeze to 1146
[14:15:21.446] [SEVERE ] setting player 1 freeze to 1135
[14:15:21.456] [SEVERE ] setting player 1 freeze to 1125
[14:15:21.466] [SEVERE ] setting player 1 freeze to 1115
[14:15:21.476] [SEVERE ] setting player 1 freeze to 1105
[14:15:21.487] [SEVERE ] setting player 1 freeze to 1094
[14:15:21.497] [SEVERE ] setting player 1 freeze to 1084
[14:15:21.507] [SEVERE ] setting player 1 freeze to 1074
[14:15:21.517] [SEVERE ] setting player 1 freeze to 1064
[14:15:21.528] [SEVERE ] setting player 1 freeze to 1053
[14:15:21.538] [SEVERE ] setting player 1 freeze to 1043
[14:15:21.548] [SEVERE ] setting player 1 freeze to 1033
[14:15:21.558] [SEVERE ] setting player 1 freeze to 1023
[14:15:21.569] [SEVERE ] setting player 1 freeze to 1012
[14:15:21.579] [SEVERE ] setting player 1 freeze to 1002
[14:15:21.589] [SEVERE ] setting player 1 freeze to 992
[14:15:21.600] [SEVERE ] setting player 1 freeze to 981
[14:15:21.610] [SEVERE ] setting player 1 freeze to 971
[14:15:21.620] [SEVERE ] setting player 1 freeze to 961
[14:15:21.630] [SEVERE ] setting player 1 freeze to 951
[14:15:21.640] [SEVERE ] setting player 1 freeze to 941
[14:15:21.651] [SEVERE ] setting player 1 freeze to 930
[14:15:21.661] [SEVERE ] setting player 1 freeze to 920
[14:15:21.671] [SEVERE ] setting player 1 freeze to 910
[14:15:21.681] [SEVERE ] setting player 1 freeze to 900
[14:15:21.691] [SEVERE ] setting player 1 freeze to 890
[14:15:21.702] [SEVERE ] setting player 1 freeze to 879
[14:15:21.712] [SEVERE ] setting player 1 freeze to 869
[14:15:21.722] [SEVERE ] setting player 1 freeze to 859
[14:15:21.733] [SEVERE ] setting player 1 freeze to 848
[14:15:21.743] [SEVERE ] setting player 1 freeze to 838
[14:15:21.753] [SEVERE ] setting player 1 freeze to 828
[14:15:21.763] [SEVERE ] setting player 1 freeze to 818
[14:15:21.773] [SEVERE ] setting player 1 freeze to 808
[14:15:21.784] [SEVERE ] setting player 1 freeze to 797
[14:15:21.794] [SEVERE ] setting player 1 freeze to 787
[14:15:21.804] [SEVERE ] setting player 1 freeze to 777
[14:15:21.814] [SEVERE ] setting player 1 freeze to 767
[14:15:21.825] [SEVERE ] setting player 1 freeze to 756
[14:15:21.835] [SEVERE ] setting player 1 freeze to 746
[14:15:21.845] [SEVERE ] setting player 1 freeze to 736
[14:15:21.855] [SEVERE ] setting player 1 freeze to 726
[14:15:21.866] [SEVERE ] setting player 1 freeze to 715
[14:15:21.876] [SEVERE ] setting player 1 freeze to 705
[14:15:21.886] [SEVERE ] setting player 1 freeze to 695
[14:15:21.897] [SEVERE ] setting player 1 freeze to 684
[14:15:21.907] [SEVERE ] setting player 1 freeze to 674
[14:15:21.917] [SEVERE ] setting player 1 freeze to 664
[14:15:21.927] [SEVERE ] setting player 1 freeze to 654
[14:15:21.938] [SEVERE ] setting player 1 freeze to 643
[14:15:21.948] [SEVERE ] setting player 1 freeze to 633
[14:15:21.958] [SEVERE ] setting player 1 freeze to 623
[14:15:21.968] [SEVERE ] setting player 1 freeze to 613
[14:15:21.979] [SEVERE ] setting player 1 freeze to 602
[14:15:21.989] [SEVERE ] setting player 1 freeze to 592
[14:15:21.999] [SEVERE ] setting player 1 freeze to 582
[14:15:22.009] [SEVERE ] setting player 1 freeze to 572
[14:15:22.020] [SEVERE ] setting player 1 freeze to 561
[14:15:22.030] [SEVERE ] setting player 1 freeze to 551
[14:15:22.040] [SEVERE ] setting player 1 freeze to 541
[14:15:22.051] [SEVERE ] setting player 1 freeze to 530
[14:15:22.061] [SEVERE ] setting player 1 freeze to 520
[14:15:22.071] [SEVERE ] setting player 1 freeze to 510
[14:15:22.082] [SEVERE ] setting player 1 freeze to 499
[14:15:22.092] [SEVERE ] setting player 1 freeze to 489
[14:15:22.102] [SEVERE ] setting player 1 freeze to 479
[14:15:22.113] [SEVERE ] setting player 1 freeze to 468
[14:15:22.123] [SEVERE ] setting player 1 freeze to 458
[14:15:22.133] [SEVERE ] setting player 1 freeze to 448
[14:15:22.143] [SEVERE ] setting player 1 freeze to 438
[14:15:22.154] [SEVERE ] setting player 1 freeze to 427
[14:15:22.164] [SEVERE ] setting player 1 freeze to 417
[14:15:22.174] [SEVERE ] setting player 1 freeze to 407
[14:15:22.184] [SEVERE ] setting player 1 freeze to 397
[14:15:22.195] [SEVERE ] setting player 1 freeze to 386
[14:15:22.205] [SEVERE ] setting player 1 freeze to 376
[14:15:22.215] [SEVERE ] setting player 1 freeze to 366
[14:15:22.221] [SEVERE ] updating countdown to 54997
[14:15:22.225] [SEVERE ] setting player 1 freeze to 356
[14:15:22.235] [SEVERE ] setting player 1 freeze to 346
[14:15:22.246] [SEVERE ] setting player 1 freeze to 335
[14:15:22.256] [SEVERE ] setting player 1 freeze to 325
[14:15:22.266] [SEVERE ] setting player 1 freeze to 315
[14:15:22.276] [SEVERE ] setting player 1 freeze to 305
[14:15:22.287] [SEVERE ] setting player 1 freeze to 294
[14:15:22.297] [SEVERE ] setting player 1 freeze to 284
[14:15:22.307] [SEVERE ] setting player 1 freeze to 274
[14:15:22.317] [SEVERE ] setting player 1 freeze to 264
[14:15:22.328] [SEVERE ] setting player 1 freeze to 253
[14:15:22.338] [SEVERE ] setting player 1 freeze to 243
[14:15:22.348] [SEVERE ] setting player 1 freeze to 233
[14:15:22.358] [SEVERE ] setting player 1 freeze to 223
[14:15:22.369] [SEVERE ] setting player 1 freeze to 212
[14:15:22.379] [SEVERE ] setting player 1 freeze to 202
[14:15:22.389] [SEVERE ] setting player 1 freeze to 192
[14:15:22.399] [SEVERE ] setting player 1 freeze to 182
[14:15:22.410] [SEVERE ] setting player 1 freeze to 171
[14:15:22.420] [SEVERE ] setting player 1 freeze to 161
[14:15:22.430] [SEVERE ] setting player 1 freeze to 151
[14:15:22.440] [SEVERE ] setting player 1 freeze to 141
[14:15:22.450] [SEVERE ] setting player 1 freeze to 131
[14:15:22.461] [SEVERE ] setting player 1 freeze to 120
[14:15:22.471] [SEVERE ] setting player 1 freeze to 110
[14:15:22.481] [SEVERE ] setting player 1 freeze to 100
[14:15:22.491] [SEVERE ] setting player 1 freeze to 90
[14:15:22.502] [SEVERE ] setting player 1 freeze to 79
[14:15:22.512] [SEVERE ] setting player 1 freeze to 69
[14:15:22.522] [SEVERE ] setting player 1 freeze to 59
[14:15:22.532] [SEVERE ] setting player 1 freeze to 49
[14:15:22.543] [SEVERE ] setting player 1 freeze to 38
[14:15:22.553] [SEVERE ] setting player 1 freeze to 28
[14:15:22.563] [SEVERE ] setting player 1 freeze to 18
[14:15:22.573] [SEVERE ] setting player 1 freeze to 8
[14:15:22.584] [SEVERE ] setting player 1 freeze to -2
[14:15:23.222] [SEVERE ] updating countdown to 53996
[14:15:24.222] [SEVERE ] updating countdown to 52996
[14:15:25.223] [SEVERE ] updating countdown to 51995
[14:15:26.223] [SEVERE ] updating countdown to 50995
[14:15:27.224] [SEVERE ] updating countdown to 49994
[14:15:28.224] [SEVERE ] updating countdown to 48994
[14:15:29.225] [SEVERE ] updating countdown to 47993
[14:15:30.226] [SEVERE ] updating countdown to 46992
[14:15:31.226] [SEVERE ] updating countdown to 45992
[14:15:32.227] [SEVERE ] updating countdown to 44991
[14:15:33.228] [SEVERE ] updating countdown to 43990
[14:15:34.228] [SEVERE ] updating countdown to 42990
[14:15:35.229] [SEVERE ] updating countdown to 41989
[14:15:36.229] [SEVERE ] updating countdown to 40989
[14:15:37.037] [SEVERE ] exit button pressed
[14:15:37.038] [INFO   ] Thread player1 terminated.
[14:15:37.038] [INFO   ] Thread player0 terminated.
[14:15:37.230] [SEVERE ] updating countdown to 39988
[14:15:37.331] [SEVERE ] removing card from slot 0
[14:15:37.331] [SEVERE ] removing player 1 token from slot 0
[14:15:37.332] [SEVERE ] removing player 2 token from slot 0
[14:15:37.433] [SEVERE ] removing card from slot 1
[14:15:37.433] [SEVERE ] removing player 1 token from slot 1
[14:15:37.433] [SEVERE ] removing player 2 token from slot 1
[14:15:37.534] [SEVERE ] removing card from slot 2
[14:15:37.534] [SEVERE ] removing player 1 token from slot 2
[14:15:37.536] [SEVERE ] removing player 2 token from slot 2
[14:15:37.636] [SEVERE ] removing card from slot 3
[14:15:37.636] [SEVERE ] removing player 1 token from slot 3
[14:15:37.637] [SEVERE ] removing player 2 token from slot 3
[14:15:37.738] [SEVERE ] removing card from slot 4
[14:15:37.738] [SEVERE ] removing player 1 token from slot 4
[14:15:37.738] [SEVERE ] removing player 2 token from slot 4
[14:15:37.838] [SEVERE ] removing card from slot 5
[14:15:37.839] [SEVERE ] removing player 1 token from slot 5
[14:15:37.839] [SEVERE ] removing player 2 token from slot 5
[14:15:37.940] [SEVERE ] removing card from slot 6
[14:15:37.940] [SEVERE ] removing player 1 token from slot 6
[14:15:37.941] [SEVERE ] removing player 2 token from slot 6
[14:15:38.042] [SEVERE ] removing card from slot 7
[14:15:38.042] [SEVERE ] removing player 1 token from slot 7
[14:15:38.043] [SEVERE ] removing player 2 token from slot 7
[14:15:38.144] [SEVERE ] removing card from slot 8
[14:15:38.144] [SEVERE ] removing player 1 token from slot 8
[14:15:38.145] [SEVERE ] removing player 2 token from slot 8
[14:15:38.246] [SEVERE ] removing card from slot 9
[14:15:38.246] [SEVERE ] removing player 1 token from slot 9
[14:15:38.247] [SEVERE ] removing player 2 token from slot 9
[14:15:38.348] [SEVERE ] removing card from slot 10
[14:15:38.348] [SEVERE ] removing player 1 token from slot 10
[14:15:38.348] [SEVERE ] removing player 2 token from slot 10
[14:15:38.449] [SEVERE ] removing card from slot 11
[14:15:38.450] [SEVERE ] removing player 1 token from slot 11
[14:15:38.451] [SEVERE ] removing player 2 token from slot 11
[14:15:38.553] [SEVERE ] placing card 18 in slot 0
[14:15:38.654] [SEVERE ] placing card 56 in slot 1
[14:15:38.754] [SEVERE ] placing card 61 in slot 2
[14:15:38.855] [SEVERE ] placing card 21 in slot 3
[14:15:38.955] [SEVERE ] placing card 40 in slot 4
[14:15:39.055] [SEVERE ] placing card 60 in slot 5
[14:15:39.156] [SEVERE ] placing card 28 in slot 6
[14:15:39.256] [SEVERE ] placing card 79 in slot 7
[14:15:39.356] [SEVERE ] placing card 27 in slot 8
[14:15:39.457] [SEVERE ] placing card 13 in slot 9
[14:15:39.557] [SEVERE ] placing card 7 in slot 10
[14:15:39.658] [SEVERE ] placing card 80 in slot 11
[14:15:39.658] [INFO   ] Thread dealer terminated.
[14:15:39.659] [INFO   ] thread dealer terminated.
[14:15:39.659] [SEVERE ] thanks for playing... it was fun!
[14:15:39.660] [INFO   ] thread main terminated.
