[22:31:16.246] [INFO   ] thread main starting.
[22:31:16.255] [SEVERE ] cannot read configuration file config.properties trying from resources.
[22:31:16.258] [SEVERE ] configuration file was loaded from resources directory.
[22:31:16.673] [INFO   ] thread dealer starting.
[22:31:16.674] [INFO   ] Thread dealer starting.
[22:31:16.676] [INFO   ] Thread player0 starting.
[22:31:16.676] [INFO   ] Thread player1 starting.
[22:31:16.777] [SEVERE ] placing card 0 in slot 0
[22:31:16.886] [SEVERE ] placing card 51 in slot 1
[22:31:16.994] [SEVERE ] placing card 73 in slot 2
[22:31:17.102] [SEVERE ] placing card 44 in slot 3
[22:31:17.212] [SEVERE ] placing card 29 in slot 4
[22:31:17.322] [SEVERE ] placing card 1 in slot 5
[22:31:17.429] [SEVERE ] placing card 76 in slot 6
[22:31:17.540] [SEVERE ] placing card 38 in slot 7
[22:31:17.649] [SEVERE ] placing card 3 in slot 8
[22:31:17.657] [SEVERE ] updating countdown to 60000
[22:31:18.611] [SEVERE ] updating countdown to 60045
[22:31:19.569] [SEVERE ] updating countdown to 59087
[22:31:20.060] [SEVERE ] key 81 was pressed by player 1
[22:31:20.061] [SEVERE ] player 1 placing token on slot 0
[22:31:20.387] [SEVERE ] key 85 was pressed by player 2
[22:31:20.388] [SEVERE ] player 2 placing token on slot 0
[22:31:20.526] [SEVERE ] updating countdown to 58130
[22:31:21.480] [SEVERE ] updating countdown to 57176
[22:31:22.068] [SEVERE ] key 69 was pressed by player 1
[22:31:22.068] [SEVERE ] player 1 placing token on slot 2
[22:31:22.404] [SEVERE ] key 79 was pressed by player 2
[22:31:22.404] [SEVERE ] player 2 placing token on slot 2
[22:31:22.443] [SEVERE ] updating countdown to 56213
[22:31:23.398] [SEVERE ] updating countdown to 55258
[22:31:24.354] [SEVERE ] updating countdown to 54302
[22:31:25.314] [SEVERE ] updating countdown to 53342
[22:31:26.273] [SEVERE ] updating countdown to 52383
[22:31:27.225] [SEVERE ] updating countdown to 51431
[22:31:28.116] [SEVERE ] key 70 was pressed by player 1
[22:31:28.116] [SEVERE ] player 1 placing token on slot 7
[22:31:28.117] [SEVERE ] setting player 1 score to 1
[22:31:28.118] [SEVERE ] removing player 1 token from slot 0
[22:31:28.119] [SEVERE ] removing player 1 token from slot 2
[22:31:28.119] [SEVERE ] setting player 1 freeze to 0
[22:31:28.119] [SEVERE ] removing player 1 token from slot 7
[22:31:28.119] [SEVERE ] removing player 2 token from slot 0
[22:31:28.119] [SEVERE ] removing player 2 token from slot 2
[22:31:28.120] [SEVERE ] removing player 2 token from slot 7
[22:31:28.132] [SEVERE ] key 59 was pressed by player 2
[22:31:28.231] [SEVERE ] removing card from slot 0
[22:31:28.340] [SEVERE ] removing card from slot 2
[22:31:28.451] [SEVERE ] removing card from slot 7
[22:31:28.561] [SEVERE ] removing card from slot 1
[22:31:28.561] [SEVERE ] removing player 1 token from slot 1
[22:31:28.561] [SEVERE ] removing player 2 token from slot 1
[22:31:28.670] [SEVERE ] removing card from slot 3
[22:31:28.670] [SEVERE ] removing player 1 token from slot 3
[22:31:28.670] [SEVERE ] removing player 2 token from slot 3
[22:31:28.780] [SEVERE ] removing card from slot 4
[22:31:28.780] [SEVERE ] removing player 1 token from slot 4
[22:31:28.780] [SEVERE ] removing player 2 token from slot 4
[22:31:28.889] [SEVERE ] removing card from slot 5
[22:31:28.889] [SEVERE ] removing player 1 token from slot 5
[22:31:28.890] [SEVERE ] removing player 2 token from slot 5
[22:31:28.999] [SEVERE ] removing card from slot 6
[22:31:28.999] [SEVERE ] removing player 1 token from slot 6
[22:31:28.999] [SEVERE ] removing player 2 token from slot 6
[22:31:29.107] [SEVERE ] removing card from slot 8
[22:31:29.107] [SEVERE ] removing player 1 token from slot 8
[22:31:29.107] [SEVERE ] removing player 2 token from slot 8
[22:31:29.108] [SEVERE ] announcing winner(s): player 1
[22:31:29.111] [INFO   ] Thread player1 terminated.
[22:31:29.111] [INFO   ] Thread player0 terminated.
[22:31:29.111] [INFO   ] Thread dealer terminated.
[22:31:29.112] [INFO   ] thread dealer terminated.
[22:31:34.123] [SEVERE ] thanks for playing... it was fun!
[22:31:34.125] [INFO   ] thread main terminated.
[22:31:34.126] [SEVERE ] disposing of user interface elements
