[14:53:02.226] [INFO   ] thread main starting.
[14:53:02.236] [SEVERE ] cannot read configuration file config.properties trying from resources.
[14:53:02.238] [SEVERE ] configuration file was loaded from resources directory.
[14:53:02.734] [INFO   ] thread dealer starting.
[14:53:02.735] [INFO   ] Thread dealer starting.
[14:53:02.735] [INFO   ] Thread player0 starting.
[14:53:02.736] [INFO   ] Thread player1 starting.
[14:53:02.844] [SEVERE ] placing card 12 in slot 0
[14:53:02.944] [SEVERE ] placing card 45 in slot 1
[14:53:03.045] [SEVERE ] placing card 43 in slot 2
[14:53:03.145] [SEVERE ] placing card 41 in slot 3
[14:53:03.245] [SEVERE ] placing card 51 in slot 4
[14:53:03.346] [SEVERE ] placing card 75 in slot 5
[14:53:03.446] [SEVERE ] placing card 65 in slot 6
[14:53:03.547] [SEVERE ] placing card 49 in slot 7
[14:53:03.648] [SEVERE ] placing card 18 in slot 8
[14:53:03.748] [SEVERE ] placing card 71 in slot 9
[14:53:03.849] [SEVERE ] placing card 5 in slot 10
[14:53:03.949] [SEVERE ] placing card 0 in slot 11
[14:53:03.954] [SEVERE ] updating countdown to 60000
[14:53:04.260] [SEVERE ] exit button pressed
[14:53:04.260] [INFO   ] Thread player1 terminated.
[14:53:04.261] [INFO   ] Thread player0 terminated.
[14:53:04.956] [SEVERE ] updating countdown to 59998
[14:53:05.056] [SEVERE ] removing card from slot 0
[14:53:05.057] [SEVERE ] removing player 1 token from slot 0
[14:53:05.058] [SEVERE ] removing player 2 token from slot 0
[14:53:05.159] [SEVERE ] removing card from slot 1
[14:53:05.159] [SEVERE ] removing player 1 token from slot 1
[14:53:05.160] [SEVERE ] removing player 2 token from slot 1
[14:53:05.261] [SEVERE ] removing card from slot 2
[14:53:05.262] [SEVERE ] removing player 1 token from slot 2
[14:53:05.263] [SEVERE ] removing player 2 token from slot 2
[14:53:05.364] [SEVERE ] removing card from slot 3
[14:53:05.364] [SEVERE ] removing player 1 token from slot 3
[14:53:05.365] [SEVERE ] removing player 2 token from slot 3
[14:53:05.466] [SEVERE ] removing card from slot 4
[14:53:05.467] [SEVERE ] removing player 1 token from slot 4
[14:53:05.468] [SEVERE ] removing player 2 token from slot 4
[14:53:05.569] [SEVERE ] removing card from slot 5
[14:53:05.569] [SEVERE ] removing player 1 token from slot 5
[14:53:05.570] [SEVERE ] removing player 2 token from slot 5
[14:53:05.671] [SEVERE ] removing card from slot 6
[14:53:05.672] [SEVERE ] removing player 1 token from slot 6
[14:53:05.673] [SEVERE ] removing player 2 token from slot 6
[14:53:05.774] [SEVERE ] removing card from slot 7
[14:53:05.775] [SEVERE ] removing player 1 token from slot 7
[14:53:05.775] [SEVERE ] removing player 2 token from slot 7
[14:53:05.876] [SEVERE ] removing card from slot 8
[14:53:05.877] [SEVERE ] removing player 1 token from slot 8
[14:53:05.878] [SEVERE ] removing player 2 token from slot 8
[14:53:05.979] [SEVERE ] removing card from slot 9
[14:53:05.980] [SEVERE ] removing player 1 token from slot 9
[14:53:05.981] [SEVERE ] removing player 2 token from slot 9
[14:53:06.082] [SEVERE ] removing card from slot 10
[14:53:06.083] [SEVERE ] removing player 1 token from slot 10
[14:53:06.084] [SEVERE ] removing player 2 token from slot 10
[14:53:06.185] [SEVERE ] removing card from slot 11
[14:53:06.185] [SEVERE ] removing player 1 token from slot 11
[14:53:06.186] [SEVERE ] removing player 2 token from slot 11
[14:53:06.287] [SEVERE ] placing card 75 in slot 0
[14:53:06.389] [SEVERE ] placing card 41 in slot 1
[14:53:06.489] [SEVERE ] placing card 36 in slot 2
[14:53:06.590] [SEVERE ] placing card 67 in slot 3
[14:53:06.691] [SEVERE ] placing card 45 in slot 4
[14:53:06.792] [SEVERE ] placing card 12 in slot 5
[14:53:06.893] [SEVERE ] placing card 43 in slot 6
[14:53:06.994] [SEVERE ] placing card 71 in slot 7
[14:53:07.094] [SEVERE ] placing card 34 in slot 8
[14:53:07.195] [SEVERE ] placing card 0 in slot 9
[14:53:07.296] [SEVERE ] placing card 49 in slot 10
[14:53:07.397] [SEVERE ] placing card 51 in slot 11
[14:53:07.397] [INFO   ] Thread dealer terminated.
[14:53:07.398] [INFO   ] thread dealer terminated.
[14:53:07.399] [SEVERE ] thanks for playing... it was fun!
[14:53:07.400] [INFO   ] thread main terminated.
