[16:42:18.901] [INFO   ] thread main starting.
[16:42:18.910] [SEVERE ] cannot read configuration file config.properties trying from resources.
[16:42:18.911] [SEVERE ] configuration file was loaded from resources directory.
[16:42:19.334] [INFO   ] thread dealer starting.
[16:42:19.336] [INFO   ] Thread dealer starting.
[16:42:19.336] [INFO   ] Thread player0 starting.
[16:42:19.337] [INFO   ] Thread player1 starting.
[16:42:19.461] [SEVERE ] placing card 23 in slot 0
[16:42:19.562] [SEVERE ] placing card 68 in slot 1
[16:42:19.662] [SEVERE ] placing card 25 in slot 2
[16:42:19.762] [SEVERE ] placing card 18 in slot 3
[16:42:19.863] [SEVERE ] placing card 57 in slot 4
[16:42:19.963] [SEVERE ] placing card 0 in slot 5
[16:42:20.064] [SEVERE ] placing card 61 in slot 6
[16:42:20.165] [SEVERE ] placing card 74 in slot 7
[16:42:20.266] [SEVERE ] placing card 53 in slot 8
[16:42:20.366] [SEVERE ] placing card 77 in slot 9
[16:42:20.467] [SEVERE ] placing card 6 in slot 10
[16:42:20.568] [SEVERE ] placing card 73 in slot 11
[16:42:20.573] [SEVERE ] updating countdown to 60000
[16:42:21.574] [SEVERE ] updating countdown to 59999
[16:42:22.574] [SEVERE ] updating countdown to 58999
[16:42:23.575] [SEVERE ] updating countdown to 57998
[16:42:24.576] [SEVERE ] updating countdown to 56997
[16:42:25.576] [SEVERE ] updating countdown to 55997
[16:42:25.999] [SEVERE ] key 81 was pressed by player 1
[16:42:25.999] [SEVERE ] player 1 placing token on slot 0
[16:42:26.577] [SEVERE ] updating countdown to 54996
[16:42:27.577] [SEVERE ] updating countdown to 53996
[16:42:27.829] [SEVERE ] key 87 was pressed by player 1
[16:42:27.829] [SEVERE ] player 1 placing token on slot 1
[16:42:28.420] [SEVERE ] key 87 was pressed by player 1
[16:42:28.420] [SEVERE ] removing player 1 token from slot 1
[16:42:28.578] [SEVERE ] updating countdown to 52995
[16:42:28.756] [SEVERE ] key 69 was pressed by player 1
[16:42:28.757] [SEVERE ] player 1 placing token on slot 2
[16:42:29.578] [SEVERE ] updating countdown to 51995
[16:42:30.579] [SEVERE ] updating countdown to 50994
[16:42:31.580] [SEVERE ] updating countdown to 49993
[16:42:31.948] [SEVERE ] key 73 was pressed by player 2
[16:42:31.949] [SEVERE ] player 2 placing token on slot 1
[16:42:32.580] [SEVERE ] updating countdown to 48993
[16:42:32.789] [SEVERE ] key 73 was pressed by player 2
[16:42:32.789] [SEVERE ] removing player 2 token from slot 1
[16:42:32.973] [SEVERE ] key 85 was pressed by player 2
[16:42:32.973] [SEVERE ] player 2 placing token on slot 0
[16:42:33.580] [SEVERE ] updating countdown to 47993
[16:42:34.580] [SEVERE ] updating countdown to 46993
[16:42:34.933] [SEVERE ] key 77 was pressed by player 2
[16:42:34.933] [SEVERE ] player 2 placing token on slot 8
[16:42:35.581] [SEVERE ] updating countdown to 45992
[16:42:36.581] [SEVERE ] updating countdown to 44992
[16:42:37.180] [SEVERE ] key 59 was pressed by player 2
[16:42:37.181] [SEVERE ] player 2 placing token on slot 7
[16:42:37.181] [SEVERE ] setting player 2 score to 1
[16:42:37.182] [SEVERE ] removing player 1 token from slot 0
[16:42:37.183] [SEVERE ] removing player 1 token from slot 8
[16:42:37.183] [SEVERE ] removing player 1 token from slot 7
[16:42:37.183] [SEVERE ] removing player 2 token from slot 0
[16:42:37.183] [SEVERE ] removing player 2 token from slot 8
[16:42:37.183] [SEVERE ] removing player 2 token from slot 7
[16:42:37.186] [SEVERE ] setting player 2 freeze to 1999
[16:42:37.197] [SEVERE ] key 82 was pressed by player 1
[16:42:37.197] [SEVERE ] setting player 2 freeze to 1988
[16:42:37.210] [SEVERE ] setting player 2 freeze to 1975
[16:42:37.221] [SEVERE ] setting player 2 freeze to 1964
[16:42:37.232] [SEVERE ] setting player 2 freeze to 1953
[16:42:37.243] [SEVERE ] setting player 2 freeze to 1942
[16:42:37.253] [SEVERE ] setting player 2 freeze to 1932
[16:42:37.264] [SEVERE ] setting player 2 freeze to 1921
[16:42:37.278] [SEVERE ] setting player 2 freeze to 1907
[16:42:37.283] [SEVERE ] removing card from slot 0
[16:42:37.288] [SEVERE ] setting player 2 freeze to 1897
[16:42:37.299] [SEVERE ] setting player 2 freeze to 1886
[16:42:37.309] [SEVERE ] setting player 2 freeze to 1876
[16:42:37.321] [SEVERE ] setting player 2 freeze to 1864
[16:42:37.331] [SEVERE ] setting player 2 freeze to 1854
[16:42:37.341] [SEVERE ] setting player 2 freeze to 1844
[16:42:37.352] [SEVERE ] setting player 2 freeze to 1833
[16:42:37.362] [SEVERE ] setting player 2 freeze to 1823
[16:42:37.372] [SEVERE ] setting player 2 freeze to 1813
[16:42:37.383] [SEVERE ] setting player 2 freeze to 1802
[16:42:37.384] [SEVERE ] removing card from slot 8
[16:42:37.393] [SEVERE ] setting player 2 freeze to 1792
[16:42:37.403] [SEVERE ] setting player 2 freeze to 1782
[16:42:37.413] [SEVERE ] setting player 2 freeze to 1772
[16:42:37.424] [SEVERE ] setting player 2 freeze to 1761
[16:42:37.434] [SEVERE ] setting player 2 freeze to 1751
[16:42:37.444] [SEVERE ] setting player 2 freeze to 1741
[16:42:37.454] [SEVERE ] setting player 2 freeze to 1731
[16:42:37.464] [SEVERE ] setting player 2 freeze to 1721
[16:42:37.475] [SEVERE ] setting player 2 freeze to 1710
[16:42:37.484] [SEVERE ] removing card from slot 7
[16:42:37.485] [SEVERE ] setting player 2 freeze to 1700
[16:42:37.495] [SEVERE ] setting player 2 freeze to 1690
[16:42:37.505] [SEVERE ] setting player 2 freeze to 1680
[16:42:37.515] [SEVERE ] setting player 2 freeze to 1670
[16:42:37.526] [SEVERE ] setting player 2 freeze to 1659
[16:42:37.536] [SEVERE ] setting player 2 freeze to 1649
[16:42:37.546] [SEVERE ] setting player 2 freeze to 1639
[16:42:37.556] [SEVERE ] setting player 2 freeze to 1629
[16:42:37.566] [SEVERE ] setting player 2 freeze to 1619
[16:42:37.577] [SEVERE ] setting player 2 freeze to 1608
[16:42:37.585] [SEVERE ] placing card 56 in slot 0
[16:42:37.587] [SEVERE ] setting player 2 freeze to 1598
[16:42:37.597] [SEVERE ] setting player 2 freeze to 1588
[16:42:37.607] [SEVERE ] setting player 2 freeze to 1578
[16:42:37.617] [SEVERE ] setting player 2 freeze to 1568
[16:42:37.628] [SEVERE ] setting player 2 freeze to 1557
[16:42:37.638] [SEVERE ] setting player 2 freeze to 1547
[16:42:37.648] [SEVERE ] setting player 2 freeze to 1537
[16:42:37.658] [SEVERE ] setting player 2 freeze to 1527
[16:42:37.668] [SEVERE ] setting player 2 freeze to 1517
[16:42:37.678] [SEVERE ] setting player 2 freeze to 1507
[16:42:37.686] [SEVERE ] placing card 44 in slot 8
[16:42:37.689] [SEVERE ] setting player 2 freeze to 1496
[16:42:37.699] [SEVERE ] setting player 2 freeze to 1486
[16:42:37.709] [SEVERE ] setting player 2 freeze to 1476
[16:42:37.719] [SEVERE ] setting player 2 freeze to 1466
[16:42:37.729] [SEVERE ] setting player 2 freeze to 1456
[16:42:37.739] [SEVERE ] setting player 2 freeze to 1446
[16:42:37.750] [SEVERE ] setting player 2 freeze to 1435
[16:42:37.760] [SEVERE ] setting player 2 freeze to 1425
[16:42:37.770] [SEVERE ] setting player 2 freeze to 1415
[16:42:37.780] [SEVERE ] setting player 2 freeze to 1405
[16:42:37.786] [SEVERE ] placing card 46 in slot 7
[16:42:37.790] [SEVERE ] setting player 2 freeze to 1395
[16:42:37.801] [SEVERE ] setting player 2 freeze to 1384
[16:42:37.811] [SEVERE ] setting player 2 freeze to 1374
[16:42:37.821] [SEVERE ] setting player 2 freeze to 1364
[16:42:37.831] [SEVERE ] setting player 2 freeze to 1354
[16:42:37.841] [SEVERE ] setting player 2 freeze to 1344
[16:42:37.852] [SEVERE ] setting player 2 freeze to 1333
[16:42:37.862] [SEVERE ] setting player 2 freeze to 1323
[16:42:37.872] [SEVERE ] setting player 2 freeze to 1313
[16:42:37.882] [SEVERE ] setting player 2 freeze to 1303
[16:42:37.886] [SEVERE ] removing card from slot 0
[16:42:37.886] [SEVERE ] removing player 1 token from slot 0
[16:42:37.887] [SEVERE ] removing player 2 token from slot 0
[16:42:37.892] [SEVERE ] setting player 2 freeze to 1293
[16:42:37.902] [SEVERE ] setting player 2 freeze to 1283
[16:42:37.913] [SEVERE ] setting player 2 freeze to 1272
[16:42:37.923] [SEVERE ] setting player 2 freeze to 1262
[16:42:37.933] [SEVERE ] setting player 2 freeze to 1252
[16:42:37.943] [SEVERE ] setting player 2 freeze to 1242
[16:42:37.953] [SEVERE ] setting player 2 freeze to 1232
[16:42:37.963] [SEVERE ] setting player 2 freeze to 1222
[16:42:37.974] [SEVERE ] setting player 2 freeze to 1211
[16:42:37.984] [SEVERE ] setting player 2 freeze to 1201
[16:42:37.987] [SEVERE ] removing card from slot 1
[16:42:37.987] [SEVERE ] removing player 1 token from slot 1
[16:42:37.987] [SEVERE ] removing player 2 token from slot 1
[16:42:37.994] [SEVERE ] setting player 2 freeze to 1191
[16:42:38.004] [SEVERE ] setting player 2 freeze to 1181
[16:42:38.014] [SEVERE ] setting player 2 freeze to 1171
[16:42:38.025] [SEVERE ] setting player 2 freeze to 1160
[16:42:38.035] [SEVERE ] setting player 2 freeze to 1150
[16:42:38.045] [SEVERE ] setting player 2 freeze to 1140
[16:42:38.055] [SEVERE ] setting player 2 freeze to 1130
[16:42:38.065] [SEVERE ] setting player 2 freeze to 1120
[16:42:38.075] [SEVERE ] setting player 2 freeze to 1110
[16:42:38.086] [SEVERE ] setting player 2 freeze to 1099
[16:42:38.087] [SEVERE ] removing card from slot 2
[16:42:38.088] [SEVERE ] removing player 1 token from slot 2
[16:42:38.088] [SEVERE ] removing player 2 token from slot 2
[16:42:38.096] [SEVERE ] setting player 2 freeze to 1089
[16:42:38.106] [SEVERE ] setting player 2 freeze to 1079
[16:42:38.116] [SEVERE ] setting player 2 freeze to 1069
[16:42:38.126] [SEVERE ] setting player 2 freeze to 1059
[16:42:38.136] [SEVERE ] setting player 2 freeze to 1049
[16:42:38.147] [SEVERE ] setting player 2 freeze to 1038
[16:42:38.157] [SEVERE ] setting player 2 freeze to 1028
[16:42:38.167] [SEVERE ] setting player 2 freeze to 1018
[16:42:38.177] [SEVERE ] setting player 2 freeze to 1008
[16:42:38.187] [SEVERE ] setting player 2 freeze to 998
[16:42:38.189] [SEVERE ] removing card from slot 3
[16:42:38.189] [SEVERE ] removing player 1 token from slot 3
[16:42:38.189] [SEVERE ] removing player 2 token from slot 3
[16:42:38.198] [SEVERE ] setting player 2 freeze to 988
[16:42:38.208] [SEVERE ] setting player 2 freeze to 977
[16:42:38.218] [SEVERE ] setting player 2 freeze to 967
[16:42:38.228] [SEVERE ] setting player 2 freeze to 957
[16:42:38.238] [SEVERE ] setting player 2 freeze to 947
[16:42:38.248] [SEVERE ] setting player 2 freeze to 937
[16:42:38.259] [SEVERE ] setting player 2 freeze to 926
[16:42:38.269] [SEVERE ] setting player 2 freeze to 916
[16:42:38.279] [SEVERE ] setting player 2 freeze to 906
[16:42:38.289] [SEVERE ] setting player 2 freeze to 896
[16:42:38.289] [SEVERE ] removing card from slot 4
[16:42:38.290] [SEVERE ] removing player 1 token from slot 4
[16:42:38.290] [SEVERE ] removing player 2 token from slot 4
[16:42:38.299] [SEVERE ] setting player 2 freeze to 886
[16:42:38.309] [SEVERE ] setting player 2 freeze to 876
[16:42:38.320] [SEVERE ] setting player 2 freeze to 865
[16:42:38.330] [SEVERE ] setting player 2 freeze to 855
[16:42:38.340] [SEVERE ] setting player 2 freeze to 845
[16:42:38.350] [SEVERE ] setting player 2 freeze to 835
[16:42:38.360] [SEVERE ] setting player 2 freeze to 825
[16:42:38.370] [SEVERE ] setting player 2 freeze to 815
[16:42:38.381] [SEVERE ] setting player 2 freeze to 804
[16:42:38.390] [SEVERE ] removing card from slot 5
[16:42:38.391] [SEVERE ] removing player 1 token from slot 5
[16:42:38.391] [SEVERE ] removing player 2 token from slot 5
[16:42:38.391] [SEVERE ] setting player 2 freeze to 794
[16:42:38.401] [SEVERE ] setting player 2 freeze to 784
[16:42:38.411] [SEVERE ] setting player 2 freeze to 774
[16:42:38.422] [SEVERE ] setting player 2 freeze to 763
[16:42:38.432] [SEVERE ] setting player 2 freeze to 753
[16:42:38.442] [SEVERE ] setting player 2 freeze to 743
[16:42:38.452] [SEVERE ] setting player 2 freeze to 733
[16:42:38.462] [SEVERE ] setting player 2 freeze to 723
[16:42:38.472] [SEVERE ] setting player 2 freeze to 713
[16:42:38.482] [SEVERE ] setting player 2 freeze to 703
[16:42:38.491] [SEVERE ] removing card from slot 6
[16:42:38.491] [SEVERE ] removing player 1 token from slot 6
[16:42:38.491] [SEVERE ] removing player 2 token from slot 6
[16:42:38.493] [SEVERE ] setting player 2 freeze to 692
[16:42:38.503] [SEVERE ] setting player 2 freeze to 682
[16:42:38.513] [SEVERE ] setting player 2 freeze to 672
[16:42:38.523] [SEVERE ] setting player 2 freeze to 662
[16:42:38.533] [SEVERE ] setting player 2 freeze to 652
[16:42:38.543] [SEVERE ] setting player 2 freeze to 642
[16:42:38.554] [SEVERE ] setting player 2 freeze to 631
[16:42:38.564] [SEVERE ] setting player 2 freeze to 621
[16:42:38.574] [SEVERE ] setting player 2 freeze to 611
[16:42:38.584] [SEVERE ] setting player 2 freeze to 601
[16:42:38.591] [SEVERE ] removing card from slot 7
[16:42:38.591] [SEVERE ] removing player 1 token from slot 7
[16:42:38.591] [SEVERE ] removing player 2 token from slot 7
[16:42:38.594] [SEVERE ] setting player 2 freeze to 591
[16:42:38.604] [SEVERE ] setting player 2 freeze to 581
[16:42:38.615] [SEVERE ] setting player 2 freeze to 570
[16:42:38.625] [SEVERE ] setting player 2 freeze to 560
[16:42:38.635] [SEVERE ] setting player 2 freeze to 550
[16:42:38.645] [SEVERE ] setting player 2 freeze to 540
[16:42:38.655] [SEVERE ] setting player 2 freeze to 530
[16:42:38.665] [SEVERE ] setting player 2 freeze to 520
[16:42:38.676] [SEVERE ] setting player 2 freeze to 509
[16:42:38.686] [SEVERE ] setting player 2 freeze to 499
[16:42:38.692] [SEVERE ] removing card from slot 8
[16:42:38.692] [SEVERE ] removing player 1 token from slot 8
[16:42:38.692] [SEVERE ] removing player 2 token from slot 8
[16:42:38.696] [SEVERE ] setting player 2 freeze to 489
[16:42:38.706] [SEVERE ] setting player 2 freeze to 479
[16:42:38.716] [SEVERE ] setting player 2 freeze to 469
[16:42:38.726] [SEVERE ] setting player 2 freeze to 459
[16:42:38.736] [SEVERE ] setting player 2 freeze to 449
[16:42:38.747] [SEVERE ] setting player 2 freeze to 438
[16:42:38.757] [SEVERE ] setting player 2 freeze to 428
[16:42:38.767] [SEVERE ] setting player 2 freeze to 418
[16:42:38.777] [SEVERE ] setting player 2 freeze to 408
[16:42:38.787] [SEVERE ] setting player 2 freeze to 398
[16:42:38.793] [SEVERE ] removing card from slot 9
[16:42:38.793] [SEVERE ] removing player 1 token from slot 9
[16:42:38.793] [SEVERE ] removing player 2 token from slot 9
[16:42:38.797] [SEVERE ] setting player 2 freeze to 388
[16:42:38.807] [SEVERE ] setting player 2 freeze to 378
[16:42:38.818] [SEVERE ] setting player 2 freeze to 367
[16:42:38.828] [SEVERE ] setting player 2 freeze to 357
[16:42:38.838] [SEVERE ] setting player 2 freeze to 347
[16:42:38.848] [SEVERE ] setting player 2 freeze to 337
[16:42:38.858] [SEVERE ] setting player 2 freeze to 327
[16:42:38.869] [SEVERE ] setting player 2 freeze to 316
[16:42:38.879] [SEVERE ] setting player 2 freeze to 306
[16:42:38.889] [SEVERE ] setting player 2 freeze to 296
[16:42:38.894] [SEVERE ] removing card from slot 10
[16:42:38.894] [SEVERE ] removing player 1 token from slot 10
[16:42:38.894] [SEVERE ] removing player 2 token from slot 10
[16:42:38.899] [SEVERE ] setting player 2 freeze to 286
[16:42:38.909] [SEVERE ] setting player 2 freeze to 276
[16:42:38.919] [SEVERE ] setting player 2 freeze to 266
[16:42:38.929] [SEVERE ] setting player 2 freeze to 256
[16:42:38.940] [SEVERE ] setting player 2 freeze to 245
[16:42:38.950] [SEVERE ] setting player 2 freeze to 235
[16:42:38.960] [SEVERE ] setting player 2 freeze to 225
[16:42:38.970] [SEVERE ] setting player 2 freeze to 215
[16:42:38.980] [SEVERE ] setting player 2 freeze to 205
[16:42:38.990] [SEVERE ] setting player 2 freeze to 195
[16:42:38.994] [SEVERE ] removing card from slot 11
[16:42:38.994] [SEVERE ] removing player 1 token from slot 11
[16:42:38.994] [SEVERE ] removing player 2 token from slot 11
[16:42:38.995] [SEVERE ] announcing winner(s): player 2
[16:42:38.996] [INFO   ] Thread player1 terminated.
[16:42:38.996] [INFO   ] Thread player0 terminated.
[16:42:38.997] [INFO   ] Thread dealer terminated.
[16:42:38.997] [INFO   ] thread dealer terminated.
[16:42:39.000] [SEVERE ] setting player 2 freeze to 185
[16:42:43.998] [SEVERE ] thanks for playing... it was fun!
[16:42:43.998] [INFO   ] thread main terminated.
[16:42:43.999] [SEVERE ] disposing of user interface elements
