[00:37:50.081] [INFO   ] thread main starting.
[00:37:50.087] [SEVERE ] cannot read configuration file config.properties trying from resources.
[00:37:50.089] [SEVERE ] configuration file was loaded from resources directory.
[00:37:50.565] [INFO   ] thread dealer starting.
[00:37:50.565] [INFO   ] Thread dealer starting.
[00:37:50.567] [INFO   ] Thread player0 starting.
[00:37:50.567] [INFO   ] Thread player1 starting.
[00:37:50.685] [SEVERE ] placing card 40 in slot 0
[00:37:50.796] [SEVERE ] placing card 21 in slot 1
[00:37:50.905] [SEVERE ] placing card 18 in slot 2
[00:37:51.014] [SEVERE ] placing card 16 in slot 3
[00:37:51.124] [SEVERE ] placing card 58 in slot 4
[00:37:51.234] [SEVERE ] placing card 1 in slot 5
[00:37:51.344] [SEVERE ] placing card 2 in slot 6
[00:37:51.454] [SEVERE ] placing card 77 in slot 7
[00:37:51.564] [SEVERE ] placing card 38 in slot 8
[00:37:51.672] [SEVERE ] placing card 8 in slot 9
[00:37:51.782] [SEVERE ] placing card 72 in slot 10
[00:37:51.892] [SEVERE ] placing card 25 in slot 11
[00:37:51.898] [SEVERE ] updating countdown to 60000
[00:37:52.900] [SEVERE ] updating countdown to 59998
[00:37:53.174] [SEVERE ] key 81 was pressed by player 1
[00:37:53.174] [SEVERE ] player 1 placing token on slot 0
[00:37:53.900] [SEVERE ] updating countdown to 58998
[00:37:54.524] [SEVERE ] key 88 was pressed by player 1
[00:37:54.525] [SEVERE ] player 1 placing token on slot 9
[00:37:54.900] [SEVERE ] updating countdown to 57998
[00:37:55.205] [SEVERE ] key 67 was pressed by player 1
[00:37:55.205] [SEVERE ] player 1 placing token on slot 10
[00:37:55.206] [SEVERE ] setting player 1 score to 1
[00:37:55.207] [SEVERE ] removing player 1 token from slot 0
[00:37:55.207] [SEVERE ] removing player 1 token from slot 9
[00:37:55.207] [SEVERE ] removing player 1 token from slot 10
[00:37:55.207] [SEVERE ] removing player 2 token from slot 0
[00:37:55.207] [SEVERE ] setting player 1 freeze to 1999
[00:37:55.208] [SEVERE ] removing player 2 token from slot 9
[00:37:55.208] [SEVERE ] removing player 2 token from slot 10
[00:37:55.220] [SEVERE ] setting player 1 freeze to 1986
[00:37:55.235] [SEVERE ] setting player 1 freeze to 1971
[00:37:55.251] [SEVERE ] setting player 1 freeze to 1955
[00:37:55.267] [SEVERE ] setting player 1 freeze to 1939
[00:37:55.283] [SEVERE ] setting player 1 freeze to 1923
[00:37:55.299] [SEVERE ] setting player 1 freeze to 1907
[00:37:55.315] [SEVERE ] removing card from slot 0
[00:37:55.315] [SEVERE ] setting player 1 freeze to 1891
[00:37:55.331] [SEVERE ] setting player 1 freeze to 1875
[00:37:55.346] [SEVERE ] setting player 1 freeze to 1860
[00:37:55.362] [SEVERE ] setting player 1 freeze to 1844
[00:37:55.377] [SEVERE ] setting player 1 freeze to 1829
[00:37:55.393] [SEVERE ] setting player 1 freeze to 1813
[00:37:55.409] [SEVERE ] setting player 1 freeze to 1797
[00:37:55.424] [SEVERE ] setting player 1 freeze to 1782
[00:37:55.424] [SEVERE ] removing card from slot 9
[00:37:55.439] [SEVERE ] setting player 1 freeze to 1767
[00:37:55.455] [SEVERE ] setting player 1 freeze to 1751
[00:37:55.471] [SEVERE ] setting player 1 freeze to 1735
[00:37:55.486] [SEVERE ] setting player 1 freeze to 1720
[00:37:55.502] [SEVERE ] setting player 1 freeze to 1704
[00:37:55.517] [SEVERE ] setting player 1 freeze to 1689
[00:37:55.533] [SEVERE ] setting player 1 freeze to 1673
[00:37:55.533] [SEVERE ] removing card from slot 10
[00:37:55.548] [SEVERE ] setting player 1 freeze to 1658
[00:37:55.563] [SEVERE ] setting player 1 freeze to 1643
[00:37:55.579] [SEVERE ] setting player 1 freeze to 1627
[00:37:55.595] [SEVERE ] setting player 1 freeze to 1611
[00:37:55.610] [SEVERE ] setting player 1 freeze to 1596
[00:37:55.626] [SEVERE ] setting player 1 freeze to 1580
[00:37:55.641] [SEVERE ] setting player 1 freeze to 1565
[00:37:55.641] [SEVERE ] placing card 76 in slot 0
[00:37:55.652] [SEVERE ] setting player 1 freeze to 1554
[00:37:55.672] [SEVERE ] setting player 1 freeze to 1534
[00:37:55.688] [SEVERE ] setting player 1 freeze to 1518
[00:37:55.703] [SEVERE ] setting player 1 freeze to 1503
[00:37:55.718] [SEVERE ] setting player 1 freeze to 1488
[00:37:55.734] [SEVERE ] setting player 1 freeze to 1472
[00:37:55.750] [SEVERE ] placing card 28 in slot 9
[00:37:55.750] [SEVERE ] setting player 1 freeze to 1456
[00:37:55.766] [SEVERE ] setting player 1 freeze to 1440
[00:37:55.782] [SEVERE ] setting player 1 freeze to 1424
[00:37:55.797] [SEVERE ] setting player 1 freeze to 1409
[00:37:55.813] [SEVERE ] setting player 1 freeze to 1393
[00:37:55.829] [SEVERE ] setting player 1 freeze to 1377
[00:37:55.845] [SEVERE ] setting player 1 freeze to 1361
[00:37:55.860] [SEVERE ] setting player 1 freeze to 1346
[00:37:55.860] [SEVERE ] placing card 53 in slot 10
[00:37:55.863] [SEVERE ] updating countdown to 60000
[00:37:55.876] [SEVERE ] setting player 1 freeze to 1330
[00:37:55.887] [SEVERE ] setting player 1 freeze to 1319
[00:37:55.897] [SEVERE ] setting player 1 freeze to 1309
[00:37:55.907] [SEVERE ] setting player 1 freeze to 1299
[00:37:55.918] [SEVERE ] setting player 1 freeze to 1288
[00:37:55.929] [SEVERE ] setting player 1 freeze to 1277
[00:37:55.939] [SEVERE ] setting player 1 freeze to 1267
[00:37:55.949] [SEVERE ] setting player 1 freeze to 1257
[00:37:55.959] [SEVERE ] setting player 1 freeze to 1247
[00:37:55.969] [SEVERE ] setting player 1 freeze to 1237
[00:37:55.980] [SEVERE ] setting player 1 freeze to 1226
[00:37:55.990] [SEVERE ] setting player 1 freeze to 1216
[00:37:56.001] [SEVERE ] setting player 1 freeze to 1205
[00:37:56.012] [SEVERE ] setting player 1 freeze to 1194
[00:37:56.022] [SEVERE ] setting player 1 freeze to 1184
[00:37:56.032] [SEVERE ] setting player 1 freeze to 1174
[00:37:56.042] [SEVERE ] setting player 1 freeze to 1164
[00:37:56.052] [SEVERE ] setting player 1 freeze to 1154
[00:37:56.062] [SEVERE ] setting player 1 freeze to 1144
[00:37:56.072] [SEVERE ] setting player 1 freeze to 1134
[00:37:56.082] [SEVERE ] setting player 1 freeze to 1124
[00:37:56.093] [SEVERE ] setting player 1 freeze to 1113
[00:37:56.104] [SEVERE ] setting player 1 freeze to 1102
[00:37:56.115] [SEVERE ] setting player 1 freeze to 1091
[00:37:56.126] [SEVERE ] setting player 1 freeze to 1080
[00:37:56.137] [SEVERE ] setting player 1 freeze to 1069
[00:37:56.147] [SEVERE ] setting player 1 freeze to 1059
[00:37:56.157] [SEVERE ] setting player 1 freeze to 1049
[00:37:56.167] [SEVERE ] setting player 1 freeze to 1039
[00:37:56.177] [SEVERE ] setting player 1 freeze to 1029
[00:37:56.187] [SEVERE ] setting player 1 freeze to 1019
[00:37:56.197] [SEVERE ] setting player 1 freeze to 1009
[00:37:56.207] [SEVERE ] setting player 1 freeze to 999
[00:37:56.218] [SEVERE ] setting player 1 freeze to 988
[00:37:56.229] [SEVERE ] setting player 1 freeze to 977
[00:37:56.239] [SEVERE ] setting player 1 freeze to 967
[00:37:56.250] [SEVERE ] setting player 1 freeze to 956
[00:37:56.260] [SEVERE ] setting player 1 freeze to 946
[00:37:56.271] [SEVERE ] setting player 1 freeze to 935
[00:37:56.281] [SEVERE ] setting player 1 freeze to 925
[00:37:56.291] [SEVERE ] setting player 1 freeze to 915
[00:37:56.301] [SEVERE ] setting player 1 freeze to 905
[00:37:56.312] [SEVERE ] setting player 1 freeze to 894
[00:37:56.322] [SEVERE ] setting player 1 freeze to 884
[00:37:56.332] [SEVERE ] setting player 1 freeze to 874
[00:37:56.343] [SEVERE ] setting player 1 freeze to 863
[00:37:56.353] [SEVERE ] setting player 1 freeze to 853
[00:37:56.363] [SEVERE ] setting player 1 freeze to 843
[00:37:56.373] [SEVERE ] setting player 1 freeze to 833
[00:37:56.383] [SEVERE ] setting player 1 freeze to 823
[00:37:56.393] [SEVERE ] setting player 1 freeze to 813
[00:37:56.404] [SEVERE ] setting player 1 freeze to 802
[00:37:56.414] [SEVERE ] setting player 1 freeze to 792
[00:37:56.424] [SEVERE ] setting player 1 freeze to 782
[00:37:56.434] [SEVERE ] setting player 1 freeze to 772
[00:37:56.445] [SEVERE ] setting player 1 freeze to 761
[00:37:56.455] [SEVERE ] setting player 1 freeze to 751
[00:37:56.465] [SEVERE ] setting player 1 freeze to 741
[00:37:56.476] [SEVERE ] setting player 1 freeze to 730
[00:37:56.486] [SEVERE ] setting player 1 freeze to 720
[00:37:56.496] [SEVERE ] setting player 1 freeze to 710
[00:37:56.506] [SEVERE ] setting player 1 freeze to 700
[00:37:56.516] [SEVERE ] setting player 1 freeze to 690
[00:37:56.527] [SEVERE ] setting player 1 freeze to 679
[00:37:56.537] [SEVERE ] setting player 1 freeze to 669
[00:37:56.547] [SEVERE ] setting player 1 freeze to 659
[00:37:56.557] [SEVERE ] setting player 1 freeze to 649
[00:37:56.568] [SEVERE ] setting player 1 freeze to 638
[00:37:56.578] [SEVERE ] setting player 1 freeze to 628
[00:37:56.588] [SEVERE ] setting player 1 freeze to 618
[00:37:56.598] [SEVERE ] setting player 1 freeze to 608
[00:37:56.608] [SEVERE ] setting player 1 freeze to 598
[00:37:56.618] [SEVERE ] setting player 1 freeze to 588
[00:37:56.628] [SEVERE ] setting player 1 freeze to 578
[00:37:56.639] [SEVERE ] setting player 1 freeze to 567
[00:37:56.649] [SEVERE ] setting player 1 freeze to 557
[00:37:56.660] [SEVERE ] setting player 1 freeze to 546
[00:37:56.670] [SEVERE ] setting player 1 freeze to 536
[00:37:56.680] [SEVERE ] setting player 1 freeze to 526
[00:37:56.690] [SEVERE ] setting player 1 freeze to 516
[00:37:56.700] [SEVERE ] setting player 1 freeze to 506
[00:37:56.711] [SEVERE ] setting player 1 freeze to 495
[00:37:56.721] [SEVERE ] setting player 1 freeze to 485
[00:37:56.732] [SEVERE ] setting player 1 freeze to 474
[00:37:56.742] [SEVERE ] setting player 1 freeze to 464
[00:37:56.752] [SEVERE ] setting player 1 freeze to 454
[00:37:56.762] [SEVERE ] setting player 1 freeze to 444
[00:37:56.772] [SEVERE ] setting player 1 freeze to 434
[00:37:56.783] [SEVERE ] setting player 1 freeze to 423
[00:37:56.793] [SEVERE ] setting player 1 freeze to 413
[00:37:56.803] [SEVERE ] setting player 1 freeze to 403
[00:37:56.813] [SEVERE ] setting player 1 freeze to 393
[00:37:56.823] [SEVERE ] setting player 1 freeze to 383
[00:37:56.833] [SEVERE ] setting player 1 freeze to 373
[00:37:56.843] [SEVERE ] setting player 1 freeze to 363
[00:37:56.853] [SEVERE ] setting player 1 freeze to 353
[00:37:56.863] [SEVERE ] updating countdown to 59999
[00:37:56.863] [SEVERE ] setting player 1 freeze to 343
[00:37:56.881] [SEVERE ] setting player 1 freeze to 325
[00:37:56.892] [SEVERE ] setting player 1 freeze to 314
[00:37:56.903] [SEVERE ] setting player 1 freeze to 303
[00:37:56.913] [SEVERE ] setting player 1 freeze to 293
[00:37:56.923] [SEVERE ] setting player 1 freeze to 283
[00:37:56.933] [SEVERE ] setting player 1 freeze to 273
[00:37:56.943] [SEVERE ] setting player 1 freeze to 263
[00:37:56.953] [SEVERE ] setting player 1 freeze to 253
[00:37:56.963] [SEVERE ] setting player 1 freeze to 243
[00:37:56.973] [SEVERE ] setting player 1 freeze to 233
[00:37:56.983] [SEVERE ] setting player 1 freeze to 223
[00:37:56.993] [SEVERE ] setting player 1 freeze to 213
[00:37:57.004] [SEVERE ] setting player 1 freeze to 202
[00:37:57.014] [SEVERE ] setting player 1 freeze to 192
[00:37:57.024] [SEVERE ] setting player 1 freeze to 182
[00:37:57.034] [SEVERE ] setting player 1 freeze to 172
[00:37:57.044] [SEVERE ] setting player 1 freeze to 162
[00:37:57.054] [SEVERE ] setting player 1 freeze to 152
[00:37:57.064] [SEVERE ] setting player 1 freeze to 142
[00:37:57.074] [SEVERE ] setting player 1 freeze to 132
[00:37:57.085] [SEVERE ] setting player 1 freeze to 121
[00:37:57.095] [SEVERE ] setting player 1 freeze to 111
[00:37:57.105] [SEVERE ] setting player 1 freeze to 101
[00:37:57.116] [SEVERE ] setting player 1 freeze to 90
[00:37:57.127] [SEVERE ] setting player 1 freeze to 79
[00:37:57.137] [SEVERE ] setting player 1 freeze to 69
[00:37:57.147] [SEVERE ] setting player 1 freeze to 59
[00:37:57.157] [SEVERE ] setting player 1 freeze to 49
[00:37:57.167] [SEVERE ] setting player 1 freeze to 39
[00:37:57.178] [SEVERE ] setting player 1 freeze to 28
[00:37:57.188] [SEVERE ] setting player 1 freeze to 18
[00:37:57.198] [SEVERE ] setting player 1 freeze to 8
[00:37:57.209] [SEVERE ] setting player 1 freeze to -3
[00:37:57.863] [SEVERE ] updating countdown to 58999
[00:37:58.864] [SEVERE ] updating countdown to 57998
[00:37:59.236] [SEVERE ] key 81 was pressed by player 1
[00:37:59.237] [SEVERE ] player 1 placing token on slot 0
[00:37:59.780] [SEVERE ] key 69 was pressed by player 1
[00:37:59.781] [SEVERE ] player 1 placing token on slot 2
[00:37:59.865] [SEVERE ] updating countdown to 56997
[00:38:00.876] [SEVERE ] updating countdown to 55986
[00:38:01.878] [SEVERE ] updating countdown to 54984
[00:38:02.828] [SEVERE ] key 67 was pressed by player 1
[00:38:02.828] [SEVERE ] player 1 placing token on slot 10
[00:38:02.828] [SEVERE ] setting player 1 score to 2
[00:38:02.829] [SEVERE ] removing player 1 token from slot 0
[00:38:02.829] [SEVERE ] removing player 1 token from slot 2
[00:38:02.829] [SEVERE ] setting player 1 freeze to 1999
[00:38:02.829] [SEVERE ] removing player 1 token from slot 10
[00:38:02.829] [SEVERE ] removing player 2 token from slot 0
[00:38:02.829] [SEVERE ] removing player 2 token from slot 2
[00:38:02.829] [SEVERE ] removing player 2 token from slot 10
[00:38:02.850] [SEVERE ] setting player 1 freeze to 1978
[00:38:02.866] [SEVERE ] setting player 1 freeze to 1962
[00:38:02.881] [SEVERE ] setting player 1 freeze to 1947
[00:38:02.896] [SEVERE ] setting player 1 freeze to 1932
[00:38:02.912] [SEVERE ] setting player 1 freeze to 1916
[00:38:02.928] [SEVERE ] setting player 1 freeze to 1900
[00:38:02.944] [SEVERE ] setting player 1 freeze to 1884
[00:38:02.944] [SEVERE ] removing card from slot 0
[00:38:02.954] [SEVERE ] setting player 1 freeze to 1874
[00:38:02.975] [SEVERE ] setting player 1 freeze to 1853
[00:38:02.991] [SEVERE ] setting player 1 freeze to 1837
[00:38:03.006] [SEVERE ] setting player 1 freeze to 1822
[00:38:03.021] [SEVERE ] setting player 1 freeze to 1807
[00:38:03.037] [SEVERE ] setting player 1 freeze to 1791
[00:38:03.053] [SEVERE ] removing card from slot 2
[00:38:03.053] [SEVERE ] setting player 1 freeze to 1775
[00:38:03.068] [SEVERE ] setting player 1 freeze to 1760
[00:38:03.084] [SEVERE ] setting player 1 freeze to 1744
[00:38:03.100] [SEVERE ] setting player 1 freeze to 1728
[00:38:03.116] [SEVERE ] setting player 1 freeze to 1712
[00:38:03.132] [SEVERE ] setting player 1 freeze to 1696
[00:38:03.148] [SEVERE ] setting player 1 freeze to 1680
[00:38:03.164] [SEVERE ] setting player 1 freeze to 1664
[00:38:03.164] [SEVERE ] removing card from slot 10
[00:38:03.175] [SEVERE ] setting player 1 freeze to 1653
[00:38:03.196] [SEVERE ] setting player 1 freeze to 1632
[00:38:03.213] [SEVERE ] setting player 1 freeze to 1615
[00:38:03.229] [SEVERE ] setting player 1 freeze to 1599
[00:38:03.245] [SEVERE ] setting player 1 freeze to 1583
[00:38:03.260] [SEVERE ] setting player 1 freeze to 1568
[00:38:03.276] [SEVERE ] setting player 1 freeze to 1552
[00:38:03.276] [SEVERE ] placing card 12 in slot 0
[00:38:03.287] [SEVERE ] setting player 1 freeze to 1541
[00:38:03.308] [SEVERE ] setting player 1 freeze to 1520
[00:38:03.324] [SEVERE ] setting player 1 freeze to 1504
[00:38:03.339] [SEVERE ] setting player 1 freeze to 1489
[00:38:03.355] [SEVERE ] setting player 1 freeze to 1473
[00:38:03.371] [SEVERE ] setting player 1 freeze to 1457
[00:38:03.387] [SEVERE ] setting player 1 freeze to 1441
[00:38:03.387] [SEVERE ] placing card 69 in slot 2
[00:38:03.397] [SEVERE ] setting player 1 freeze to 1431
[00:38:03.419] [SEVERE ] setting player 1 freeze to 1409
[00:38:03.435] [SEVERE ] setting player 1 freeze to 1393
[00:38:03.451] [SEVERE ] setting player 1 freeze to 1377
[00:38:03.467] [SEVERE ] setting player 1 freeze to 1361
[00:38:03.483] [SEVERE ] setting player 1 freeze to 1345
[00:38:03.499] [SEVERE ] placing card 43 in slot 10
[00:38:03.499] [SEVERE ] setting player 1 freeze to 1329
[00:38:03.501] [SEVERE ] updating countdown to 60000
[00:38:03.515] [SEVERE ] setting player 1 freeze to 1313
[00:38:03.526] [SEVERE ] setting player 1 freeze to 1302
[00:38:03.536] [SEVERE ] setting player 1 freeze to 1292
[00:38:03.547] [SEVERE ] setting player 1 freeze to 1281
[00:38:03.558] [SEVERE ] setting player 1 freeze to 1270
[00:38:03.568] [SEVERE ] setting player 1 freeze to 1260
[00:38:03.578] [SEVERE ] setting player 1 freeze to 1250
[00:38:03.589] [SEVERE ] setting player 1 freeze to 1239
[00:38:03.599] [SEVERE ] setting player 1 freeze to 1229
[00:38:03.609] [SEVERE ] setting player 1 freeze to 1219
[00:38:03.619] [SEVERE ] setting player 1 freeze to 1209
[00:38:03.630] [SEVERE ] setting player 1 freeze to 1198
[00:38:03.640] [SEVERE ] setting player 1 freeze to 1188
[00:38:03.650] [SEVERE ] setting player 1 freeze to 1178
[00:38:03.661] [SEVERE ] setting player 1 freeze to 1167
[00:38:03.671] [SEVERE ] setting player 1 freeze to 1157
[00:38:03.682] [SEVERE ] setting player 1 freeze to 1146
[00:38:03.692] [SEVERE ] setting player 1 freeze to 1136
[00:38:03.702] [SEVERE ] setting player 1 freeze to 1126
[00:38:03.712] [SEVERE ] setting player 1 freeze to 1116
[00:38:03.722] [SEVERE ] setting player 1 freeze to 1106
[00:38:03.732] [SEVERE ] setting player 1 freeze to 1096
[00:38:03.742] [SEVERE ] setting player 1 freeze to 1086
[00:38:03.752] [SEVERE ] setting player 1 freeze to 1076
[00:38:03.762] [SEVERE ] setting player 1 freeze to 1066
[00:38:03.773] [SEVERE ] setting player 1 freeze to 1055
[00:38:03.784] [SEVERE ] setting player 1 freeze to 1044
[00:38:03.794] [SEVERE ] setting player 1 freeze to 1034
[00:38:03.804] [SEVERE ] setting player 1 freeze to 1024
[00:38:03.814] [SEVERE ] setting player 1 freeze to 1014
[00:38:03.824] [SEVERE ] setting player 1 freeze to 1004
[00:38:03.834] [SEVERE ] setting player 1 freeze to 994
[00:38:03.844] [SEVERE ] setting player 1 freeze to 984
[00:38:03.854] [SEVERE ] setting player 1 freeze to 974
[00:38:03.864] [SEVERE ] setting player 1 freeze to 964
[00:38:03.874] [SEVERE ] setting player 1 freeze to 954
[00:38:03.884] [SEVERE ] setting player 1 freeze to 944
[00:38:03.894] [SEVERE ] setting player 1 freeze to 934
[00:38:03.904] [SEVERE ] setting player 1 freeze to 924
[00:38:03.915] [SEVERE ] setting player 1 freeze to 913
[00:38:03.925] [SEVERE ] setting player 1 freeze to 903
[00:38:03.935] [SEVERE ] setting player 1 freeze to 893
[00:38:03.946] [SEVERE ] setting player 1 freeze to 882
[00:38:03.956] [SEVERE ] setting player 1 freeze to 872
[00:38:03.966] [SEVERE ] setting player 1 freeze to 862
[00:38:03.976] [SEVERE ] setting player 1 freeze to 852
[00:38:03.986] [SEVERE ] setting player 1 freeze to 842
[00:38:03.996] [SEVERE ] setting player 1 freeze to 832
[00:38:04.007] [SEVERE ] setting player 1 freeze to 821
[00:38:04.017] [SEVERE ] setting player 1 freeze to 811
[00:38:04.027] [SEVERE ] setting player 1 freeze to 801
[00:38:04.037] [SEVERE ] setting player 1 freeze to 791
[00:38:04.047] [SEVERE ] setting player 1 freeze to 781
[00:38:04.057] [SEVERE ] setting player 1 freeze to 771
[00:38:04.067] [SEVERE ] setting player 1 freeze to 761
[00:38:04.077] [SEVERE ] setting player 1 freeze to 751
[00:38:04.087] [SEVERE ] setting player 1 freeze to 741
[00:38:04.097] [SEVERE ] setting player 1 freeze to 731
[00:38:04.107] [SEVERE ] setting player 1 freeze to 721
[00:38:04.117] [SEVERE ] setting player 1 freeze to 711
[00:38:04.127] [SEVERE ] setting player 1 freeze to 701
[00:38:04.138] [SEVERE ] setting player 1 freeze to 690
[00:38:04.148] [SEVERE ] setting player 1 freeze to 680
[00:38:04.158] [SEVERE ] setting player 1 freeze to 670
[00:38:04.168] [SEVERE ] setting player 1 freeze to 660
[00:38:04.178] [SEVERE ] setting player 1 freeze to 650
[00:38:04.188] [SEVERE ] setting player 1 freeze to 640
[00:38:04.198] [SEVERE ] setting player 1 freeze to 630
[00:38:04.208] [SEVERE ] setting player 1 freeze to 620
[00:38:04.218] [SEVERE ] setting player 1 freeze to 610
[00:38:04.229] [SEVERE ] setting player 1 freeze to 599
[00:38:04.239] [SEVERE ] setting player 1 freeze to 589
[00:38:04.249] [SEVERE ] setting player 1 freeze to 579
[00:38:04.259] [SEVERE ] setting player 1 freeze to 569
[00:38:04.269] [SEVERE ] setting player 1 freeze to 559
[00:38:04.279] [SEVERE ] setting player 1 freeze to 549
[00:38:04.290] [SEVERE ] setting player 1 freeze to 538
[00:38:04.300] [SEVERE ] setting player 1 freeze to 528
[00:38:04.311] [SEVERE ] setting player 1 freeze to 517
[00:38:04.321] [SEVERE ] setting player 1 freeze to 507
[00:38:04.332] [SEVERE ] setting player 1 freeze to 496
[00:38:04.342] [SEVERE ] setting player 1 freeze to 486
[00:38:04.352] [SEVERE ] setting player 1 freeze to 476
[00:38:04.363] [SEVERE ] setting player 1 freeze to 465
[00:38:04.373] [SEVERE ] setting player 1 freeze to 455
[00:38:04.384] [SEVERE ] setting player 1 freeze to 444
[00:38:04.394] [SEVERE ] setting player 1 freeze to 434
[00:38:04.405] [SEVERE ] setting player 1 freeze to 423
[00:38:04.416] [SEVERE ] setting player 1 freeze to 412
[00:38:04.426] [SEVERE ] setting player 1 freeze to 402
[00:38:04.436] [SEVERE ] setting player 1 freeze to 392
[00:38:04.447] [SEVERE ] setting player 1 freeze to 381
[00:38:04.457] [SEVERE ] setting player 1 freeze to 371
[00:38:04.467] [SEVERE ] setting player 1 freeze to 361
[00:38:04.478] [SEVERE ] setting player 1 freeze to 350
[00:38:04.488] [SEVERE ] setting player 1 freeze to 340
[00:38:04.498] [SEVERE ] setting player 1 freeze to 330
[00:38:04.502] [SEVERE ] updating countdown to 59998
[00:38:04.508] [SEVERE ] setting player 1 freeze to 320
[00:38:04.530] [SEVERE ] setting player 1 freeze to 298
[00:38:04.541] [SEVERE ] setting player 1 freeze to 287
[00:38:04.551] [SEVERE ] setting player 1 freeze to 277
[00:38:04.561] [SEVERE ] setting player 1 freeze to 267
[00:38:04.571] [SEVERE ] setting player 1 freeze to 257
[00:38:04.581] [SEVERE ] setting player 1 freeze to 247
[00:38:04.591] [SEVERE ] setting player 1 freeze to 237
[00:38:04.601] [SEVERE ] setting player 1 freeze to 227
[00:38:04.611] [SEVERE ] setting player 1 freeze to 217
[00:38:04.621] [SEVERE ] setting player 1 freeze to 207
[00:38:04.631] [SEVERE ] setting player 1 freeze to 197
[00:38:04.641] [SEVERE ] setting player 1 freeze to 187
[00:38:04.651] [SEVERE ] setting player 1 freeze to 177
[00:38:04.661] [SEVERE ] setting player 1 freeze to 167
[00:38:04.671] [SEVERE ] setting player 1 freeze to 157
[00:38:04.682] [SEVERE ] setting player 1 freeze to 146
[00:38:04.692] [SEVERE ] setting player 1 freeze to 136
[00:38:04.702] [SEVERE ] setting player 1 freeze to 126
[00:38:04.713] [SEVERE ] setting player 1 freeze to 115
[00:38:04.723] [SEVERE ] setting player 1 freeze to 105
[00:38:04.733] [SEVERE ] setting player 1 freeze to 95
[00:38:04.743] [SEVERE ] setting player 1 freeze to 85
[00:38:04.753] [SEVERE ] setting player 1 freeze to 75
[00:38:04.764] [SEVERE ] setting player 1 freeze to 64
[00:38:04.774] [SEVERE ] setting player 1 freeze to 54
[00:38:04.784] [SEVERE ] setting player 1 freeze to 44
[00:38:04.795] [SEVERE ] setting player 1 freeze to 33
[00:38:04.805] [SEVERE ] setting player 1 freeze to 23
[00:38:04.815] [SEVERE ] setting player 1 freeze to 13
[00:38:04.826] [SEVERE ] setting player 1 freeze to 2
[00:38:04.836] [SEVERE ] setting player 1 freeze to -8
[00:38:05.503] [SEVERE ] updating countdown to 58997
[00:38:06.503] [SEVERE ] updating countdown to 57997
[00:38:07.205] [SEVERE ] key 81 was pressed by player 1
[00:38:07.205] [SEVERE ] player 1 placing token on slot 0
[00:38:07.504] [SEVERE ] updating countdown to 56996
[00:38:08.364] [SEVERE ] key 68 was pressed by player 1
[00:38:08.365] [SEVERE ] player 1 placing token on slot 6
[00:38:08.504] [SEVERE ] updating countdown to 55996
[00:38:09.505] [SEVERE ] updating countdown to 54995
[00:38:10.244] [SEVERE ] key 86 was pressed by player 1
[00:38:10.245] [SEVERE ] player 1 placing token on slot 11
[00:38:10.245] [SEVERE ] setting player 1 score to 3
[00:38:10.245] [SEVERE ] removing player 1 token from slot 0
[00:38:10.245] [SEVERE ] removing player 1 token from slot 6
[00:38:10.245] [SEVERE ] removing player 1 token from slot 11
[00:38:10.245] [SEVERE ] removing player 2 token from slot 0
[00:38:10.245] [SEVERE ] setting player 1 freeze to 1999
[00:38:10.246] [SEVERE ] removing player 2 token from slot 6
[00:38:10.246] [SEVERE ] removing player 2 token from slot 11
[00:38:10.263] [SEVERE ] setting player 1 freeze to 1981
[00:38:10.278] [SEVERE ] setting player 1 freeze to 1966
[00:38:10.293] [SEVERE ] setting player 1 freeze to 1951
[00:38:10.309] [SEVERE ] setting player 1 freeze to 1935
[00:38:10.325] [SEVERE ] setting player 1 freeze to 1919
[00:38:10.341] [SEVERE ] setting player 1 freeze to 1903
[00:38:10.357] [SEVERE ] setting player 1 freeze to 1887
[00:38:10.357] [SEVERE ] removing card from slot 0
[00:38:10.373] [SEVERE ] setting player 1 freeze to 1871
[00:38:10.388] [SEVERE ] setting player 1 freeze to 1856
[00:38:10.404] [SEVERE ] setting player 1 freeze to 1840
[00:38:10.419] [SEVERE ] setting player 1 freeze to 1825
[00:38:10.435] [SEVERE ] setting player 1 freeze to 1809
[00:38:10.450] [SEVERE ] setting player 1 freeze to 1794
[00:38:10.466] [SEVERE ] setting player 1 freeze to 1778
[00:38:10.466] [SEVERE ] removing card from slot 6
[00:38:10.482] [SEVERE ] setting player 1 freeze to 1762
[00:38:10.498] [SEVERE ] setting player 1 freeze to 1746
[00:38:10.514] [SEVERE ] setting player 1 freeze to 1730
[00:38:10.530] [SEVERE ] setting player 1 freeze to 1714
[00:38:10.545] [SEVERE ] setting player 1 freeze to 1699
[00:38:10.560] [SEVERE ] setting player 1 freeze to 1684
[00:38:10.576] [SEVERE ] removing card from slot 11
[00:38:10.576] [SEVERE ] setting player 1 freeze to 1668
[00:38:10.592] [SEVERE ] setting player 1 freeze to 1652
[00:38:10.608] [SEVERE ] setting player 1 freeze to 1636
[00:38:10.624] [SEVERE ] setting player 1 freeze to 1620
[00:38:10.640] [SEVERE ] setting player 1 freeze to 1604
[00:38:10.656] [SEVERE ] setting player 1 freeze to 1588
[00:38:10.672] [SEVERE ] setting player 1 freeze to 1572
[00:38:10.688] [SEVERE ] setting player 1 freeze to 1556
[00:38:10.688] [SEVERE ] placing card 39 in slot 0
[00:38:10.698] [SEVERE ] setting player 1 freeze to 1546
[00:38:10.719] [SEVERE ] setting player 1 freeze to 1525
[00:38:10.735] [SEVERE ] setting player 1 freeze to 1509
[00:38:10.751] [SEVERE ] setting player 1 freeze to 1493
[00:38:10.767] [SEVERE ] setting player 1 freeze to 1477
[00:38:10.783] [SEVERE ] setting player 1 freeze to 1461
[00:38:10.799] [SEVERE ] placing card 13 in slot 6
[00:38:10.799] [SEVERE ] setting player 1 freeze to 1445
[00:38:10.814] [SEVERE ] setting player 1 freeze to 1430
[00:38:10.829] [SEVERE ] setting player 1 freeze to 1415
[00:38:10.845] [SEVERE ] setting player 1 freeze to 1399
[00:38:10.860] [SEVERE ] setting player 1 freeze to 1384
[00:38:10.876] [SEVERE ] setting player 1 freeze to 1368
[00:38:10.892] [SEVERE ] setting player 1 freeze to 1352
[00:38:10.908] [SEVERE ] setting player 1 freeze to 1336
[00:38:10.908] [SEVERE ] placing card 27 in slot 11
[00:38:10.919] [SEVERE ] setting player 1 freeze to 1325
[00:38:10.940] [SEVERE ] setting player 1 freeze to 1304
[00:38:10.956] [SEVERE ] setting player 1 freeze to 1288
[00:38:10.972] [SEVERE ] setting player 1 freeze to 1272
[00:38:10.988] [SEVERE ] setting player 1 freeze to 1256
[00:38:11.004] [SEVERE ] setting player 1 freeze to 1240
[00:38:11.020] [SEVERE ] setting player 1 freeze to 1224
[00:38:11.020] [SEVERE ] removing card from slot 0
[00:38:11.020] [SEVERE ] removing player 1 token from slot 0
[00:38:11.020] [SEVERE ] removing player 2 token from slot 0
[00:38:11.031] [SEVERE ] setting player 1 freeze to 1213
[00:38:11.051] [SEVERE ] setting player 1 freeze to 1193
[00:38:11.066] [SEVERE ] setting player 1 freeze to 1178
[00:38:11.081] [SEVERE ] setting player 1 freeze to 1163
[00:38:11.097] [SEVERE ] setting player 1 freeze to 1147
[00:38:11.113] [SEVERE ] setting player 1 freeze to 1131
[00:38:11.129] [SEVERE ] setting player 1 freeze to 1115
[00:38:11.129] [SEVERE ] removing card from slot 1
[00:38:11.129] [SEVERE ] removing player 1 token from slot 1
[00:38:11.129] [SEVERE ] removing player 2 token from slot 1
[00:38:11.140] [SEVERE ] setting player 1 freeze to 1104
[00:38:11.161] [SEVERE ] setting player 1 freeze to 1083
[00:38:11.177] [SEVERE ] setting player 1 freeze to 1067
[00:38:11.193] [SEVERE ] setting player 1 freeze to 1051
[00:38:11.209] [SEVERE ] setting player 1 freeze to 1035
[00:38:11.225] [SEVERE ] setting player 1 freeze to 1019
[00:38:11.240] [SEVERE ] setting player 1 freeze to 1004
[00:38:11.240] [SEVERE ] removing card from slot 2
[00:38:11.240] [SEVERE ] removing player 1 token from slot 2
[00:38:11.240] [SEVERE ] removing player 2 token from slot 2
[00:38:11.250] [SEVERE ] setting player 1 freeze to 994
[00:38:11.272] [SEVERE ] setting player 1 freeze to 972
[00:38:11.288] [SEVERE ] setting player 1 freeze to 956
[00:38:11.304] [SEVERE ] setting player 1 freeze to 940
[00:38:11.320] [SEVERE ] setting player 1 freeze to 924
[00:38:11.336] [SEVERE ] setting player 1 freeze to 908
[00:38:11.352] [SEVERE ] setting player 1 freeze to 892
[00:38:11.352] [SEVERE ] removing card from slot 3
[00:38:11.352] [SEVERE ] removing player 1 token from slot 3
[00:38:11.352] [SEVERE ] removing player 2 token from slot 3
[00:38:11.363] [SEVERE ] setting player 1 freeze to 881
[00:38:11.383] [SEVERE ] setting player 1 freeze to 861
[00:38:11.399] [SEVERE ] setting player 1 freeze to 845
[00:38:11.415] [SEVERE ] setting player 1 freeze to 829
[00:38:11.430] [SEVERE ] setting player 1 freeze to 814
[00:38:11.446] [SEVERE ] setting player 1 freeze to 798
[00:38:11.462] [SEVERE ] setting player 1 freeze to 782
[00:38:11.462] [SEVERE ] removing card from slot 4
[00:38:11.463] [SEVERE ] removing player 1 token from slot 4
[00:38:11.463] [SEVERE ] removing player 2 token from slot 4
[00:38:11.473] [SEVERE ] setting player 1 freeze to 771
[00:38:11.494] [SEVERE ] setting player 1 freeze to 750
[00:38:11.510] [SEVERE ] setting player 1 freeze to 734
[00:38:11.526] [SEVERE ] setting player 1 freeze to 718
[00:38:11.542] [SEVERE ] setting player 1 freeze to 702
[00:38:11.558] [SEVERE ] setting player 1 freeze to 686
[00:38:11.574] [SEVERE ] setting player 1 freeze to 670
[00:38:11.574] [SEVERE ] removing card from slot 5
[00:38:11.574] [SEVERE ] removing player 1 token from slot 5
[00:38:11.574] [SEVERE ] removing player 2 token from slot 5
[00:38:11.584] [SEVERE ] setting player 1 freeze to 660
[00:38:11.605] [SEVERE ] setting player 1 freeze to 639
[00:38:11.620] [SEVERE ] setting player 1 freeze to 624
[00:38:11.636] [SEVERE ] setting player 1 freeze to 608
[00:38:11.652] [SEVERE ] setting player 1 freeze to 592
[00:38:11.668] [SEVERE ] setting player 1 freeze to 576
[00:38:11.684] [SEVERE ] setting player 1 freeze to 560
[00:38:11.684] [SEVERE ] removing card from slot 6
[00:38:11.684] [SEVERE ] removing player 1 token from slot 6
[00:38:11.684] [SEVERE ] removing player 2 token from slot 6
[00:38:11.701] [SEVERE ] setting player 1 freeze to 543
[00:38:11.716] [SEVERE ] setting player 1 freeze to 528
[00:38:11.732] [SEVERE ] setting player 1 freeze to 512
[00:38:11.748] [SEVERE ] setting player 1 freeze to 496
[00:38:11.764] [SEVERE ] setting player 1 freeze to 480
[00:38:11.779] [SEVERE ] setting player 1 freeze to 465
[00:38:11.794] [SEVERE ] removing card from slot 7
[00:38:11.794] [SEVERE ] setting player 1 freeze to 450
[00:38:11.794] [SEVERE ] removing player 1 token from slot 7
[00:38:11.794] [SEVERE ] removing player 2 token from slot 7
[00:38:11.804] [SEVERE ] setting player 1 freeze to 440
[00:38:11.826] [SEVERE ] setting player 1 freeze to 418
[00:38:11.841] [SEVERE ] setting player 1 freeze to 403
[00:38:11.856] [SEVERE ] setting player 1 freeze to 388
[00:38:11.872] [SEVERE ] setting player 1 freeze to 372
[00:38:11.888] [SEVERE ] setting player 1 freeze to 356
[00:38:11.903] [SEVERE ] removing card from slot 8
[00:38:11.903] [SEVERE ] setting player 1 freeze to 341
[00:38:11.903] [SEVERE ] removing player 1 token from slot 8
[00:38:11.903] [SEVERE ] removing player 2 token from slot 8
[00:38:11.919] [SEVERE ] setting player 1 freeze to 325
[00:38:11.935] [SEVERE ] setting player 1 freeze to 309
[00:38:11.951] [SEVERE ] setting player 1 freeze to 293
[00:38:11.967] [SEVERE ] setting player 1 freeze to 277
[00:38:11.983] [SEVERE ] setting player 1 freeze to 261
[00:38:11.999] [SEVERE ] setting player 1 freeze to 245
[00:38:12.015] [SEVERE ] setting player 1 freeze to 229
[00:38:12.015] [SEVERE ] removing card from slot 9
[00:38:12.015] [SEVERE ] removing player 1 token from slot 9
[00:38:12.015] [SEVERE ] removing player 2 token from slot 9
[00:38:12.031] [SEVERE ] setting player 1 freeze to 213
[00:38:12.047] [SEVERE ] setting player 1 freeze to 197
[00:38:12.063] [SEVERE ] setting player 1 freeze to 181
[00:38:12.079] [SEVERE ] setting player 1 freeze to 165
[00:38:12.095] [SEVERE ] setting player 1 freeze to 149
[00:38:12.110] [SEVERE ] setting player 1 freeze to 134
[00:38:12.126] [SEVERE ] removing card from slot 10
[00:38:12.126] [SEVERE ] setting player 1 freeze to 118
[00:38:12.126] [SEVERE ] removing player 1 token from slot 10
[00:38:12.126] [SEVERE ] removing player 2 token from slot 10
[00:38:12.142] [SEVERE ] setting player 1 freeze to 102
[00:38:12.157] [SEVERE ] setting player 1 freeze to 87
[00:38:12.173] [SEVERE ] setting player 1 freeze to 71
[00:38:12.189] [SEVERE ] setting player 1 freeze to 55
[00:38:12.205] [SEVERE ] setting player 1 freeze to 39
[00:38:12.221] [SEVERE ] setting player 1 freeze to 23
[00:38:12.237] [SEVERE ] setting player 1 freeze to 7
[00:38:12.237] [SEVERE ] removing card from slot 11
[00:38:12.237] [SEVERE ] removing player 1 token from slot 11
[00:38:12.237] [SEVERE ] removing player 2 token from slot 11
[00:38:12.238] [SEVERE ] announcing winner(s): player 1
[00:38:12.239] [INFO   ] Thread player1 terminated.
[00:38:12.239] [INFO   ] Thread player0 terminated.
[00:38:12.239] [INFO   ] Thread dealer terminated.
[00:38:12.240] [INFO   ] thread dealer terminated.
[00:38:12.247] [SEVERE ] setting player 1 freeze to -3
[00:38:17.248] [SEVERE ] disposing of user interface elements
[00:38:17.286] [SEVERE ] thanks for playing... it was fun!
[00:38:17.286] [INFO   ] thread main terminated.
