[16:33:42.238] [INFO   ] thread main starting.
[16:33:42.257] [SEVERE ] cannot read configuration file config.properties trying from resources.
[16:33:42.259] [SEVERE ] configuration file was loaded from resources directory.
[16:33:42.715] [INFO   ] thread dealer starting.
[16:33:42.716] [INFO   ] Thread dealer starting.
[16:33:42.718] [INFO   ] Thread player0 starting.
[16:33:42.718] [INFO   ] Thread player1 starting.
[16:33:42.822] [SEVERE ] placing card 1 in slot 0
[16:33:42.923] [SEVERE ] placing card 22 in slot 1
[16:33:43.024] [SEVERE ] placing card 44 in slot 2
[16:33:43.124] [SEVERE ] placing card 46 in slot 3
[16:33:43.224] [SEVERE ] placing card 25 in slot 4
[16:33:43.325] [SEVERE ] placing card 18 in slot 5
[16:33:43.425] [SEVERE ] placing card 6 in slot 6
[16:33:43.526] [SEVERE ] placing card 13 in slot 7
[16:33:43.626] [SEVERE ] placing card 35 in slot 8
[16:33:43.727] [SEVERE ] placing card 60 in slot 9
[16:33:43.828] [SEVERE ] placing card 64 in slot 10
[16:33:43.928] [SEVERE ] placing card 24 in slot 11
[16:33:43.937] [SEVERE ] updating countdown to 60000
[16:33:44.940] [SEVERE ] updating countdown to 59999
[16:33:45.843] [SEVERE ] key 81 was pressed by player 1
[16:33:45.844] [SEVERE ] player 1 placing token on slot 0
[16:33:45.940] [SEVERE ] updating countdown to 58999
[16:33:46.940] [SEVERE ] updating countdown to 57999
[16:33:47.941] [SEVERE ] updating countdown to 56998
[16:33:48.941] [SEVERE ] updating countdown to 55998
[16:33:49.942] [SEVERE ] updating countdown to 54997
[16:33:50.942] [SEVERE ] updating countdown to 53997
[16:33:51.049] [SEVERE ] key 69 was pressed by player 1
[16:33:51.050] [SEVERE ] player 1 placing token on slot 2
[16:33:51.857] [SEVERE ] key 69 was pressed by player 1
[16:33:51.857] [SEVERE ] removing player 1 token from slot 2
[16:33:51.943] [SEVERE ] updating countdown to 52996
[16:33:52.225] [SEVERE ] key 82 was pressed by player 1
[16:33:52.226] [SEVERE ] player 1 placing token on slot 3
[16:33:52.944] [SEVERE ] updating countdown to 51995
[16:33:53.944] [SEVERE ] updating countdown to 50995
[16:33:54.945] [SEVERE ] updating countdown to 49994
[16:33:55.945] [SEVERE ] updating countdown to 48994
[16:33:56.946] [SEVERE ] updating countdown to 47993
[16:33:57.946] [SEVERE ] updating countdown to 46993
[16:33:58.947] [SEVERE ] updating countdown to 45992
[16:33:59.947] [SEVERE ] updating countdown to 44992
[16:34:00.948] [SEVERE ] updating countdown to 43991
[16:34:01.554] [SEVERE ] key 80 was pressed by player 2
[16:34:01.554] [SEVERE ] player 2 placing token on slot 3
[16:34:01.627] [SEVERE ] key 79 was pressed by player 2
[16:34:01.628] [SEVERE ] player 2 placing token on slot 2
[16:34:01.948] [SEVERE ] updating countdown to 42991
[16:34:02.948] [SEVERE ] updating countdown to 41991
[16:34:03.290] [SEVERE ] key 73 was pressed by player 2
[16:34:03.290] [SEVERE ] player 2 placing token on slot 1
[16:34:03.292] [SEVERE ] setting player 2 freeze to 3999
[16:34:03.299] [SEVERE ] key 67 was pressed by player 1
[16:34:03.299] [SEVERE ] player 1 placing token on slot 10
[16:34:03.300] [SEVERE ] setting player 1 score to 1
[16:34:03.302] [SEVERE ] setting player 2 freeze to 3989
[16:34:03.304] [SEVERE ] setting player 1 freeze to 1999
[16:34:03.304] [SEVERE ] removing player 1 token from slot 0
[16:34:03.304] [SEVERE ] removing player 1 token from slot 3
[16:34:03.304] [SEVERE ] removing player 1 token from slot 10
[16:34:03.305] [SEVERE ] removing player 2 token from slot 0
[16:34:03.305] [SEVERE ] removing player 2 token from slot 3
[16:34:03.305] [SEVERE ] removing player 2 token from slot 10
[16:34:03.313] [SEVERE ] setting player 2 freeze to 3978
[16:34:03.314] [SEVERE ] setting player 1 freeze to 1989
[16:34:03.324] [SEVERE ] setting player 2 freeze to 3967
[16:34:03.325] [SEVERE ] setting player 1 freeze to 1978
[16:34:03.334] [SEVERE ] setting player 2 freeze to 3957
[16:34:03.335] [SEVERE ] setting player 1 freeze to 1968
[16:34:03.345] [SEVERE ] setting player 2 freeze to 3946
[16:34:03.346] [SEVERE ] setting player 1 freeze to 1957
[16:34:03.355] [SEVERE ] setting player 2 freeze to 3936
[16:34:03.356] [SEVERE ] setting player 1 freeze to 1947
[16:34:03.365] [SEVERE ] setting player 2 freeze to 3926
[16:34:03.366] [SEVERE ] setting player 1 freeze to 1937
[16:34:03.376] [SEVERE ] setting player 2 freeze to 3915
[16:34:03.376] [SEVERE ] setting player 1 freeze to 1927
[16:34:03.386] [SEVERE ] setting player 2 freeze to 3905
[16:34:03.386] [SEVERE ] setting player 1 freeze to 1917
[16:34:03.396] [SEVERE ] setting player 2 freeze to 3895
[16:34:03.397] [SEVERE ] setting player 1 freeze to 1906
[16:34:03.405] [SEVERE ] removing card from slot 0
[16:34:03.407] [SEVERE ] setting player 2 freeze to 3884
[16:34:03.407] [SEVERE ] setting player 1 freeze to 1896
[16:34:03.417] [SEVERE ] setting player 2 freeze to 3874
[16:34:03.417] [SEVERE ] setting player 1 freeze to 1886
[16:34:03.427] [SEVERE ] setting player 2 freeze to 3864
[16:34:03.428] [SEVERE ] setting player 1 freeze to 1875
[16:34:03.438] [SEVERE ] setting player 2 freeze to 3853
[16:34:03.439] [SEVERE ] setting player 1 freeze to 1864
[16:34:03.449] [SEVERE ] setting player 2 freeze to 3842
[16:34:03.449] [SEVERE ] setting player 1 freeze to 1854
[16:34:03.459] [SEVERE ] setting player 2 freeze to 3832
[16:34:03.460] [SEVERE ] setting player 1 freeze to 1843
[16:34:03.469] [SEVERE ] setting player 2 freeze to 3822
[16:34:03.470] [SEVERE ] setting player 1 freeze to 1833
[16:34:03.479] [SEVERE ] setting player 2 freeze to 3812
[16:34:03.480] [SEVERE ] setting player 1 freeze to 1823
[16:34:03.489] [SEVERE ] setting player 2 freeze to 3802
[16:34:03.490] [SEVERE ] setting player 1 freeze to 1813
[16:34:03.500] [SEVERE ] setting player 2 freeze to 3791
[16:34:03.500] [SEVERE ] setting player 1 freeze to 1803
[16:34:03.505] [SEVERE ] removing card from slot 3
[16:34:03.510] [SEVERE ] setting player 2 freeze to 3781
[16:34:03.510] [SEVERE ] setting player 1 freeze to 1793
[16:34:03.520] [SEVERE ] setting player 2 freeze to 3771
[16:34:03.521] [SEVERE ] setting player 1 freeze to 1782
[16:34:03.530] [SEVERE ] setting player 2 freeze to 3761
[16:34:03.531] [SEVERE ] setting player 1 freeze to 1772
[16:34:03.541] [SEVERE ] setting player 2 freeze to 3750
[16:34:03.541] [SEVERE ] setting player 1 freeze to 1762
[16:34:03.551] [SEVERE ] setting player 2 freeze to 3740
[16:34:03.551] [SEVERE ] setting player 1 freeze to 1752
[16:34:03.561] [SEVERE ] setting player 2 freeze to 3730
[16:34:03.561] [SEVERE ] setting player 1 freeze to 1742
[16:34:03.572] [SEVERE ] setting player 2 freeze to 3719
[16:34:03.572] [SEVERE ] setting player 1 freeze to 1731
[16:34:03.582] [SEVERE ] setting player 2 freeze to 3709
[16:34:03.583] [SEVERE ] setting player 1 freeze to 1720
[16:34:03.592] [SEVERE ] setting player 2 freeze to 3699
[16:34:03.593] [SEVERE ] setting player 1 freeze to 1710
[16:34:03.602] [SEVERE ] setting player 2 freeze to 3689
[16:34:03.603] [SEVERE ] setting player 1 freeze to 1700
[16:34:03.605] [SEVERE ] removing card from slot 10
[16:34:03.612] [SEVERE ] setting player 2 freeze to 3679
[16:34:03.613] [SEVERE ] setting player 1 freeze to 1690
[16:34:03.623] [SEVERE ] setting player 2 freeze to 3668
[16:34:03.623] [SEVERE ] setting player 1 freeze to 1680
[16:34:03.633] [SEVERE ] setting player 2 freeze to 3658
[16:34:03.633] [SEVERE ] setting player 1 freeze to 1670
[16:34:03.643] [SEVERE ] setting player 2 freeze to 3648
[16:34:03.644] [SEVERE ] setting player 1 freeze to 1659
[16:34:03.653] [SEVERE ] setting player 2 freeze to 3638
[16:34:03.654] [SEVERE ] setting player 1 freeze to 1649
[16:34:03.664] [SEVERE ] setting player 2 freeze to 3627
[16:34:03.664] [SEVERE ] setting player 1 freeze to 1639
[16:34:03.674] [SEVERE ] setting player 2 freeze to 3617
[16:34:03.674] [SEVERE ] setting player 1 freeze to 1629
[16:34:03.684] [SEVERE ] setting player 2 freeze to 3607
[16:34:03.685] [SEVERE ] setting player 1 freeze to 1618
[16:34:03.694] [SEVERE ] setting player 2 freeze to 3597
[16:34:03.695] [SEVERE ] setting player 1 freeze to 1608
[16:34:03.704] [SEVERE ] setting player 2 freeze to 3587
[16:34:03.705] [SEVERE ] setting player 1 freeze to 1598
[16:34:03.706] [SEVERE ] placing card 9 in slot 0
[16:34:03.715] [SEVERE ] setting player 2 freeze to 3577
[16:34:03.715] [SEVERE ] setting player 1 freeze to 1588
[16:34:03.725] [SEVERE ] setting player 2 freeze to 3566
[16:34:03.725] [SEVERE ] setting player 1 freeze to 1578
[16:34:03.735] [SEVERE ] setting player 2 freeze to 3556
[16:34:03.735] [SEVERE ] setting player 1 freeze to 1568
[16:34:03.745] [SEVERE ] setting player 2 freeze to 3546
[16:34:03.746] [SEVERE ] setting player 1 freeze to 1557
[16:34:03.755] [SEVERE ] setting player 2 freeze to 3536
[16:34:03.756] [SEVERE ] setting player 1 freeze to 1547
[16:34:03.766] [SEVERE ] setting player 2 freeze to 3525
[16:34:03.766] [SEVERE ] setting player 1 freeze to 1537
[16:34:03.776] [SEVERE ] setting player 2 freeze to 3515
[16:34:03.776] [SEVERE ] setting player 1 freeze to 1527
[16:34:03.786] [SEVERE ] setting player 2 freeze to 3505
[16:34:03.786] [SEVERE ] setting player 1 freeze to 1517
[16:34:03.796] [SEVERE ] setting player 2 freeze to 3495
[16:34:03.797] [SEVERE ] setting player 1 freeze to 1507
[16:34:03.806] [SEVERE ] setting player 2 freeze to 3485
[16:34:03.806] [SEVERE ] placing card 52 in slot 3
[16:34:03.807] [SEVERE ] setting player 1 freeze to 1496
[16:34:03.816] [SEVERE ] setting player 2 freeze to 3475
[16:34:03.817] [SEVERE ] setting player 1 freeze to 1486
[16:34:03.827] [SEVERE ] setting player 2 freeze to 3464
[16:34:03.828] [SEVERE ] setting player 1 freeze to 1475
[16:34:03.837] [SEVERE ] setting player 2 freeze to 3454
[16:34:03.838] [SEVERE ] setting player 1 freeze to 1465
[16:34:03.847] [SEVERE ] setting player 2 freeze to 3444
[16:34:03.848] [SEVERE ] setting player 1 freeze to 1455
[16:34:03.857] [SEVERE ] setting player 2 freeze to 3434
[16:34:03.858] [SEVERE ] setting player 1 freeze to 1445
[16:34:03.867] [SEVERE ] setting player 2 freeze to 3424
[16:34:03.868] [SEVERE ] setting player 1 freeze to 1435
[16:34:03.878] [SEVERE ] setting player 2 freeze to 3413
[16:34:03.878] [SEVERE ] setting player 1 freeze to 1425
[16:34:03.888] [SEVERE ] setting player 2 freeze to 3403
[16:34:03.889] [SEVERE ] setting player 1 freeze to 1414
[16:34:03.898] [SEVERE ] setting player 2 freeze to 3393
[16:34:03.899] [SEVERE ] setting player 1 freeze to 1404
[16:34:03.907] [SEVERE ] placing card 80 in slot 10
[16:34:03.909] [SEVERE ] setting player 1 freeze to 1394
[16:34:03.909] [SEVERE ] updating countdown to 60000
[16:34:03.909] [SEVERE ] setting player 2 freeze to 3382
[16:34:03.919] [SEVERE ] setting player 1 freeze to 1384
[16:34:03.920] [SEVERE ] setting player 2 freeze to 3371
[16:34:03.929] [SEVERE ] setting player 1 freeze to 1374
[16:34:03.930] [SEVERE ] setting player 2 freeze to 3361
[16:34:03.940] [SEVERE ] setting player 1 freeze to 1363
[16:34:03.940] [SEVERE ] setting player 2 freeze to 3351
[16:34:03.950] [SEVERE ] setting player 1 freeze to 1353
[16:34:03.951] [SEVERE ] setting player 2 freeze to 3340
[16:34:03.961] [SEVERE ] setting player 1 freeze to 1342
[16:34:03.961] [SEVERE ] setting player 2 freeze to 3330
[16:34:03.971] [SEVERE ] setting player 1 freeze to 1332
[16:34:03.971] [SEVERE ] setting player 2 freeze to 3320
[16:34:03.981] [SEVERE ] setting player 1 freeze to 1322
[16:34:03.982] [SEVERE ] setting player 2 freeze to 3309
[16:34:03.991] [SEVERE ] setting player 1 freeze to 1312
[16:34:03.992] [SEVERE ] setting player 2 freeze to 3299
[16:34:04.001] [SEVERE ] setting player 1 freeze to 1302
[16:34:04.002] [SEVERE ] setting player 2 freeze to 3289
[16:34:04.011] [SEVERE ] setting player 1 freeze to 1292
[16:34:04.012] [SEVERE ] setting player 2 freeze to 3279
[16:34:04.022] [SEVERE ] setting player 1 freeze to 1281
[16:34:04.022] [SEVERE ] setting player 2 freeze to 3269
[16:34:04.032] [SEVERE ] setting player 1 freeze to 1271
[16:34:04.032] [SEVERE ] setting player 2 freeze to 3259
[16:34:04.042] [SEVERE ] setting player 1 freeze to 1261
[16:34:04.042] [SEVERE ] setting player 2 freeze to 3249
[16:34:04.052] [SEVERE ] setting player 1 freeze to 1251
[16:34:04.053] [SEVERE ] setting player 2 freeze to 3238
[16:34:04.062] [SEVERE ] setting player 1 freeze to 1241
[16:34:04.063] [SEVERE ] setting player 2 freeze to 3228
[16:34:04.073] [SEVERE ] setting player 1 freeze to 1230
[16:34:04.073] [SEVERE ] setting player 2 freeze to 3218
[16:34:04.083] [SEVERE ] setting player 1 freeze to 1220
[16:34:04.083] [SEVERE ] setting player 2 freeze to 3208
[16:34:04.093] [SEVERE ] setting player 1 freeze to 1210
[16:34:04.093] [SEVERE ] setting player 2 freeze to 3198
[16:34:04.103] [SEVERE ] setting player 1 freeze to 1200
[16:34:04.104] [SEVERE ] setting player 2 freeze to 3187
[16:34:04.113] [SEVERE ] setting player 1 freeze to 1190
[16:34:04.114] [SEVERE ] setting player 2 freeze to 3177
[16:34:04.123] [SEVERE ] setting player 1 freeze to 1180
[16:34:04.124] [SEVERE ] setting player 2 freeze to 3167
[16:34:04.134] [SEVERE ] setting player 1 freeze to 1169
[16:34:04.134] [SEVERE ] setting player 2 freeze to 3157
[16:34:04.144] [SEVERE ] setting player 1 freeze to 1159
[16:34:04.144] [SEVERE ] setting player 2 freeze to 3147
[16:34:04.154] [SEVERE ] setting player 1 freeze to 1149
[16:34:04.154] [SEVERE ] setting player 2 freeze to 3137
[16:34:04.164] [SEVERE ] setting player 1 freeze to 1139
[16:34:04.165] [SEVERE ] setting player 2 freeze to 3126
[16:34:04.174] [SEVERE ] setting player 1 freeze to 1129
[16:34:04.175] [SEVERE ] setting player 2 freeze to 3116
[16:34:04.184] [SEVERE ] setting player 1 freeze to 1119
[16:34:04.185] [SEVERE ] setting player 2 freeze to 3106
[16:34:04.195] [SEVERE ] setting player 1 freeze to 1109
[16:34:04.195] [SEVERE ] setting player 2 freeze to 3096
[16:34:04.205] [SEVERE ] setting player 1 freeze to 1098
[16:34:04.205] [SEVERE ] setting player 2 freeze to 3086
[16:34:04.215] [SEVERE ] setting player 1 freeze to 1088
[16:34:04.215] [SEVERE ] setting player 2 freeze to 3076
[16:34:04.225] [SEVERE ] setting player 1 freeze to 1078
[16:34:04.225] [SEVERE ] setting player 2 freeze to 3066
[16:34:04.235] [SEVERE ] setting player 1 freeze to 1068
[16:34:04.236] [SEVERE ] setting player 2 freeze to 3055
[16:34:04.245] [SEVERE ] setting player 1 freeze to 1058
[16:34:04.246] [SEVERE ] setting player 2 freeze to 3045
[16:34:04.255] [SEVERE ] setting player 1 freeze to 1048
[16:34:04.256] [SEVERE ] setting player 2 freeze to 3035
[16:34:04.266] [SEVERE ] setting player 1 freeze to 1037
[16:34:04.266] [SEVERE ] setting player 2 freeze to 3025
[16:34:04.276] [SEVERE ] setting player 1 freeze to 1027
[16:34:04.276] [SEVERE ] setting player 2 freeze to 3015
[16:34:04.286] [SEVERE ] setting player 1 freeze to 1017
[16:34:04.287] [SEVERE ] setting player 2 freeze to 3004
[16:34:04.296] [SEVERE ] setting player 1 freeze to 1007
[16:34:04.297] [SEVERE ] setting player 2 freeze to 2994
[16:34:04.306] [SEVERE ] setting player 1 freeze to 997
[16:34:04.307] [SEVERE ] setting player 2 freeze to 2984
[16:34:04.317] [SEVERE ] setting player 1 freeze to 986
[16:34:04.317] [SEVERE ] setting player 2 freeze to 2974
[16:34:04.327] [SEVERE ] setting player 1 freeze to 976
[16:34:04.327] [SEVERE ] setting player 2 freeze to 2964
[16:34:04.337] [SEVERE ] setting player 1 freeze to 966
[16:34:04.338] [SEVERE ] setting player 2 freeze to 2953
[16:34:04.347] [SEVERE ] setting player 1 freeze to 956
[16:34:04.348] [SEVERE ] setting player 2 freeze to 2943
[16:34:04.357] [SEVERE ] setting player 1 freeze to 946
[16:34:04.358] [SEVERE ] setting player 2 freeze to 2933
[16:34:04.367] [SEVERE ] setting player 1 freeze to 936
[16:34:04.368] [SEVERE ] setting player 2 freeze to 2923
[16:34:04.378] [SEVERE ] setting player 1 freeze to 925
[16:34:04.378] [SEVERE ] setting player 2 freeze to 2913
[16:34:04.388] [SEVERE ] setting player 1 freeze to 915
[16:34:04.388] [SEVERE ] setting player 2 freeze to 2903
[16:34:04.398] [SEVERE ] setting player 1 freeze to 905
[16:34:04.399] [SEVERE ] setting player 2 freeze to 2892
[16:34:04.408] [SEVERE ] setting player 1 freeze to 895
[16:34:04.409] [SEVERE ] setting player 2 freeze to 2882
[16:34:04.418] [SEVERE ] setting player 1 freeze to 885
[16:34:04.419] [SEVERE ] setting player 2 freeze to 2872
[16:34:04.428] [SEVERE ] setting player 1 freeze to 875
[16:34:04.429] [SEVERE ] setting player 2 freeze to 2862
[16:34:04.439] [SEVERE ] setting player 1 freeze to 864
[16:34:04.440] [SEVERE ] setting player 2 freeze to 2851
[16:34:04.449] [SEVERE ] setting player 1 freeze to 854
[16:34:04.450] [SEVERE ] setting player 2 freeze to 2841
[16:34:04.459] [SEVERE ] setting player 1 freeze to 844
[16:34:04.460] [SEVERE ] setting player 2 freeze to 2831
[16:34:04.469] [SEVERE ] setting player 1 freeze to 834
[16:34:04.470] [SEVERE ] setting player 2 freeze to 2821
[16:34:04.479] [SEVERE ] setting player 1 freeze to 824
[16:34:04.480] [SEVERE ] setting player 2 freeze to 2811
[16:34:04.489] [SEVERE ] setting player 1 freeze to 814
[16:34:04.490] [SEVERE ] setting player 2 freeze to 2801
[16:34:04.500] [SEVERE ] setting player 1 freeze to 803
[16:34:04.500] [SEVERE ] setting player 2 freeze to 2791
[16:34:04.510] [SEVERE ] setting player 1 freeze to 793
[16:34:04.510] [SEVERE ] setting player 2 freeze to 2781
[16:34:04.520] [SEVERE ] setting player 1 freeze to 783
[16:34:04.521] [SEVERE ] setting player 2 freeze to 2770
[16:34:04.530] [SEVERE ] setting player 1 freeze to 773
[16:34:04.531] [SEVERE ] setting player 2 freeze to 2760
[16:34:04.540] [SEVERE ] setting player 1 freeze to 763
[16:34:04.541] [SEVERE ] setting player 2 freeze to 2750
[16:34:04.550] [SEVERE ] setting player 1 freeze to 753
[16:34:04.551] [SEVERE ] setting player 2 freeze to 2740
[16:34:04.561] [SEVERE ] setting player 1 freeze to 742
[16:34:04.561] [SEVERE ] setting player 2 freeze to 2730
[16:34:04.571] [SEVERE ] setting player 1 freeze to 732
[16:34:04.571] [SEVERE ] setting player 2 freeze to 2720
[16:34:04.581] [SEVERE ] setting player 1 freeze to 722
[16:34:04.581] [SEVERE ] setting player 2 freeze to 2710
[16:34:04.591] [SEVERE ] setting player 1 freeze to 712
[16:34:04.591] [SEVERE ] setting player 2 freeze to 2700
[16:34:04.601] [SEVERE ] setting player 1 freeze to 702
[16:34:04.602] [SEVERE ] setting player 2 freeze to 2689
[16:34:04.611] [SEVERE ] setting player 1 freeze to 692
[16:34:04.612] [SEVERE ] setting player 2 freeze to 2679
[16:34:04.621] [SEVERE ] setting player 1 freeze to 682
[16:34:04.622] [SEVERE ] setting player 2 freeze to 2669
[16:34:04.632] [SEVERE ] setting player 1 freeze to 671
[16:34:04.632] [SEVERE ] setting player 2 freeze to 2659
[16:34:04.642] [SEVERE ] setting player 1 freeze to 661
[16:34:04.642] [SEVERE ] setting player 2 freeze to 2649
[16:34:04.652] [SEVERE ] setting player 1 freeze to 651
[16:34:04.653] [SEVERE ] setting player 2 freeze to 2638
[16:34:04.662] [SEVERE ] setting player 1 freeze to 641
[16:34:04.663] [SEVERE ] setting player 2 freeze to 2628
[16:34:04.672] [SEVERE ] setting player 1 freeze to 631
[16:34:04.673] [SEVERE ] setting player 2 freeze to 2618
[16:34:04.682] [SEVERE ] setting player 1 freeze to 621
[16:34:04.683] [SEVERE ] setting player 2 freeze to 2608
[16:34:04.692] [SEVERE ] setting player 1 freeze to 611
[16:34:04.693] [SEVERE ] setting player 2 freeze to 2598
[16:34:04.703] [SEVERE ] setting player 1 freeze to 600
[16:34:04.703] [SEVERE ] setting player 2 freeze to 2588
[16:34:04.713] [SEVERE ] setting player 1 freeze to 590
[16:34:04.713] [SEVERE ] setting player 2 freeze to 2578
[16:34:04.723] [SEVERE ] setting player 1 freeze to 580
[16:34:04.723] [SEVERE ] setting player 2 freeze to 2568
[16:34:04.733] [SEVERE ] setting player 1 freeze to 570
[16:34:04.734] [SEVERE ] setting player 2 freeze to 2557
[16:34:04.743] [SEVERE ] setting player 1 freeze to 560
[16:34:04.744] [SEVERE ] setting player 2 freeze to 2547
[16:34:04.753] [SEVERE ] setting player 1 freeze to 550
[16:34:04.754] [SEVERE ] setting player 2 freeze to 2537
[16:34:04.763] [SEVERE ] setting player 1 freeze to 540
[16:34:04.764] [SEVERE ] setting player 2 freeze to 2527
[16:34:04.774] [SEVERE ] setting player 1 freeze to 529
[16:34:04.774] [SEVERE ] setting player 2 freeze to 2517
[16:34:04.784] [SEVERE ] setting player 1 freeze to 519
[16:34:04.784] [SEVERE ] setting player 2 freeze to 2507
[16:34:04.794] [SEVERE ] setting player 1 freeze to 509
[16:34:04.794] [SEVERE ] setting player 2 freeze to 2497
[16:34:04.804] [SEVERE ] setting player 1 freeze to 499
[16:34:04.805] [SEVERE ] setting player 2 freeze to 2486
[16:34:04.814] [SEVERE ] setting player 1 freeze to 489
[16:34:04.815] [SEVERE ] setting player 2 freeze to 2476
[16:34:04.824] [SEVERE ] setting player 1 freeze to 479
[16:34:04.825] [SEVERE ] setting player 2 freeze to 2466
[16:34:04.834] [SEVERE ] setting player 1 freeze to 469
[16:34:04.835] [SEVERE ] setting player 2 freeze to 2456
[16:34:04.845] [SEVERE ] setting player 1 freeze to 458
[16:34:04.845] [SEVERE ] setting player 2 freeze to 2446
[16:34:04.855] [SEVERE ] setting player 1 freeze to 448
[16:34:04.855] [SEVERE ] setting player 2 freeze to 2436
[16:34:04.865] [SEVERE ] setting player 1 freeze to 438
[16:34:04.865] [SEVERE ] setting player 2 freeze to 2426
[16:34:04.875] [SEVERE ] setting player 1 freeze to 428
[16:34:04.876] [SEVERE ] setting player 2 freeze to 2415
[16:34:04.885] [SEVERE ] setting player 1 freeze to 418
[16:34:04.886] [SEVERE ] setting player 2 freeze to 2405
[16:34:04.895] [SEVERE ] setting player 1 freeze to 408
[16:34:04.896] [SEVERE ] setting player 2 freeze to 2395
[16:34:04.905] [SEVERE ] setting player 1 freeze to 398
[16:34:04.906] [SEVERE ] setting player 2 freeze to 2385
[16:34:04.910] [SEVERE ] updating countdown to 59999
[16:34:04.916] [SEVERE ] setting player 1 freeze to 387
[16:34:04.916] [SEVERE ] setting player 2 freeze to 2375
[16:34:04.926] [SEVERE ] setting player 1 freeze to 377
[16:34:04.926] [SEVERE ] setting player 2 freeze to 2365
[16:34:04.936] [SEVERE ] setting player 1 freeze to 367
[16:34:04.937] [SEVERE ] setting player 2 freeze to 2354
[16:34:04.946] [SEVERE ] setting player 1 freeze to 357
[16:34:04.947] [SEVERE ] setting player 2 freeze to 2344
[16:34:04.956] [SEVERE ] setting player 1 freeze to 347
[16:34:04.957] [SEVERE ] setting player 2 freeze to 2334
[16:34:04.966] [SEVERE ] setting player 1 freeze to 337
[16:34:04.967] [SEVERE ] setting player 2 freeze to 2324
[16:34:04.976] [SEVERE ] setting player 1 freeze to 327
[16:34:04.977] [SEVERE ] setting player 2 freeze to 2314
[16:34:04.987] [SEVERE ] setting player 1 freeze to 316
[16:34:04.987] [SEVERE ] setting player 2 freeze to 2304
[16:34:04.997] [SEVERE ] setting player 1 freeze to 306
[16:34:04.997] [SEVERE ] setting player 2 freeze to 2294
[16:34:05.007] [SEVERE ] setting player 1 freeze to 296
[16:34:05.008] [SEVERE ] setting player 2 freeze to 2283
[16:34:05.017] [SEVERE ] setting player 1 freeze to 286
[16:34:05.018] [SEVERE ] setting player 2 freeze to 2273
[16:34:05.027] [SEVERE ] setting player 1 freeze to 276
[16:34:05.028] [SEVERE ] setting player 2 freeze to 2263
[16:34:05.037] [SEVERE ] setting player 1 freeze to 266
[16:34:05.038] [SEVERE ] setting player 2 freeze to 2253
[16:34:05.047] [SEVERE ] setting player 1 freeze to 256
[16:34:05.048] [SEVERE ] setting player 2 freeze to 2243
[16:34:05.058] [SEVERE ] setting player 1 freeze to 245
[16:34:05.058] [SEVERE ] setting player 2 freeze to 2233
[16:34:05.068] [SEVERE ] setting player 1 freeze to 235
[16:34:05.068] [SEVERE ] setting player 2 freeze to 2223
[16:34:05.078] [SEVERE ] setting player 1 freeze to 225
[16:34:05.078] [SEVERE ] setting player 2 freeze to 2213
[16:34:05.088] [SEVERE ] setting player 1 freeze to 215
[16:34:05.089] [SEVERE ] setting player 2 freeze to 2202
[16:34:05.098] [SEVERE ] setting player 1 freeze to 205
[16:34:05.099] [SEVERE ] setting player 2 freeze to 2192
[16:34:05.108] [SEVERE ] setting player 1 freeze to 195
[16:34:05.109] [SEVERE ] setting player 2 freeze to 2182
[16:34:05.118] [SEVERE ] setting player 1 freeze to 185
[16:34:05.119] [SEVERE ] setting player 2 freeze to 2172
[16:34:05.128] [SEVERE ] setting player 1 freeze to 175
[16:34:05.129] [SEVERE ] setting player 2 freeze to 2162
[16:34:05.139] [SEVERE ] setting player 1 freeze to 164
[16:34:05.139] [SEVERE ] setting player 2 freeze to 2152
[16:34:05.149] [SEVERE ] setting player 1 freeze to 154
[16:34:05.149] [SEVERE ] setting player 2 freeze to 2142
[16:34:05.159] [SEVERE ] setting player 1 freeze to 144
[16:34:05.160] [SEVERE ] setting player 2 freeze to 2131
[16:34:05.169] [SEVERE ] setting player 1 freeze to 134
[16:34:05.170] [SEVERE ] setting player 2 freeze to 2121
[16:34:05.179] [SEVERE ] setting player 1 freeze to 124
[16:34:05.180] [SEVERE ] setting player 2 freeze to 2111
[16:34:05.189] [SEVERE ] setting player 1 freeze to 114
[16:34:05.190] [SEVERE ] setting player 2 freeze to 2101
[16:34:05.199] [SEVERE ] setting player 1 freeze to 104
[16:34:05.200] [SEVERE ] setting player 2 freeze to 2091
[16:34:05.209] [SEVERE ] setting player 1 freeze to 94
[16:34:05.210] [SEVERE ] setting player 2 freeze to 2081
[16:34:05.220] [SEVERE ] setting player 1 freeze to 83
[16:34:05.220] [SEVERE ] setting player 2 freeze to 2071
[16:34:05.230] [SEVERE ] setting player 1 freeze to 73
[16:34:05.230] [SEVERE ] setting player 2 freeze to 2061
[16:34:05.240] [SEVERE ] setting player 1 freeze to 63
[16:34:05.241] [SEVERE ] setting player 2 freeze to 2050
[16:34:05.250] [SEVERE ] setting player 1 freeze to 53
[16:34:05.251] [SEVERE ] setting player 2 freeze to 2040
[16:34:05.260] [SEVERE ] setting player 1 freeze to 43
[16:34:05.261] [SEVERE ] setting player 2 freeze to 2030
[16:34:05.270] [SEVERE ] setting player 1 freeze to 33
[16:34:05.271] [SEVERE ] setting player 2 freeze to 2020
[16:34:05.280] [SEVERE ] setting player 1 freeze to 23
[16:34:05.281] [SEVERE ] setting player 2 freeze to 2010
[16:34:05.291] [SEVERE ] setting player 1 freeze to 12
[16:34:05.291] [SEVERE ] setting player 2 freeze to 2000
[16:34:05.301] [SEVERE ] setting player 1 freeze to 2
[16:34:05.301] [SEVERE ] setting player 2 freeze to 1990
[16:34:05.311] [SEVERE ] setting player 1 freeze to -8
[16:34:05.312] [SEVERE ] setting player 2 freeze to 1979
[16:34:05.322] [SEVERE ] setting player 2 freeze to 1969
[16:34:05.332] [SEVERE ] setting player 2 freeze to 1959
[16:34:05.342] [SEVERE ] setting player 2 freeze to 1949
[16:34:05.352] [SEVERE ] setting player 2 freeze to 1939
[16:34:05.362] [SEVERE ] setting player 2 freeze to 1929
[16:34:05.372] [SEVERE ] setting player 2 freeze to 1919
[16:34:05.383] [SEVERE ] setting player 2 freeze to 1908
[16:34:05.393] [SEVERE ] setting player 2 freeze to 1898
[16:34:05.403] [SEVERE ] setting player 2 freeze to 1888
[16:34:05.413] [SEVERE ] setting player 2 freeze to 1878
[16:34:05.423] [SEVERE ] setting player 2 freeze to 1868
[16:34:05.433] [SEVERE ] setting player 2 freeze to 1858
[16:34:05.443] [SEVERE ] setting player 2 freeze to 1848
[16:34:05.453] [SEVERE ] setting player 2 freeze to 1838
[16:34:05.464] [SEVERE ] setting player 2 freeze to 1827
[16:34:05.474] [SEVERE ] setting player 2 freeze to 1817
[16:34:05.484] [SEVERE ] setting player 2 freeze to 1807
[16:34:05.494] [SEVERE ] setting player 2 freeze to 1797
[16:34:05.504] [SEVERE ] setting player 2 freeze to 1787
[16:34:05.514] [SEVERE ] setting player 2 freeze to 1777
[16:34:05.525] [SEVERE ] setting player 2 freeze to 1766
[16:34:05.535] [SEVERE ] setting player 2 freeze to 1756
[16:34:05.545] [SEVERE ] setting player 2 freeze to 1746
[16:34:05.555] [SEVERE ] setting player 2 freeze to 1736
[16:34:05.565] [SEVERE ] setting player 2 freeze to 1726
[16:34:05.575] [SEVERE ] setting player 2 freeze to 1716
[16:34:05.586] [SEVERE ] setting player 2 freeze to 1705
[16:34:05.596] [SEVERE ] setting player 2 freeze to 1695
[16:34:05.606] [SEVERE ] setting player 2 freeze to 1685
[16:34:05.616] [SEVERE ] setting player 2 freeze to 1675
[16:34:05.626] [SEVERE ] setting player 2 freeze to 1665
[16:34:05.636] [SEVERE ] setting player 2 freeze to 1655
[16:34:05.646] [SEVERE ] setting player 2 freeze to 1645
[16:34:05.657] [SEVERE ] setting player 2 freeze to 1634
[16:34:05.667] [SEVERE ] setting player 2 freeze to 1624
[16:34:05.677] [SEVERE ] setting player 2 freeze to 1614
[16:34:05.687] [SEVERE ] setting player 2 freeze to 1604
[16:34:05.697] [SEVERE ] setting player 2 freeze to 1594
[16:34:05.707] [SEVERE ] setting player 2 freeze to 1584
[16:34:05.717] [SEVERE ] setting player 2 freeze to 1574
[16:34:05.728] [SEVERE ] setting player 2 freeze to 1563
[16:34:05.738] [SEVERE ] setting player 2 freeze to 1553
[16:34:05.748] [SEVERE ] setting player 2 freeze to 1543
[16:34:05.758] [SEVERE ] setting player 2 freeze to 1533
[16:34:05.768] [SEVERE ] setting player 2 freeze to 1523
[16:34:05.778] [SEVERE ] setting player 2 freeze to 1513
[16:34:05.788] [SEVERE ] setting player 2 freeze to 1503
[16:34:05.799] [SEVERE ] setting player 2 freeze to 1492
[16:34:05.809] [SEVERE ] setting player 2 freeze to 1482
[16:34:05.819] [SEVERE ] setting player 2 freeze to 1472
[16:34:05.829] [SEVERE ] setting player 2 freeze to 1462
[16:34:05.839] [SEVERE ] setting player 2 freeze to 1452
[16:34:05.849] [SEVERE ] setting player 2 freeze to 1442
[16:34:05.859] [SEVERE ] setting player 2 freeze to 1432
[16:34:05.869] [SEVERE ] setting player 2 freeze to 1422
[16:34:05.880] [SEVERE ] setting player 2 freeze to 1411
[16:34:05.890] [SEVERE ] setting player 2 freeze to 1401
[16:34:05.900] [SEVERE ] setting player 2 freeze to 1391
[16:34:05.910] [SEVERE ] setting player 2 freeze to 1381
[16:34:05.910] [SEVERE ] updating countdown to 58999
[16:34:05.920] [SEVERE ] setting player 2 freeze to 1371
[16:34:05.930] [SEVERE ] setting player 2 freeze to 1361
[16:34:05.940] [SEVERE ] setting player 2 freeze to 1351
[16:34:05.950] [SEVERE ] setting player 2 freeze to 1341
[16:34:05.961] [SEVERE ] setting player 2 freeze to 1330
[16:34:05.971] [SEVERE ] setting player 2 freeze to 1320
[16:34:05.981] [SEVERE ] setting player 2 freeze to 1310
[16:34:05.991] [SEVERE ] setting player 2 freeze to 1300
[16:34:06.001] [SEVERE ] setting player 2 freeze to 1290
[16:34:06.011] [SEVERE ] setting player 2 freeze to 1280
[16:34:06.021] [SEVERE ] setting player 2 freeze to 1270
[16:34:06.031] [SEVERE ] setting player 2 freeze to 1260
[16:34:06.042] [SEVERE ] setting player 2 freeze to 1249
[16:34:06.052] [SEVERE ] setting player 2 freeze to 1239
[16:34:06.062] [SEVERE ] setting player 2 freeze to 1229
[16:34:06.072] [SEVERE ] setting player 2 freeze to 1219
[16:34:06.082] [SEVERE ] setting player 2 freeze to 1209
[16:34:06.092] [SEVERE ] setting player 2 freeze to 1199
[16:34:06.102] [SEVERE ] setting player 2 freeze to 1189
[16:34:06.113] [SEVERE ] setting player 2 freeze to 1178
[16:34:06.123] [SEVERE ] setting player 2 freeze to 1168
[16:34:06.133] [SEVERE ] setting player 2 freeze to 1158
[16:34:06.143] [SEVERE ] setting player 2 freeze to 1148
[16:34:06.153] [SEVERE ] setting player 2 freeze to 1138
[16:34:06.163] [SEVERE ] setting player 2 freeze to 1128
[16:34:06.173] [SEVERE ] setting player 2 freeze to 1118
[16:34:06.184] [SEVERE ] setting player 2 freeze to 1107
[16:34:06.194] [SEVERE ] setting player 2 freeze to 1097
[16:34:06.204] [SEVERE ] setting player 2 freeze to 1087
[16:34:06.214] [SEVERE ] setting player 2 freeze to 1077
[16:34:06.224] [SEVERE ] setting player 2 freeze to 1067
[16:34:06.235] [SEVERE ] setting player 2 freeze to 1056
[16:34:06.245] [SEVERE ] setting player 2 freeze to 1046
[16:34:06.255] [SEVERE ] setting player 2 freeze to 1036
[16:34:06.266] [SEVERE ] setting player 2 freeze to 1025
[16:34:06.276] [SEVERE ] setting player 2 freeze to 1015
[16:34:06.286] [SEVERE ] setting player 2 freeze to 1005
[16:34:06.296] [SEVERE ] setting player 2 freeze to 995
[16:34:06.306] [SEVERE ] setting player 2 freeze to 985
[16:34:06.317] [SEVERE ] setting player 2 freeze to 974
[16:34:06.327] [SEVERE ] setting player 2 freeze to 964
[16:34:06.337] [SEVERE ] setting player 2 freeze to 954
[16:34:06.347] [SEVERE ] setting player 2 freeze to 944
[16:34:06.357] [SEVERE ] setting player 2 freeze to 934
[16:34:06.367] [SEVERE ] setting player 2 freeze to 924
[16:34:06.377] [SEVERE ] setting player 2 freeze to 914
[16:34:06.387] [SEVERE ] setting player 2 freeze to 904
[16:34:06.398] [SEVERE ] setting player 2 freeze to 893
[16:34:06.408] [SEVERE ] setting player 2 freeze to 883
[16:34:06.418] [SEVERE ] setting player 2 freeze to 873
[16:34:06.428] [SEVERE ] setting player 2 freeze to 863
[16:34:06.438] [SEVERE ] setting player 2 freeze to 853
[16:34:06.448] [SEVERE ] setting player 2 freeze to 843
[16:34:06.458] [SEVERE ] setting player 2 freeze to 833
[16:34:06.468] [SEVERE ] setting player 2 freeze to 823
[16:34:06.479] [SEVERE ] setting player 2 freeze to 812
[16:34:06.489] [SEVERE ] setting player 2 freeze to 802
[16:34:06.499] [SEVERE ] setting player 2 freeze to 792
[16:34:06.509] [SEVERE ] setting player 2 freeze to 782
[16:34:06.519] [SEVERE ] setting player 2 freeze to 772
[16:34:06.529] [SEVERE ] setting player 2 freeze to 762
[16:34:06.539] [SEVERE ] setting player 2 freeze to 752
[16:34:06.549] [SEVERE ] setting player 2 freeze to 742
[16:34:06.560] [SEVERE ] setting player 2 freeze to 731
[16:34:06.570] [SEVERE ] setting player 2 freeze to 721
[16:34:06.580] [SEVERE ] setting player 2 freeze to 711
[16:34:06.590] [SEVERE ] setting player 2 freeze to 701
[16:34:06.600] [SEVERE ] setting player 2 freeze to 691
[16:34:06.610] [SEVERE ] setting player 2 freeze to 681
[16:34:06.620] [SEVERE ] setting player 2 freeze to 671
[16:34:06.630] [SEVERE ] setting player 2 freeze to 661
[16:34:06.641] [SEVERE ] setting player 2 freeze to 650
[16:34:06.651] [SEVERE ] setting player 2 freeze to 640
[16:34:06.661] [SEVERE ] setting player 2 freeze to 630
[16:34:06.671] [SEVERE ] setting player 2 freeze to 620
[16:34:06.681] [SEVERE ] setting player 2 freeze to 610
[16:34:06.691] [SEVERE ] setting player 2 freeze to 600
[16:34:06.701] [SEVERE ] setting player 2 freeze to 590
[16:34:06.711] [SEVERE ] setting player 2 freeze to 580
[16:34:06.722] [SEVERE ] setting player 2 freeze to 569
[16:34:06.732] [SEVERE ] setting player 2 freeze to 559
[16:34:06.742] [SEVERE ] setting player 2 freeze to 549
[16:34:06.752] [SEVERE ] setting player 2 freeze to 539
[16:34:06.762] [SEVERE ] setting player 2 freeze to 529
[16:34:06.772] [SEVERE ] setting player 2 freeze to 519
[16:34:06.782] [SEVERE ] setting player 2 freeze to 509
[16:34:06.793] [SEVERE ] setting player 2 freeze to 499
[16:34:06.803] [SEVERE ] setting player 2 freeze to 488
[16:34:06.813] [SEVERE ] setting player 2 freeze to 478
[16:34:06.823] [SEVERE ] setting player 2 freeze to 468
[16:34:06.833] [SEVERE ] setting player 2 freeze to 458
[16:34:06.843] [SEVERE ] setting player 2 freeze to 448
[16:34:06.853] [SEVERE ] setting player 2 freeze to 438
[16:34:06.863] [SEVERE ] setting player 2 freeze to 428
[16:34:06.873] [SEVERE ] setting player 2 freeze to 418
[16:34:06.884] [SEVERE ] setting player 2 freeze to 407
[16:34:06.894] [SEVERE ] setting player 2 freeze to 397
[16:34:06.904] [SEVERE ] setting player 2 freeze to 387
[16:34:06.911] [SEVERE ] updating countdown to 57998
[16:34:06.914] [SEVERE ] setting player 2 freeze to 377
[16:34:06.924] [SEVERE ] setting player 2 freeze to 367
[16:34:06.934] [SEVERE ] setting player 2 freeze to 357
[16:34:06.944] [SEVERE ] setting player 2 freeze to 347
[16:34:06.955] [SEVERE ] setting player 2 freeze to 336
[16:34:06.965] [SEVERE ] setting player 2 freeze to 326
[16:34:06.975] [SEVERE ] setting player 2 freeze to 316
[16:34:06.985] [SEVERE ] setting player 2 freeze to 306
[16:34:06.995] [SEVERE ] setting player 2 freeze to 296
[16:34:07.005] [SEVERE ] setting player 2 freeze to 286
[16:34:07.015] [SEVERE ] setting player 2 freeze to 276
[16:34:07.025] [SEVERE ] setting player 2 freeze to 266
[16:34:07.036] [SEVERE ] setting player 2 freeze to 255
[16:34:07.046] [SEVERE ] setting player 2 freeze to 245
[16:34:07.056] [SEVERE ] setting player 2 freeze to 235
[16:34:07.066] [SEVERE ] setting player 2 freeze to 225
[16:34:07.076] [SEVERE ] setting player 2 freeze to 215
[16:34:07.086] [SEVERE ] setting player 2 freeze to 205
[16:34:07.096] [SEVERE ] setting player 2 freeze to 195
[16:34:07.106] [SEVERE ] setting player 2 freeze to 185
[16:34:07.117] [SEVERE ] setting player 2 freeze to 174
[16:34:07.127] [SEVERE ] setting player 2 freeze to 164
[16:34:07.137] [SEVERE ] setting player 2 freeze to 154
[16:34:07.147] [SEVERE ] setting player 2 freeze to 144
[16:34:07.157] [SEVERE ] setting player 2 freeze to 134
[16:34:07.167] [SEVERE ] setting player 2 freeze to 124
[16:34:07.177] [SEVERE ] setting player 2 freeze to 114
[16:34:07.188] [SEVERE ] setting player 2 freeze to 103
[16:34:07.198] [SEVERE ] setting player 2 freeze to 93
[16:34:07.208] [SEVERE ] setting player 2 freeze to 83
[16:34:07.218] [SEVERE ] setting player 2 freeze to 73
[16:34:07.228] [SEVERE ] setting player 2 freeze to 63
[16:34:07.238] [SEVERE ] setting player 2 freeze to 53
[16:34:07.249] [SEVERE ] setting player 2 freeze to 42
[16:34:07.259] [SEVERE ] setting player 2 freeze to 32
[16:34:07.269] [SEVERE ] setting player 2 freeze to 22
[16:34:07.279] [SEVERE ] setting player 2 freeze to 12
[16:34:07.289] [SEVERE ] setting player 2 freeze to 2
[16:34:07.300] [SEVERE ] setting player 2 freeze to -9
[16:34:07.911] [SEVERE ] updating countdown to 56998
[16:34:08.912] [SEVERE ] updating countdown to 55997
[16:34:09.912] [SEVERE ] updating countdown to 54997
[16:34:10.913] [SEVERE ] updating countdown to 53996
[16:34:11.913] [SEVERE ] updating countdown to 52996
[16:34:12.913] [SEVERE ] updating countdown to 51996
[16:34:13.914] [SEVERE ] updating countdown to 50995
[16:34:14.914] [SEVERE ] updating countdown to 49995
[16:34:15.914] [SEVERE ] updating countdown to 48995
[16:34:16.914] [SEVERE ] updating countdown to 47995
[16:34:17.915] [SEVERE ] updating countdown to 46994
[16:34:17.994] [SEVERE ] key 87 was pressed by player 1
[16:34:17.994] [SEVERE ] player 1 placing token on slot 1
[16:34:18.915] [SEVERE ] updating countdown to 45994
[16:34:19.266] [SEVERE ] key 87 was pressed by player 1
[16:34:19.266] [SEVERE ] removing player 1 token from slot 1
[16:34:19.529] [SEVERE ] key 69 was pressed by player 1
[16:34:19.530] [SEVERE ] player 1 placing token on slot 2
[16:34:19.915] [SEVERE ] updating countdown to 44994
[16:34:20.802] [SEVERE ] key 65 was pressed by player 1
[16:34:20.802] [SEVERE ] player 1 placing token on slot 4
[16:34:20.916] [SEVERE ] updating countdown to 43993
[16:34:21.916] [SEVERE ] updating countdown to 42993
[16:34:22.826] [SEVERE ] key 88 was pressed by player 1
[16:34:22.826] [SEVERE ] player 1 placing token on slot 9
[16:34:22.826] [SEVERE ] setting player 1 score to 2
[16:34:22.827] [SEVERE ] removing player 1 token from slot 2
[16:34:22.827] [SEVERE ] setting player 1 freeze to 1999
[16:34:22.827] [SEVERE ] removing player 1 token from slot 4
[16:34:22.828] [SEVERE ] removing player 1 token from slot 9
[16:34:22.828] [SEVERE ] removing player 2 token from slot 2
[16:34:22.828] [SEVERE ] removing player 2 token from slot 4
[16:34:22.828] [SEVERE ] removing player 2 token from slot 9
[16:34:22.838] [SEVERE ] setting player 1 freeze to 1988
[16:34:22.848] [SEVERE ] setting player 1 freeze to 1978
[16:34:22.858] [SEVERE ] setting player 1 freeze to 1968
[16:34:22.868] [SEVERE ] setting player 1 freeze to 1958
[16:34:22.879] [SEVERE ] setting player 1 freeze to 1947
[16:34:22.889] [SEVERE ] setting player 1 freeze to 1937
[16:34:22.899] [SEVERE ] setting player 1 freeze to 1927
[16:34:22.909] [SEVERE ] setting player 1 freeze to 1917
[16:34:22.919] [SEVERE ] setting player 1 freeze to 1907
[16:34:22.928] [SEVERE ] removing card from slot 2
[16:34:22.930] [SEVERE ] setting player 1 freeze to 1896
[16:34:22.940] [SEVERE ] setting player 1 freeze to 1886
[16:34:22.950] [SEVERE ] setting player 1 freeze to 1876
[16:34:22.960] [SEVERE ] setting player 1 freeze to 1866
[16:34:22.971] [SEVERE ] setting player 1 freeze to 1855
[16:34:22.981] [SEVERE ] setting player 1 freeze to 1845
[16:34:22.991] [SEVERE ] setting player 1 freeze to 1835
[16:34:23.001] [SEVERE ] setting player 1 freeze to 1825
[16:34:23.011] [SEVERE ] setting player 1 freeze to 1815
[16:34:23.021] [SEVERE ] setting player 1 freeze to 1805
[16:34:23.029] [SEVERE ] removing card from slot 4
[16:34:23.032] [SEVERE ] setting player 1 freeze to 1794
[16:34:23.042] [SEVERE ] setting player 1 freeze to 1784
[16:34:23.052] [SEVERE ] setting player 1 freeze to 1774
[16:34:23.062] [SEVERE ] setting player 1 freeze to 1764
[16:34:23.072] [SEVERE ] setting player 1 freeze to 1754
[16:34:23.083] [SEVERE ] setting player 1 freeze to 1743
[16:34:23.093] [SEVERE ] setting player 1 freeze to 1733
[16:34:23.103] [SEVERE ] setting player 1 freeze to 1723
[16:34:23.113] [SEVERE ] setting player 1 freeze to 1713
[16:34:23.123] [SEVERE ] setting player 1 freeze to 1703
[16:34:23.129] [SEVERE ] removing card from slot 9
[16:34:23.133] [SEVERE ] setting player 1 freeze to 1693
[16:34:23.143] [SEVERE ] setting player 1 freeze to 1683
[16:34:23.154] [SEVERE ] setting player 1 freeze to 1672
[16:34:23.164] [SEVERE ] setting player 1 freeze to 1662
[16:34:23.174] [SEVERE ] setting player 1 freeze to 1652
[16:34:23.184] [SEVERE ] setting player 1 freeze to 1642
[16:34:23.194] [SEVERE ] setting player 1 freeze to 1632
[16:34:23.204] [SEVERE ] setting player 1 freeze to 1622
[16:34:23.214] [SEVERE ] setting player 1 freeze to 1612
[16:34:23.225] [SEVERE ] setting player 1 freeze to 1601
[16:34:23.230] [SEVERE ] placing card 17 in slot 2
[16:34:23.231] [SEVERE ] updating countdown to 60000
[16:34:23.235] [SEVERE ] setting player 1 freeze to 1591
[16:34:23.245] [SEVERE ] setting player 1 freeze to 1581
[16:34:23.255] [SEVERE ] setting player 1 freeze to 1571
[16:34:23.266] [SEVERE ] setting player 1 freeze to 1560
[16:34:23.276] [SEVERE ] setting player 1 freeze to 1550
[16:34:23.286] [SEVERE ] setting player 1 freeze to 1540
[16:34:23.296] [SEVERE ] setting player 1 freeze to 1530
[16:34:23.307] [SEVERE ] setting player 1 freeze to 1519
[16:34:23.317] [SEVERE ] setting player 1 freeze to 1509
[16:34:23.327] [SEVERE ] setting player 1 freeze to 1499
[16:34:23.337] [SEVERE ] setting player 1 freeze to 1489
[16:34:23.347] [SEVERE ] setting player 1 freeze to 1479
[16:34:23.357] [SEVERE ] setting player 1 freeze to 1469
[16:34:23.367] [SEVERE ] setting player 1 freeze to 1459
[16:34:23.378] [SEVERE ] setting player 1 freeze to 1448
[16:34:23.388] [SEVERE ] setting player 1 freeze to 1438
[16:34:23.398] [SEVERE ] setting player 1 freeze to 1428
[16:34:23.408] [SEVERE ] setting player 1 freeze to 1418
[16:34:23.418] [SEVERE ] setting player 1 freeze to 1408
[16:34:23.428] [SEVERE ] setting player 1 freeze to 1398
[16:34:23.438] [SEVERE ] setting player 1 freeze to 1388
[16:34:23.448] [SEVERE ] setting player 1 freeze to 1378
[16:34:23.459] [SEVERE ] setting player 1 freeze to 1367
[16:34:23.469] [SEVERE ] setting player 1 freeze to 1357
[16:34:23.479] [SEVERE ] setting player 1 freeze to 1347
[16:34:23.489] [SEVERE ] setting player 1 freeze to 1337
[16:34:23.499] [SEVERE ] setting player 1 freeze to 1327
[16:34:23.509] [SEVERE ] setting player 1 freeze to 1317
[16:34:23.519] [SEVERE ] setting player 1 freeze to 1307
[16:34:23.529] [SEVERE ] setting player 1 freeze to 1297
[16:34:23.540] [SEVERE ] setting player 1 freeze to 1286
[16:34:23.550] [SEVERE ] setting player 1 freeze to 1276
[16:34:23.560] [SEVERE ] setting player 1 freeze to 1266
[16:34:23.570] [SEVERE ] setting player 1 freeze to 1256
[16:34:23.580] [SEVERE ] setting player 1 freeze to 1246
[16:34:23.590] [SEVERE ] setting player 1 freeze to 1236
[16:34:23.600] [SEVERE ] setting player 1 freeze to 1226
[16:34:23.610] [SEVERE ] setting player 1 freeze to 1216
[16:34:23.621] [SEVERE ] setting player 1 freeze to 1205
[16:34:23.631] [SEVERE ] setting player 1 freeze to 1195
[16:34:23.641] [SEVERE ] setting player 1 freeze to 1185
[16:34:23.651] [SEVERE ] setting player 1 freeze to 1175
[16:34:23.661] [SEVERE ] setting player 1 freeze to 1165
[16:34:23.671] [SEVERE ] setting player 1 freeze to 1155
[16:34:23.681] [SEVERE ] setting player 1 freeze to 1145
[16:34:23.692] [SEVERE ] setting player 1 freeze to 1134
[16:34:23.702] [SEVERE ] setting player 1 freeze to 1124
[16:34:23.712] [SEVERE ] setting player 1 freeze to 1114
[16:34:23.722] [SEVERE ] setting player 1 freeze to 1104
[16:34:23.732] [SEVERE ] setting player 1 freeze to 1094
[16:34:23.742] [SEVERE ] setting player 1 freeze to 1084
[16:34:23.752] [SEVERE ] setting player 1 freeze to 1074
[16:34:23.762] [SEVERE ] setting player 1 freeze to 1064
[16:34:23.773] [SEVERE ] setting player 1 freeze to 1053
[16:34:23.783] [SEVERE ] setting player 1 freeze to 1043
[16:34:23.793] [SEVERE ] setting player 1 freeze to 1033
[16:34:23.803] [SEVERE ] setting player 1 freeze to 1023
[16:34:23.813] [SEVERE ] setting player 1 freeze to 1013
[16:34:23.823] [SEVERE ] setting player 1 freeze to 1003
[16:34:23.833] [SEVERE ] setting player 1 freeze to 993
[16:34:23.843] [SEVERE ] setting player 1 freeze to 983
[16:34:23.854] [SEVERE ] setting player 1 freeze to 972
[16:34:23.864] [SEVERE ] setting player 1 freeze to 962
[16:34:23.874] [SEVERE ] setting player 1 freeze to 952
[16:34:23.884] [SEVERE ] setting player 1 freeze to 942
[16:34:23.894] [SEVERE ] setting player 1 freeze to 932
[16:34:23.904] [SEVERE ] setting player 1 freeze to 922
[16:34:23.915] [SEVERE ] setting player 1 freeze to 911
[16:34:23.925] [SEVERE ] setting player 1 freeze to 901
[16:34:23.935] [SEVERE ] setting player 1 freeze to 891
[16:34:23.945] [SEVERE ] setting player 1 freeze to 881
[16:34:23.955] [SEVERE ] setting player 1 freeze to 871
[16:34:23.965] [SEVERE ] setting player 1 freeze to 861
[16:34:23.975] [SEVERE ] setting player 1 freeze to 851
[16:34:23.986] [SEVERE ] setting player 1 freeze to 840
[16:34:23.996] [SEVERE ] setting player 1 freeze to 830
[16:34:24.006] [SEVERE ] setting player 1 freeze to 820
[16:34:24.016] [SEVERE ] setting player 1 freeze to 810
[16:34:24.026] [SEVERE ] setting player 1 freeze to 800
[16:34:24.036] [SEVERE ] setting player 1 freeze to 790
[16:34:24.047] [SEVERE ] setting player 1 freeze to 779
[16:34:24.057] [SEVERE ] setting player 1 freeze to 769
[16:34:24.067] [SEVERE ] setting player 1 freeze to 759
[16:34:24.077] [SEVERE ] setting player 1 freeze to 749
[16:34:24.087] [SEVERE ] setting player 1 freeze to 739
[16:34:24.097] [SEVERE ] setting player 1 freeze to 729
[16:34:24.107] [SEVERE ] setting player 1 freeze to 719
[16:34:24.117] [SEVERE ] setting player 1 freeze to 709
[16:34:24.127] [SEVERE ] setting player 1 freeze to 699
[16:34:24.138] [SEVERE ] setting player 1 freeze to 688
[16:34:24.148] [SEVERE ] setting player 1 freeze to 678
[16:34:24.158] [SEVERE ] setting player 1 freeze to 668
[16:34:24.168] [SEVERE ] setting player 1 freeze to 658
[16:34:24.178] [SEVERE ] setting player 1 freeze to 648
[16:34:24.188] [SEVERE ] setting player 1 freeze to 638
[16:34:24.198] [SEVERE ] setting player 1 freeze to 628
[16:34:24.209] [SEVERE ] setting player 1 freeze to 617
[16:34:24.219] [SEVERE ] setting player 1 freeze to 607
[16:34:24.229] [SEVERE ] setting player 1 freeze to 597
[16:34:24.231] [SEVERE ] updating countdown to 59999
[16:34:24.239] [SEVERE ] setting player 1 freeze to 587
[16:34:24.249] [SEVERE ] setting player 1 freeze to 577
[16:34:24.259] [SEVERE ] setting player 1 freeze to 567
[16:34:24.269] [SEVERE ] setting player 1 freeze to 557
[16:34:24.279] [SEVERE ] setting player 1 freeze to 547
[16:34:24.290] [SEVERE ] setting player 1 freeze to 536
[16:34:24.300] [SEVERE ] setting player 1 freeze to 526
[16:34:24.310] [SEVERE ] setting player 1 freeze to 516
[16:34:24.320] [SEVERE ] setting player 1 freeze to 506
[16:34:24.331] [SEVERE ] setting player 1 freeze to 495
[16:34:24.341] [SEVERE ] setting player 1 freeze to 485
[16:34:24.351] [SEVERE ] setting player 1 freeze to 475
[16:34:24.361] [SEVERE ] setting player 1 freeze to 465
[16:34:24.371] [SEVERE ] setting player 1 freeze to 455
[16:34:24.381] [SEVERE ] setting player 1 freeze to 445
[16:34:24.391] [SEVERE ] setting player 1 freeze to 435
[16:34:24.401] [SEVERE ] setting player 1 freeze to 425
[16:34:24.411] [SEVERE ] setting player 1 freeze to 415
[16:34:24.422] [SEVERE ] setting player 1 freeze to 404
[16:34:24.432] [SEVERE ] setting player 1 freeze to 394
[16:34:24.442] [SEVERE ] setting player 1 freeze to 384
[16:34:24.452] [SEVERE ] setting player 1 freeze to 374
[16:34:24.462] [SEVERE ] setting player 1 freeze to 364
[16:34:24.472] [SEVERE ] setting player 1 freeze to 354
[16:34:24.483] [SEVERE ] setting player 1 freeze to 343
[16:34:24.493] [SEVERE ] setting player 1 freeze to 333
[16:34:24.503] [SEVERE ] setting player 1 freeze to 323
[16:34:24.513] [SEVERE ] setting player 1 freeze to 313
[16:34:24.523] [SEVERE ] setting player 1 freeze to 303
[16:34:24.533] [SEVERE ] setting player 1 freeze to 293
[16:34:24.544] [SEVERE ] setting player 1 freeze to 282
[16:34:24.554] [SEVERE ] setting player 1 freeze to 272
[16:34:24.564] [SEVERE ] setting player 1 freeze to 262
[16:34:24.574] [SEVERE ] setting player 1 freeze to 252
[16:34:24.584] [SEVERE ] setting player 1 freeze to 242
[16:34:24.594] [SEVERE ] setting player 1 freeze to 232
[16:34:24.604] [SEVERE ] setting player 1 freeze to 222
[16:34:24.614] [SEVERE ] setting player 1 freeze to 212
[16:34:24.625] [SEVERE ] setting player 1 freeze to 201
[16:34:24.635] [SEVERE ] setting player 1 freeze to 191
[16:34:24.645] [SEVERE ] setting player 1 freeze to 181
[16:34:24.656] [SEVERE ] setting player 1 freeze to 170
[16:34:24.666] [SEVERE ] setting player 1 freeze to 160
[16:34:24.676] [SEVERE ] setting player 1 freeze to 150
[16:34:24.686] [SEVERE ] setting player 1 freeze to 140
[16:34:24.696] [SEVERE ] setting player 1 freeze to 130
[16:34:24.706] [SEVERE ] setting player 1 freeze to 120
[16:34:24.716] [SEVERE ] setting player 1 freeze to 110
[16:34:24.727] [SEVERE ] setting player 1 freeze to 99
[16:34:24.737] [SEVERE ] setting player 1 freeze to 89
[16:34:24.747] [SEVERE ] setting player 1 freeze to 79
[16:34:24.757] [SEVERE ] setting player 1 freeze to 69
[16:34:24.767] [SEVERE ] setting player 1 freeze to 59
[16:34:24.777] [SEVERE ] setting player 1 freeze to 49
[16:34:24.787] [SEVERE ] setting player 1 freeze to 39
[16:34:24.797] [SEVERE ] setting player 1 freeze to 29
[16:34:24.808] [SEVERE ] setting player 1 freeze to 18
[16:34:24.818] [SEVERE ] setting player 1 freeze to 8
[16:34:24.828] [SEVERE ] setting player 1 freeze to -2
[16:34:25.231] [SEVERE ] updating countdown to 58999
[16:34:26.232] [SEVERE ] updating countdown to 57998
[16:34:27.232] [SEVERE ] updating countdown to 56998
[16:34:28.232] [SEVERE ] updating countdown to 55998
[16:34:29.233] [SEVERE ] updating countdown to 54997
[16:34:30.233] [SEVERE ] updating countdown to 53997
[16:34:31.234] [SEVERE ] updating countdown to 52996
[16:34:32.234] [SEVERE ] updating countdown to 51996
[16:34:33.234] [SEVERE ] updating countdown to 50996
[16:34:34.234] [SEVERE ] updating countdown to 49996
[16:34:35.235] [SEVERE ] updating countdown to 48995
[16:34:36.235] [SEVERE ] updating countdown to 47995
[16:34:37.236] [SEVERE ] updating countdown to 46995
[16:34:38.236] [SEVERE ] updating countdown to 45994
[16:34:39.236] [SEVERE ] updating countdown to 44994
[16:34:40.194] [SEVERE ] key 81 was pressed by player 1
[16:34:40.194] [SEVERE ] player 1 placing token on slot 0
[16:34:40.237] [SEVERE ] updating countdown to 43993
[16:34:41.201] [SEVERE ] key 69 was pressed by player 1
[16:34:41.202] [SEVERE ] player 1 placing token on slot 2
[16:34:41.237] [SEVERE ] updating countdown to 42993
[16:34:42.238] [SEVERE ] updating countdown to 41992
[16:34:43.238] [SEVERE ] updating countdown to 40992
[16:34:43.298] [SEVERE ] key 70 was pressed by player 1
[16:34:43.299] [SEVERE ] player 1 placing token on slot 7
[16:34:43.300] [SEVERE ] setting player 1 score to 3
[16:34:43.300] [SEVERE ] removing player 1 token from slot 0
[16:34:43.300] [SEVERE ] removing player 1 token from slot 2
[16:34:43.300] [SEVERE ] removing player 1 token from slot 7
[16:34:43.300] [SEVERE ] removing player 2 token from slot 0
[16:34:43.300] [SEVERE ] removing player 2 token from slot 2
[16:34:43.300] [SEVERE ] removing player 2 token from slot 7
[16:34:43.301] [SEVERE ] setting player 1 freeze to 1999
[16:34:43.311] [SEVERE ] setting player 1 freeze to 1989
[16:34:43.321] [SEVERE ] setting player 1 freeze to 1979
[16:34:43.332] [SEVERE ] setting player 1 freeze to 1968
[16:34:43.342] [SEVERE ] setting player 1 freeze to 1958
[16:34:43.352] [SEVERE ] setting player 1 freeze to 1948
[16:34:43.362] [SEVERE ] setting player 1 freeze to 1938
[16:34:43.373] [SEVERE ] setting player 1 freeze to 1927
[16:34:43.383] [SEVERE ] setting player 1 freeze to 1917
[16:34:43.393] [SEVERE ] setting player 1 freeze to 1907
[16:34:43.401] [SEVERE ] removing card from slot 0
[16:34:43.403] [SEVERE ] setting player 1 freeze to 1897
[16:34:43.413] [SEVERE ] setting player 1 freeze to 1887
[16:34:43.424] [SEVERE ] setting player 1 freeze to 1876
[16:34:43.434] [SEVERE ] setting player 1 freeze to 1866
[16:34:43.444] [SEVERE ] setting player 1 freeze to 1856
[16:34:43.454] [SEVERE ] setting player 1 freeze to 1846
[16:34:43.464] [SEVERE ] setting player 1 freeze to 1836
[16:34:43.475] [SEVERE ] setting player 1 freeze to 1825
[16:34:43.485] [SEVERE ] setting player 1 freeze to 1815
[16:34:43.495] [SEVERE ] setting player 1 freeze to 1805
[16:34:43.501] [SEVERE ] removing card from slot 2
[16:34:43.505] [SEVERE ] setting player 1 freeze to 1795
[16:34:43.515] [SEVERE ] setting player 1 freeze to 1785
[16:34:43.526] [SEVERE ] setting player 1 freeze to 1775
[16:34:43.536] [SEVERE ] setting player 1 freeze to 1764
[16:34:43.546] [SEVERE ] setting player 1 freeze to 1754
[16:34:43.556] [SEVERE ] setting player 1 freeze to 1744
[16:34:43.566] [SEVERE ] setting player 1 freeze to 1734
[16:34:43.576] [SEVERE ] setting player 1 freeze to 1724
[16:34:43.586] [SEVERE ] setting player 1 freeze to 1714
[16:34:43.597] [SEVERE ] setting player 1 freeze to 1703
[16:34:43.601] [SEVERE ] removing card from slot 7
[16:34:43.602] [SEVERE ] updating countdown to 60000
[16:34:43.607] [SEVERE ] setting player 1 freeze to 1693
[16:34:43.617] [SEVERE ] setting player 1 freeze to 1683
[16:34:43.628] [SEVERE ] setting player 1 freeze to 1672
[16:34:43.638] [SEVERE ] setting player 1 freeze to 1662
[16:34:43.648] [SEVERE ] setting player 1 freeze to 1652
[16:34:43.659] [SEVERE ] setting player 1 freeze to 1641
[16:34:43.669] [SEVERE ] setting player 1 freeze to 1631
[16:34:43.679] [SEVERE ] setting player 1 freeze to 1621
[16:34:43.689] [SEVERE ] setting player 1 freeze to 1611
[16:34:43.699] [SEVERE ] setting player 1 freeze to 1601
[16:34:43.709] [SEVERE ] setting player 1 freeze to 1591
[16:34:43.719] [SEVERE ] setting player 1 freeze to 1581
[16:34:43.729] [SEVERE ] setting player 1 freeze to 1571
[16:34:43.740] [SEVERE ] setting player 1 freeze to 1560
[16:34:43.750] [SEVERE ] setting player 1 freeze to 1550
[16:34:43.760] [SEVERE ] setting player 1 freeze to 1540
[16:34:43.770] [SEVERE ] setting player 1 freeze to 1530
[16:34:43.780] [SEVERE ] setting player 1 freeze to 1520
[16:34:43.790] [SEVERE ] setting player 1 freeze to 1510
[16:34:43.800] [SEVERE ] setting player 1 freeze to 1500
[16:34:43.811] [SEVERE ] setting player 1 freeze to 1489
[16:34:43.821] [SEVERE ] setting player 1 freeze to 1479
[16:34:43.831] [SEVERE ] setting player 1 freeze to 1469
[16:34:43.841] [SEVERE ] setting player 1 freeze to 1459
[16:34:43.851] [SEVERE ] setting player 1 freeze to 1449
[16:34:43.861] [SEVERE ] setting player 1 freeze to 1439
[16:34:43.871] [SEVERE ] setting player 1 freeze to 1429
[16:34:43.881] [SEVERE ] setting player 1 freeze to 1419
[16:34:43.892] [SEVERE ] setting player 1 freeze to 1408
[16:34:43.902] [SEVERE ] setting player 1 freeze to 1398
[16:34:43.912] [SEVERE ] setting player 1 freeze to 1388
[16:34:43.922] [SEVERE ] setting player 1 freeze to 1378
[16:34:43.932] [SEVERE ] setting player 1 freeze to 1368
[16:34:43.942] [SEVERE ] setting player 1 freeze to 1358
[16:34:43.952] [SEVERE ] setting player 1 freeze to 1348
[16:34:43.962] [SEVERE ] setting player 1 freeze to 1338
[16:34:43.972] [SEVERE ] setting player 1 freeze to 1328
[16:34:43.983] [SEVERE ] setting player 1 freeze to 1317
[16:34:43.993] [SEVERE ] setting player 1 freeze to 1307
[16:34:44.003] [SEVERE ] setting player 1 freeze to 1297
[16:34:44.013] [SEVERE ] setting player 1 freeze to 1287
[16:34:44.023] [SEVERE ] setting player 1 freeze to 1277
[16:34:44.033] [SEVERE ] setting player 1 freeze to 1267
[16:34:44.043] [SEVERE ] setting player 1 freeze to 1257
[16:34:44.053] [SEVERE ] setting player 1 freeze to 1247
[16:34:44.064] [SEVERE ] setting player 1 freeze to 1236
[16:34:44.074] [SEVERE ] setting player 1 freeze to 1226
[16:34:44.084] [SEVERE ] setting player 1 freeze to 1216
[16:34:44.094] [SEVERE ] setting player 1 freeze to 1206
[16:34:44.104] [SEVERE ] setting player 1 freeze to 1196
[16:34:44.114] [SEVERE ] setting player 1 freeze to 1186
[16:34:44.124] [SEVERE ] setting player 1 freeze to 1176
[16:34:44.134] [SEVERE ] setting player 1 freeze to 1166
[16:34:44.145] [SEVERE ] setting player 1 freeze to 1155
[16:34:44.155] [SEVERE ] setting player 1 freeze to 1145
[16:34:44.165] [SEVERE ] setting player 1 freeze to 1135
[16:34:44.175] [SEVERE ] setting player 1 freeze to 1125
[16:34:44.185] [SEVERE ] setting player 1 freeze to 1115
[16:34:44.195] [SEVERE ] setting player 1 freeze to 1105
[16:34:44.205] [SEVERE ] setting player 1 freeze to 1095
[16:34:44.215] [SEVERE ] setting player 1 freeze to 1085
[16:34:44.226] [SEVERE ] setting player 1 freeze to 1074
[16:34:44.236] [SEVERE ] setting player 1 freeze to 1064
[16:34:44.246] [SEVERE ] setting player 1 freeze to 1054
[16:34:44.256] [SEVERE ] setting player 1 freeze to 1044
[16:34:44.266] [SEVERE ] setting player 1 freeze to 1034
[16:34:44.276] [SEVERE ] setting player 1 freeze to 1024
[16:34:44.286] [SEVERE ] setting player 1 freeze to 1014
[16:34:44.296] [SEVERE ] setting player 1 freeze to 1004
[16:34:44.307] [SEVERE ] setting player 1 freeze to 993
[16:34:44.317] [SEVERE ] setting player 1 freeze to 983
[16:34:44.327] [SEVERE ] setting player 1 freeze to 973
[16:34:44.337] [SEVERE ] setting player 1 freeze to 963
[16:34:44.347] [SEVERE ] setting player 1 freeze to 953
[16:34:44.357] [SEVERE ] setting player 1 freeze to 943
[16:34:44.368] [SEVERE ] setting player 1 freeze to 932
[16:34:44.378] [SEVERE ] setting player 1 freeze to 922
[16:34:44.388] [SEVERE ] setting player 1 freeze to 912
[16:34:44.398] [SEVERE ] setting player 1 freeze to 902
[16:34:44.408] [SEVERE ] setting player 1 freeze to 892
[16:34:44.418] [SEVERE ] setting player 1 freeze to 882
[16:34:44.428] [SEVERE ] setting player 1 freeze to 872
[16:34:44.438] [SEVERE ] setting player 1 freeze to 862
[16:34:44.449] [SEVERE ] setting player 1 freeze to 851
[16:34:44.459] [SEVERE ] setting player 1 freeze to 841
[16:34:44.469] [SEVERE ] setting player 1 freeze to 831
[16:34:44.479] [SEVERE ] setting player 1 freeze to 821
[16:34:44.489] [SEVERE ] setting player 1 freeze to 811
[16:34:44.499] [SEVERE ] setting player 1 freeze to 801
[16:34:44.509] [SEVERE ] setting player 1 freeze to 791
[16:34:44.519] [SEVERE ] setting player 1 freeze to 781
[16:34:44.530] [SEVERE ] setting player 1 freeze to 770
[16:34:44.540] [SEVERE ] setting player 1 freeze to 760
[16:34:44.550] [SEVERE ] setting player 1 freeze to 750
[16:34:44.560] [SEVERE ] setting player 1 freeze to 740
[16:34:44.570] [SEVERE ] setting player 1 freeze to 730
[16:34:44.580] [SEVERE ] setting player 1 freeze to 720
[16:34:44.590] [SEVERE ] setting player 1 freeze to 710
[16:34:44.600] [SEVERE ] setting player 1 freeze to 700
[16:34:44.602] [SEVERE ] updating countdown to 59999
[16:34:44.611] [SEVERE ] setting player 1 freeze to 689
[16:34:44.621] [SEVERE ] setting player 1 freeze to 679
[16:34:44.631] [SEVERE ] setting player 1 freeze to 669
[16:34:44.641] [SEVERE ] setting player 1 freeze to 659
[16:34:44.651] [SEVERE ] setting player 1 freeze to 649
[16:34:44.661] [SEVERE ] setting player 1 freeze to 639
[16:34:44.671] [SEVERE ] setting player 1 freeze to 629
[16:34:44.681] [SEVERE ] setting player 1 freeze to 619
[16:34:44.692] [SEVERE ] setting player 1 freeze to 608
[16:34:44.702] [SEVERE ] setting player 1 freeze to 598
[16:34:44.712] [SEVERE ] setting player 1 freeze to 588
[16:34:44.722] [SEVERE ] setting player 1 freeze to 578
[16:34:44.732] [SEVERE ] setting player 1 freeze to 568
[16:34:44.742] [SEVERE ] setting player 1 freeze to 558
[16:34:44.753] [SEVERE ] setting player 1 freeze to 547
[16:34:44.763] [SEVERE ] setting player 1 freeze to 537
[16:34:44.773] [SEVERE ] setting player 1 freeze to 527
[16:34:44.783] [SEVERE ] setting player 1 freeze to 517
[16:34:44.793] [SEVERE ] setting player 1 freeze to 507
[16:34:44.803] [SEVERE ] setting player 1 freeze to 497
[16:34:44.813] [SEVERE ] setting player 1 freeze to 487
[16:34:44.823] [SEVERE ] setting player 1 freeze to 477
[16:34:44.834] [SEVERE ] setting player 1 freeze to 466
[16:34:44.844] [SEVERE ] setting player 1 freeze to 456
[16:34:44.854] [SEVERE ] setting player 1 freeze to 446
[16:34:44.864] [SEVERE ] setting player 1 freeze to 436
[16:34:44.874] [SEVERE ] setting player 1 freeze to 426
[16:34:44.884] [SEVERE ] setting player 1 freeze to 416
[16:34:44.894] [SEVERE ] setting player 1 freeze to 406
[16:34:44.904] [SEVERE ] setting player 1 freeze to 396
[16:34:44.915] [SEVERE ] setting player 1 freeze to 385
[16:34:44.925] [SEVERE ] setting player 1 freeze to 375
[16:34:44.935] [SEVERE ] setting player 1 freeze to 365
[16:34:44.945] [SEVERE ] setting player 1 freeze to 355
[16:34:44.955] [SEVERE ] setting player 1 freeze to 345
[16:34:44.965] [SEVERE ] setting player 1 freeze to 335
[16:34:44.976] [SEVERE ] setting player 1 freeze to 324
[16:34:44.986] [SEVERE ] setting player 1 freeze to 314
[16:34:44.996] [SEVERE ] setting player 1 freeze to 304
[16:34:45.006] [SEVERE ] setting player 1 freeze to 294
[16:34:45.016] [SEVERE ] setting player 1 freeze to 284
[16:34:45.026] [SEVERE ] setting player 1 freeze to 274
[16:34:45.037] [SEVERE ] setting player 1 freeze to 263
[16:34:45.047] [SEVERE ] setting player 1 freeze to 253
[16:34:45.057] [SEVERE ] setting player 1 freeze to 243
[16:34:45.067] [SEVERE ] setting player 1 freeze to 233
[16:34:45.077] [SEVERE ] setting player 1 freeze to 223
[16:34:45.087] [SEVERE ] setting player 1 freeze to 213
[16:34:45.097] [SEVERE ] setting player 1 freeze to 203
[16:34:45.107] [SEVERE ] setting player 1 freeze to 193
[16:34:45.118] [SEVERE ] setting player 1 freeze to 182
[16:34:45.128] [SEVERE ] setting player 1 freeze to 172
[16:34:45.138] [SEVERE ] setting player 1 freeze to 162
[16:34:45.148] [SEVERE ] setting player 1 freeze to 152
[16:34:45.158] [SEVERE ] setting player 1 freeze to 142
[16:34:45.168] [SEVERE ] setting player 1 freeze to 132
[16:34:45.178] [SEVERE ] setting player 1 freeze to 122
[16:34:45.188] [SEVERE ] setting player 1 freeze to 112
[16:34:45.199] [SEVERE ] setting player 1 freeze to 101
[16:34:45.209] [SEVERE ] setting player 1 freeze to 91
[16:34:45.219] [SEVERE ] setting player 1 freeze to 81
[16:34:45.229] [SEVERE ] setting player 1 freeze to 71
[16:34:45.239] [SEVERE ] setting player 1 freeze to 61
[16:34:45.249] [SEVERE ] setting player 1 freeze to 51
[16:34:45.259] [SEVERE ] setting player 1 freeze to 41
[16:34:45.269] [SEVERE ] setting player 1 freeze to 31
[16:34:45.280] [SEVERE ] setting player 1 freeze to 20
[16:34:45.290] [SEVERE ] setting player 1 freeze to 10
[16:34:45.300] [SEVERE ] setting player 1 freeze to 0
[16:34:45.602] [SEVERE ] updating countdown to 58999
[16:34:46.602] [SEVERE ] updating countdown to 57999
[16:34:47.602] [SEVERE ] updating countdown to 56999
[16:34:48.603] [SEVERE ] updating countdown to 55998
[16:34:49.603] [SEVERE ] updating countdown to 54998
[16:34:50.603] [SEVERE ] updating countdown to 53998
[16:34:51.604] [SEVERE ] updating countdown to 52997
[16:34:52.604] [SEVERE ] updating countdown to 51997
[16:34:53.605] [SEVERE ] updating countdown to 50996
[16:34:54.605] [SEVERE ] updating countdown to 49996
[16:34:55.606] [SEVERE ] updating countdown to 48995
[16:34:56.606] [SEVERE ] updating countdown to 47995
[16:34:57.607] [SEVERE ] updating countdown to 46994
[16:34:58.607] [SEVERE ] updating countdown to 45994
[16:34:59.607] [SEVERE ] updating countdown to 44994
[16:35:00.608] [SEVERE ] updating countdown to 43993
[16:35:00.906] [SEVERE ] key 82 was pressed by player 1
[16:35:00.906] [SEVERE ] player 1 placing token on slot 3
[16:35:01.608] [SEVERE ] updating countdown to 42993
[16:35:02.608] [SEVERE ] updating countdown to 41993
[16:35:02.802] [SEVERE ] key 67 was pressed by player 1
[16:35:02.802] [SEVERE ] player 1 placing token on slot 10
[16:35:03.026] [SEVERE ] key 86 was pressed by player 1
[16:35:03.026] [SEVERE ] player 1 placing token on slot 11
[16:35:03.027] [SEVERE ] setting player 1 score to 4
[16:35:03.027] [SEVERE ] removing player 1 token from slot 3
[16:35:03.027] [SEVERE ] removing player 1 token from slot 10
[16:35:03.028] [SEVERE ] removing player 1 token from slot 11
[16:35:03.028] [SEVERE ] removing player 2 token from slot 3
[16:35:03.028] [SEVERE ] removing player 2 token from slot 10
[16:35:03.028] [SEVERE ] removing player 2 token from slot 11
[16:35:03.027] [SEVERE ] setting player 1 freeze to 1999
[16:35:03.039] [SEVERE ] setting player 1 freeze to 1987
[16:35:03.049] [SEVERE ] setting player 1 freeze to 1977
[16:35:03.059] [SEVERE ] setting player 1 freeze to 1967
[16:35:03.070] [SEVERE ] setting player 1 freeze to 1956
[16:35:03.080] [SEVERE ] setting player 1 freeze to 1946
[16:35:03.090] [SEVERE ] setting player 1 freeze to 1936
[16:35:03.100] [SEVERE ] setting player 1 freeze to 1926
[16:35:03.110] [SEVERE ] setting player 1 freeze to 1916
[16:35:03.120] [SEVERE ] setting player 1 freeze to 1906
[16:35:03.128] [SEVERE ] removing card from slot 3
[16:35:03.131] [SEVERE ] setting player 1 freeze to 1895
[16:35:03.141] [SEVERE ] setting player 1 freeze to 1885
[16:35:03.151] [SEVERE ] setting player 1 freeze to 1875
[16:35:03.161] [SEVERE ] setting player 1 freeze to 1865
[16:35:03.171] [SEVERE ] setting player 1 freeze to 1855
[16:35:03.181] [SEVERE ] setting player 1 freeze to 1845
[16:35:03.191] [SEVERE ] setting player 1 freeze to 1835
[16:35:03.202] [SEVERE ] setting player 1 freeze to 1824
[16:35:03.212] [SEVERE ] setting player 1 freeze to 1814
[16:35:03.222] [SEVERE ] setting player 1 freeze to 1804
[16:35:03.228] [SEVERE ] removing card from slot 10
[16:35:03.232] [SEVERE ] setting player 1 freeze to 1794
[16:35:03.242] [SEVERE ] setting player 1 freeze to 1784
[16:35:03.252] [SEVERE ] setting player 1 freeze to 1774
[16:35:03.262] [SEVERE ] setting player 1 freeze to 1764
[16:35:03.273] [SEVERE ] setting player 1 freeze to 1753
[16:35:03.283] [SEVERE ] setting player 1 freeze to 1743
[16:35:03.293] [SEVERE ] setting player 1 freeze to 1733
[16:35:03.303] [SEVERE ] setting player 1 freeze to 1723
[16:35:03.313] [SEVERE ] setting player 1 freeze to 1713
[16:35:03.323] [SEVERE ] setting player 1 freeze to 1703
[16:35:03.329] [SEVERE ] removing card from slot 11
[16:35:03.333] [SEVERE ] setting player 1 freeze to 1693
[16:35:03.343] [SEVERE ] setting player 1 freeze to 1683
[16:35:03.354] [SEVERE ] setting player 1 freeze to 1672
[16:35:03.364] [SEVERE ] setting player 1 freeze to 1662
[16:35:03.374] [SEVERE ] setting player 1 freeze to 1652
[16:35:03.384] [SEVERE ] setting player 1 freeze to 1642
[16:35:03.394] [SEVERE ] setting player 1 freeze to 1632
[16:35:03.404] [SEVERE ] setting player 1 freeze to 1622
[16:35:03.414] [SEVERE ] setting player 1 freeze to 1612
[16:35:03.424] [SEVERE ] setting player 1 freeze to 1602
[16:35:03.429] [SEVERE ] removing card from slot 0
[16:35:03.429] [SEVERE ] removing player 1 token from slot 0
[16:35:03.429] [SEVERE ] removing player 2 token from slot 0
[16:35:03.435] [SEVERE ] setting player 1 freeze to 1591
[16:35:03.445] [SEVERE ] setting player 1 freeze to 1581
[16:35:03.455] [SEVERE ] setting player 1 freeze to 1571
[16:35:03.465] [SEVERE ] setting player 1 freeze to 1561
[16:35:03.475] [SEVERE ] setting player 1 freeze to 1551
[16:35:03.485] [SEVERE ] setting player 1 freeze to 1541
[16:35:03.495] [SEVERE ] setting player 1 freeze to 1531
[16:35:03.505] [SEVERE ] setting player 1 freeze to 1521
[16:35:03.516] [SEVERE ] setting player 1 freeze to 1510
[16:35:03.526] [SEVERE ] setting player 1 freeze to 1500
[16:35:03.530] [SEVERE ] removing card from slot 1
[16:35:03.530] [SEVERE ] removing player 1 token from slot 1
[16:35:03.530] [SEVERE ] removing player 2 token from slot 1
[16:35:03.536] [SEVERE ] setting player 1 freeze to 1490
[16:35:03.546] [SEVERE ] setting player 1 freeze to 1480
[16:35:03.556] [SEVERE ] setting player 1 freeze to 1470
[16:35:03.566] [SEVERE ] setting player 1 freeze to 1460
[16:35:03.576] [SEVERE ] setting player 1 freeze to 1450
[16:35:03.586] [SEVERE ] setting player 1 freeze to 1440
[16:35:03.597] [SEVERE ] setting player 1 freeze to 1429
[16:35:03.607] [SEVERE ] setting player 1 freeze to 1419
[16:35:03.617] [SEVERE ] setting player 1 freeze to 1409
[16:35:03.627] [SEVERE ] setting player 1 freeze to 1399
[16:35:03.630] [SEVERE ] removing card from slot 2
[16:35:03.630] [SEVERE ] removing player 1 token from slot 2
[16:35:03.631] [SEVERE ] removing player 2 token from slot 2
[16:35:03.637] [SEVERE ] setting player 1 freeze to 1389
[16:35:03.647] [SEVERE ] setting player 1 freeze to 1379
[16:35:03.657] [SEVERE ] setting player 1 freeze to 1369
[16:35:03.667] [SEVERE ] setting player 1 freeze to 1359
[16:35:03.678] [SEVERE ] setting player 1 freeze to 1348
[16:35:03.688] [SEVERE ] setting player 1 freeze to 1338
[16:35:03.698] [SEVERE ] setting player 1 freeze to 1328
[16:35:03.708] [SEVERE ] setting player 1 freeze to 1318
[16:35:03.718] [SEVERE ] setting player 1 freeze to 1308
[16:35:03.728] [SEVERE ] setting player 1 freeze to 1298
[16:35:03.731] [SEVERE ] removing card from slot 3
[16:35:03.731] [SEVERE ] removing player 1 token from slot 3
[16:35:03.732] [SEVERE ] removing player 2 token from slot 3
[16:35:03.738] [SEVERE ] setting player 1 freeze to 1288
[16:35:03.748] [SEVERE ] setting player 1 freeze to 1278
[16:35:03.759] [SEVERE ] setting player 1 freeze to 1267
[16:35:03.769] [SEVERE ] setting player 1 freeze to 1257
[16:35:03.779] [SEVERE ] setting player 1 freeze to 1247
[16:35:03.789] [SEVERE ] setting player 1 freeze to 1237
[16:35:03.799] [SEVERE ] setting player 1 freeze to 1227
[16:35:03.809] [SEVERE ] setting player 1 freeze to 1217
[16:35:03.819] [SEVERE ] setting player 1 freeze to 1207
[16:35:03.829] [SEVERE ] setting player 1 freeze to 1197
[16:35:03.832] [SEVERE ] removing card from slot 4
[16:35:03.832] [SEVERE ] removing player 1 token from slot 4
[16:35:03.833] [SEVERE ] removing player 2 token from slot 4
[16:35:03.840] [SEVERE ] setting player 1 freeze to 1186
[16:35:03.850] [SEVERE ] setting player 1 freeze to 1176
[16:35:03.860] [SEVERE ] setting player 1 freeze to 1166
[16:35:03.870] [SEVERE ] setting player 1 freeze to 1156
[16:35:03.880] [SEVERE ] setting player 1 freeze to 1146
[16:35:03.890] [SEVERE ] setting player 1 freeze to 1136
[16:35:03.900] [SEVERE ] setting player 1 freeze to 1126
[16:35:03.910] [SEVERE ] setting player 1 freeze to 1116
[16:35:03.921] [SEVERE ] setting player 1 freeze to 1105
[16:35:03.931] [SEVERE ] setting player 1 freeze to 1095
[16:35:03.933] [SEVERE ] removing card from slot 5
[16:35:03.933] [SEVERE ] removing player 1 token from slot 5
[16:35:03.933] [SEVERE ] removing player 2 token from slot 5
[16:35:03.941] [SEVERE ] setting player 1 freeze to 1085
[16:35:03.951] [SEVERE ] setting player 1 freeze to 1075
[16:35:03.961] [SEVERE ] setting player 1 freeze to 1065
[16:35:03.971] [SEVERE ] setting player 1 freeze to 1055
[16:35:03.982] [SEVERE ] setting player 1 freeze to 1044
[16:35:03.992] [SEVERE ] setting player 1 freeze to 1034
[16:35:04.002] [SEVERE ] setting player 1 freeze to 1024
[16:35:04.012] [SEVERE ] setting player 1 freeze to 1014
[16:35:04.022] [SEVERE ] setting player 1 freeze to 1004
[16:35:04.032] [SEVERE ] setting player 1 freeze to 994
[16:35:04.033] [SEVERE ] removing card from slot 6
[16:35:04.033] [SEVERE ] removing player 1 token from slot 6
[16:35:04.034] [SEVERE ] removing player 2 token from slot 6
[16:35:04.043] [SEVERE ] setting player 1 freeze to 983
[16:35:04.053] [SEVERE ] setting player 1 freeze to 973
[16:35:04.063] [SEVERE ] setting player 1 freeze to 963
[16:35:04.073] [SEVERE ] setting player 1 freeze to 953
[16:35:04.083] [SEVERE ] setting player 1 freeze to 943
[16:35:04.093] [SEVERE ] setting player 1 freeze to 933
[16:35:04.103] [SEVERE ] setting player 1 freeze to 923
[16:35:04.114] [SEVERE ] setting player 1 freeze to 912
[16:35:04.124] [SEVERE ] setting player 1 freeze to 902
[16:35:04.134] [SEVERE ] setting player 1 freeze to 892
[16:35:04.134] [SEVERE ] removing card from slot 7
[16:35:04.134] [SEVERE ] removing player 1 token from slot 7
[16:35:04.135] [SEVERE ] removing player 2 token from slot 7
[16:35:04.144] [SEVERE ] setting player 1 freeze to 882
[16:35:04.154] [SEVERE ] setting player 1 freeze to 872
[16:35:04.164] [SEVERE ] setting player 1 freeze to 862
[16:35:04.174] [SEVERE ] setting player 1 freeze to 852
[16:35:04.184] [SEVERE ] setting player 1 freeze to 842
[16:35:04.195] [SEVERE ] setting player 1 freeze to 831
[16:35:04.205] [SEVERE ] setting player 1 freeze to 821
[16:35:04.215] [SEVERE ] setting player 1 freeze to 811
[16:35:04.225] [SEVERE ] setting player 1 freeze to 801
[16:35:04.235] [SEVERE ] removing card from slot 8
[16:35:04.235] [SEVERE ] setting player 1 freeze to 791
[16:35:04.235] [SEVERE ] removing player 1 token from slot 8
[16:35:04.236] [SEVERE ] removing player 2 token from slot 8
[16:35:04.246] [SEVERE ] setting player 1 freeze to 780
[16:35:04.256] [SEVERE ] setting player 1 freeze to 770
[16:35:04.266] [SEVERE ] setting player 1 freeze to 760
[16:35:04.276] [SEVERE ] setting player 1 freeze to 750
[16:35:04.286] [SEVERE ] setting player 1 freeze to 740
[16:35:04.296] [SEVERE ] setting player 1 freeze to 730
[16:35:04.306] [SEVERE ] setting player 1 freeze to 720
[16:35:04.317] [SEVERE ] setting player 1 freeze to 709
[16:35:04.327] [SEVERE ] setting player 1 freeze to 699
[16:35:04.336] [SEVERE ] removing card from slot 9
[16:35:04.336] [SEVERE ] removing player 1 token from slot 9
[16:35:04.336] [SEVERE ] removing player 2 token from slot 9
[16:35:04.337] [SEVERE ] setting player 1 freeze to 689
[16:35:04.347] [SEVERE ] setting player 1 freeze to 679
[16:35:04.357] [SEVERE ] setting player 1 freeze to 669
[16:35:04.367] [SEVERE ] setting player 1 freeze to 659
[16:35:04.377] [SEVERE ] setting player 1 freeze to 649
[16:35:04.388] [SEVERE ] setting player 1 freeze to 638
[16:35:04.398] [SEVERE ] setting player 1 freeze to 628
[16:35:04.408] [SEVERE ] setting player 1 freeze to 618
[16:35:04.418] [SEVERE ] setting player 1 freeze to 608
[16:35:04.428] [SEVERE ] setting player 1 freeze to 598
[16:35:04.436] [SEVERE ] removing card from slot 10
[16:35:04.436] [SEVERE ] removing player 1 token from slot 10
[16:35:04.437] [SEVERE ] removing player 2 token from slot 10
[16:35:04.438] [SEVERE ] setting player 1 freeze to 588
[16:35:04.448] [SEVERE ] setting player 1 freeze to 578
[16:35:04.458] [SEVERE ] setting player 1 freeze to 568
[16:35:04.468] [SEVERE ] setting player 1 freeze to 558
[16:35:04.479] [SEVERE ] setting player 1 freeze to 547
[16:35:04.489] [SEVERE ] setting player 1 freeze to 537
[16:35:04.499] [SEVERE ] setting player 1 freeze to 527
[16:35:04.509] [SEVERE ] setting player 1 freeze to 517
[16:35:04.519] [SEVERE ] setting player 1 freeze to 507
[16:35:04.529] [SEVERE ] setting player 1 freeze to 497
[16:35:04.537] [SEVERE ] removing card from slot 11
[16:35:04.537] [SEVERE ] removing player 1 token from slot 11
[16:35:04.538] [SEVERE ] removing player 2 token from slot 11
[16:35:04.538] [SEVERE ] announcing winner(s): player 1
[16:35:04.539] [SEVERE ] setting player 1 freeze to 487
[16:35:04.539] [INFO   ] Thread player1 terminated.
[16:35:04.542] [INFO   ] Thread player0 terminated.
[16:35:04.542] [INFO   ] Thread dealer terminated.
[16:35:04.542] [INFO   ] thread dealer terminated.
[16:35:04.550] [SEVERE ] setting player 1 freeze to 476
[16:35:09.543] [SEVERE ] thanks for playing... it was fun!
[16:35:09.543] [INFO   ] thread main terminated.
[16:35:09.544] [SEVERE ] disposing of user interface elements
