[00:28:50.053] [INFO   ] thread main starting.
[00:28:50.061] [SEVERE ] cannot read configuration file config.properties trying from resources.
[00:28:50.063] [SEVERE ] configuration file was loaded from resources directory.
[00:28:50.510] [INFO   ] thread dealer starting.
[00:28:50.511] [INFO   ] Thread dealer starting.
[00:28:50.512] [INFO   ] Thread player0 starting.
[00:28:50.512] [INFO   ] Thread player1 starting.
[00:28:50.513] [INFO   ] Thread computer-1 starting.
[00:28:50.623] [SEVERE ] placing card 36 in slot 0
[00:28:50.734] [SEVERE ] placing card 25 in slot 1
[00:28:50.844] [SEVERE ] placing card 71 in slot 2
[00:28:50.955] [SEVERE ] placing card 28 in slot 3
[00:28:51.065] [SEVERE ] placing card 20 in slot 4
[00:28:51.175] [SEVERE ] placing card 78 in slot 5
[00:28:51.283] [SEVERE ] placing card 0 in slot 6
[00:28:51.392] [SEVERE ] placing card 43 in slot 7
[00:28:51.500] [SEVERE ] placing card 6 in slot 8
[00:28:51.609] [SEVERE ] placing card 52 in slot 9
[00:28:51.720] [SEVERE ] placing card 16 in slot 10
[00:28:51.831] [SEVERE ] placing card 30 in slot 11
[00:28:51.836] [SEVERE ] updating countdown to 60000
[00:28:51.847] [SEVERE ] player 2 placing token on slot 7
[00:28:51.847] [SEVERE ] player 2 placing token on slot 2
[00:28:51.847] [SEVERE ] player 2 placing token on slot 11
[00:28:51.847] [SEVERE ] setting player 2 freeze to 3999
[00:28:51.859] [SEVERE ] setting player 2 freeze to 3987
[00:28:51.869] [SEVERE ] setting player 2 freeze to 3977
[00:28:51.879] [SEVERE ] setting player 2 freeze to 3967
[00:28:51.889] [SEVERE ] setting player 2 freeze to 3957
[00:28:51.900] [SEVERE ] setting player 2 freeze to 3946
[00:28:51.911] [SEVERE ] setting player 2 freeze to 3935
[00:28:51.921] [SEVERE ] setting player 2 freeze to 3925
[00:28:51.931] [SEVERE ] setting player 2 freeze to 3915
[00:28:51.942] [SEVERE ] setting player 2 freeze to 3904
[00:28:51.953] [SEVERE ] setting player 2 freeze to 3893
[00:28:51.963] [SEVERE ] setting player 2 freeze to 3883
[00:28:51.973] [SEVERE ] setting player 2 freeze to 3873
[00:28:51.984] [SEVERE ] setting player 2 freeze to 3862
[00:28:51.994] [SEVERE ] setting player 2 freeze to 3852
[00:28:52.005] [SEVERE ] setting player 2 freeze to 3841
[00:28:52.015] [SEVERE ] setting player 2 freeze to 3831
[00:28:52.025] [SEVERE ] setting player 2 freeze to 3821
[00:28:52.036] [SEVERE ] setting player 2 freeze to 3810
[00:28:52.047] [SEVERE ] setting player 2 freeze to 3799
[00:28:52.058] [SEVERE ] setting player 2 freeze to 3788
[00:28:52.069] [SEVERE ] setting player 2 freeze to 3777
[00:28:52.079] [SEVERE ] setting player 2 freeze to 3767
[00:28:52.089] [SEVERE ] setting player 2 freeze to 3757
[00:28:52.099] [SEVERE ] setting player 2 freeze to 3747
[00:28:52.110] [SEVERE ] setting player 2 freeze to 3736
[00:28:52.120] [SEVERE ] setting player 2 freeze to 3726
[00:28:52.131] [SEVERE ] setting player 2 freeze to 3715
[00:28:52.142] [SEVERE ] setting player 2 freeze to 3704
[00:28:52.153] [SEVERE ] setting player 2 freeze to 3693
[00:28:52.163] [SEVERE ] setting player 2 freeze to 3683
[00:28:52.174] [SEVERE ] setting player 2 freeze to 3672
[00:28:52.184] [SEVERE ] setting player 2 freeze to 3662
[00:28:52.194] [SEVERE ] setting player 2 freeze to 3652
[00:28:52.205] [SEVERE ] setting player 2 freeze to 3641
[00:28:52.216] [SEVERE ] setting player 2 freeze to 3630
[00:28:52.226] [SEVERE ] setting player 2 freeze to 3620
[00:28:52.238] [SEVERE ] setting player 2 freeze to 3608
[00:28:52.248] [SEVERE ] setting player 2 freeze to 3598
[00:28:52.258] [SEVERE ] setting player 2 freeze to 3588
[00:28:52.269] [SEVERE ] setting player 2 freeze to 3577
[00:28:52.279] [SEVERE ] setting player 2 freeze to 3567
[00:28:52.289] [SEVERE ] setting player 2 freeze to 3557
[00:28:52.299] [SEVERE ] setting player 2 freeze to 3547
[00:28:52.309] [SEVERE ] setting player 2 freeze to 3537
[00:28:52.320] [SEVERE ] setting player 2 freeze to 3526
[00:28:52.331] [SEVERE ] setting player 2 freeze to 3515
[00:28:52.341] [SEVERE ] setting player 2 freeze to 3505
[00:28:52.351] [SEVERE ] setting player 2 freeze to 3495
[00:28:52.361] [SEVERE ] setting player 2 freeze to 3485
[00:28:52.372] [SEVERE ] setting player 2 freeze to 3474
[00:28:52.383] [SEVERE ] setting player 2 freeze to 3463
[00:28:52.393] [SEVERE ] setting player 2 freeze to 3453
[00:28:52.404] [SEVERE ] setting player 2 freeze to 3442
[00:28:52.415] [SEVERE ] setting player 2 freeze to 3431
[00:28:52.425] [SEVERE ] setting player 2 freeze to 3421
[00:28:52.435] [SEVERE ] setting player 2 freeze to 3411
[00:28:52.445] [SEVERE ] setting player 2 freeze to 3401
[00:28:52.455] [SEVERE ] setting player 2 freeze to 3391
[00:28:52.465] [SEVERE ] setting player 2 freeze to 3381
[00:28:52.475] [SEVERE ] setting player 2 freeze to 3371
[00:28:52.485] [SEVERE ] setting player 2 freeze to 3361
[00:28:52.496] [SEVERE ] setting player 2 freeze to 3350
[00:28:52.506] [SEVERE ] setting player 2 freeze to 3340
[00:28:52.516] [SEVERE ] setting player 2 freeze to 3330
[00:28:52.527] [SEVERE ] setting player 2 freeze to 3319
[00:28:52.538] [SEVERE ] setting player 2 freeze to 3308
[00:28:52.549] [SEVERE ] setting player 2 freeze to 3297
[00:28:52.559] [SEVERE ] setting player 2 freeze to 3287
[00:28:52.570] [SEVERE ] setting player 2 freeze to 3276
[00:28:52.580] [SEVERE ] setting player 2 freeze to 3266
[00:28:52.590] [SEVERE ] setting player 2 freeze to 3256
[00:28:52.601] [SEVERE ] setting player 2 freeze to 3245
[00:28:52.612] [SEVERE ] setting player 2 freeze to 3234
[00:28:52.622] [SEVERE ] setting player 2 freeze to 3224
[00:28:52.632] [SEVERE ] setting player 2 freeze to 3214
[00:28:52.642] [SEVERE ] setting player 2 freeze to 3204
[00:28:52.652] [SEVERE ] setting player 2 freeze to 3194
[00:28:52.662] [SEVERE ] setting player 2 freeze to 3184
[00:28:52.673] [SEVERE ] setting player 2 freeze to 3173
[00:28:52.684] [SEVERE ] setting player 2 freeze to 3162
[00:28:52.694] [SEVERE ] setting player 2 freeze to 3152
[00:28:52.705] [SEVERE ] setting player 2 freeze to 3141
[00:28:52.715] [SEVERE ] setting player 2 freeze to 3131
[00:28:52.725] [SEVERE ] setting player 2 freeze to 3121
[00:28:52.736] [SEVERE ] setting player 2 freeze to 3110
[00:28:52.746] [SEVERE ] setting player 2 freeze to 3100
[00:28:52.756] [SEVERE ] setting player 2 freeze to 3090
[00:28:52.766] [SEVERE ] setting player 2 freeze to 3080
[00:28:52.776] [SEVERE ] setting player 2 freeze to 3070
[00:28:52.786] [SEVERE ] setting player 2 freeze to 3060
[00:28:52.797] [SEVERE ] setting player 2 freeze to 3049
[00:28:52.808] [SEVERE ] setting player 2 freeze to 3038
[00:28:52.818] [SEVERE ] setting player 2 freeze to 3028
[00:28:52.828] [SEVERE ] setting player 2 freeze to 3018
[00:28:52.837] [SEVERE ] updating countdown to 59998
[00:28:52.838] [SEVERE ] setting player 2 freeze to 3008
[00:28:52.852] [SEVERE ] setting player 2 freeze to 2994
[00:28:52.863] [SEVERE ] setting player 2 freeze to 2983
[00:28:52.873] [SEVERE ] setting player 2 freeze to 2973
[00:28:52.884] [SEVERE ] setting player 2 freeze to 2962
[00:28:52.895] [SEVERE ] setting player 2 freeze to 2951
[00:28:52.905] [SEVERE ] setting player 2 freeze to 2941
[00:28:52.916] [SEVERE ] setting player 2 freeze to 2930
[00:28:52.927] [SEVERE ] setting player 2 freeze to 2919
[00:28:52.937] [SEVERE ] setting player 2 freeze to 2909
[00:28:52.947] [SEVERE ] setting player 2 freeze to 2899
[00:28:52.958] [SEVERE ] setting player 2 freeze to 2888
[00:28:52.969] [SEVERE ] setting player 2 freeze to 2877
[00:28:52.979] [SEVERE ] setting player 2 freeze to 2867
[00:28:52.990] [SEVERE ] setting player 2 freeze to 2856
[00:28:53.001] [SEVERE ] setting player 2 freeze to 2845
[00:28:53.011] [SEVERE ] setting player 2 freeze to 2835
[00:28:53.021] [SEVERE ] setting player 2 freeze to 2825
[00:28:53.031] [SEVERE ] setting player 2 freeze to 2815
[00:28:53.041] [SEVERE ] setting player 2 freeze to 2805
[00:28:53.052] [SEVERE ] setting player 2 freeze to 2794
[00:28:53.062] [SEVERE ] setting player 2 freeze to 2784
[00:28:53.072] [SEVERE ] setting player 2 freeze to 2774
[00:28:53.082] [SEVERE ] setting player 2 freeze to 2764
[00:28:53.092] [SEVERE ] setting player 2 freeze to 2754
[00:28:53.103] [SEVERE ] setting player 2 freeze to 2743
[00:28:53.113] [SEVERE ] setting player 2 freeze to 2733
[00:28:53.124] [SEVERE ] setting player 2 freeze to 2722
[00:28:53.134] [SEVERE ] setting player 2 freeze to 2712
[00:28:53.144] [SEVERE ] setting player 2 freeze to 2702
[00:28:53.154] [SEVERE ] setting player 2 freeze to 2692
[00:28:53.164] [SEVERE ] setting player 2 freeze to 2682
[00:28:53.174] [SEVERE ] setting player 2 freeze to 2672
[00:28:53.184] [SEVERE ] setting player 2 freeze to 2662
[00:28:53.194] [SEVERE ] setting player 2 freeze to 2652
[00:28:53.204] [SEVERE ] setting player 2 freeze to 2642
[00:28:53.214] [SEVERE ] setting player 2 freeze to 2632
[00:28:53.224] [SEVERE ] setting player 2 freeze to 2622
[00:28:53.234] [SEVERE ] setting player 2 freeze to 2612
[00:28:53.245] [SEVERE ] setting player 2 freeze to 2601
[00:28:53.255] [SEVERE ] setting player 2 freeze to 2591
[00:28:53.265] [SEVERE ] setting player 2 freeze to 2581
[00:28:53.276] [SEVERE ] setting player 2 freeze to 2570
[00:28:53.286] [SEVERE ] setting player 2 freeze to 2560
[00:28:53.297] [SEVERE ] setting player 2 freeze to 2549
[00:28:53.307] [SEVERE ] setting player 2 freeze to 2539
[00:28:53.318] [SEVERE ] setting player 2 freeze to 2528
[00:28:53.329] [SEVERE ] setting player 2 freeze to 2517
[00:28:53.339] [SEVERE ] setting player 2 freeze to 2507
[00:28:53.349] [SEVERE ] setting player 2 freeze to 2497
[00:28:53.359] [SEVERE ] setting player 2 freeze to 2487
[00:28:53.369] [SEVERE ] setting player 2 freeze to 2477
[00:28:53.380] [SEVERE ] setting player 2 freeze to 2466
[00:28:53.391] [SEVERE ] setting player 2 freeze to 2455
[00:28:53.401] [SEVERE ] setting player 2 freeze to 2445
[00:28:53.412] [SEVERE ] setting player 2 freeze to 2434
[00:28:53.422] [SEVERE ] setting player 2 freeze to 2424
[00:28:53.433] [SEVERE ] setting player 2 freeze to 2413
[00:28:53.443] [SEVERE ] setting player 2 freeze to 2403
[00:28:53.454] [SEVERE ] setting player 2 freeze to 2392
[00:28:53.464] [SEVERE ] setting player 2 freeze to 2382
[00:28:53.475] [SEVERE ] setting player 2 freeze to 2371
[00:28:53.485] [SEVERE ] setting player 2 freeze to 2361
[00:28:53.495] [SEVERE ] setting player 2 freeze to 2351
[00:28:53.505] [SEVERE ] setting player 2 freeze to 2341
[00:28:53.515] [SEVERE ] setting player 2 freeze to 2331
[00:28:53.525] [SEVERE ] setting player 2 freeze to 2321
[00:28:53.536] [SEVERE ] setting player 2 freeze to 2310
[00:28:53.546] [SEVERE ] setting player 2 freeze to 2300
[00:28:53.556] [SEVERE ] setting player 2 freeze to 2290
[00:28:53.566] [SEVERE ] setting player 2 freeze to 2280
[00:28:53.576] [SEVERE ] setting player 2 freeze to 2270
[00:28:53.587] [SEVERE ] setting player 2 freeze to 2259
[00:28:53.597] [SEVERE ] setting player 2 freeze to 2249
[00:28:53.607] [SEVERE ] setting player 2 freeze to 2239
[00:28:53.617] [SEVERE ] setting player 2 freeze to 2229
[00:28:53.627] [SEVERE ] setting player 2 freeze to 2219
[00:28:53.637] [SEVERE ] setting player 2 freeze to 2209
[00:28:53.648] [SEVERE ] setting player 2 freeze to 2198
[00:28:53.659] [SEVERE ] setting player 2 freeze to 2187
[00:28:53.670] [SEVERE ] setting player 2 freeze to 2176
[00:28:53.681] [SEVERE ] setting player 2 freeze to 2165
[00:28:53.691] [SEVERE ] setting player 2 freeze to 2155
[00:28:53.702] [SEVERE ] setting player 2 freeze to 2144
[00:28:53.712] [SEVERE ] setting player 2 freeze to 2134
[00:28:53.723] [SEVERE ] setting player 2 freeze to 2123
[00:28:53.733] [SEVERE ] setting player 2 freeze to 2113
[00:28:53.744] [SEVERE ] setting player 2 freeze to 2102
[00:28:53.754] [SEVERE ] setting player 2 freeze to 2092
[00:28:53.764] [SEVERE ] setting player 2 freeze to 2082
[00:28:53.774] [SEVERE ] setting player 2 freeze to 2072
[00:28:53.785] [SEVERE ] setting player 2 freeze to 2061
[00:28:53.796] [SEVERE ] setting player 2 freeze to 2050
[00:28:53.806] [SEVERE ] setting player 2 freeze to 2040
[00:28:53.817] [SEVERE ] setting player 2 freeze to 2029
[00:28:53.827] [SEVERE ] setting player 2 freeze to 2019
[00:28:53.837] [SEVERE ] updating countdown to 58998
[00:28:53.838] [SEVERE ] setting player 2 freeze to 2008
[00:28:53.850] [SEVERE ] setting player 2 freeze to 1996
[00:28:53.861] [SEVERE ] setting player 2 freeze to 1985
[00:28:53.871] [SEVERE ] setting player 2 freeze to 1975
[00:28:53.881] [SEVERE ] setting player 2 freeze to 1965
[00:28:53.892] [SEVERE ] setting player 2 freeze to 1954
[00:28:53.903] [SEVERE ] setting player 2 freeze to 1943
[00:28:53.914] [SEVERE ] setting player 2 freeze to 1932
[00:28:53.924] [SEVERE ] setting player 2 freeze to 1922
[00:28:53.934] [SEVERE ] setting player 2 freeze to 1912
[00:28:53.944] [SEVERE ] setting player 2 freeze to 1902
[00:28:53.954] [SEVERE ] setting player 2 freeze to 1892
[00:28:53.965] [SEVERE ] setting player 2 freeze to 1881
[00:28:53.976] [SEVERE ] setting player 2 freeze to 1870
[00:28:53.986] [SEVERE ] setting player 2 freeze to 1860
[00:28:53.997] [SEVERE ] setting player 2 freeze to 1849
[00:28:54.007] [SEVERE ] setting player 2 freeze to 1839
[00:28:54.018] [SEVERE ] setting player 2 freeze to 1828
[00:28:54.029] [SEVERE ] setting player 2 freeze to 1817
[00:28:54.039] [SEVERE ] setting player 2 freeze to 1807
[00:28:54.049] [SEVERE ] setting player 2 freeze to 1797
[00:28:54.060] [SEVERE ] setting player 2 freeze to 1786
[00:28:54.071] [SEVERE ] setting player 2 freeze to 1775
[00:28:54.081] [SEVERE ] setting player 2 freeze to 1765
[00:28:54.091] [SEVERE ] setting player 2 freeze to 1755
[00:28:54.101] [SEVERE ] setting player 2 freeze to 1745
[00:28:54.112] [SEVERE ] setting player 2 freeze to 1734
[00:28:54.122] [SEVERE ] setting player 2 freeze to 1724
[00:28:54.132] [SEVERE ] setting player 2 freeze to 1714
[00:28:54.143] [SEVERE ] setting player 2 freeze to 1703
[00:28:54.153] [SEVERE ] setting player 2 freeze to 1693
[00:28:54.163] [SEVERE ] setting player 2 freeze to 1683
[00:28:54.174] [SEVERE ] setting player 2 freeze to 1672
[00:28:54.184] [SEVERE ] setting player 2 freeze to 1662
[00:28:54.195] [SEVERE ] setting player 2 freeze to 1651
[00:28:54.205] [SEVERE ] setting player 2 freeze to 1641
[00:28:54.215] [SEVERE ] setting player 2 freeze to 1631
[00:28:54.226] [SEVERE ] setting player 2 freeze to 1620
[00:28:54.237] [SEVERE ] setting player 2 freeze to 1609
[00:28:54.248] [SEVERE ] setting player 2 freeze to 1598
[00:28:54.258] [SEVERE ] setting player 2 freeze to 1588
[00:28:54.268] [SEVERE ] setting player 2 freeze to 1578
[00:28:54.278] [SEVERE ] setting player 2 freeze to 1568
[00:28:54.288] [SEVERE ] setting player 2 freeze to 1558
[00:28:54.298] [SEVERE ] setting player 2 freeze to 1548
[00:28:54.308] [SEVERE ] setting player 2 freeze to 1538
[00:28:54.318] [SEVERE ] setting player 2 freeze to 1528
[00:28:54.329] [SEVERE ] setting player 2 freeze to 1517
[00:28:54.340] [SEVERE ] setting player 2 freeze to 1506
[00:28:54.350] [SEVERE ] setting player 2 freeze to 1496
[00:28:54.361] [SEVERE ] setting player 2 freeze to 1485
[00:28:54.371] [SEVERE ] setting player 2 freeze to 1475
[00:28:54.381] [SEVERE ] setting player 2 freeze to 1465
[00:28:54.391] [SEVERE ] setting player 2 freeze to 1455
[00:28:54.401] [SEVERE ] setting player 2 freeze to 1445
[00:28:54.411] [SEVERE ] setting player 2 freeze to 1435
[00:28:54.422] [SEVERE ] setting player 2 freeze to 1424
[00:28:54.432] [SEVERE ] setting player 2 freeze to 1414
[00:28:54.442] [SEVERE ] setting player 2 freeze to 1404
[00:28:54.452] [SEVERE ] setting player 2 freeze to 1394
[00:28:54.463] [SEVERE ] setting player 2 freeze to 1383
[00:28:54.474] [SEVERE ] setting player 2 freeze to 1372
[00:28:54.485] [SEVERE ] setting player 2 freeze to 1361
[00:28:54.495] [SEVERE ] setting player 2 freeze to 1351
[00:28:54.505] [SEVERE ] setting player 2 freeze to 1341
[00:28:54.516] [SEVERE ] setting player 2 freeze to 1330
[00:28:54.526] [SEVERE ] setting player 2 freeze to 1320
[00:28:54.537] [SEVERE ] setting player 2 freeze to 1309
[00:28:54.547] [SEVERE ] setting player 2 freeze to 1299
[00:28:54.558] [SEVERE ] setting player 2 freeze to 1288
[00:28:54.569] [SEVERE ] setting player 2 freeze to 1277
[00:28:54.579] [SEVERE ] setting player 2 freeze to 1267
[00:28:54.589] [SEVERE ] setting player 2 freeze to 1257
[00:28:54.600] [SEVERE ] setting player 2 freeze to 1246
[00:28:54.610] [SEVERE ] setting player 2 freeze to 1236
[00:28:54.621] [SEVERE ] setting player 2 freeze to 1225
[00:28:54.631] [SEVERE ] setting player 2 freeze to 1215
[00:28:54.641] [SEVERE ] setting player 2 freeze to 1205
[00:28:54.651] [SEVERE ] setting player 2 freeze to 1195
[00:28:54.661] [SEVERE ] setting player 2 freeze to 1185
[00:28:54.672] [SEVERE ] setting player 2 freeze to 1174
[00:28:54.682] [SEVERE ] setting player 2 freeze to 1164
[00:28:54.692] [SEVERE ] setting player 2 freeze to 1154
[00:28:54.702] [SEVERE ] setting player 2 freeze to 1144
[00:28:54.712] [SEVERE ] setting player 2 freeze to 1134
[00:28:54.722] [SEVERE ] setting player 2 freeze to 1124
[00:28:54.732] [SEVERE ] setting player 2 freeze to 1114
[00:28:54.742] [SEVERE ] setting player 2 freeze to 1104
[00:28:54.746] [SEVERE ] exit button pressed
[00:28:54.757] [SEVERE ] setting player 2 freeze to 1089
[00:28:54.767] [SEVERE ] setting player 2 freeze to 1079
[00:28:54.777] [SEVERE ] setting player 2 freeze to 1069
[00:28:54.787] [SEVERE ] setting player 2 freeze to 1059
[00:28:54.797] [SEVERE ] setting player 2 freeze to 1049
[00:28:54.808] [SEVERE ] setting player 2 freeze to 1038
[00:28:54.818] [SEVERE ] setting player 2 freeze to 1028
[00:28:54.828] [SEVERE ] setting player 2 freeze to 1018
[00:28:54.837] [SEVERE ] updating countdown to 57998
[00:28:54.838] [SEVERE ] setting player 2 freeze to 1008
[00:28:54.849] [SEVERE ] setting player 2 freeze to 997
[00:28:54.865] [SEVERE ] setting player 2 freeze to 981
[00:28:54.881] [SEVERE ] setting player 2 freeze to 965
[00:28:54.897] [SEVERE ] setting player 2 freeze to 949
[00:28:54.913] [SEVERE ] setting player 2 freeze to 933
[00:28:54.929] [SEVERE ] setting player 2 freeze to 917
[00:28:54.945] [SEVERE ] setting player 2 freeze to 901
[00:28:54.945] [SEVERE ] removing card from slot 0
[00:28:54.946] [SEVERE ] removing player 1 token from slot 0
[00:28:54.946] [SEVERE ] removing player 2 token from slot 0
[00:28:54.955] [SEVERE ] setting player 2 freeze to 891
[00:28:54.978] [SEVERE ] setting player 2 freeze to 868
[00:28:54.994] [SEVERE ] setting player 2 freeze to 852
[00:28:55.010] [SEVERE ] setting player 2 freeze to 836
[00:28:55.026] [SEVERE ] setting player 2 freeze to 820
[00:28:55.042] [SEVERE ] setting player 2 freeze to 804
[00:28:55.058] [SEVERE ] setting player 2 freeze to 788
[00:28:55.058] [SEVERE ] removing card from slot 1
[00:28:55.058] [SEVERE ] removing player 1 token from slot 1
[00:28:55.058] [SEVERE ] removing player 2 token from slot 1
[00:28:55.074] [SEVERE ] setting player 2 freeze to 772
[00:28:55.090] [SEVERE ] setting player 2 freeze to 756
[00:28:55.106] [SEVERE ] setting player 2 freeze to 740
[00:28:55.121] [SEVERE ] setting player 2 freeze to 725
[00:28:55.137] [SEVERE ] setting player 2 freeze to 709
[00:28:55.153] [SEVERE ] setting player 2 freeze to 693
[00:28:55.169] [SEVERE ] setting player 2 freeze to 677
[00:28:55.169] [SEVERE ] removing card from slot 2
[00:28:55.169] [SEVERE ] removing player 1 token from slot 2
[00:28:55.169] [SEVERE ] removing player 2 token from slot 2
[00:28:55.185] [SEVERE ] setting player 2 freeze to 661
[00:28:55.200] [SEVERE ] setting player 2 freeze to 646
[00:28:55.216] [SEVERE ] setting player 2 freeze to 630
[00:28:55.232] [SEVERE ] setting player 2 freeze to 614
[00:28:55.248] [SEVERE ] setting player 2 freeze to 598
[00:28:55.264] [SEVERE ] setting player 2 freeze to 582
[00:28:55.279] [SEVERE ] setting player 2 freeze to 567
[00:28:55.279] [SEVERE ] removing card from slot 3
[00:28:55.280] [SEVERE ] removing player 1 token from slot 3
[00:28:55.280] [SEVERE ] removing player 2 token from slot 3
[00:28:55.296] [SEVERE ] setting player 2 freeze to 550
[00:28:55.311] [SEVERE ] setting player 2 freeze to 535
[00:28:55.327] [SEVERE ] setting player 2 freeze to 519
[00:28:55.343] [SEVERE ] setting player 2 freeze to 503
[00:28:55.358] [SEVERE ] setting player 2 freeze to 488
[00:28:55.374] [SEVERE ] setting player 2 freeze to 472
[00:28:55.390] [SEVERE ] setting player 2 freeze to 456
[00:28:55.390] [SEVERE ] removing card from slot 4
[00:28:55.390] [SEVERE ] removing player 1 token from slot 4
[00:28:55.390] [SEVERE ] removing player 2 token from slot 4
[00:28:55.401] [SEVERE ] setting player 2 freeze to 445
[00:28:55.422] [SEVERE ] setting player 2 freeze to 424
[00:28:55.437] [SEVERE ] setting player 2 freeze to 409
[00:28:55.452] [SEVERE ] setting player 2 freeze to 394
[00:28:55.469] [SEVERE ] setting player 2 freeze to 377
[00:28:55.484] [SEVERE ] setting player 2 freeze to 362
[00:28:55.500] [SEVERE ] setting player 2 freeze to 346
[00:28:55.500] [SEVERE ] removing card from slot 5
[00:28:55.500] [SEVERE ] removing player 1 token from slot 5
[00:28:55.500] [SEVERE ] removing player 2 token from slot 5
[00:28:55.516] [SEVERE ] setting player 2 freeze to 330
[00:28:55.532] [SEVERE ] setting player 2 freeze to 314
[00:28:55.548] [SEVERE ] setting player 2 freeze to 298
[00:28:55.564] [SEVERE ] setting player 2 freeze to 282
[00:28:55.580] [SEVERE ] setting player 2 freeze to 266
[00:28:55.596] [SEVERE ] setting player 2 freeze to 250
[00:28:55.612] [SEVERE ] removing card from slot 6
[00:28:55.612] [SEVERE ] setting player 2 freeze to 234
[00:28:55.612] [SEVERE ] removing player 1 token from slot 6
[00:28:55.612] [SEVERE ] removing player 2 token from slot 6
[00:28:55.628] [SEVERE ] setting player 2 freeze to 218
[00:28:55.643] [SEVERE ] setting player 2 freeze to 203
[00:28:55.658] [SEVERE ] setting player 2 freeze to 188
[00:28:55.674] [SEVERE ] setting player 2 freeze to 172
[00:28:55.690] [SEVERE ] setting player 2 freeze to 156
[00:28:55.706] [SEVERE ] setting player 2 freeze to 140
[00:28:55.722] [SEVERE ] removing card from slot 7
[00:28:55.722] [SEVERE ] setting player 2 freeze to 124
[00:28:55.722] [SEVERE ] removing player 1 token from slot 7
[00:28:55.722] [SEVERE ] removing player 2 token from slot 7
[00:28:55.733] [SEVERE ] setting player 2 freeze to 113
[00:28:55.754] [SEVERE ] setting player 2 freeze to 92
[00:28:55.770] [SEVERE ] setting player 2 freeze to 76
[00:28:55.786] [SEVERE ] setting player 2 freeze to 60
[00:28:55.802] [SEVERE ] setting player 2 freeze to 44
[00:28:55.817] [SEVERE ] setting player 2 freeze to 29
[00:28:55.833] [SEVERE ] setting player 2 freeze to 13
[00:28:55.833] [SEVERE ] removing card from slot 8
[00:28:55.833] [SEVERE ] removing player 1 token from slot 8
[00:28:55.833] [SEVERE ] removing player 2 token from slot 8
[00:28:55.849] [SEVERE ] setting player 2 freeze to -3
[00:28:55.849] [SEVERE ] removing player 2 token from slot 7
[00:28:55.849] [SEVERE ] removing player 2 token from slot 2
[00:28:55.849] [SEVERE ] removing player 2 token from slot 11
[00:28:55.865] [INFO   ] Thread computer-1 terminated.
[00:28:55.865] [INFO   ] Thread player1 terminated.
[00:28:55.866] [INFO   ] Thread player0 terminated.
[00:28:55.866] [SEVERE ] thanks for playing... it was fun!
[00:28:55.866] [INFO   ] thread main terminated.
