[22:29:31.259] [INFO   ] thread main starting.
[22:29:31.265] [SEVERE ] cannot read configuration file config.properties trying from resources.
[22:29:31.266] [SEVERE ] configuration file was loaded from resources directory.
[22:29:31.676] [INFO   ] thread dealer starting.
[22:29:31.676] [INFO   ] Thread dealer starting.
[22:29:31.677] [INFO   ] Thread player0 starting.
[22:29:31.677] [INFO   ] Thread player1 starting.
[22:29:31.778] [SEVERE ] placing card 51 in slot 0
[22:29:31.892] [SEVERE ] placing card 66 in slot 1
[22:29:32.001] [SEVERE ] placing card 31 in slot 2
[22:29:32.110] [SEVERE ] placing card 44 in slot 3
[22:29:32.218] [SEVERE ] placing card 5 in slot 4
[22:29:32.330] [SEVERE ] placing card 73 in slot 5
[22:29:32.439] [SEVERE ] placing card 10 in slot 6
[22:29:32.551] [SEVERE ] placing card 11 in slot 7
[22:29:32.658] [SEVERE ] placing card 15 in slot 8
[22:29:32.665] [SEVERE ] updating countdown to 60000
[22:29:33.624] [SEVERE ] updating countdown to 60041
[22:29:34.584] [SEVERE ] updating countdown to 59081
[22:29:35.548] [SEVERE ] updating countdown to 58117
[22:29:36.140] [SEVERE ] key 87 was pressed by player 1
[22:29:36.141] [SEVERE ] player 1 placing token on slot 1
[22:29:36.502] [SEVERE ] updating countdown to 57163
[22:29:36.564] [SEVERE ] key 73 was pressed by player 2
[22:29:36.564] [SEVERE ] player 2 placing token on slot 1
[22:29:37.457] [SEVERE ] updating countdown to 56208
[22:29:38.415] [SEVERE ] updating countdown to 55250
[22:29:38.492] [SEVERE ] key 82 was pressed by player 1
[22:29:38.492] [SEVERE ] player 1 placing token on slot 3
[22:29:39.368] [SEVERE ] updating countdown to 54297
[22:29:39.931] [SEVERE ] key 80 was pressed by player 2
[22:29:39.932] [SEVERE ] player 2 placing token on slot 3
[22:29:40.324] [SEVERE ] updating countdown to 53341
[22:29:41.281] [SEVERE ] updating countdown to 52384
[22:29:42.236] [SEVERE ] updating countdown to 51429
[22:29:43.192] [SEVERE ] updating countdown to 50473
[22:29:44.144] [SEVERE ] updating countdown to 49521
[22:29:44.716] [SEVERE ] key 68 was pressed by player 1
[22:29:44.716] [SEVERE ] player 1 placing token on slot 6
[22:29:44.716] [SEVERE ] setting player 1 score to 1
[22:29:44.717] [SEVERE ] removing player 1 token from slot 1
[22:29:44.717] [SEVERE ] removing player 1 token from slot 3
[22:29:44.717] [SEVERE ] removing player 1 token from slot 6
[22:29:44.717] [SEVERE ] removing player 2 token from slot 1
[22:29:44.718] [SEVERE ] removing player 2 token from slot 3
[22:29:44.718] [SEVERE ] setting player 1 freeze to 0
[22:29:44.718] [SEVERE ] removing player 2 token from slot 6
[22:29:44.732] [SEVERE ] key 76 was pressed by player 2
[22:29:44.831] [SEVERE ] removing card from slot 1
[22:29:44.941] [SEVERE ] removing card from slot 3
[22:29:45.049] [SEVERE ] removing card from slot 6
[22:29:45.159] [SEVERE ] removing card from slot 0
[22:29:45.159] [SEVERE ] removing player 1 token from slot 0
[22:29:45.159] [SEVERE ] removing player 2 token from slot 0
[22:29:45.269] [SEVERE ] removing card from slot 2
[22:29:45.269] [SEVERE ] removing player 1 token from slot 2
[22:29:45.269] [SEVERE ] removing player 2 token from slot 2
[22:29:45.378] [SEVERE ] removing card from slot 4
[22:29:45.378] [SEVERE ] removing player 1 token from slot 4
[22:29:45.378] [SEVERE ] removing player 2 token from slot 4
[22:29:45.490] [SEVERE ] removing card from slot 5
[22:29:45.490] [SEVERE ] removing player 1 token from slot 5
[22:29:45.490] [SEVERE ] removing player 2 token from slot 5
[22:29:45.602] [SEVERE ] removing card from slot 7
[22:29:45.602] [SEVERE ] removing player 1 token from slot 7
[22:29:45.602] [SEVERE ] removing player 2 token from slot 7
[22:29:45.711] [SEVERE ] removing card from slot 8
[22:29:45.711] [SEVERE ] removing player 1 token from slot 8
[22:29:45.711] [SEVERE ] removing player 2 token from slot 8
[22:29:45.712] [SEVERE ] announcing winner(s): player 1
[22:29:45.713] [INFO   ] Thread player1 terminated.
[22:29:45.713] [INFO   ] Thread player0 terminated.
[22:29:45.714] [INFO   ] Thread dealer terminated.
[22:29:45.714] [INFO   ] thread dealer terminated.
[22:29:50.724] [SEVERE ] thanks for playing... it was fun!
[22:29:50.726] [INFO   ] thread main terminated.
[22:29:50.727] [SEVERE ] disposing of user interface elements
