[16:35:25.826] [INFO   ] thread main starting.
[16:35:25.835] [SEVERE ] cannot read configuration file config.properties trying from resources.
[16:35:25.836] [SEVERE ] configuration file was loaded from resources directory.
[16:35:26.241] [INFO   ] thread dealer starting.
[16:35:26.242] [INFO   ] Thread dealer starting.
[16:35:26.243] [INFO   ] Thread player0 starting.
[16:35:26.244] [INFO   ] Thread player1 starting.
[16:35:26.357] [SEVERE ] placing card 39 in slot 0
[16:35:26.458] [SEVERE ] placing card 60 in slot 1
[16:35:26.558] [SEVERE ] placing card 57 in slot 2
[16:35:26.659] [SEVERE ] placing card 63 in slot 3
[16:35:26.759] [SEVERE ] placing card 59 in slot 4
[16:35:26.860] [SEVERE ] placing card 20 in slot 5
[16:35:26.960] [SEVERE ] placing card 80 in slot 6
[16:35:27.061] [SEVERE ] placing card 31 in slot 7
[16:35:27.162] [SEVERE ] placing card 47 in slot 8
[16:35:27.263] [SEVERE ] placing card 41 in slot 9
[16:35:27.364] [SEVERE ] placing card 28 in slot 10
[16:35:27.464] [SEVERE ] placing card 0 in slot 11
[16:35:27.471] [SEVERE ] updating countdown to 60000
[16:35:28.472] [SEVERE ] updating countdown to 59999
[16:35:29.473] [SEVERE ] updating countdown to 58998
[16:35:30.473] [SEVERE ] updating countdown to 57998
[16:35:31.474] [SEVERE ] updating countdown to 56997
[16:35:31.543] [SEVERE ] key 82 was pressed by player 1
[16:35:31.543] [SEVERE ] player 1 placing token on slot 3
[16:35:32.474] [SEVERE ] updating countdown to 55997
[16:35:32.818] [SEVERE ] key 83 was pressed by player 1
[16:35:32.818] [SEVERE ] player 1 placing token on slot 5
[16:35:33.475] [SEVERE ] updating countdown to 54996
[16:35:33.483] [SEVERE ] key 67 was pressed by player 1
[16:35:33.484] [SEVERE ] player 1 placing token on slot 10
[16:35:33.485] [SEVERE ] setting player 1 score to 1
[16:35:33.486] [SEVERE ] removing player 1 token from slot 3
[16:35:33.487] [SEVERE ] removing player 1 token from slot 5
[16:35:33.487] [SEVERE ] removing player 1 token from slot 10
[16:35:33.488] [SEVERE ] removing player 2 token from slot 3
[16:35:33.488] [SEVERE ] setting player 1 freeze to 1999
[16:35:33.488] [SEVERE ] removing player 2 token from slot 5
[16:35:33.490] [SEVERE ] removing player 2 token from slot 10
[16:35:33.502] [SEVERE ] setting player 1 freeze to 1985
[16:35:33.512] [SEVERE ] setting player 1 freeze to 1975
[16:35:33.523] [SEVERE ] setting player 1 freeze to 1964
[16:35:33.533] [SEVERE ] setting player 1 freeze to 1954
[16:35:33.544] [SEVERE ] setting player 1 freeze to 1943
[16:35:33.554] [SEVERE ] setting player 1 freeze to 1933
[16:35:33.564] [SEVERE ] setting player 1 freeze to 1923
[16:35:33.574] [SEVERE ] setting player 1 freeze to 1913
[16:35:33.584] [SEVERE ] setting player 1 freeze to 1903
[16:35:33.590] [SEVERE ] removing card from slot 3
[16:35:33.595] [SEVERE ] setting player 1 freeze to 1892
[16:35:33.605] [SEVERE ] setting player 1 freeze to 1882
[16:35:33.616] [SEVERE ] setting player 1 freeze to 1871
[16:35:33.626] [SEVERE ] setting player 1 freeze to 1861
[16:35:33.636] [SEVERE ] setting player 1 freeze to 1851
[16:35:33.646] [SEVERE ] setting player 1 freeze to 1841
[16:35:33.656] [SEVERE ] setting player 1 freeze to 1831
[16:35:33.667] [SEVERE ] setting player 1 freeze to 1820
[16:35:33.677] [SEVERE ] setting player 1 freeze to 1810
[16:35:33.687] [SEVERE ] setting player 1 freeze to 1800
[16:35:33.691] [SEVERE ] removing card from slot 5
[16:35:33.698] [SEVERE ] setting player 1 freeze to 1789
[16:35:33.708] [SEVERE ] setting player 1 freeze to 1779
[16:35:33.718] [SEVERE ] setting player 1 freeze to 1769
[16:35:33.728] [SEVERE ] setting player 1 freeze to 1759
[16:35:33.738] [SEVERE ] setting player 1 freeze to 1749
[16:35:33.749] [SEVERE ] setting player 1 freeze to 1738
[16:35:33.759] [SEVERE ] setting player 1 freeze to 1728
[16:35:33.769] [SEVERE ] setting player 1 freeze to 1718
[16:35:33.779] [SEVERE ] setting player 1 freeze to 1708
[16:35:33.790] [SEVERE ] setting player 1 freeze to 1697
[16:35:33.791] [SEVERE ] removing card from slot 10
[16:35:33.800] [SEVERE ] setting player 1 freeze to 1687
[16:35:33.810] [SEVERE ] setting player 1 freeze to 1677
[16:35:33.820] [SEVERE ] setting player 1 freeze to 1667
[16:35:33.830] [SEVERE ] setting player 1 freeze to 1657
[16:35:33.841] [SEVERE ] setting player 1 freeze to 1646
[16:35:33.851] [SEVERE ] setting player 1 freeze to 1636
[16:35:33.861] [SEVERE ] setting player 1 freeze to 1626
[16:35:33.871] [SEVERE ] setting player 1 freeze to 1616
[16:35:33.881] [SEVERE ] setting player 1 freeze to 1606
[16:35:33.892] [SEVERE ] setting player 1 freeze to 1595
[16:35:33.892] [SEVERE ] placing card 70 in slot 3
[16:35:33.902] [SEVERE ] setting player 1 freeze to 1585
[16:35:33.912] [SEVERE ] setting player 1 freeze to 1575
[16:35:33.922] [SEVERE ] setting player 1 freeze to 1565
[16:35:33.933] [SEVERE ] setting player 1 freeze to 1554
[16:35:33.943] [SEVERE ] setting player 1 freeze to 1544
[16:35:33.953] [SEVERE ] setting player 1 freeze to 1534
[16:35:33.963] [SEVERE ] setting player 1 freeze to 1524
[16:35:33.973] [SEVERE ] setting player 1 freeze to 1514
[16:35:33.984] [SEVERE ] setting player 1 freeze to 1503
[16:35:33.992] [SEVERE ] placing card 75 in slot 5
[16:35:33.994] [SEVERE ] setting player 1 freeze to 1493
[16:35:34.004] [SEVERE ] setting player 1 freeze to 1483
[16:35:34.015] [SEVERE ] setting player 1 freeze to 1473
[16:35:34.025] [SEVERE ] setting player 1 freeze to 1462
[16:35:34.035] [SEVERE ] setting player 1 freeze to 1452
[16:35:34.045] [SEVERE ] setting player 1 freeze to 1442
[16:35:34.056] [SEVERE ] setting player 1 freeze to 1432
[16:35:34.066] [SEVERE ] setting player 1 freeze to 1421
[16:35:34.076] [SEVERE ] setting player 1 freeze to 1411
[16:35:34.086] [SEVERE ] setting player 1 freeze to 1401
[16:35:34.093] [SEVERE ] placing card 19 in slot 10
[16:35:34.096] [SEVERE ] setting player 1 freeze to 1391
[16:35:34.107] [SEVERE ] setting player 1 freeze to 1380
[16:35:34.117] [SEVERE ] setting player 1 freeze to 1370
[16:35:34.127] [SEVERE ] setting player 1 freeze to 1360
[16:35:34.137] [SEVERE ] setting player 1 freeze to 1350
[16:35:34.147] [SEVERE ] setting player 1 freeze to 1340
[16:35:34.158] [SEVERE ] setting player 1 freeze to 1329
[16:35:34.168] [SEVERE ] setting player 1 freeze to 1319
[16:35:34.178] [SEVERE ] setting player 1 freeze to 1309
[16:35:34.188] [SEVERE ] setting player 1 freeze to 1299
[16:35:34.193] [SEVERE ] removing card from slot 0
[16:35:34.193] [SEVERE ] removing player 1 token from slot 0
[16:35:34.194] [SEVERE ] removing player 2 token from slot 0
[16:35:34.199] [SEVERE ] setting player 1 freeze to 1288
[16:35:34.209] [SEVERE ] setting player 1 freeze to 1278
[16:35:34.219] [SEVERE ] setting player 1 freeze to 1268
[16:35:34.229] [SEVERE ] setting player 1 freeze to 1258
[16:35:34.240] [SEVERE ] setting player 1 freeze to 1247
[16:35:34.250] [SEVERE ] setting player 1 freeze to 1237
[16:35:34.260] [SEVERE ] setting player 1 freeze to 1227
[16:35:34.270] [SEVERE ] setting player 1 freeze to 1217
[16:35:34.280] [SEVERE ] setting player 1 freeze to 1207
[16:35:34.291] [SEVERE ] setting player 1 freeze to 1196
[16:35:34.297] [SEVERE ] removing card from slot 1
[16:35:34.297] [SEVERE ] removing player 1 token from slot 1
[16:35:34.298] [SEVERE ] removing player 2 token from slot 1
[16:35:34.301] [SEVERE ] setting player 1 freeze to 1186
[16:35:34.311] [SEVERE ] setting player 1 freeze to 1176
[16:35:34.322] [SEVERE ] setting player 1 freeze to 1165
[16:35:34.332] [SEVERE ] setting player 1 freeze to 1155
[16:35:34.342] [SEVERE ] setting player 1 freeze to 1145
[16:35:34.353] [SEVERE ] setting player 1 freeze to 1134
[16:35:34.363] [SEVERE ] setting player 1 freeze to 1124
[16:35:34.373] [SEVERE ] setting player 1 freeze to 1114
[16:35:34.383] [SEVERE ] setting player 1 freeze to 1104
[16:35:34.393] [SEVERE ] setting player 1 freeze to 1094
[16:35:34.398] [SEVERE ] removing card from slot 2
[16:35:34.398] [SEVERE ] removing player 1 token from slot 2
[16:35:34.402] [SEVERE ] removing player 2 token from slot 2
[16:35:34.404] [SEVERE ] setting player 1 freeze to 1083
[16:35:34.414] [SEVERE ] setting player 1 freeze to 1073
[16:35:34.424] [SEVERE ] setting player 1 freeze to 1063
[16:35:34.434] [SEVERE ] setting player 1 freeze to 1053
[16:35:34.444] [SEVERE ] setting player 1 freeze to 1043
[16:35:34.455] [SEVERE ] setting player 1 freeze to 1032
[16:35:34.465] [SEVERE ] setting player 1 freeze to 1022
[16:35:34.475] [SEVERE ] setting player 1 freeze to 1012
[16:35:34.485] [SEVERE ] setting player 1 freeze to 1002
[16:35:34.495] [SEVERE ] setting player 1 freeze to 992
[16:35:34.502] [SEVERE ] removing card from slot 3
[16:35:34.502] [SEVERE ] removing player 1 token from slot 3
[16:35:34.503] [SEVERE ] removing player 2 token from slot 3
[16:35:34.506] [SEVERE ] setting player 1 freeze to 981
[16:35:34.516] [SEVERE ] setting player 1 freeze to 971
[16:35:34.526] [SEVERE ] setting player 1 freeze to 961
[16:35:34.536] [SEVERE ] setting player 1 freeze to 951
[16:35:34.546] [SEVERE ] setting player 1 freeze to 941
[16:35:34.557] [SEVERE ] setting player 1 freeze to 930
[16:35:34.567] [SEVERE ] setting player 1 freeze to 920
[16:35:34.577] [SEVERE ] setting player 1 freeze to 910
[16:35:34.587] [SEVERE ] setting player 1 freeze to 900
[16:35:34.597] [SEVERE ] setting player 1 freeze to 890
[16:35:34.603] [SEVERE ] removing card from slot 4
[16:35:34.603] [SEVERE ] removing player 1 token from slot 4
[16:35:34.604] [SEVERE ] removing player 2 token from slot 4
[16:35:34.608] [SEVERE ] setting player 1 freeze to 879
[16:35:34.618] [SEVERE ] setting player 1 freeze to 869
[16:35:34.628] [SEVERE ] setting player 1 freeze to 859
[16:35:34.638] [SEVERE ] setting player 1 freeze to 849
[16:35:34.649] [SEVERE ] setting player 1 freeze to 838
[16:35:34.659] [SEVERE ] setting player 1 freeze to 828
[16:35:34.669] [SEVERE ] setting player 1 freeze to 818
[16:35:34.679] [SEVERE ] setting player 1 freeze to 808
[16:35:34.689] [SEVERE ] setting player 1 freeze to 798
[16:35:34.700] [SEVERE ] setting player 1 freeze to 787
[16:35:34.704] [SEVERE ] removing card from slot 5
[16:35:34.704] [SEVERE ] removing player 1 token from slot 5
[16:35:34.705] [SEVERE ] removing player 2 token from slot 5
[16:35:34.710] [SEVERE ] setting player 1 freeze to 777
[16:35:34.720] [SEVERE ] setting player 1 freeze to 767
[16:35:34.730] [SEVERE ] setting player 1 freeze to 757
[16:35:34.740] [SEVERE ] setting player 1 freeze to 747
[16:35:34.751] [SEVERE ] setting player 1 freeze to 736
[16:35:34.761] [SEVERE ] setting player 1 freeze to 726
[16:35:34.771] [SEVERE ] setting player 1 freeze to 716
[16:35:34.781] [SEVERE ] setting player 1 freeze to 706
[16:35:34.791] [SEVERE ] setting player 1 freeze to 696
[16:35:34.802] [SEVERE ] setting player 1 freeze to 685
[16:35:34.805] [SEVERE ] removing card from slot 6
[16:35:34.805] [SEVERE ] removing player 1 token from slot 6
[16:35:34.806] [SEVERE ] removing player 2 token from slot 6
[16:35:34.812] [SEVERE ] setting player 1 freeze to 675
[16:35:34.822] [SEVERE ] setting player 1 freeze to 665
[16:35:34.832] [SEVERE ] setting player 1 freeze to 655
[16:35:34.843] [SEVERE ] setting player 1 freeze to 644
[16:35:34.853] [SEVERE ] setting player 1 freeze to 634
[16:35:34.863] [SEVERE ] setting player 1 freeze to 624
[16:35:34.873] [SEVERE ] setting player 1 freeze to 614
[16:35:34.883] [SEVERE ] setting player 1 freeze to 604
[16:35:34.894] [SEVERE ] setting player 1 freeze to 593
[16:35:34.904] [SEVERE ] setting player 1 freeze to 583
[16:35:34.906] [SEVERE ] removing card from slot 7
[16:35:34.906] [SEVERE ] removing player 1 token from slot 7
[16:35:34.906] [SEVERE ] removing player 2 token from slot 7
[16:35:34.914] [SEVERE ] setting player 1 freeze to 573
[16:35:34.924] [SEVERE ] setting player 1 freeze to 563
[16:35:34.934] [SEVERE ] setting player 1 freeze to 553
[16:35:34.944] [SEVERE ] setting player 1 freeze to 543
[16:35:34.955] [SEVERE ] setting player 1 freeze to 532
[16:35:34.965] [SEVERE ] setting player 1 freeze to 522
[16:35:34.975] [SEVERE ] setting player 1 freeze to 512
[16:35:34.986] [SEVERE ] setting player 1 freeze to 501
[16:35:34.996] [SEVERE ] setting player 1 freeze to 491
[16:35:35.006] [SEVERE ] setting player 1 freeze to 481
[16:35:35.007] [SEVERE ] removing card from slot 8
[16:35:35.007] [SEVERE ] removing player 1 token from slot 8
[16:35:35.008] [SEVERE ] removing player 2 token from slot 8
[16:35:35.016] [SEVERE ] setting player 1 freeze to 471
[16:35:35.026] [SEVERE ] setting player 1 freeze to 461
[16:35:35.036] [SEVERE ] setting player 1 freeze to 451
[16:35:35.047] [SEVERE ] setting player 1 freeze to 440
[16:35:35.057] [SEVERE ] setting player 1 freeze to 430
[16:35:35.067] [SEVERE ] setting player 1 freeze to 420
[16:35:35.077] [SEVERE ] setting player 1 freeze to 410
[16:35:35.087] [SEVERE ] setting player 1 freeze to 400
[16:35:35.098] [SEVERE ] setting player 1 freeze to 389
[16:35:35.108] [SEVERE ] setting player 1 freeze to 379
[16:35:35.108] [SEVERE ] removing card from slot 9
[16:35:35.108] [SEVERE ] removing player 1 token from slot 9
[16:35:35.109] [SEVERE ] removing player 2 token from slot 9
[16:35:35.118] [SEVERE ] setting player 1 freeze to 369
[16:35:35.128] [SEVERE ] setting player 1 freeze to 359
[16:35:35.138] [SEVERE ] setting player 1 freeze to 349
[16:35:35.148] [SEVERE ] setting player 1 freeze to 339
[16:35:35.159] [SEVERE ] setting player 1 freeze to 328
[16:35:35.169] [SEVERE ] setting player 1 freeze to 318
[16:35:35.179] [SEVERE ] setting player 1 freeze to 308
[16:35:35.189] [SEVERE ] setting player 1 freeze to 298
[16:35:35.199] [SEVERE ] setting player 1 freeze to 288
[16:35:35.209] [SEVERE ] removing card from slot 10
[16:35:35.209] [SEVERE ] removing player 1 token from slot 10
[16:35:35.210] [SEVERE ] removing player 2 token from slot 10
[16:35:35.209] [SEVERE ] setting player 1 freeze to 278
[16:35:35.220] [SEVERE ] setting player 1 freeze to 267
[16:35:35.230] [SEVERE ] setting player 1 freeze to 257
[16:35:35.240] [SEVERE ] setting player 1 freeze to 247
[16:35:35.251] [SEVERE ] setting player 1 freeze to 236
[16:35:35.261] [SEVERE ] setting player 1 freeze to 226
[16:35:35.271] [SEVERE ] setting player 1 freeze to 216
[16:35:35.281] [SEVERE ] setting player 1 freeze to 206
[16:35:35.291] [SEVERE ] setting player 1 freeze to 196
[16:35:35.301] [SEVERE ] setting player 1 freeze to 186
[16:35:35.310] [SEVERE ] removing card from slot 11
[16:35:35.310] [SEVERE ] removing player 1 token from slot 11
[16:35:35.310] [SEVERE ] removing player 2 token from slot 11
[16:35:35.311] [SEVERE ] announcing winner(s): player 1
[16:35:35.312] [SEVERE ] setting player 1 freeze to 175
[16:35:35.313] [INFO   ] Thread player1 terminated.
[16:35:35.314] [INFO   ] Thread player0 terminated.
[16:35:35.314] [INFO   ] Thread dealer terminated.
[16:35:35.315] [INFO   ] thread dealer terminated.
[16:35:35.322] [SEVERE ] setting player 1 freeze to 165
[16:35:35.431] [SEVERE ] key 59 was pressed by player 2
[16:35:40.315] [SEVERE ] thanks for playing... it was fun!
[16:35:40.315] [INFO   ] thread main terminated.
[16:35:40.316] [SEVERE ] disposing of user interface elements
