[14:59:24.658] [INFO   ] thread main starting.
[14:59:24.666] [SEVERE ] cannot read configuration file config.properties trying from resources.
[14:59:24.667] [SEVERE ] configuration file was loaded from resources directory.
[14:59:25.083] [INFO   ] thread dealer starting.
[14:59:25.085] [INFO   ] Thread dealer starting.
[14:59:25.086] [INFO   ] Thread player0 starting.
[14:59:25.089] [INFO   ] Thread player1 starting.
[14:59:25.197] [SEVERE ] placing card 48 in slot 0
[14:59:25.301] [SEVERE ] placing card 38 in slot 1
[14:59:25.401] [SEVERE ] placing card 34 in slot 2
[14:59:25.503] [SEVERE ] placing card 6 in slot 3
[14:59:25.603] [SEVERE ] placing card 39 in slot 4
[14:59:25.703] [SEVERE ] placing card 5 in slot 5
[14:59:25.804] [SEVERE ] placing card 3 in slot 6
[14:59:25.904] [SEVERE ] placing card 23 in slot 7
[14:59:26.005] [SEVERE ] placing card 78 in slot 8
[14:59:26.105] [SEVERE ] placing card 72 in slot 9
[14:59:26.205] [SEVERE ] placing card 53 in slot 10
[14:59:26.306] [SEVERE ] placing card 68 in slot 11
[14:59:26.311] [SEVERE ] updating countdown to 60000
[14:59:27.312] [SEVERE ] updating countdown to 59999
[14:59:27.916] [SEVERE ] key 81 was pressed by player 1
[14:59:27.916] [SEVERE ] player 1 placing token on slot 0
[14:59:28.146] [SEVERE ] key 81 was pressed by player 1
[14:59:28.146] [SEVERE ] removing player 1 token from slot 0
[14:59:28.290] [SEVERE ] key 87 was pressed by player 1
[14:59:28.290] [SEVERE ] player 1 placing token on slot 1
[14:59:28.312] [SEVERE ] updating countdown to 58999
[14:59:28.994] [SEVERE ] key 81 was pressed by player 1
[14:59:28.994] [SEVERE ] player 1 placing token on slot 0
[14:59:29.313] [SEVERE ] updating countdown to 57998
[14:59:29.474] [SEVERE ] key 87 was pressed by player 1
[14:59:29.474] [SEVERE ] removing player 1 token from slot 1
[14:59:30.170] [SEVERE ] key 87 was pressed by player 1
[14:59:30.170] [SEVERE ] player 1 placing token on slot 1
[14:59:30.313] [SEVERE ] updating countdown to 56998
[14:59:30.450] [SEVERE ] key 69 was pressed by player 1
[14:59:30.450] [SEVERE ] player 1 placing token on slot 2
[14:59:30.452] [SEVERE ] removing player 1 token from slot 0
[14:59:30.452] [SEVERE ] removing player 1 token from slot 1
[14:59:30.453] [SEVERE ] removing player 1 token from slot 2
[14:59:30.453] [SEVERE ] removing player 2 token from slot 0
[14:59:30.454] [SEVERE ] removing player 2 token from slot 1
[14:59:30.454] [SEVERE ] removing player 2 token from slot 2
[14:59:30.452] [SEVERE ] setting player 1 score to 1
[14:59:30.457] [SEVERE ] setting player 1 freeze to 1999
[14:59:30.467] [SEVERE ] setting player 1 freeze to 1989
[14:59:30.478] [SEVERE ] setting player 1 freeze to 1978
[14:59:30.488] [SEVERE ] setting player 1 freeze to 1968
[14:59:30.499] [SEVERE ] setting player 1 freeze to 1957
[14:59:30.510] [SEVERE ] setting player 1 freeze to 1946
[14:59:30.520] [SEVERE ] setting player 1 freeze to 1936
[14:59:30.530] [SEVERE ] setting player 1 freeze to 1926
[14:59:30.541] [SEVERE ] setting player 1 freeze to 1915
[14:59:30.551] [SEVERE ] setting player 1 freeze to 1905
[14:59:30.555] [SEVERE ] removing card from slot 0
[14:59:30.561] [SEVERE ] setting player 1 freeze to 1895
[14:59:30.572] [SEVERE ] setting player 1 freeze to 1884
[14:59:30.582] [SEVERE ] setting player 1 freeze to 1874
[14:59:30.592] [SEVERE ] setting player 1 freeze to 1864
[14:59:30.603] [SEVERE ] setting player 1 freeze to 1853
[14:59:30.613] [SEVERE ] setting player 1 freeze to 1843
[14:59:30.623] [SEVERE ] setting player 1 freeze to 1833
[14:59:30.633] [SEVERE ] setting player 1 freeze to 1823
[14:59:30.643] [SEVERE ] setting player 1 freeze to 1813
[14:59:30.654] [SEVERE ] setting player 1 freeze to 1802
[14:59:30.655] [SEVERE ] removing card from slot 1
[14:59:30.664] [SEVERE ] setting player 1 freeze to 1792
[14:59:30.674] [SEVERE ] setting player 1 freeze to 1782
[14:59:30.684] [SEVERE ] setting player 1 freeze to 1772
[14:59:30.694] [SEVERE ] setting player 1 freeze to 1762
[14:59:30.705] [SEVERE ] setting player 1 freeze to 1751
[14:59:30.715] [SEVERE ] setting player 1 freeze to 1741
[14:59:30.725] [SEVERE ] setting player 1 freeze to 1731
[14:59:30.735] [SEVERE ] setting player 1 freeze to 1721
[14:59:30.746] [SEVERE ] setting player 1 freeze to 1710
[14:59:30.755] [SEVERE ] removing card from slot 2
[14:59:30.756] [SEVERE ] setting player 1 freeze to 1700
[14:59:30.766] [SEVERE ] setting player 1 freeze to 1690
[14:59:30.776] [SEVERE ] setting player 1 freeze to 1680
[14:59:30.786] [SEVERE ] setting player 1 freeze to 1670
[14:59:30.797] [SEVERE ] setting player 1 freeze to 1659
[14:59:30.807] [SEVERE ] setting player 1 freeze to 1649
[14:59:30.817] [SEVERE ] setting player 1 freeze to 1639
[14:59:30.827] [SEVERE ] setting player 1 freeze to 1629
[14:59:30.838] [SEVERE ] setting player 1 freeze to 1618
[14:59:30.848] [SEVERE ] setting player 1 freeze to 1608
[14:59:30.856] [SEVERE ] placing card 40 in slot 0
[14:59:30.858] [SEVERE ] setting player 1 freeze to 1598
[14:59:30.869] [SEVERE ] setting player 1 freeze to 1587
[14:59:30.879] [SEVERE ] setting player 1 freeze to 1577
[14:59:30.889] [SEVERE ] setting player 1 freeze to 1567
[14:59:30.899] [SEVERE ] setting player 1 freeze to 1557
[14:59:30.909] [SEVERE ] setting player 1 freeze to 1547
[14:59:30.920] [SEVERE ] setting player 1 freeze to 1536
[14:59:30.930] [SEVERE ] setting player 1 freeze to 1526
[14:59:30.940] [SEVERE ] setting player 1 freeze to 1516
[14:59:30.950] [SEVERE ] setting player 1 freeze to 1506
[14:59:30.956] [SEVERE ] placing card 37 in slot 1
[14:59:30.960] [SEVERE ] setting player 1 freeze to 1496
[14:59:30.971] [SEVERE ] setting player 1 freeze to 1485
[14:59:30.981] [SEVERE ] setting player 1 freeze to 1475
[14:59:30.991] [SEVERE ] setting player 1 freeze to 1465
[14:59:31.001] [SEVERE ] setting player 1 freeze to 1455
[14:59:31.012] [SEVERE ] setting player 1 freeze to 1444
[14:59:31.022] [SEVERE ] setting player 1 freeze to 1434
[14:59:31.032] [SEVERE ] setting player 1 freeze to 1424
[14:59:31.042] [SEVERE ] setting player 1 freeze to 1414
[14:59:31.052] [SEVERE ] setting player 1 freeze to 1404
[14:59:31.056] [SEVERE ] placing card 35 in slot 2
[14:59:31.058] [SEVERE ] updating countdown to 60000
[14:59:31.063] [SEVERE ] setting player 1 freeze to 1393
[14:59:31.073] [SEVERE ] setting player 1 freeze to 1383
[14:59:31.084] [SEVERE ] setting player 1 freeze to 1372
[14:59:31.094] [SEVERE ] setting player 1 freeze to 1362
[14:59:31.105] [SEVERE ] setting player 1 freeze to 1351
[14:59:31.115] [SEVERE ] setting player 1 freeze to 1341
[14:59:31.125] [SEVERE ] setting player 1 freeze to 1331
[14:59:31.136] [SEVERE ] setting player 1 freeze to 1320
[14:59:31.146] [SEVERE ] setting player 1 freeze to 1310
[14:59:31.156] [SEVERE ] setting player 1 freeze to 1300
[14:59:31.166] [SEVERE ] setting player 1 freeze to 1290
[14:59:31.176] [SEVERE ] setting player 1 freeze to 1280
[14:59:31.187] [SEVERE ] setting player 1 freeze to 1269
[14:59:31.197] [SEVERE ] setting player 1 freeze to 1259
[14:59:31.207] [SEVERE ] setting player 1 freeze to 1249
[14:59:31.217] [SEVERE ] setting player 1 freeze to 1239
[14:59:31.227] [SEVERE ] setting player 1 freeze to 1229
[14:59:31.238] [SEVERE ] setting player 1 freeze to 1218
[14:59:31.248] [SEVERE ] setting player 1 freeze to 1208
[14:59:31.258] [SEVERE ] setting player 1 freeze to 1198
[14:59:31.268] [SEVERE ] setting player 1 freeze to 1188
[14:59:31.278] [SEVERE ] setting player 1 freeze to 1178
[14:59:31.289] [SEVERE ] setting player 1 freeze to 1168
[14:59:31.299] [SEVERE ] setting player 1 freeze to 1157
[14:59:31.309] [SEVERE ] setting player 1 freeze to 1147
[14:59:31.319] [SEVERE ] setting player 1 freeze to 1137
[14:59:31.329] [SEVERE ] setting player 1 freeze to 1127
[14:59:31.340] [SEVERE ] setting player 1 freeze to 1116
[14:59:31.350] [SEVERE ] setting player 1 freeze to 1106
[14:59:31.360] [SEVERE ] setting player 1 freeze to 1096
[14:59:31.370] [SEVERE ] setting player 1 freeze to 1086
[14:59:31.380] [SEVERE ] setting player 1 freeze to 1076
[14:59:31.391] [SEVERE ] setting player 1 freeze to 1065
[14:59:31.401] [SEVERE ] setting player 1 freeze to 1055
[14:59:31.411] [SEVERE ] setting player 1 freeze to 1045
[14:59:31.421] [SEVERE ] setting player 1 freeze to 1035
[14:59:31.431] [SEVERE ] setting player 1 freeze to 1025
[14:59:31.442] [SEVERE ] setting player 1 freeze to 1014
[14:59:31.452] [SEVERE ] setting player 1 freeze to 1004
[14:59:31.462] [SEVERE ] setting player 1 freeze to 994
[14:59:31.472] [SEVERE ] setting player 1 freeze to 984
[14:59:31.482] [SEVERE ] setting player 1 freeze to 974
[14:59:31.493] [SEVERE ] setting player 1 freeze to 963
[14:59:31.503] [SEVERE ] setting player 1 freeze to 953
[14:59:31.513] [SEVERE ] setting player 1 freeze to 943
[14:59:31.523] [SEVERE ] setting player 1 freeze to 933
[14:59:31.533] [SEVERE ] setting player 1 freeze to 923
[14:59:31.544] [SEVERE ] setting player 1 freeze to 912
[14:59:31.554] [SEVERE ] setting player 1 freeze to 902
[14:59:31.564] [SEVERE ] setting player 1 freeze to 892
[14:59:31.574] [SEVERE ] setting player 1 freeze to 882
[14:59:31.584] [SEVERE ] setting player 1 freeze to 872
[14:59:31.595] [SEVERE ] setting player 1 freeze to 861
[14:59:31.605] [SEVERE ] setting player 1 freeze to 851
[14:59:31.615] [SEVERE ] setting player 1 freeze to 841
[14:59:31.625] [SEVERE ] setting player 1 freeze to 831
[14:59:31.635] [SEVERE ] setting player 1 freeze to 821
[14:59:31.646] [SEVERE ] setting player 1 freeze to 810
[14:59:31.656] [SEVERE ] setting player 1 freeze to 800
[14:59:31.666] [SEVERE ] setting player 1 freeze to 790
[14:59:31.676] [SEVERE ] setting player 1 freeze to 780
[14:59:31.686] [SEVERE ] setting player 1 freeze to 770
[14:59:31.696] [SEVERE ] setting player 1 freeze to 760
[14:59:31.707] [SEVERE ] setting player 1 freeze to 749
[14:59:31.717] [SEVERE ] setting player 1 freeze to 739
[14:59:31.727] [SEVERE ] setting player 1 freeze to 729
[14:59:31.737] [SEVERE ] setting player 1 freeze to 719
[14:59:31.747] [SEVERE ] setting player 1 freeze to 709
[14:59:31.757] [SEVERE ] setting player 1 freeze to 699
[14:59:31.768] [SEVERE ] setting player 1 freeze to 688
[14:59:31.778] [SEVERE ] setting player 1 freeze to 678
[14:59:31.788] [SEVERE ] setting player 1 freeze to 668
[14:59:31.798] [SEVERE ] setting player 1 freeze to 658
[14:59:31.808] [SEVERE ] setting player 1 freeze to 648
[14:59:31.819] [SEVERE ] setting player 1 freeze to 637
[14:59:31.829] [SEVERE ] setting player 1 freeze to 627
[14:59:31.839] [SEVERE ] setting player 1 freeze to 617
[14:59:31.849] [SEVERE ] setting player 1 freeze to 607
[14:59:31.860] [SEVERE ] setting player 1 freeze to 596
[14:59:31.870] [SEVERE ] setting player 1 freeze to 586
[14:59:31.880] [SEVERE ] setting player 1 freeze to 576
[14:59:31.890] [SEVERE ] setting player 1 freeze to 566
[14:59:31.900] [SEVERE ] setting player 1 freeze to 556
[14:59:31.910] [SEVERE ] setting player 1 freeze to 546
[14:59:31.920] [SEVERE ] setting player 1 freeze to 536
[14:59:31.931] [SEVERE ] setting player 1 freeze to 525
[14:59:31.941] [SEVERE ] setting player 1 freeze to 515
[14:59:31.951] [SEVERE ] setting player 1 freeze to 505
[14:59:31.961] [SEVERE ] setting player 1 freeze to 495
[14:59:31.971] [SEVERE ] setting player 1 freeze to 485
[14:59:31.982] [SEVERE ] setting player 1 freeze to 474
[14:59:31.992] [SEVERE ] setting player 1 freeze to 464
[14:59:32.002] [SEVERE ] setting player 1 freeze to 454
[14:59:32.012] [SEVERE ] setting player 1 freeze to 444
[14:59:32.022] [SEVERE ] setting player 1 freeze to 434
[14:59:32.032] [SEVERE ] setting player 1 freeze to 424
[14:59:32.043] [SEVERE ] setting player 1 freeze to 413
[14:59:32.053] [SEVERE ] setting player 1 freeze to 403
[14:59:32.059] [SEVERE ] updating countdown to 59999
[14:59:32.063] [SEVERE ] setting player 1 freeze to 393
[14:59:32.073] [SEVERE ] setting player 1 freeze to 383
[14:59:32.083] [SEVERE ] setting player 1 freeze to 373
[14:59:32.093] [SEVERE ] setting player 1 freeze to 363
[14:59:32.104] [SEVERE ] setting player 1 freeze to 352
[14:59:32.114] [SEVERE ] setting player 1 freeze to 342
[14:59:32.124] [SEVERE ] setting player 1 freeze to 332
[14:59:32.134] [SEVERE ] setting player 1 freeze to 322
[14:59:32.144] [SEVERE ] setting player 1 freeze to 312
[14:59:32.155] [SEVERE ] setting player 1 freeze to 301
[14:59:32.165] [SEVERE ] setting player 1 freeze to 291
[14:59:32.175] [SEVERE ] setting player 1 freeze to 281
[14:59:32.185] [SEVERE ] setting player 1 freeze to 271
[14:59:32.195] [SEVERE ] setting player 1 freeze to 261
[14:59:32.205] [SEVERE ] setting player 1 freeze to 251
[14:59:32.216] [SEVERE ] setting player 1 freeze to 240
[14:59:32.226] [SEVERE ] setting player 1 freeze to 230
[14:59:32.236] [SEVERE ] setting player 1 freeze to 220
[14:59:32.246] [SEVERE ] setting player 1 freeze to 210
[14:59:32.256] [SEVERE ] setting player 1 freeze to 200
[14:59:32.266] [SEVERE ] setting player 1 freeze to 190
[14:59:32.277] [SEVERE ] setting player 1 freeze to 179
[14:59:32.287] [SEVERE ] setting player 1 freeze to 169
[14:59:32.297] [SEVERE ] setting player 1 freeze to 159
[14:59:32.307] [SEVERE ] setting player 1 freeze to 149
[14:59:32.317] [SEVERE ] setting player 1 freeze to 139
[14:59:32.328] [SEVERE ] setting player 1 freeze to 128
[14:59:32.338] [SEVERE ] setting player 1 freeze to 118
[14:59:32.348] [SEVERE ] setting player 1 freeze to 108
[14:59:32.358] [SEVERE ] setting player 1 freeze to 98
[14:59:32.368] [SEVERE ] setting player 1 freeze to 88
[14:59:32.378] [SEVERE ] setting player 1 freeze to 78
[14:59:32.389] [SEVERE ] setting player 1 freeze to 67
[14:59:32.399] [SEVERE ] setting player 1 freeze to 57
[14:59:32.409] [SEVERE ] setting player 1 freeze to 47
[14:59:32.419] [SEVERE ] setting player 1 freeze to 37
[14:59:32.429] [SEVERE ] setting player 1 freeze to 27
[14:59:32.439] [SEVERE ] setting player 1 freeze to 17
[14:59:32.450] [SEVERE ] setting player 1 freeze to 6
[14:59:32.460] [SEVERE ] setting player 1 freeze to -4
[14:59:32.930] [SEVERE ] exit button pressed
[14:59:32.931] [INFO   ] Thread player1 terminated.
[14:59:32.932] [INFO   ] Thread player0 terminated.
[14:59:33.059] [SEVERE ] updating countdown to 58999
[14:59:33.160] [SEVERE ] removing card from slot 0
[14:59:33.161] [SEVERE ] removing player 1 token from slot 0
[14:59:33.161] [SEVERE ] removing player 2 token from slot 0
[14:59:33.262] [SEVERE ] removing card from slot 1
[14:59:33.263] [SEVERE ] removing player 1 token from slot 1
[14:59:33.264] [SEVERE ] removing player 2 token from slot 1
[14:59:33.365] [SEVERE ] removing card from slot 2
[14:59:33.365] [SEVERE ] removing player 1 token from slot 2
[14:59:33.366] [SEVERE ] removing player 2 token from slot 2
[14:59:33.467] [SEVERE ] removing card from slot 3
[14:59:33.467] [SEVERE ] removing player 1 token from slot 3
[14:59:33.468] [SEVERE ] removing player 2 token from slot 3
[14:59:33.569] [SEVERE ] removing card from slot 4
[14:59:33.569] [SEVERE ] removing player 1 token from slot 4
[14:59:33.570] [SEVERE ] removing player 2 token from slot 4
[14:59:33.671] [SEVERE ] removing card from slot 5
[14:59:33.671] [SEVERE ] removing player 1 token from slot 5
[14:59:33.671] [SEVERE ] removing player 2 token from slot 5
[14:59:33.772] [SEVERE ] removing card from slot 6
[14:59:33.772] [SEVERE ] removing player 1 token from slot 6
[14:59:33.773] [SEVERE ] removing player 2 token from slot 6
[14:59:33.874] [SEVERE ] removing card from slot 7
[14:59:33.874] [SEVERE ] removing player 1 token from slot 7
[14:59:33.875] [SEVERE ] removing player 2 token from slot 7
[14:59:33.976] [SEVERE ] removing card from slot 8
[14:59:33.976] [SEVERE ] removing player 1 token from slot 8
[14:59:33.977] [SEVERE ] removing player 2 token from slot 8
[14:59:34.078] [SEVERE ] removing card from slot 9
[14:59:34.078] [SEVERE ] removing player 1 token from slot 9
[14:59:34.079] [SEVERE ] removing player 2 token from slot 9
[14:59:34.180] [SEVERE ] removing card from slot 10
[14:59:34.181] [SEVERE ] removing player 1 token from slot 10
[14:59:34.181] [SEVERE ] removing player 2 token from slot 10
[14:59:34.282] [SEVERE ] removing card from slot 11
[14:59:34.283] [SEVERE ] removing player 1 token from slot 11
[14:59:34.284] [SEVERE ] removing player 2 token from slot 11
[14:59:34.387] [SEVERE ] placing card 3 in slot 0
[14:59:34.488] [SEVERE ] placing card 5 in slot 1
[14:59:34.588] [SEVERE ] placing card 6 in slot 2
[14:59:34.689] [SEVERE ] placing card 35 in slot 3
[14:59:34.789] [SEVERE ] placing card 40 in slot 4
[14:59:34.890] [SEVERE ] placing card 78 in slot 5
[14:59:34.990] [SEVERE ] placing card 67 in slot 6
[14:59:35.091] [SEVERE ] placing card 23 in slot 7
[14:59:35.191] [SEVERE ] placing card 39 in slot 8
[14:59:35.292] [SEVERE ] placing card 37 in slot 9
[14:59:35.392] [SEVERE ] placing card 53 in slot 10
[14:59:35.493] [SEVERE ] placing card 72 in slot 11
[14:59:35.493] [INFO   ] Thread dealer terminated.
[14:59:35.494] [INFO   ] thread dealer terminated.
[14:59:35.494] [SEVERE ] thanks for playing... it was fun!
[14:59:35.495] [INFO   ] thread main terminated.
