[22:27:40.797] [INFO   ] thread main starting.
[22:27:40.802] [SEVERE ] cannot read configuration file config.properties trying from resources.
[22:27:40.805] [SEVERE ] configuration file was loaded from resources directory.
[22:27:41.279] [INFO   ] thread dealer starting.
[22:27:41.281] [INFO   ] Thread dealer starting.
[22:27:41.281] [INFO   ] Thread player1 starting.
[22:27:41.281] [INFO   ] Thread player0 starting.
[22:27:41.282] [INFO   ] Thread computer-1 starting.
[22:27:41.282] [INFO   ] Thread computer-0 starting.
[22:27:41.384] [SEVERE ] placing card 74 in slot 0
[22:27:41.492] [SEVERE ] placing card 67 in slot 1
[22:27:41.604] [SEVERE ] placing card 61 in slot 2
[22:27:41.714] [SEVERE ] placing card 78 in slot 3
[22:27:41.822] [SEVERE ] placing card 46 in slot 4
[22:27:41.932] [SEVERE ] placing card 55 in slot 5
[22:27:42.042] [SEVERE ] placing card 29 in slot 6
[22:27:42.149] [SEVERE ] placing card 51 in slot 7
[22:27:42.259] [SEVERE ] placing card 7 in slot 8
[22:27:42.266] [SEVERE ] updating countdown to 60000
[22:27:42.274] [SEVERE ] player 2 placing token on slot 7
[22:27:42.274] [SEVERE ] player 1 placing token on slot 4
[22:27:42.274] [SEVERE ] player 2 placing token on slot 3
[22:27:42.274] [SEVERE ] player 1 placing token on slot 5
[22:27:42.274] [SEVERE ] player 2 placing token on slot 4
[22:27:42.274] [SEVERE ] player 1 placing token on slot 1
[22:27:42.275] [SEVERE ] setting player 2 freeze to 0
[22:27:42.275] [SEVERE ] setting player 1 freeze to 0
[22:27:42.276] [SEVERE ] removing player 2 token from slot 7
[22:27:42.276] [SEVERE ] removing player 1 token from slot 4
[22:27:42.276] [SEVERE ] removing player 2 token from slot 3
[22:27:42.276] [SEVERE ] removing player 1 token from slot 5
[22:27:42.276] [SEVERE ] removing player 2 token from slot 4
[22:27:42.276] [SEVERE ] removing player 1 token from slot 1
[22:27:42.287] [SEVERE ] player 1 placing token on slot 7
[22:27:42.287] [SEVERE ] player 2 placing token on slot 0
[22:27:42.288] [SEVERE ] player 1 placing token on slot 2
[22:27:42.288] [SEVERE ] player 2 placing token on slot 2
[22:27:42.289] [SEVERE ] player 1 placing token on slot 8
[22:27:42.289] [SEVERE ] player 2 placing token on slot 8
[22:27:42.289] [SEVERE ] setting player 1 freeze to 0
[22:27:42.289] [SEVERE ] setting player 2 freeze to 0
[22:27:42.289] [SEVERE ] removing player 1 token from slot 7
[22:27:42.290] [SEVERE ] removing player 2 token from slot 0
[22:27:42.290] [SEVERE ] removing player 1 token from slot 2
[22:27:42.290] [SEVERE ] removing player 2 token from slot 2
[22:27:42.290] [SEVERE ] removing player 1 token from slot 8
[22:27:42.290] [SEVERE ] removing player 2 token from slot 8
[22:27:42.301] [SEVERE ] player 1 placing token on slot 1
[22:27:42.301] [SEVERE ] player 2 placing token on slot 2
[22:27:42.301] [SEVERE ] player 1 placing token on slot 2
[22:27:42.302] [SEVERE ] player 2 placing token on slot 1
[22:27:42.302] [SEVERE ] player 1 placing token on slot 0
[22:27:42.302] [SEVERE ] player 2 placing token on slot 3
[22:27:42.302] [SEVERE ] setting player 1 freeze to 0
[22:27:42.302] [SEVERE ] setting player 2 freeze to 0
[22:27:42.302] [SEVERE ] removing player 2 token from slot 2
[22:27:42.302] [SEVERE ] removing player 1 token from slot 1
[22:27:42.302] [SEVERE ] removing player 2 token from slot 1
[22:27:42.302] [SEVERE ] removing player 1 token from slot 2
[22:27:42.303] [SEVERE ] removing player 2 token from slot 3
[22:27:42.303] [SEVERE ] removing player 1 token from slot 0
[22:27:42.314] [SEVERE ] player 1 placing token on slot 4
[22:27:42.314] [SEVERE ] player 2 placing token on slot 7
[22:27:42.315] [SEVERE ] player 1 placing token on slot 5
[22:27:42.315] [SEVERE ] player 2 placing token on slot 2
[22:27:42.315] [SEVERE ] player 1 placing token on slot 2
[22:27:42.315] [SEVERE ] player 2 placing token on slot 6
[22:27:42.315] [SEVERE ] setting player 1 freeze to 0
[22:27:42.315] [SEVERE ] setting player 2 freeze to 0
[22:27:42.315] [SEVERE ] removing player 2 token from slot 7
[22:27:42.315] [SEVERE ] removing player 1 token from slot 4
[22:27:42.315] [SEVERE ] removing player 2 token from slot 2
[22:27:42.315] [SEVERE ] removing player 1 token from slot 5
[22:27:42.316] [SEVERE ] removing player 2 token from slot 6
[22:27:42.316] [SEVERE ] removing player 1 token from slot 2
[22:27:42.326] [SEVERE ] player 1 placing token on slot 2
[22:27:42.326] [SEVERE ] player 2 placing token on slot 0
[22:27:42.327] [SEVERE ] player 1 placing token on slot 3
[22:27:42.327] [SEVERE ] player 2 placing token on slot 7
[22:27:42.327] [SEVERE ] player 1 placing token on slot 5
[22:27:42.327] [SEVERE ] player 2 placing token on slot 3
[22:27:42.327] [SEVERE ] setting player 1 freeze to 0
[22:27:42.327] [SEVERE ] setting player 2 freeze to 0
[22:27:42.327] [SEVERE ] removing player 1 token from slot 2
[22:27:42.327] [SEVERE ] removing player 2 token from slot 0
[22:27:42.327] [SEVERE ] removing player 1 token from slot 3
[22:27:42.327] [SEVERE ] removing player 2 token from slot 7
[22:27:42.327] [SEVERE ] removing player 1 token from slot 5
[22:27:42.328] [SEVERE ] removing player 2 token from slot 3
[22:27:42.338] [SEVERE ] player 2 placing token on slot 8
[22:27:42.338] [SEVERE ] player 1 placing token on slot 5
[22:27:42.339] [SEVERE ] player 2 placing token on slot 0
[22:27:42.339] [SEVERE ] player 1 placing token on slot 0
[22:27:42.339] [SEVERE ] player 2 placing token on slot 7
[22:27:42.339] [SEVERE ] player 1 placing token on slot 2
[22:27:42.340] [SEVERE ] setting player 2 freeze to 0
[22:27:42.340] [SEVERE ] setting player 1 freeze to 0
[22:27:42.340] [SEVERE ] removing player 1 token from slot 5
[22:27:42.340] [SEVERE ] removing player 1 token from slot 0
[22:27:42.340] [SEVERE ] removing player 1 token from slot 2
[22:27:42.340] [SEVERE ] removing player 2 token from slot 8
[22:27:42.340] [SEVERE ] removing player 2 token from slot 0
[22:27:42.341] [SEVERE ] removing player 2 token from slot 7
[22:27:42.351] [SEVERE ] player 1 placing token on slot 1
[22:27:42.351] [SEVERE ] player 1 placing token on slot 8
[22:27:42.351] [SEVERE ] player 1 placing token on slot 3
[22:27:42.351] [SEVERE ] setting player 1 freeze to 0
[22:27:42.351] [SEVERE ] removing player 1 token from slot 1
[22:27:42.352] [SEVERE ] player 2 placing token on slot 5
[22:27:42.352] [SEVERE ] removing player 1 token from slot 8
[22:27:42.352] [SEVERE ] player 2 placing token on slot 2
[22:27:42.352] [SEVERE ] removing player 1 token from slot 3
[22:27:42.352] [SEVERE ] player 2 placing token on slot 1
[22:27:42.353] [SEVERE ] setting player 2 freeze to 0
[22:27:42.353] [SEVERE ] removing player 2 token from slot 5
[22:27:42.353] [SEVERE ] removing player 2 token from slot 2
[22:27:42.354] [SEVERE ] removing player 2 token from slot 1
[22:27:42.362] [SEVERE ] player 1 placing token on slot 8
[22:27:42.363] [SEVERE ] player 1 placing token on slot 0
[22:27:42.363] [SEVERE ] player 1 placing token on slot 2
[22:27:42.363] [SEVERE ] setting player 1 freeze to 0
[22:27:42.363] [SEVERE ] removing player 1 token from slot 8
[22:27:42.363] [SEVERE ] removing player 1 token from slot 0
[22:27:42.363] [SEVERE ] removing player 1 token from slot 2
[22:27:42.364] [SEVERE ] player 2 placing token on slot 0
[22:27:42.364] [SEVERE ] player 2 placing token on slot 5
[22:27:42.364] [SEVERE ] player 2 placing token on slot 2
[22:27:42.365] [SEVERE ] setting player 2 freeze to 0
[22:27:42.365] [SEVERE ] removing player 2 token from slot 0
[22:27:42.365] [SEVERE ] removing player 2 token from slot 5
[22:27:42.365] [SEVERE ] removing player 2 token from slot 2
[22:27:42.374] [SEVERE ] player 1 placing token on slot 4
[22:27:42.374] [SEVERE ] player 1 placing token on slot 7
[22:27:42.374] [SEVERE ] player 1 placing token on slot 8
[22:27:42.375] [SEVERE ] setting player 1 freeze to 0
[22:27:42.375] [SEVERE ] removing player 1 token from slot 4
[22:27:42.375] [SEVERE ] removing player 1 token from slot 7
[22:27:42.375] [SEVERE ] player 2 placing token on slot 7
[22:27:42.375] [SEVERE ] player 2 placing token on slot 0
[22:27:42.375] [SEVERE ] removing player 1 token from slot 8
[22:27:42.375] [SEVERE ] player 2 placing token on slot 2
[22:27:42.375] [SEVERE ] setting player 2 freeze to 0
[22:27:42.375] [SEVERE ] removing player 2 token from slot 7
[22:27:42.376] [SEVERE ] removing player 2 token from slot 0
[22:27:42.376] [SEVERE ] removing player 2 token from slot 2
[22:27:42.386] [SEVERE ] player 1 placing token on slot 3
[22:27:42.386] [SEVERE ] player 1 placing token on slot 6
[22:27:42.386] [SEVERE ] player 1 placing token on slot 8
[22:27:42.387] [SEVERE ] player 2 placing token on slot 7
[22:27:42.387] [SEVERE ] setting player 1 freeze to 0
[22:27:42.387] [SEVERE ] player 2 placing token on slot 0
[22:27:42.387] [SEVERE ] removing player 1 token from slot 3
[22:27:42.387] [SEVERE ] player 2 placing token on slot 2
[22:27:42.387] [SEVERE ] removing player 1 token from slot 6
[22:27:42.387] [SEVERE ] setting player 2 freeze to 0
[22:27:42.387] [SEVERE ] removing player 1 token from slot 8
[22:27:42.388] [SEVERE ] removing player 2 token from slot 7
[22:27:42.388] [SEVERE ] removing player 2 token from slot 0
[22:27:42.388] [SEVERE ] removing player 2 token from slot 2
[22:27:42.399] [SEVERE ] player 2 placing token on slot 3
[22:27:42.399] [SEVERE ] player 1 placing token on slot 8
[22:27:42.399] [SEVERE ] player 2 placing token on slot 2
[22:27:42.399] [SEVERE ] player 1 placing token on slot 6
[22:27:42.399] [SEVERE ] player 2 placing token on slot 8
[22:27:42.399] [SEVERE ] player 1 placing token on slot 3
[22:27:42.399] [SEVERE ] setting player 2 freeze to 0
[22:27:42.400] [SEVERE ] setting player 1 freeze to 0
[22:27:42.400] [SEVERE ] removing player 2 token from slot 3
[22:27:42.400] [SEVERE ] removing player 1 token from slot 8
[22:27:42.400] [SEVERE ] removing player 2 token from slot 2
[22:27:42.400] [SEVERE ] removing player 1 token from slot 6
[22:27:42.400] [SEVERE ] removing player 1 token from slot 3
[22:27:42.400] [SEVERE ] removing player 2 token from slot 8
[22:27:42.410] [SEVERE ] player 1 placing token on slot 1
[22:27:42.411] [SEVERE ] player 1 placing token on slot 5
[22:27:42.411] [SEVERE ] player 1 placing token on slot 8
[22:27:42.411] [SEVERE ] setting player 1 freeze to 0
[22:27:42.411] [SEVERE ] removing player 1 token from slot 1
[22:27:42.411] [SEVERE ] removing player 1 token from slot 5
[22:27:42.411] [SEVERE ] removing player 1 token from slot 8
[22:27:42.411] [SEVERE ] player 2 placing token on slot 6
[22:27:42.411] [SEVERE ] player 2 placing token on slot 7
[22:27:42.411] [SEVERE ] player 2 placing token on slot 1
[22:27:42.411] [SEVERE ] setting player 2 freeze to 0
[22:27:42.411] [SEVERE ] removing player 2 token from slot 6
[22:27:42.411] [SEVERE ] removing player 2 token from slot 7
[22:27:42.411] [SEVERE ] removing player 2 token from slot 1
[22:27:42.422] [SEVERE ] player 1 placing token on slot 1
[22:27:42.422] [SEVERE ] player 2 placing token on slot 8
[22:27:42.422] [SEVERE ] player 1 placing token on slot 2
[22:27:42.422] [SEVERE ] player 2 placing token on slot 1
[22:27:42.422] [SEVERE ] player 1 placing token on slot 0
[22:27:42.422] [SEVERE ] player 2 placing token on slot 2
[22:27:42.423] [SEVERE ] setting player 1 freeze to 0
[22:27:42.423] [SEVERE ] setting player 2 freeze to 0
[22:27:42.423] [SEVERE ] removing player 2 token from slot 8
[22:27:42.423] [SEVERE ] removing player 2 token from slot 1
[22:27:42.423] [SEVERE ] removing player 2 token from slot 2
[22:27:42.423] [SEVERE ] removing player 1 token from slot 1
[22:27:42.423] [SEVERE ] removing player 1 token from slot 2
[22:27:42.423] [SEVERE ] removing player 1 token from slot 0
[22:27:42.434] [SEVERE ] player 1 placing token on slot 5
[22:27:42.434] [SEVERE ] player 2 placing token on slot 2
[22:27:42.434] [SEVERE ] player 1 placing token on slot 8
[22:27:42.435] [SEVERE ] player 2 placing token on slot 6
[22:27:42.435] [SEVERE ] player 1 placing token on slot 7
[22:27:42.435] [SEVERE ] player 2 placing token on slot 1
[22:27:42.435] [SEVERE ] setting player 1 freeze to 0
[22:27:42.435] [SEVERE ] setting player 2 freeze to 0
[22:27:42.435] [SEVERE ] removing player 1 token from slot 5
[22:27:42.435] [SEVERE ] removing player 2 token from slot 2
[22:27:42.435] [SEVERE ] removing player 1 token from slot 8
[22:27:42.435] [SEVERE ] removing player 2 token from slot 6
[22:27:42.435] [SEVERE ] removing player 1 token from slot 7
[22:27:42.435] [SEVERE ] removing player 2 token from slot 1
[22:27:42.445] [SEVERE ] player 2 placing token on slot 2
[22:27:42.445] [SEVERE ] player 1 placing token on slot 8
[22:27:42.445] [SEVERE ] player 2 placing token on slot 4
[22:27:42.445] [SEVERE ] player 1 placing token on slot 4
[22:27:42.445] [SEVERE ] player 2 placing token on slot 0
[22:27:42.445] [SEVERE ] player 1 placing token on slot 0
[22:27:42.445] [SEVERE ] setting player 2 freeze to 0
[22:27:42.445] [SEVERE ] setting player 1 freeze to 0
[22:27:42.445] [SEVERE ] removing player 2 token from slot 2
[22:27:42.446] [SEVERE ] removing player 1 token from slot 8
[22:27:42.446] [SEVERE ] removing player 2 token from slot 4
[22:27:42.446] [SEVERE ] removing player 1 token from slot 4
[22:27:42.446] [SEVERE ] removing player 2 token from slot 0
[22:27:42.446] [SEVERE ] removing player 1 token from slot 0
[22:27:42.457] [SEVERE ] player 2 placing token on slot 0
[22:27:42.457] [SEVERE ] player 1 placing token on slot 1
[22:27:42.457] [SEVERE ] player 2 placing token on slot 3
[22:27:42.457] [SEVERE ] player 1 placing token on slot 3
[22:27:42.457] [SEVERE ] player 2 placing token on slot 1
[22:27:42.457] [SEVERE ] player 1 placing token on slot 4
[22:27:42.457] [SEVERE ] setting player 2 freeze to 0
[22:27:42.457] [SEVERE ] removing player 2 token from slot 0
[22:27:42.457] [SEVERE ] setting player 1 freeze to 0
[22:27:42.458] [SEVERE ] removing player 2 token from slot 3
[22:27:42.458] [SEVERE ] removing player 1 token from slot 1
[22:27:42.458] [SEVERE ] removing player 2 token from slot 1
[22:27:42.458] [SEVERE ] removing player 1 token from slot 3
[22:27:42.458] [SEVERE ] removing player 1 token from slot 4
[22:27:42.469] [SEVERE ] player 1 placing token on slot 0
[22:27:42.469] [SEVERE ] player 2 placing token on slot 1
[22:27:42.469] [SEVERE ] player 1 placing token on slot 4
[22:27:42.469] [SEVERE ] player 2 placing token on slot 2
[22:27:42.469] [SEVERE ] player 1 placing token on slot 7
[22:27:42.469] [SEVERE ] player 2 placing token on slot 0
[22:27:42.469] [SEVERE ] setting player 1 freeze to 0
[22:27:42.469] [SEVERE ] setting player 2 freeze to 0
[22:27:42.469] [SEVERE ] removing player 1 token from slot 0
[22:27:42.470] [SEVERE ] removing player 2 token from slot 1
[22:27:42.470] [SEVERE ] removing player 1 token from slot 4
[22:27:42.470] [SEVERE ] removing player 2 token from slot 2
[22:27:42.470] [SEVERE ] removing player 1 token from slot 7
[22:27:42.470] [SEVERE ] removing player 2 token from slot 0
[22:27:42.481] [SEVERE ] player 1 placing token on slot 4
[22:27:42.481] [SEVERE ] player 2 placing token on slot 3
[22:27:42.481] [SEVERE ] player 1 placing token on slot 3
[22:27:42.481] [SEVERE ] player 2 placing token on slot 6
[22:27:42.481] [SEVERE ] player 1 placing token on slot 6
[22:27:42.481] [SEVERE ] player 2 placing token on slot 4
[22:27:42.481] [SEVERE ] setting player 1 freeze to 0
[22:27:42.481] [SEVERE ] setting player 2 freeze to 0
[22:27:42.481] [SEVERE ] removing player 1 token from slot 4
[22:27:42.482] [SEVERE ] removing player 2 token from slot 3
[22:27:42.482] [SEVERE ] removing player 1 token from slot 3
[22:27:42.482] [SEVERE ] removing player 2 token from slot 6
[22:27:42.482] [SEVERE ] removing player 1 token from slot 6
[22:27:42.482] [SEVERE ] removing player 2 token from slot 4
[22:27:42.492] [SEVERE ] player 1 placing token on slot 8
[22:27:42.492] [SEVERE ] player 2 placing token on slot 8
[22:27:42.492] [SEVERE ] player 2 placing token on slot 2
[22:27:42.492] [SEVERE ] player 1 placing token on slot 4
[22:27:42.493] [SEVERE ] player 2 placing token on slot 1
[22:27:42.493] [SEVERE ] player 1 placing token on slot 2
[22:27:42.493] [SEVERE ] setting player 2 freeze to 0
[22:27:42.493] [SEVERE ] setting player 1 freeze to 0
[22:27:42.493] [SEVERE ] removing player 2 token from slot 8
[22:27:42.493] [SEVERE ] removing player 1 token from slot 8
[22:27:42.493] [SEVERE ] removing player 2 token from slot 2
[22:27:42.493] [SEVERE ] removing player 1 token from slot 4
[22:27:42.493] [SEVERE ] removing player 2 token from slot 1
[22:27:42.493] [SEVERE ] removing player 1 token from slot 2
[22:27:42.504] [SEVERE ] player 2 placing token on slot 0
[22:27:42.504] [SEVERE ] player 1 placing token on slot 4
[22:27:42.504] [SEVERE ] player 1 placing token on slot 5
[22:27:42.505] [SEVERE ] player 2 placing token on slot 8
[22:27:42.505] [SEVERE ] player 1 placing token on slot 7
[22:27:42.505] [SEVERE ] player 2 placing token on slot 1
[22:27:42.505] [SEVERE ] setting player 1 freeze to 0
[22:27:42.505] [SEVERE ] setting player 2 freeze to 0
[22:27:42.505] [SEVERE ] removing player 1 token from slot 4
[22:27:42.505] [SEVERE ] removing player 2 token from slot 0
[22:27:42.505] [SEVERE ] removing player 1 token from slot 5
[22:27:42.505] [SEVERE ] removing player 2 token from slot 8
[22:27:42.505] [SEVERE ] removing player 1 token from slot 7
[22:27:42.505] [SEVERE ] removing player 2 token from slot 1
[22:27:42.516] [SEVERE ] player 2 placing token on slot 5
[22:27:42.516] [SEVERE ] player 1 placing token on slot 2
[22:27:42.516] [SEVERE ] player 2 placing token on slot 3
[22:27:42.516] [SEVERE ] player 1 placing token on slot 3
[22:27:42.516] [SEVERE ] player 2 placing token on slot 0
[22:27:42.516] [SEVERE ] player 1 placing token on slot 5
[22:27:42.516] [SEVERE ] setting player 2 freeze to 0
[22:27:42.516] [SEVERE ] setting player 1 freeze to 0
[22:27:42.516] [SEVERE ] removing player 2 token from slot 5
[22:27:42.516] [SEVERE ] removing player 1 token from slot 2
[22:27:42.517] [SEVERE ] removing player 2 token from slot 3
[22:27:42.517] [SEVERE ] removing player 1 token from slot 3
[22:27:42.517] [SEVERE ] removing player 2 token from slot 0
[22:27:42.517] [SEVERE ] removing player 1 token from slot 5
[22:27:42.538] [SEVERE ] player 1 placing token on slot 4
[22:27:42.538] [SEVERE ] player 2 placing token on slot 5
[22:27:42.538] [SEVERE ] player 1 placing token on slot 2
[22:27:42.538] [SEVERE ] player 2 placing token on slot 0
[22:27:42.538] [SEVERE ] player 1 placing token on slot 1
[22:27:42.538] [SEVERE ] player 2 placing token on slot 6
[22:27:42.538] [SEVERE ] setting player 1 freeze to 0
[22:27:42.538] [SEVERE ] setting player 2 freeze to 0
[22:27:42.538] [SEVERE ] removing player 1 token from slot 4
[22:27:42.538] [SEVERE ] removing player 2 token from slot 5
[22:27:42.539] [SEVERE ] removing player 1 token from slot 2
[22:27:42.539] [SEVERE ] removing player 2 token from slot 0
[22:27:42.539] [SEVERE ] removing player 1 token from slot 1
[22:27:42.539] [SEVERE ] removing player 2 token from slot 6
[22:27:42.550] [SEVERE ] player 1 placing token on slot 6
[22:27:42.550] [SEVERE ] player 2 placing token on slot 3
[22:27:42.550] [SEVERE ] player 1 placing token on slot 3
[22:27:42.550] [SEVERE ] player 2 placing token on slot 0
[22:27:42.550] [SEVERE ] player 1 placing token on slot 5
[22:27:42.550] [SEVERE ] player 2 placing token on slot 8
[22:27:42.550] [SEVERE ] setting player 1 freeze to 0
[22:27:42.550] [SEVERE ] setting player 2 freeze to 0
[22:27:42.550] [SEVERE ] removing player 1 token from slot 6
[22:27:42.550] [SEVERE ] removing player 2 token from slot 3
[22:27:42.550] [SEVERE ] removing player 1 token from slot 3
[22:27:42.551] [SEVERE ] removing player 2 token from slot 0
[22:27:42.551] [SEVERE ] removing player 1 token from slot 5
[22:27:42.551] [SEVERE ] removing player 2 token from slot 8
[22:27:42.561] [SEVERE ] player 2 placing token on slot 8
[22:27:42.561] [SEVERE ] player 1 placing token on slot 0
[22:27:42.561] [SEVERE ] player 1 placing token on slot 1
[22:27:42.561] [SEVERE ] player 2 placing token on slot 1
[22:27:42.561] [SEVERE ] player 1 placing token on slot 7
[22:27:42.561] [SEVERE ] player 2 placing token on slot 7
[22:27:42.561] [SEVERE ] setting player 1 freeze to 0
[22:27:42.561] [SEVERE ] setting player 2 freeze to 0
[22:27:42.561] [SEVERE ] removing player 1 token from slot 0
[22:27:42.561] [SEVERE ] removing player 2 token from slot 8
[22:27:42.561] [SEVERE ] removing player 1 token from slot 1
[22:27:42.562] [SEVERE ] removing player 2 token from slot 1
[22:27:42.562] [SEVERE ] removing player 1 token from slot 7
[22:27:42.562] [SEVERE ] removing player 2 token from slot 7
[22:27:42.572] [SEVERE ] player 2 placing token on slot 3
[22:27:42.572] [SEVERE ] player 1 placing token on slot 5
[22:27:42.572] [SEVERE ] player 2 placing token on slot 5
[22:27:42.572] [SEVERE ] player 1 placing token on slot 8
[22:27:42.572] [SEVERE ] player 2 placing token on slot 1
[22:27:42.573] [SEVERE ] player 1 placing token on slot 6
[22:27:42.573] [SEVERE ] setting player 2 freeze to 0
[22:27:42.573] [SEVERE ] removing player 2 token from slot 3
[22:27:42.573] [SEVERE ] setting player 1 freeze to 0
[22:27:42.573] [SEVERE ] removing player 2 token from slot 5
[22:27:42.573] [SEVERE ] removing player 1 token from slot 5
[22:27:42.573] [SEVERE ] removing player 2 token from slot 1
[22:27:42.573] [SEVERE ] removing player 1 token from slot 8
[22:27:42.573] [SEVERE ] removing player 1 token from slot 6
[22:27:42.584] [SEVERE ] player 2 placing token on slot 8
[22:27:42.584] [SEVERE ] player 1 placing token on slot 7
[22:27:42.584] [SEVERE ] player 2 placing token on slot 0
[22:27:42.584] [SEVERE ] player 1 placing token on slot 3
[22:27:42.584] [SEVERE ] player 2 placing token on slot 4
[22:27:42.584] [SEVERE ] player 1 placing token on slot 2
[22:27:42.584] [SEVERE ] setting player 2 freeze to 0
[22:27:42.584] [SEVERE ] setting player 1 freeze to 0
[22:27:42.584] [SEVERE ] removing player 2 token from slot 8
[22:27:42.584] [SEVERE ] removing player 1 token from slot 7
[22:27:42.584] [SEVERE ] removing player 2 token from slot 0
[22:27:42.584] [SEVERE ] removing player 1 token from slot 3
[22:27:42.585] [SEVERE ] removing player 2 token from slot 4
[22:27:42.585] [SEVERE ] removing player 1 token from slot 2
[22:27:42.595] [SEVERE ] player 1 placing token on slot 4
[22:27:42.595] [SEVERE ] player 2 placing token on slot 4
[22:27:42.595] [SEVERE ] player 1 placing token on slot 5
[22:27:42.595] [SEVERE ] player 2 placing token on slot 0
[22:27:42.595] [SEVERE ] player 1 placing token on slot 2
[22:27:42.596] [SEVERE ] player 2 placing token on slot 7
[22:27:42.596] [SEVERE ] setting player 1 freeze to 0
[22:27:42.596] [SEVERE ] setting player 2 freeze to 0
[22:27:42.596] [SEVERE ] removing player 1 token from slot 4
[22:27:42.596] [SEVERE ] removing player 2 token from slot 4
[22:27:42.596] [SEVERE ] removing player 1 token from slot 5
[22:27:42.596] [SEVERE ] removing player 2 token from slot 0
[22:27:42.596] [SEVERE ] removing player 1 token from slot 2
[22:27:42.596] [SEVERE ] removing player 2 token from slot 7
[22:27:42.616] [SEVERE ] player 2 placing token on slot 1
[22:27:42.616] [SEVERE ] player 1 placing token on slot 5
[22:27:42.616] [SEVERE ] player 2 placing token on slot 7
[22:27:42.616] [SEVERE ] player 1 placing token on slot 7
[22:27:42.616] [SEVERE ] player 2 placing token on slot 8
[22:27:42.616] [SEVERE ] player 1 placing token on slot 0
[22:27:42.616] [SEVERE ] setting player 2 freeze to 0
[22:27:42.616] [SEVERE ] setting player 1 freeze to 0
[22:27:42.616] [SEVERE ] removing player 2 token from slot 1
[22:27:42.616] [SEVERE ] removing player 1 token from slot 5
[22:27:42.616] [SEVERE ] removing player 2 token from slot 7
[22:27:42.616] [SEVERE ] removing player 1 token from slot 7
[22:27:42.616] [SEVERE ] removing player 2 token from slot 8
[22:27:42.616] [SEVERE ] removing player 1 token from slot 0
[22:27:42.630] [SEVERE ] player 2 placing token on slot 6
[22:27:42.630] [SEVERE ] player 1 placing token on slot 2
[22:27:42.631] [SEVERE ] player 2 placing token on slot 5
[22:27:42.631] [SEVERE ] player 1 placing token on slot 7
[22:27:42.631] [SEVERE ] player 2 placing token on slot 7
[22:27:42.631] [SEVERE ] player 1 placing token on slot 0
[22:27:42.631] [SEVERE ] setting player 2 freeze to 0
[22:27:42.631] [SEVERE ] setting player 1 freeze to 0
[22:27:42.631] [SEVERE ] removing player 2 token from slot 6
[22:27:42.631] [SEVERE ] removing player 1 token from slot 2
[22:27:42.631] [SEVERE ] removing player 2 token from slot 5
[22:27:42.631] [SEVERE ] removing player 1 token from slot 7
[22:27:42.631] [SEVERE ] removing player 2 token from slot 7
[22:27:42.631] [SEVERE ] removing player 1 token from slot 0
[22:27:42.642] [SEVERE ] player 1 placing token on slot 4
[22:27:42.642] [SEVERE ] player 2 placing token on slot 4
[22:27:42.642] [SEVERE ] player 2 placing token on slot 6
[22:27:42.642] [SEVERE ] player 1 placing token on slot 0
[22:27:42.642] [SEVERE ] player 2 placing token on slot 0
[22:27:42.642] [SEVERE ] player 1 placing token on slot 3
[22:27:42.642] [SEVERE ] setting player 2 freeze to 0
[22:27:42.642] [SEVERE ] setting player 1 freeze to 0
[22:27:42.642] [SEVERE ] removing player 2 token from slot 4
[22:27:42.642] [SEVERE ] removing player 1 token from slot 4
[22:27:42.642] [SEVERE ] removing player 2 token from slot 6
[22:27:42.642] [SEVERE ] removing player 1 token from slot 0
[22:27:42.642] [SEVERE ] removing player 2 token from slot 0
[22:27:42.643] [SEVERE ] removing player 1 token from slot 3
[22:27:42.653] [SEVERE ] player 2 placing token on slot 3
[22:27:42.653] [SEVERE ] player 1 placing token on slot 2
[22:27:42.653] [SEVERE ] player 2 placing token on slot 2
[22:27:42.653] [SEVERE ] player 1 placing token on slot 1
[22:27:42.653] [SEVERE ] player 2 placing token on slot 6
[22:27:42.653] [SEVERE ] player 1 placing token on slot 3
[22:27:42.654] [SEVERE ] setting player 1 freeze to 0
[22:27:42.654] [SEVERE ] removing player 1 token from slot 2
[22:27:42.654] [SEVERE ] removing player 1 token from slot 1
[22:27:42.654] [SEVERE ] setting player 2 freeze to 0
[22:27:42.654] [SEVERE ] removing player 1 token from slot 3
[22:27:42.654] [SEVERE ] removing player 2 token from slot 3
[22:27:42.654] [SEVERE ] removing player 2 token from slot 2
[22:27:42.654] [SEVERE ] removing player 2 token from slot 6
[22:27:42.665] [SEVERE ] player 2 placing token on slot 3
[22:27:42.665] [SEVERE ] player 1 placing token on slot 5
[22:27:42.665] [SEVERE ] player 2 placing token on slot 0
[22:27:42.665] [SEVERE ] player 1 placing token on slot 1
[22:27:42.665] [SEVERE ] player 2 placing token on slot 8
[22:27:42.666] [SEVERE ] player 1 placing token on slot 3
[22:27:42.666] [SEVERE ] setting player 2 freeze to 0
[22:27:42.666] [SEVERE ] setting player 1 freeze to 0
[22:27:42.666] [SEVERE ] removing player 2 token from slot 3
[22:27:42.666] [SEVERE ] removing player 1 token from slot 5
[22:27:42.666] [SEVERE ] removing player 2 token from slot 0
[22:27:42.666] [SEVERE ] removing player 1 token from slot 1
[22:27:42.666] [SEVERE ] removing player 2 token from slot 8
[22:27:42.666] [SEVERE ] removing player 1 token from slot 3
[22:27:42.677] [SEVERE ] player 2 placing token on slot 6
[22:27:42.677] [SEVERE ] player 1 placing token on slot 2
[22:27:42.677] [SEVERE ] player 2 placing token on slot 3
[22:27:42.677] [SEVERE ] player 1 placing token on slot 4
[22:27:42.677] [SEVERE ] player 2 placing token on slot 4
[22:27:42.677] [SEVERE ] player 1 placing token on slot 6
[22:27:42.677] [SEVERE ] setting player 2 freeze to 0
[22:27:42.677] [SEVERE ] setting player 1 freeze to 0
[22:27:42.677] [SEVERE ] removing player 2 token from slot 6
[22:27:42.677] [SEVERE ] removing player 1 token from slot 2
[22:27:42.677] [SEVERE ] removing player 2 token from slot 3
[22:27:42.677] [SEVERE ] removing player 1 token from slot 4
[22:27:42.678] [SEVERE ] removing player 2 token from slot 4
[22:27:42.678] [SEVERE ] removing player 1 token from slot 6
[22:27:42.689] [SEVERE ] player 2 placing token on slot 8
[22:27:42.689] [SEVERE ] player 1 placing token on slot 6
[22:27:42.689] [SEVERE ] player 2 placing token on slot 7
[22:27:42.689] [SEVERE ] player 1 placing token on slot 0
[22:27:42.689] [SEVERE ] player 2 placing token on slot 6
[22:27:42.689] [SEVERE ] player 1 placing token on slot 2
[22:27:42.689] [SEVERE ] setting player 2 freeze to 0
[22:27:42.689] [SEVERE ] removing player 2 token from slot 8
[22:27:42.689] [SEVERE ] setting player 1 freeze to 0
[22:27:42.689] [SEVERE ] removing player 2 token from slot 7
[22:27:42.689] [SEVERE ] removing player 1 token from slot 6
[22:27:42.689] [SEVERE ] removing player 2 token from slot 6
[22:27:42.689] [SEVERE ] removing player 1 token from slot 0
[22:27:42.689] [SEVERE ] removing player 1 token from slot 2
[22:27:42.700] [SEVERE ] player 1 placing token on slot 4
[22:27:42.700] [SEVERE ] player 2 placing token on slot 3
[22:27:42.700] [SEVERE ] player 1 placing token on slot 0
[22:27:42.700] [SEVERE ] player 2 placing token on slot 5
[22:27:42.701] [SEVERE ] player 1 placing token on slot 6
[22:27:42.701] [SEVERE ] player 2 placing token on slot 2
[22:27:42.701] [SEVERE ] setting player 1 freeze to 0
[22:27:42.701] [SEVERE ] setting player 2 freeze to 0
[22:27:42.701] [SEVERE ] removing player 1 token from slot 4
[22:27:42.701] [SEVERE ] removing player 2 token from slot 3
[22:27:42.701] [SEVERE ] removing player 1 token from slot 0
[22:27:42.701] [SEVERE ] removing player 2 token from slot 5
[22:27:42.701] [SEVERE ] removing player 1 token from slot 6
[22:27:42.701] [SEVERE ] removing player 2 token from slot 2
[22:27:42.712] [SEVERE ] player 2 placing token on slot 2
[22:27:42.712] [SEVERE ] player 1 placing token on slot 5
[22:27:42.712] [SEVERE ] player 2 placing token on slot 0
[22:27:42.712] [SEVERE ] player 1 placing token on slot 6
[22:27:42.712] [SEVERE ] player 2 placing token on slot 4
[22:27:42.712] [SEVERE ] player 1 placing token on slot 1
[22:27:42.712] [SEVERE ] setting player 2 freeze to 0
[22:27:42.712] [SEVERE ] setting player 1 freeze to 0
[22:27:42.712] [SEVERE ] removing player 2 token from slot 2
[22:27:42.712] [SEVERE ] removing player 1 token from slot 5
[22:27:42.712] [SEVERE ] removing player 2 token from slot 0
[22:27:42.712] [SEVERE ] removing player 1 token from slot 6
[22:27:42.713] [SEVERE ] removing player 2 token from slot 4
[22:27:42.713] [SEVERE ] removing player 1 token from slot 1
[22:27:42.724] [SEVERE ] player 1 placing token on slot 0
[22:27:42.724] [SEVERE ] player 2 placing token on slot 4
[22:27:42.725] [SEVERE ] player 1 placing token on slot 2
[22:27:42.725] [SEVERE ] player 2 placing token on slot 5
[22:27:42.725] [SEVERE ] player 1 placing token on slot 8
[22:27:42.725] [SEVERE ] player 2 placing token on slot 0
[22:27:42.725] [SEVERE ] setting player 1 freeze to 0
[22:27:42.725] [SEVERE ] removing player 1 token from slot 0
[22:27:42.725] [SEVERE ] removing player 1 token from slot 2
[22:27:42.725] [SEVERE ] removing player 1 token from slot 8
[22:27:42.725] [SEVERE ] setting player 2 freeze to 0
[22:27:42.725] [SEVERE ] removing player 2 token from slot 4
[22:27:42.725] [SEVERE ] removing player 2 token from slot 5
[22:27:42.725] [SEVERE ] removing player 2 token from slot 0
[22:27:42.735] [SEVERE ] player 1 placing token on slot 3
[22:27:42.735] [SEVERE ] player 1 placing token on slot 8
[22:27:42.735] [SEVERE ] player 1 placing token on slot 1
[22:27:42.736] [SEVERE ] player 2 placing token on slot 8
[22:27:42.736] [SEVERE ] setting player 1 freeze to 0
[22:27:42.736] [SEVERE ] player 2 placing token on slot 4
[22:27:42.736] [SEVERE ] removing player 1 token from slot 3
[22:27:42.736] [SEVERE ] player 2 placing token on slot 5
[22:27:42.736] [SEVERE ] removing player 1 token from slot 8
[22:27:42.736] [SEVERE ] removing player 1 token from slot 1
[22:27:42.736] [SEVERE ] setting player 2 freeze to 0
[22:27:42.736] [SEVERE ] removing player 2 token from slot 8
[22:27:42.736] [SEVERE ] removing player 2 token from slot 4
[22:27:42.736] [SEVERE ] removing player 2 token from slot 5
[22:27:42.756] [SEVERE ] player 2 placing token on slot 5
[22:27:42.756] [SEVERE ] player 1 placing token on slot 5
[22:27:42.756] [SEVERE ] player 2 placing token on slot 1
[22:27:42.756] [SEVERE ] player 1 placing token on slot 1
[22:27:42.756] [SEVERE ] player 2 placing token on slot 3
[22:27:42.756] [SEVERE ] player 1 placing token on slot 0
[22:27:42.756] [SEVERE ] setting player 2 freeze to 0
[22:27:42.756] [SEVERE ] setting player 1 freeze to 0
[22:27:42.756] [SEVERE ] removing player 2 token from slot 5
[22:27:42.756] [SEVERE ] removing player 1 token from slot 5
[22:27:42.756] [SEVERE ] removing player 2 token from slot 1
[22:27:42.756] [SEVERE ] removing player 1 token from slot 1
[22:27:42.756] [SEVERE ] removing player 2 token from slot 3
[22:27:42.756] [SEVERE ] removing player 1 token from slot 0
[22:27:42.772] [SEVERE ] player 1 placing token on slot 5
[22:27:42.772] [SEVERE ] player 2 placing token on slot 0
[22:27:42.772] [SEVERE ] player 1 placing token on slot 0
[22:27:42.772] [SEVERE ] player 2 placing token on slot 6
[22:27:42.772] [SEVERE ] player 1 placing token on slot 8
[22:27:42.772] [SEVERE ] player 2 placing token on slot 5
[22:27:42.772] [SEVERE ] setting player 1 freeze to 0
[22:27:42.772] [SEVERE ] setting player 2 freeze to 0
[22:27:42.772] [SEVERE ] removing player 1 token from slot 5
[22:27:42.772] [SEVERE ] removing player 2 token from slot 0
[22:27:42.772] [SEVERE ] removing player 1 token from slot 0
[22:27:42.772] [SEVERE ] removing player 2 token from slot 6
[22:27:42.772] [SEVERE ] removing player 1 token from slot 8
[22:27:42.772] [SEVERE ] removing player 2 token from slot 5
[22:27:42.784] [SEVERE ] player 2 placing token on slot 1
[22:27:42.784] [SEVERE ] player 1 placing token on slot 7
[22:27:42.784] [SEVERE ] player 1 placing token on slot 8
[22:27:42.784] [SEVERE ] player 2 placing token on slot 7
[22:27:42.784] [SEVERE ] player 1 placing token on slot 4
[22:27:42.784] [SEVERE ] player 2 placing token on slot 5
[22:27:42.784] [SEVERE ] setting player 1 freeze to 0
[22:27:42.784] [SEVERE ] setting player 2 freeze to 0
[22:27:42.784] [SEVERE ] removing player 1 token from slot 7
[22:27:42.784] [SEVERE ] removing player 2 token from slot 1
[22:27:42.785] [SEVERE ] removing player 1 token from slot 8
[22:27:42.785] [SEVERE ] removing player 2 token from slot 7
[22:27:42.785] [SEVERE ] removing player 1 token from slot 4
[22:27:42.785] [SEVERE ] removing player 2 token from slot 5
[22:27:42.796] [SEVERE ] player 2 placing token on slot 1
[22:27:42.796] [SEVERE ] player 1 placing token on slot 0
[22:27:42.796] [SEVERE ] player 1 placing token on slot 2
[22:27:42.796] [SEVERE ] player 2 placing token on slot 8
[22:27:42.797] [SEVERE ] player 1 placing token on slot 7
[22:27:42.797] [SEVERE ] player 2 placing token on slot 4
[22:27:42.797] [SEVERE ] setting player 1 freeze to 0
[22:27:42.797] [SEVERE ] removing player 1 token from slot 0
[22:27:42.797] [SEVERE ] setting player 2 score to 1
[22:27:42.797] [SEVERE ] setting player 2 freeze to 0
[22:27:42.797] [SEVERE ] removing player 1 token from slot 2
[22:27:42.797] [SEVERE ] removing player 1 token from slot 7
[22:27:42.799] [SEVERE ] removing player 1 token from slot 1
[22:27:42.800] [SEVERE ] removing player 1 token from slot 8
[22:27:42.800] [SEVERE ] removing player 1 token from slot 4
[22:27:42.800] [SEVERE ] removing player 2 token from slot 1
[22:27:42.800] [SEVERE ] removing player 2 token from slot 8
[22:27:42.800] [SEVERE ] removing player 2 token from slot 4
[22:27:42.913] [SEVERE ] removing card from slot 1
[22:27:43.022] [SEVERE ] removing card from slot 8
[22:27:43.130] [SEVERE ] removing card from slot 4
[22:27:43.239] [SEVERE ] removing card from slot 0
[22:27:43.239] [SEVERE ] removing player 1 token from slot 0
[22:27:43.239] [SEVERE ] removing player 2 token from slot 0
[22:27:43.345] [SEVERE ] removing card from slot 2
[22:27:43.345] [SEVERE ] removing player 1 token from slot 2
[22:27:43.345] [SEVERE ] removing player 2 token from slot 2
[22:27:43.457] [SEVERE ] removing card from slot 3
[22:27:43.457] [SEVERE ] removing player 1 token from slot 3
[22:27:43.457] [SEVERE ] removing player 2 token from slot 3
[22:27:43.568] [SEVERE ] removing card from slot 5
[22:27:43.568] [SEVERE ] removing player 1 token from slot 5
[22:27:43.568] [SEVERE ] removing player 2 token from slot 5
[22:27:43.678] [SEVERE ] removing card from slot 6
[22:27:43.678] [SEVERE ] removing player 1 token from slot 6
[22:27:43.678] [SEVERE ] removing player 2 token from slot 6
[22:27:43.784] [SEVERE ] removing card from slot 7
[22:27:43.784] [SEVERE ] removing player 1 token from slot 7
[22:27:43.784] [SEVERE ] removing player 2 token from slot 7
[22:27:43.785] [SEVERE ] announcing winner(s): player 2
[22:27:43.786] [INFO   ] Thread computer-1 terminated.
[22:27:43.786] [INFO   ] Thread player1 terminated.
[22:27:43.786] [INFO   ] Thread computer-0 terminated.
[22:27:43.787] [INFO   ] Thread player0 terminated.
[22:27:43.787] [INFO   ] Thread dealer terminated.
[22:27:43.787] [INFO   ] thread dealer terminated.
[22:27:48.794] [SEVERE ] thanks for playing... it was fun!
[22:27:48.796] [INFO   ] thread main terminated.
[22:27:48.796] [SEVERE ] disposing of user interface elements
