[14:27:02.775] [INFO   ] thread main starting.
[14:27:02.786] [SEVERE ] cannot read configuration file config.properties trying from resources.
[14:27:02.789] [SEVERE ] configuration file was loaded from resources directory.
[14:27:03.399] [INFO   ] thread dealer starting.
[14:27:03.406] [INFO   ] Thread dealer starting.
[14:27:03.411] [INFO   ] Thread player0 starting.
[14:27:03.411] [INFO   ] Thread player1 starting.
[14:27:03.517] [SEVERE ] placing card 18 in slot 0
[14:27:03.618] [SEVERE ] placing card 2 in slot 1
[14:27:03.719] [SEVERE ] placing card 25 in slot 2
[14:27:03.820] [SEVERE ] placing card 57 in slot 3
[14:27:03.920] [SEVERE ] placing card 39 in slot 4
[14:27:04.020] [SEVERE ] placing card 44 in slot 5
[14:27:04.121] [SEVERE ] placing card 56 in slot 6
[14:27:04.221] [SEVERE ] placing card 17 in slot 7
[14:27:04.322] [SEVERE ] placing card 4 in slot 8
[14:27:04.423] [SEVERE ] placing card 5 in slot 9
[14:27:04.523] [SEVERE ] placing card 21 in slot 10
[14:27:04.624] [SEVERE ] placing card 70 in slot 11
[14:27:04.649] [SEVERE ] updating countdown to 60000
[14:27:05.653] [SEVERE ] updating countdown to 59999
[14:27:06.654] [SEVERE ] updating countdown to 58998
[14:27:06.789] [SEVERE ] key 81 was pressed by player 1
[14:27:06.790] [SEVERE ] player 1 placing token on slot 0
[14:27:07.654] [SEVERE ] updating countdown to 57998
[14:27:08.655] [SEVERE ] updating countdown to 56997
[14:27:09.227] [SEVERE ] key 70 was pressed by player 1
[14:27:09.227] [SEVERE ] player 1 placing token on slot 7
[14:27:09.656] [SEVERE ] updating countdown to 55996
[14:27:10.522] [SEVERE ] key 90 was pressed by player 1
[14:27:10.522] [SEVERE ] player 1 placing token on slot 8
[14:27:10.523] [SEVERE ] setting player 1 score to 1
[14:27:10.525] [SEVERE ] removing player 1 token from slot 0
[14:27:10.526] [SEVERE ] removing player 1 token from slot 7
[14:27:10.526] [SEVERE ] setting player 1 freeze to 1999
[14:27:10.527] [SEVERE ] removing player 1 token from slot 8
[14:27:10.528] [SEVERE ] removing player 2 token from slot 0
[14:27:10.528] [SEVERE ] removing player 2 token from slot 7
[14:27:10.530] [SEVERE ] removing player 2 token from slot 8
[14:27:10.538] [SEVERE ] setting player 1 freeze to 1987
[14:27:10.548] [SEVERE ] setting player 1 freeze to 1977
[14:27:10.559] [SEVERE ] setting player 1 freeze to 1966
[14:27:10.569] [SEVERE ] setting player 1 freeze to 1956
[14:27:10.580] [SEVERE ] setting player 1 freeze to 1945
[14:27:10.591] [SEVERE ] setting player 1 freeze to 1934
[14:27:10.602] [SEVERE ] setting player 1 freeze to 1923
[14:27:10.612] [SEVERE ] setting player 1 freeze to 1913
[14:27:10.622] [SEVERE ] setting player 1 freeze to 1903
[14:27:10.630] [SEVERE ] removing card from slot 0
[14:27:10.632] [SEVERE ] setting player 1 freeze to 1893
[14:27:10.643] [SEVERE ] setting player 1 freeze to 1882
[14:27:10.653] [SEVERE ] setting player 1 freeze to 1872
[14:27:10.663] [SEVERE ] setting player 1 freeze to 1862
[14:27:10.674] [SEVERE ] setting player 1 freeze to 1851
[14:27:10.684] [SEVERE ] setting player 1 freeze to 1841
[14:27:10.694] [SEVERE ] setting player 1 freeze to 1831
[14:27:10.705] [SEVERE ] setting player 1 freeze to 1820
[14:27:10.715] [SEVERE ] setting player 1 freeze to 1810
[14:27:10.725] [SEVERE ] setting player 1 freeze to 1800
[14:27:10.731] [SEVERE ] removing card from slot 7
[14:27:10.736] [SEVERE ] setting player 1 freeze to 1789
[14:27:10.747] [SEVERE ] setting player 1 freeze to 1778
[14:27:10.759] [SEVERE ] setting player 1 freeze to 1766
[14:27:10.769] [SEVERE ] setting player 1 freeze to 1756
[14:27:10.780] [SEVERE ] setting player 1 freeze to 1745
[14:27:10.790] [SEVERE ] setting player 1 freeze to 1735
[14:27:10.800] [SEVERE ] setting player 1 freeze to 1725
[14:27:10.810] [SEVERE ] setting player 1 freeze to 1715
[14:27:10.821] [SEVERE ] setting player 1 freeze to 1704
[14:27:10.831] [SEVERE ] removing card from slot 8
[14:27:10.832] [SEVERE ] setting player 1 freeze to 1693
[14:27:10.842] [SEVERE ] setting player 1 freeze to 1683
[14:27:10.853] [SEVERE ] setting player 1 freeze to 1672
[14:27:10.864] [SEVERE ] setting player 1 freeze to 1661
[14:27:10.874] [SEVERE ] setting player 1 freeze to 1651
[14:27:10.884] [SEVERE ] setting player 1 freeze to 1641
[14:27:10.894] [SEVERE ] setting player 1 freeze to 1631
[14:27:10.905] [SEVERE ] setting player 1 freeze to 1620
[14:27:10.915] [SEVERE ] setting player 1 freeze to 1610
[14:27:10.925] [SEVERE ] setting player 1 freeze to 1600
[14:27:10.932] [SEVERE ] placing card 13 in slot 0
[14:27:10.936] [SEVERE ] setting player 1 freeze to 1589
[14:27:10.946] [SEVERE ] setting player 1 freeze to 1579
[14:27:10.956] [SEVERE ] setting player 1 freeze to 1569
[14:27:10.967] [SEVERE ] setting player 1 freeze to 1558
[14:27:10.977] [SEVERE ] setting player 1 freeze to 1548
[14:27:10.987] [SEVERE ] setting player 1 freeze to 1538
[14:27:10.998] [SEVERE ] setting player 1 freeze to 1527
[14:27:11.008] [SEVERE ] setting player 1 freeze to 1517
[14:27:11.018] [SEVERE ] setting player 1 freeze to 1507
[14:27:11.029] [SEVERE ] setting player 1 freeze to 1496
[14:27:11.032] [SEVERE ] placing card 79 in slot 7
[14:27:11.039] [SEVERE ] setting player 1 freeze to 1486
[14:27:11.049] [SEVERE ] setting player 1 freeze to 1476
[14:27:11.060] [SEVERE ] setting player 1 freeze to 1465
[14:27:11.070] [SEVERE ] setting player 1 freeze to 1455
[14:27:11.080] [SEVERE ] setting player 1 freeze to 1445
[14:27:11.090] [SEVERE ] setting player 1 freeze to 1435
[14:27:11.101] [SEVERE ] setting player 1 freeze to 1424
[14:27:11.111] [SEVERE ] setting player 1 freeze to 1414
[14:27:11.121] [SEVERE ] setting player 1 freeze to 1404
[14:27:11.132] [SEVERE ] setting player 1 freeze to 1393
[14:27:11.133] [SEVERE ] placing card 49 in slot 8
[14:27:11.135] [SEVERE ] updating countdown to 60000
[14:27:11.142] [SEVERE ] setting player 1 freeze to 1383
[14:27:11.153] [SEVERE ] setting player 1 freeze to 1372
[14:27:11.164] [SEVERE ] setting player 1 freeze to 1361
[14:27:11.175] [SEVERE ] setting player 1 freeze to 1350
[14:27:11.185] [SEVERE ] setting player 1 freeze to 1340
[14:27:11.195] [SEVERE ] setting player 1 freeze to 1330
[14:27:11.206] [SEVERE ] setting player 1 freeze to 1319
[14:27:11.216] [SEVERE ] setting player 1 freeze to 1309
[14:27:11.226] [SEVERE ] setting player 1 freeze to 1299
[14:27:11.237] [SEVERE ] setting player 1 freeze to 1288
[14:27:11.247] [SEVERE ] setting player 1 freeze to 1278
[14:27:11.257] [SEVERE ] setting player 1 freeze to 1268
[14:27:11.268] [SEVERE ] setting player 1 freeze to 1257
[14:27:11.278] [SEVERE ] setting player 1 freeze to 1247
[14:27:11.289] [SEVERE ] setting player 1 freeze to 1236
[14:27:11.300] [SEVERE ] setting player 1 freeze to 1225
[14:27:11.310] [SEVERE ] setting player 1 freeze to 1215
[14:27:11.320] [SEVERE ] setting player 1 freeze to 1205
[14:27:11.331] [SEVERE ] setting player 1 freeze to 1194
[14:27:11.341] [SEVERE ] setting player 1 freeze to 1184
[14:27:11.352] [SEVERE ] setting player 1 freeze to 1173
[14:27:11.362] [SEVERE ] setting player 1 freeze to 1163
[14:27:11.372] [SEVERE ] setting player 1 freeze to 1153
[14:27:11.383] [SEVERE ] setting player 1 freeze to 1142
[14:27:11.393] [SEVERE ] setting player 1 freeze to 1132
[14:27:11.403] [SEVERE ] setting player 1 freeze to 1122
[14:27:11.414] [SEVERE ] setting player 1 freeze to 1111
[14:27:11.424] [SEVERE ] setting player 1 freeze to 1101
[14:27:11.435] [SEVERE ] setting player 1 freeze to 1090
[14:27:11.445] [SEVERE ] setting player 1 freeze to 1080
[14:27:11.455] [SEVERE ] setting player 1 freeze to 1070
[14:27:11.466] [SEVERE ] setting player 1 freeze to 1060
[14:27:11.476] [SEVERE ] setting player 1 freeze to 1049
[14:27:11.486] [SEVERE ] setting player 1 freeze to 1039
[14:27:11.497] [SEVERE ] setting player 1 freeze to 1028
[14:27:11.507] [SEVERE ] setting player 1 freeze to 1018
[14:27:11.517] [SEVERE ] setting player 1 freeze to 1008
[14:27:11.527] [SEVERE ] setting player 1 freeze to 998
[14:27:11.538] [SEVERE ] setting player 1 freeze to 987
[14:27:11.548] [SEVERE ] setting player 1 freeze to 977
[14:27:11.558] [SEVERE ] setting player 1 freeze to 967
[14:27:11.569] [SEVERE ] setting player 1 freeze to 956
[14:27:11.579] [SEVERE ] setting player 1 freeze to 946
[14:27:11.589] [SEVERE ] setting player 1 freeze to 936
[14:27:11.600] [SEVERE ] setting player 1 freeze to 925
[14:27:11.610] [SEVERE ] setting player 1 freeze to 915
[14:27:11.620] [SEVERE ] setting player 1 freeze to 905
[14:27:11.630] [SEVERE ] setting player 1 freeze to 895
[14:27:11.641] [SEVERE ] setting player 1 freeze to 884
[14:27:11.651] [SEVERE ] setting player 1 freeze to 874
[14:27:11.661] [SEVERE ] setting player 1 freeze to 864
[14:27:11.672] [SEVERE ] setting player 1 freeze to 853
[14:27:11.682] [SEVERE ] setting player 1 freeze to 843
[14:27:11.692] [SEVERE ] setting player 1 freeze to 833
[14:27:11.703] [SEVERE ] setting player 1 freeze to 822
[14:27:11.713] [SEVERE ] setting player 1 freeze to 812
[14:27:11.723] [SEVERE ] setting player 1 freeze to 802
[14:27:11.733] [SEVERE ] setting player 1 freeze to 792
[14:27:11.744] [SEVERE ] setting player 1 freeze to 781
[14:27:11.754] [SEVERE ] setting player 1 freeze to 771
[14:27:11.764] [SEVERE ] setting player 1 freeze to 761
[14:27:11.774] [SEVERE ] setting player 1 freeze to 751
[14:27:11.785] [SEVERE ] setting player 1 freeze to 740
[14:27:11.795] [SEVERE ] setting player 1 freeze to 730
[14:27:11.806] [SEVERE ] setting player 1 freeze to 719
[14:27:11.816] [SEVERE ] setting player 1 freeze to 709
[14:27:11.826] [SEVERE ] setting player 1 freeze to 699
[14:27:11.837] [SEVERE ] setting player 1 freeze to 688
[14:27:11.847] [SEVERE ] setting player 1 freeze to 678
[14:27:11.857] [SEVERE ] setting player 1 freeze to 668
[14:27:11.867] [SEVERE ] setting player 1 freeze to 658
[14:27:11.878] [SEVERE ] setting player 1 freeze to 647
[14:27:11.888] [SEVERE ] setting player 1 freeze to 637
[14:27:11.898] [SEVERE ] setting player 1 freeze to 627
[14:27:11.908] [SEVERE ] setting player 1 freeze to 617
[14:27:11.919] [SEVERE ] setting player 1 freeze to 606
[14:27:11.929] [SEVERE ] setting player 1 freeze to 596
[14:27:11.939] [SEVERE ] setting player 1 freeze to 586
[14:27:11.950] [SEVERE ] setting player 1 freeze to 575
[14:27:11.960] [SEVERE ] setting player 1 freeze to 565
[14:27:11.970] [SEVERE ] setting player 1 freeze to 555
[14:27:11.980] [SEVERE ] setting player 1 freeze to 545
[14:27:11.991] [SEVERE ] setting player 1 freeze to 534
[14:27:12.001] [SEVERE ] setting player 1 freeze to 524
[14:27:12.012] [SEVERE ] setting player 1 freeze to 513
[14:27:12.022] [SEVERE ] setting player 1 freeze to 503
[14:27:12.032] [SEVERE ] setting player 1 freeze to 493
[14:27:12.042] [SEVERE ] setting player 1 freeze to 483
[14:27:12.053] [SEVERE ] setting player 1 freeze to 472
[14:27:12.063] [SEVERE ] setting player 1 freeze to 462
[14:27:12.073] [SEVERE ] setting player 1 freeze to 452
[14:27:12.084] [SEVERE ] setting player 1 freeze to 441
[14:27:12.094] [SEVERE ] setting player 1 freeze to 431
[14:27:12.104] [SEVERE ] setting player 1 freeze to 421
[14:27:12.115] [SEVERE ] setting player 1 freeze to 410
[14:27:12.125] [SEVERE ] setting player 1 freeze to 400
[14:27:12.135] [SEVERE ] setting player 1 freeze to 390
[14:27:12.136] [SEVERE ] updating countdown to 59999
[14:27:12.145] [SEVERE ] setting player 1 freeze to 380
[14:27:12.156] [SEVERE ] setting player 1 freeze to 369
[14:27:12.166] [SEVERE ] setting player 1 freeze to 359
[14:27:12.176] [SEVERE ] setting player 1 freeze to 349
[14:27:12.187] [SEVERE ] setting player 1 freeze to 338
[14:27:12.197] [SEVERE ] setting player 1 freeze to 328
[14:27:12.207] [SEVERE ] setting player 1 freeze to 318
[14:27:12.217] [SEVERE ] setting player 1 freeze to 308
[14:27:12.228] [SEVERE ] setting player 1 freeze to 297
[14:27:12.238] [SEVERE ] setting player 1 freeze to 287
[14:27:12.248] [SEVERE ] setting player 1 freeze to 277
[14:27:12.259] [SEVERE ] setting player 1 freeze to 266
[14:27:12.269] [SEVERE ] setting player 1 freeze to 256
[14:27:12.279] [SEVERE ] setting player 1 freeze to 246
[14:27:12.290] [SEVERE ] setting player 1 freeze to 235
[14:27:12.300] [SEVERE ] setting player 1 freeze to 225
[14:27:12.310] [SEVERE ] setting player 1 freeze to 215
[14:27:12.321] [SEVERE ] setting player 1 freeze to 205
[14:27:12.331] [SEVERE ] setting player 1 freeze to 194
[14:27:12.341] [SEVERE ] setting player 1 freeze to 184
[14:27:12.351] [SEVERE ] setting player 1 freeze to 174
[14:27:12.362] [SEVERE ] setting player 1 freeze to 163
[14:27:12.372] [SEVERE ] setting player 1 freeze to 153
[14:27:12.382] [SEVERE ] setting player 1 freeze to 143
[14:27:12.392] [SEVERE ] setting player 1 freeze to 133
[14:27:12.403] [SEVERE ] setting player 1 freeze to 122
[14:27:12.413] [SEVERE ] setting player 1 freeze to 112
[14:27:12.423] [SEVERE ] setting player 1 freeze to 102
[14:27:12.433] [SEVERE ] setting player 1 freeze to 92
[14:27:12.444] [SEVERE ] setting player 1 freeze to 81
[14:27:12.454] [SEVERE ] setting player 1 freeze to 71
[14:27:12.464] [SEVERE ] setting player 1 freeze to 61
[14:27:12.475] [SEVERE ] setting player 1 freeze to 50
[14:27:12.485] [SEVERE ] setting player 1 freeze to 40
[14:27:12.495] [SEVERE ] setting player 1 freeze to 30
[14:27:12.506] [SEVERE ] setting player 1 freeze to 19
[14:27:12.516] [SEVERE ] setting player 1 freeze to 9
[14:27:12.526] [SEVERE ] setting player 1 freeze to -1
[14:27:13.136] [SEVERE ] updating countdown to 58999
[14:27:13.617] [SEVERE ] key 81 was pressed by player 1
[14:27:13.618] [SEVERE ] player 1 placing token on slot 0
[14:27:14.137] [SEVERE ] updating countdown to 57998
[14:27:14.705] [SEVERE ] key 88 was pressed by player 1
[14:27:14.706] [SEVERE ] player 1 placing token on slot 9
[14:27:15.137] [SEVERE ] updating countdown to 56998
[14:27:15.450] [SEVERE ] key 86 was pressed by player 1
[14:27:15.450] [SEVERE ] player 1 placing token on slot 11
[14:27:15.451] [SEVERE ] setting player 1 freeze to 3999
[14:27:15.461] [SEVERE ] setting player 1 freeze to 3989
[14:27:15.472] [SEVERE ] setting player 1 freeze to 3978
[14:27:15.482] [SEVERE ] setting player 1 freeze to 3968
[14:27:15.493] [SEVERE ] setting player 1 freeze to 3957
[14:27:15.503] [SEVERE ] setting player 1 freeze to 3947
[14:27:15.514] [SEVERE ] setting player 1 freeze to 3936
[14:27:15.524] [SEVERE ] setting player 1 freeze to 3926
[14:27:15.534] [SEVERE ] setting player 1 freeze to 3916
[14:27:15.544] [SEVERE ] setting player 1 freeze to 3906
[14:27:15.555] [SEVERE ] setting player 1 freeze to 3895
[14:27:15.565] [SEVERE ] setting player 1 freeze to 3885
[14:27:15.575] [SEVERE ] setting player 1 freeze to 3875
[14:27:15.586] [SEVERE ] setting player 1 freeze to 3864
[14:27:15.596] [SEVERE ] setting player 1 freeze to 3854
[14:27:15.606] [SEVERE ] setting player 1 freeze to 3844
[14:27:15.616] [SEVERE ] setting player 1 freeze to 3834
[14:27:15.627] [SEVERE ] setting player 1 freeze to 3823
[14:27:15.637] [SEVERE ] setting player 1 freeze to 3813
[14:27:15.647] [SEVERE ] setting player 1 freeze to 3803
[14:27:15.657] [SEVERE ] setting player 1 freeze to 3793
[14:27:15.668] [SEVERE ] setting player 1 freeze to 3782
[14:27:15.678] [SEVERE ] setting player 1 freeze to 3772
[14:27:15.688] [SEVERE ] setting player 1 freeze to 3762
[14:27:15.698] [SEVERE ] setting player 1 freeze to 3752
[14:27:15.709] [SEVERE ] setting player 1 freeze to 3741
[14:27:15.719] [SEVERE ] setting player 1 freeze to 3731
[14:27:15.729] [SEVERE ] setting player 1 freeze to 3721
[14:27:15.740] [SEVERE ] setting player 1 freeze to 3710
[14:27:15.750] [SEVERE ] setting player 1 freeze to 3700
[14:27:15.760] [SEVERE ] setting player 1 freeze to 3690
[14:27:15.770] [SEVERE ] setting player 1 freeze to 3680
[14:27:15.781] [SEVERE ] setting player 1 freeze to 3669
[14:27:15.791] [SEVERE ] setting player 1 freeze to 3659
[14:27:15.801] [SEVERE ] setting player 1 freeze to 3649
[14:27:15.811] [SEVERE ] setting player 1 freeze to 3639
[14:27:15.822] [SEVERE ] setting player 1 freeze to 3628
[14:27:15.832] [SEVERE ] setting player 1 freeze to 3618
[14:27:15.842] [SEVERE ] setting player 1 freeze to 3608
[14:27:15.852] [SEVERE ] setting player 1 freeze to 3598
[14:27:15.863] [SEVERE ] setting player 1 freeze to 3587
[14:27:15.873] [SEVERE ] setting player 1 freeze to 3577
[14:27:15.883] [SEVERE ] setting player 1 freeze to 3567
[14:27:15.893] [SEVERE ] setting player 1 freeze to 3557
[14:27:15.904] [SEVERE ] setting player 1 freeze to 3546
[14:27:15.914] [SEVERE ] setting player 1 freeze to 3536
[14:27:15.924] [SEVERE ] setting player 1 freeze to 3526
[14:27:15.934] [SEVERE ] setting player 1 freeze to 3516
[14:27:15.945] [SEVERE ] setting player 1 freeze to 3505
[14:27:15.955] [SEVERE ] setting player 1 freeze to 3495
[14:27:15.965] [SEVERE ] setting player 1 freeze to 3485
[14:27:15.975] [SEVERE ] setting player 1 freeze to 3475
[14:27:15.986] [SEVERE ] setting player 1 freeze to 3464
[14:27:15.996] [SEVERE ] setting player 1 freeze to 3454
[14:27:16.006] [SEVERE ] setting player 1 freeze to 3444
[14:27:16.017] [SEVERE ] setting player 1 freeze to 3433
[14:27:16.027] [SEVERE ] setting player 1 freeze to 3423
[14:27:16.037] [SEVERE ] setting player 1 freeze to 3413
[14:27:16.047] [SEVERE ] setting player 1 freeze to 3403
[14:27:16.057] [SEVERE ] setting player 1 freeze to 3393
[14:27:16.068] [SEVERE ] setting player 1 freeze to 3382
[14:27:16.078] [SEVERE ] setting player 1 freeze to 3372
[14:27:16.088] [SEVERE ] setting player 1 freeze to 3362
[14:27:16.099] [SEVERE ] setting player 1 freeze to 3351
[14:27:16.109] [SEVERE ] setting player 1 freeze to 3341
[14:27:16.119] [SEVERE ] setting player 1 freeze to 3331
[14:27:16.129] [SEVERE ] setting player 1 freeze to 3321
[14:27:16.138] [SEVERE ] updating countdown to 55997
[14:27:16.140] [SEVERE ] setting player 1 freeze to 3310
[14:27:16.150] [SEVERE ] setting player 1 freeze to 3300
[14:27:16.160] [SEVERE ] setting player 1 freeze to 3290
[14:27:16.170] [SEVERE ] setting player 1 freeze to 3280
[14:27:16.180] [SEVERE ] setting player 1 freeze to 3270
[14:27:16.191] [SEVERE ] setting player 1 freeze to 3259
[14:27:16.201] [SEVERE ] setting player 1 freeze to 3249
[14:27:16.211] [SEVERE ] setting player 1 freeze to 3239
[14:27:16.221] [SEVERE ] setting player 1 freeze to 3229
[14:27:16.232] [SEVERE ] setting player 1 freeze to 3218
[14:27:16.242] [SEVERE ] setting player 1 freeze to 3208
[14:27:16.252] [SEVERE ] setting player 1 freeze to 3198
[14:27:16.263] [SEVERE ] setting player 1 freeze to 3187
[14:27:16.273] [SEVERE ] setting player 1 freeze to 3177
[14:27:16.283] [SEVERE ] setting player 1 freeze to 3167
[14:27:16.293] [SEVERE ] setting player 1 freeze to 3157
[14:27:16.304] [SEVERE ] setting player 1 freeze to 3146
[14:27:16.314] [SEVERE ] setting player 1 freeze to 3136
[14:27:16.324] [SEVERE ] setting player 1 freeze to 3126
[14:27:16.334] [SEVERE ] setting player 1 freeze to 3116
[14:27:16.345] [SEVERE ] setting player 1 freeze to 3105
[14:27:16.355] [SEVERE ] setting player 1 freeze to 3095
[14:27:16.365] [SEVERE ] setting player 1 freeze to 3085
[14:27:16.375] [SEVERE ] setting player 1 freeze to 3075
[14:27:16.386] [SEVERE ] setting player 1 freeze to 3064
[14:27:16.396] [SEVERE ] setting player 1 freeze to 3054
[14:27:16.406] [SEVERE ] setting player 1 freeze to 3044
[14:27:16.416] [SEVERE ] setting player 1 freeze to 3034
[14:27:16.427] [SEVERE ] setting player 1 freeze to 3023
[14:27:16.437] [SEVERE ] setting player 1 freeze to 3013
[14:27:16.447] [SEVERE ] setting player 1 freeze to 3003
[14:27:16.457] [SEVERE ] setting player 1 freeze to 2993
[14:27:16.468] [SEVERE ] setting player 1 freeze to 2982
[14:27:16.478] [SEVERE ] setting player 1 freeze to 2972
[14:27:16.488] [SEVERE ] setting player 1 freeze to 2962
[14:27:16.498] [SEVERE ] setting player 1 freeze to 2952
[14:27:16.509] [SEVERE ] setting player 1 freeze to 2941
[14:27:16.519] [SEVERE ] setting player 1 freeze to 2931
[14:27:16.529] [SEVERE ] setting player 1 freeze to 2921
[14:27:16.539] [SEVERE ] setting player 1 freeze to 2911
[14:27:16.550] [SEVERE ] setting player 1 freeze to 2900
[14:27:16.560] [SEVERE ] setting player 1 freeze to 2890
[14:27:16.570] [SEVERE ] setting player 1 freeze to 2880
[14:27:16.580] [SEVERE ] setting player 1 freeze to 2870
[14:27:16.591] [SEVERE ] setting player 1 freeze to 2859
[14:27:16.601] [SEVERE ] setting player 1 freeze to 2849
[14:27:16.611] [SEVERE ] setting player 1 freeze to 2839
[14:27:16.621] [SEVERE ] setting player 1 freeze to 2829
[14:27:16.631] [SEVERE ] setting player 1 freeze to 2819
[14:27:16.642] [SEVERE ] setting player 1 freeze to 2808
[14:27:16.652] [SEVERE ] setting player 1 freeze to 2798
[14:27:16.662] [SEVERE ] setting player 1 freeze to 2788
[14:27:16.673] [SEVERE ] setting player 1 freeze to 2777
[14:27:16.683] [SEVERE ] setting player 1 freeze to 2767
[14:27:16.693] [SEVERE ] setting player 1 freeze to 2757
[14:27:16.703] [SEVERE ] setting player 1 freeze to 2747
[14:27:16.714] [SEVERE ] setting player 1 freeze to 2736
[14:27:16.724] [SEVERE ] setting player 1 freeze to 2726
[14:27:16.734] [SEVERE ] setting player 1 freeze to 2716
[14:27:16.744] [SEVERE ] setting player 1 freeze to 2706
[14:27:16.754] [SEVERE ] setting player 1 freeze to 2696
[14:27:16.765] [SEVERE ] setting player 1 freeze to 2685
[14:27:16.775] [SEVERE ] setting player 1 freeze to 2675
[14:27:16.785] [SEVERE ] setting player 1 freeze to 2665
[14:27:16.795] [SEVERE ] setting player 1 freeze to 2655
[14:27:16.806] [SEVERE ] setting player 1 freeze to 2644
[14:27:16.816] [SEVERE ] setting player 1 freeze to 2634
[14:27:16.826] [SEVERE ] setting player 1 freeze to 2624
[14:27:16.837] [SEVERE ] setting player 1 freeze to 2613
[14:27:16.847] [SEVERE ] setting player 1 freeze to 2603
[14:27:16.857] [SEVERE ] setting player 1 freeze to 2593
[14:27:16.867] [SEVERE ] setting player 1 freeze to 2583
[14:27:16.877] [SEVERE ] setting player 1 freeze to 2573
[14:27:16.888] [SEVERE ] setting player 1 freeze to 2562
[14:27:16.898] [SEVERE ] setting player 1 freeze to 2552
[14:27:16.908] [SEVERE ] setting player 1 freeze to 2542
[14:27:16.918] [SEVERE ] setting player 1 freeze to 2532
[14:27:16.929] [SEVERE ] setting player 1 freeze to 2521
[14:27:16.939] [SEVERE ] setting player 1 freeze to 2511
[14:27:16.949] [SEVERE ] setting player 1 freeze to 2501
[14:27:16.959] [SEVERE ] setting player 1 freeze to 2491
[14:27:16.970] [SEVERE ] setting player 1 freeze to 2480
[14:27:16.980] [SEVERE ] setting player 1 freeze to 2470
[14:27:16.990] [SEVERE ] setting player 1 freeze to 2460
[14:27:17.000] [SEVERE ] setting player 1 freeze to 2450
[14:27:17.011] [SEVERE ] setting player 1 freeze to 2439
[14:27:17.021] [SEVERE ] setting player 1 freeze to 2429
[14:27:17.031] [SEVERE ] setting player 1 freeze to 2419
[14:27:17.041] [SEVERE ] setting player 1 freeze to 2409
[14:27:17.052] [SEVERE ] setting player 1 freeze to 2398
[14:27:17.062] [SEVERE ] setting player 1 freeze to 2388
[14:27:17.072] [SEVERE ] setting player 1 freeze to 2378
[14:27:17.082] [SEVERE ] setting player 1 freeze to 2368
[14:27:17.093] [SEVERE ] setting player 1 freeze to 2357
[14:27:17.103] [SEVERE ] setting player 1 freeze to 2347
[14:27:17.113] [SEVERE ] setting player 1 freeze to 2337
[14:27:17.123] [SEVERE ] setting player 1 freeze to 2327
[14:27:17.134] [SEVERE ] setting player 1 freeze to 2316
[14:27:17.138] [SEVERE ] updating countdown to 54997
[14:27:17.144] [SEVERE ] setting player 1 freeze to 2306
[14:27:17.154] [SEVERE ] setting player 1 freeze to 2296
[14:27:17.164] [SEVERE ] setting player 1 freeze to 2286
[14:27:17.174] [SEVERE ] setting player 1 freeze to 2276
[14:27:17.185] [SEVERE ] setting player 1 freeze to 2265
[14:27:17.195] [SEVERE ] setting player 1 freeze to 2255
[14:27:17.205] [SEVERE ] setting player 1 freeze to 2245
[14:27:17.215] [SEVERE ] setting player 1 freeze to 2235
[14:27:17.226] [SEVERE ] setting player 1 freeze to 2224
[14:27:17.236] [SEVERE ] setting player 1 freeze to 2214
[14:27:17.246] [SEVERE ] setting player 1 freeze to 2204
[14:27:17.256] [SEVERE ] setting player 1 freeze to 2194
[14:27:17.267] [SEVERE ] setting player 1 freeze to 2183
[14:27:17.277] [SEVERE ] setting player 1 freeze to 2173
[14:27:17.287] [SEVERE ] setting player 1 freeze to 2163
[14:27:17.297] [SEVERE ] setting player 1 freeze to 2153
[14:27:17.307] [SEVERE ] setting player 1 freeze to 2143
[14:27:17.318] [SEVERE ] setting player 1 freeze to 2132
[14:27:17.328] [SEVERE ] setting player 1 freeze to 2122
[14:27:17.338] [SEVERE ] setting player 1 freeze to 2112
[14:27:17.348] [SEVERE ] setting player 1 freeze to 2102
[14:27:17.359] [SEVERE ] setting player 1 freeze to 2092
[14:27:17.369] [SEVERE ] setting player 1 freeze to 2081
[14:27:17.379] [SEVERE ] setting player 1 freeze to 2071
[14:27:17.390] [SEVERE ] setting player 1 freeze to 2060
[14:27:17.400] [SEVERE ] setting player 1 freeze to 2050
[14:27:17.410] [SEVERE ] setting player 1 freeze to 2040
[14:27:17.420] [SEVERE ] setting player 1 freeze to 2030
[14:27:17.430] [SEVERE ] setting player 1 freeze to 2020
[14:27:17.441] [SEVERE ] setting player 1 freeze to 2009
[14:27:17.451] [SEVERE ] setting player 1 freeze to 1999
[14:27:17.461] [SEVERE ] setting player 1 freeze to 1989
[14:27:17.471] [SEVERE ] setting player 1 freeze to 1979
[14:27:17.481] [SEVERE ] setting player 1 freeze to 1969
[14:27:17.492] [SEVERE ] setting player 1 freeze to 1958
[14:27:17.502] [SEVERE ] setting player 1 freeze to 1948
[14:27:17.512] [SEVERE ] setting player 1 freeze to 1938
[14:27:17.522] [SEVERE ] setting player 1 freeze to 1928
[14:27:17.533] [SEVERE ] setting player 1 freeze to 1917
[14:27:17.543] [SEVERE ] setting player 1 freeze to 1907
[14:27:17.553] [SEVERE ] setting player 1 freeze to 1897
[14:27:17.563] [SEVERE ] setting player 1 freeze to 1887
[14:27:17.574] [SEVERE ] setting player 1 freeze to 1876
[14:27:17.584] [SEVERE ] setting player 1 freeze to 1866
[14:27:17.594] [SEVERE ] setting player 1 freeze to 1856
[14:27:17.604] [SEVERE ] setting player 1 freeze to 1846
[14:27:17.614] [SEVERE ] setting player 1 freeze to 1836
[14:27:17.625] [SEVERE ] setting player 1 freeze to 1825
[14:27:17.635] [SEVERE ] setting player 1 freeze to 1815
[14:27:17.645] [SEVERE ] setting player 1 freeze to 1805
[14:27:17.655] [SEVERE ] setting player 1 freeze to 1795
[14:27:17.665] [SEVERE ] setting player 1 freeze to 1785
[14:27:17.676] [SEVERE ] setting player 1 freeze to 1774
[14:27:17.686] [SEVERE ] setting player 1 freeze to 1764
[14:27:17.696] [SEVERE ] setting player 1 freeze to 1754
[14:27:17.707] [SEVERE ] setting player 1 freeze to 1743
[14:27:17.717] [SEVERE ] setting player 1 freeze to 1733
[14:27:17.727] [SEVERE ] setting player 1 freeze to 1723
[14:27:17.737] [SEVERE ] setting player 1 freeze to 1713
[14:27:17.747] [SEVERE ] setting player 1 freeze to 1703
[14:27:17.758] [SEVERE ] setting player 1 freeze to 1692
[14:27:17.768] [SEVERE ] setting player 1 freeze to 1682
[14:27:17.778] [SEVERE ] setting player 1 freeze to 1672
[14:27:17.788] [SEVERE ] setting player 1 freeze to 1662
[14:27:17.798] [SEVERE ] setting player 1 freeze to 1652
[14:27:17.809] [SEVERE ] setting player 1 freeze to 1641
[14:27:17.819] [SEVERE ] setting player 1 freeze to 1631
[14:27:17.829] [SEVERE ] setting player 1 freeze to 1621
[14:27:17.839] [SEVERE ] setting player 1 freeze to 1611
[14:27:17.850] [SEVERE ] setting player 1 freeze to 1600
[14:27:17.860] [SEVERE ] setting player 1 freeze to 1590
[14:27:17.870] [SEVERE ] setting player 1 freeze to 1580
[14:27:17.880] [SEVERE ] setting player 1 freeze to 1570
[14:27:17.891] [SEVERE ] setting player 1 freeze to 1559
[14:27:17.901] [SEVERE ] setting player 1 freeze to 1549
[14:27:17.911] [SEVERE ] setting player 1 freeze to 1539
[14:27:17.921] [SEVERE ] setting player 1 freeze to 1529
[14:27:17.931] [SEVERE ] setting player 1 freeze to 1519
[14:27:17.942] [SEVERE ] setting player 1 freeze to 1509
[14:27:17.952] [SEVERE ] setting player 1 freeze to 1498
[14:27:17.962] [SEVERE ] setting player 1 freeze to 1488
[14:27:17.972] [SEVERE ] setting player 1 freeze to 1478
[14:27:17.982] [SEVERE ] setting player 1 freeze to 1468
[14:27:17.993] [SEVERE ] setting player 1 freeze to 1457
[14:27:18.003] [SEVERE ] setting player 1 freeze to 1447
[14:27:18.013] [SEVERE ] setting player 1 freeze to 1437
[14:27:18.023] [SEVERE ] setting player 1 freeze to 1427
[14:27:18.034] [SEVERE ] setting player 1 freeze to 1416
[14:27:18.044] [SEVERE ] setting player 1 freeze to 1406
[14:27:18.054] [SEVERE ] setting player 1 freeze to 1396
[14:27:18.064] [SEVERE ] setting player 1 freeze to 1386
[14:27:18.074] [SEVERE ] setting player 1 freeze to 1376
[14:27:18.085] [SEVERE ] setting player 1 freeze to 1365
[14:27:18.095] [SEVERE ] setting player 1 freeze to 1355
[14:27:18.105] [SEVERE ] setting player 1 freeze to 1345
[14:27:18.115] [SEVERE ] setting player 1 freeze to 1335
[14:27:18.126] [SEVERE ] setting player 1 freeze to 1324
[14:27:18.136] [SEVERE ] setting player 1 freeze to 1314
[14:27:18.138] [SEVERE ] updating countdown to 53997
[14:27:18.146] [SEVERE ] setting player 1 freeze to 1304
[14:27:18.156] [SEVERE ] setting player 1 freeze to 1294
[14:27:18.167] [SEVERE ] setting player 1 freeze to 1283
[14:27:18.177] [SEVERE ] setting player 1 freeze to 1273
[14:27:18.187] [SEVERE ] setting player 1 freeze to 1263
[14:27:18.197] [SEVERE ] setting player 1 freeze to 1253
[14:27:18.207] [SEVERE ] setting player 1 freeze to 1243
[14:27:18.217] [SEVERE ] setting player 1 freeze to 1233
[14:27:18.228] [SEVERE ] setting player 1 freeze to 1222
[14:27:18.238] [SEVERE ] setting player 1 freeze to 1212
[14:27:18.248] [SEVERE ] setting player 1 freeze to 1202
[14:27:18.258] [SEVERE ] setting player 1 freeze to 1192
[14:27:18.269] [SEVERE ] setting player 1 freeze to 1181
[14:27:18.279] [SEVERE ] setting player 1 freeze to 1171
[14:27:18.289] [SEVERE ] setting player 1 freeze to 1161
[14:27:18.299] [SEVERE ] setting player 1 freeze to 1151
[14:27:18.309] [SEVERE ] setting player 1 freeze to 1141
[14:27:18.320] [SEVERE ] setting player 1 freeze to 1130
[14:27:18.330] [SEVERE ] setting player 1 freeze to 1120
[14:27:18.340] [SEVERE ] setting player 1 freeze to 1110
[14:27:18.350] [SEVERE ] setting player 1 freeze to 1100
[14:27:18.361] [SEVERE ] setting player 1 freeze to 1089
[14:27:18.371] [SEVERE ] setting player 1 freeze to 1079
[14:27:18.381] [SEVERE ] setting player 1 freeze to 1069
[14:27:18.391] [SEVERE ] setting player 1 freeze to 1059
[14:27:18.402] [SEVERE ] setting player 1 freeze to 1048
[14:27:18.412] [SEVERE ] setting player 1 freeze to 1038
[14:27:18.422] [SEVERE ] setting player 1 freeze to 1028
[14:27:18.432] [SEVERE ] setting player 1 freeze to 1018
[14:27:18.442] [SEVERE ] setting player 1 freeze to 1008
[14:27:18.453] [SEVERE ] setting player 1 freeze to 997
[14:27:18.463] [SEVERE ] setting player 1 freeze to 987
[14:27:18.473] [SEVERE ] setting player 1 freeze to 977
[14:27:18.483] [SEVERE ] setting player 1 freeze to 967
[14:27:18.494] [SEVERE ] setting player 1 freeze to 956
[14:27:18.504] [SEVERE ] setting player 1 freeze to 946
[14:27:18.514] [SEVERE ] setting player 1 freeze to 936
[14:27:18.524] [SEVERE ] setting player 1 freeze to 926
[14:27:18.534] [SEVERE ] setting player 1 freeze to 916
[14:27:18.544] [SEVERE ] setting player 1 freeze to 906
[14:27:18.555] [SEVERE ] setting player 1 freeze to 895
[14:27:18.565] [SEVERE ] setting player 1 freeze to 885
[14:27:18.575] [SEVERE ] setting player 1 freeze to 875
[14:27:18.585] [SEVERE ] setting player 1 freeze to 865
[14:27:18.596] [SEVERE ] setting player 1 freeze to 854
[14:27:18.606] [SEVERE ] setting player 1 freeze to 844
[14:27:18.616] [SEVERE ] setting player 1 freeze to 834
[14:27:18.626] [SEVERE ] setting player 1 freeze to 824
[14:27:18.637] [SEVERE ] setting player 1 freeze to 813
[14:27:18.647] [SEVERE ] setting player 1 freeze to 803
[14:27:18.657] [SEVERE ] setting player 1 freeze to 793
[14:27:18.667] [SEVERE ] setting player 1 freeze to 783
[14:27:18.677] [SEVERE ] setting player 1 freeze to 773
[14:27:18.688] [SEVERE ] setting player 1 freeze to 762
[14:27:18.698] [SEVERE ] setting player 1 freeze to 752
[14:27:18.708] [SEVERE ] setting player 1 freeze to 742
[14:27:18.718] [SEVERE ] setting player 1 freeze to 732
[14:27:18.728] [SEVERE ] setting player 1 freeze to 722
[14:27:18.739] [SEVERE ] setting player 1 freeze to 711
[14:27:18.749] [SEVERE ] setting player 1 freeze to 701
[14:27:18.759] [SEVERE ] setting player 1 freeze to 691
[14:27:18.769] [SEVERE ] setting player 1 freeze to 681
[14:27:18.780] [SEVERE ] setting player 1 freeze to 670
[14:27:18.790] [SEVERE ] setting player 1 freeze to 660
[14:27:18.800] [SEVERE ] setting player 1 freeze to 650
[14:27:18.810] [SEVERE ] setting player 1 freeze to 640
[14:27:18.820] [SEVERE ] setting player 1 freeze to 630
[14:27:18.831] [SEVERE ] setting player 1 freeze to 619
[14:27:18.841] [SEVERE ] setting player 1 freeze to 609
[14:27:18.851] [SEVERE ] setting player 1 freeze to 599
[14:27:18.861] [SEVERE ] setting player 1 freeze to 589
[14:27:18.871] [SEVERE ] setting player 1 freeze to 579
[14:27:18.882] [SEVERE ] setting player 1 freeze to 568
[14:27:18.892] [SEVERE ] setting player 1 freeze to 558
[14:27:18.902] [SEVERE ] setting player 1 freeze to 548
[14:27:18.912] [SEVERE ] setting player 1 freeze to 538
[14:27:18.923] [SEVERE ] setting player 1 freeze to 527
[14:27:18.933] [SEVERE ] setting player 1 freeze to 517
[14:27:18.943] [SEVERE ] setting player 1 freeze to 507
[14:27:18.953] [SEVERE ] setting player 1 freeze to 497
[14:27:18.963] [SEVERE ] setting player 1 freeze to 487
[14:27:18.974] [SEVERE ] setting player 1 freeze to 476
[14:27:18.984] [SEVERE ] setting player 1 freeze to 466
[14:27:18.994] [SEVERE ] setting player 1 freeze to 456
[14:27:19.004] [SEVERE ] setting player 1 freeze to 446
[14:27:19.014] [SEVERE ] setting player 1 freeze to 436
[14:27:19.025] [SEVERE ] setting player 1 freeze to 425
[14:27:19.035] [SEVERE ] setting player 1 freeze to 415
[14:27:19.045] [SEVERE ] setting player 1 freeze to 405
[14:27:19.055] [SEVERE ] setting player 1 freeze to 395
[14:27:19.066] [SEVERE ] setting player 1 freeze to 384
[14:27:19.076] [SEVERE ] setting player 1 freeze to 374
[14:27:19.086] [SEVERE ] setting player 1 freeze to 364
[14:27:19.096] [SEVERE ] setting player 1 freeze to 354
[14:27:19.107] [SEVERE ] setting player 1 freeze to 343
[14:27:19.117] [SEVERE ] setting player 1 freeze to 333
[14:27:19.127] [SEVERE ] setting player 1 freeze to 323
[14:27:19.137] [SEVERE ] setting player 1 freeze to 313
[14:27:19.139] [SEVERE ] updating countdown to 52996
[14:27:19.147] [SEVERE ] setting player 1 freeze to 303
[14:27:19.158] [SEVERE ] setting player 1 freeze to 292
[14:27:19.168] [SEVERE ] setting player 1 freeze to 282
[14:27:19.178] [SEVERE ] setting player 1 freeze to 272
[14:27:19.188] [SEVERE ] setting player 1 freeze to 262
[14:27:19.199] [SEVERE ] setting player 1 freeze to 251
[14:27:19.209] [SEVERE ] setting player 1 freeze to 241
[14:27:19.219] [SEVERE ] setting player 1 freeze to 231
[14:27:19.229] [SEVERE ] setting player 1 freeze to 221
[14:27:19.240] [SEVERE ] setting player 1 freeze to 210
[14:27:19.250] [SEVERE ] setting player 1 freeze to 200
[14:27:19.260] [SEVERE ] setting player 1 freeze to 190
[14:27:19.270] [SEVERE ] setting player 1 freeze to 180
[14:27:19.280] [SEVERE ] setting player 1 freeze to 170
[14:27:19.291] [SEVERE ] setting player 1 freeze to 159
[14:27:19.301] [SEVERE ] setting player 1 freeze to 149
[14:27:19.311] [SEVERE ] setting player 1 freeze to 139
[14:27:19.321] [SEVERE ] setting player 1 freeze to 129
[14:27:19.332] [SEVERE ] setting player 1 freeze to 118
[14:27:19.342] [SEVERE ] setting player 1 freeze to 108
[14:27:19.352] [SEVERE ] setting player 1 freeze to 98
[14:27:19.362] [SEVERE ] setting player 1 freeze to 88
[14:27:19.373] [SEVERE ] setting player 1 freeze to 77
[14:27:19.383] [SEVERE ] setting player 1 freeze to 67
[14:27:19.394] [SEVERE ] setting player 1 freeze to 56
[14:27:19.404] [SEVERE ] setting player 1 freeze to 46
[14:27:19.414] [SEVERE ] setting player 1 freeze to 36
[14:27:19.424] [SEVERE ] setting player 1 freeze to 26
[14:27:19.434] [SEVERE ] setting player 1 freeze to 16
[14:27:19.444] [SEVERE ] setting player 1 freeze to 6
[14:27:19.455] [SEVERE ] setting player 1 freeze to -5
[14:27:20.139] [SEVERE ] updating countdown to 51996
[14:27:20.721] [SEVERE ] key 86 was pressed by player 1
[14:27:20.721] [SEVERE ] removing player 1 token from slot 11
[14:27:21.140] [SEVERE ] updating countdown to 50995
[14:27:21.345] [SEVERE ] key 67 was pressed by player 1
[14:27:21.345] [SEVERE ] player 1 placing token on slot 10
[14:27:21.345] [SEVERE ] setting player 1 score to 2
[14:27:21.346] [SEVERE ] removing player 1 token from slot 0
[14:27:21.346] [SEVERE ] removing player 1 token from slot 9
[14:27:21.346] [SEVERE ] removing player 1 token from slot 10
[14:27:21.346] [SEVERE ] removing player 2 token from slot 0
[14:27:21.346] [SEVERE ] removing player 2 token from slot 9
[14:27:21.346] [SEVERE ] removing player 2 token from slot 10
[14:27:21.347] [SEVERE ] setting player 1 freeze to 1999
[14:27:21.364] [SEVERE ] setting player 1 freeze to 1982
[14:27:21.374] [SEVERE ] setting player 1 freeze to 1972
[14:27:21.385] [SEVERE ] setting player 1 freeze to 1961
[14:27:21.395] [SEVERE ] setting player 1 freeze to 1951
[14:27:21.406] [SEVERE ] setting player 1 freeze to 1940
[14:27:21.416] [SEVERE ] setting player 1 freeze to 1930
[14:27:21.426] [SEVERE ] setting player 1 freeze to 1920
[14:27:21.436] [SEVERE ] setting player 1 freeze to 1910
[14:27:21.446] [SEVERE ] removing card from slot 0
[14:27:21.447] [SEVERE ] setting player 1 freeze to 1899
[14:27:21.457] [SEVERE ] setting player 1 freeze to 1889
[14:27:21.467] [SEVERE ] setting player 1 freeze to 1879
[14:27:21.477] [SEVERE ] setting player 1 freeze to 1869
[14:27:21.487] [SEVERE ] setting player 1 freeze to 1859
[14:27:21.497] [SEVERE ] setting player 1 freeze to 1849
[14:27:21.508] [SEVERE ] setting player 1 freeze to 1838
[14:27:21.518] [SEVERE ] setting player 1 freeze to 1828
[14:27:21.528] [SEVERE ] setting player 1 freeze to 1818
[14:27:21.538] [SEVERE ] setting player 1 freeze to 1808
[14:27:21.547] [SEVERE ] removing card from slot 9
[14:27:21.548] [SEVERE ] setting player 1 freeze to 1798
[14:27:21.559] [SEVERE ] setting player 1 freeze to 1787
[14:27:21.569] [SEVERE ] setting player 1 freeze to 1777
[14:27:21.579] [SEVERE ] setting player 1 freeze to 1767
[14:27:21.589] [SEVERE ] setting player 1 freeze to 1757
[14:27:21.599] [SEVERE ] setting player 1 freeze to 1747
[14:27:21.610] [SEVERE ] setting player 1 freeze to 1736
[14:27:21.620] [SEVERE ] setting player 1 freeze to 1726
[14:27:21.630] [SEVERE ] setting player 1 freeze to 1716
[14:27:21.640] [SEVERE ] setting player 1 freeze to 1706
[14:27:21.647] [SEVERE ] removing card from slot 10
[14:27:21.651] [SEVERE ] setting player 1 freeze to 1695
[14:27:21.661] [SEVERE ] setting player 1 freeze to 1685
[14:27:21.671] [SEVERE ] setting player 1 freeze to 1675
[14:27:21.681] [SEVERE ] setting player 1 freeze to 1665
[14:27:21.691] [SEVERE ] setting player 1 freeze to 1655
[14:27:21.702] [SEVERE ] setting player 1 freeze to 1644
[14:27:21.712] [SEVERE ] setting player 1 freeze to 1634
[14:27:21.722] [SEVERE ] setting player 1 freeze to 1624
[14:27:21.732] [SEVERE ] setting player 1 freeze to 1614
[14:27:21.743] [SEVERE ] setting player 1 freeze to 1603
[14:27:21.748] [SEVERE ] placing card 60 in slot 0
[14:27:21.753] [SEVERE ] setting player 1 freeze to 1593
[14:27:21.763] [SEVERE ] setting player 1 freeze to 1583
[14:27:21.773] [SEVERE ] setting player 1 freeze to 1573
[14:27:21.784] [SEVERE ] setting player 1 freeze to 1562
[14:27:21.794] [SEVERE ] setting player 1 freeze to 1552
[14:27:21.804] [SEVERE ] setting player 1 freeze to 1542
[14:27:21.814] [SEVERE ] setting player 1 freeze to 1532
[14:27:21.824] [SEVERE ] setting player 1 freeze to 1522
[14:27:21.835] [SEVERE ] setting player 1 freeze to 1511
[14:27:21.845] [SEVERE ] setting player 1 freeze to 1501
[14:27:21.848] [SEVERE ] placing card 63 in slot 9
[14:27:21.855] [SEVERE ] setting player 1 freeze to 1491
[14:27:21.865] [SEVERE ] setting player 1 freeze to 1481
[14:27:21.875] [SEVERE ] setting player 1 freeze to 1471
[14:27:21.886] [SEVERE ] setting player 1 freeze to 1460
[14:27:21.896] [SEVERE ] setting player 1 freeze to 1450
[14:27:21.906] [SEVERE ] setting player 1 freeze to 1440
[14:27:21.916] [SEVERE ] setting player 1 freeze to 1430
[14:27:21.927] [SEVERE ] setting player 1 freeze to 1419
[14:27:21.937] [SEVERE ] setting player 1 freeze to 1409
[14:27:21.947] [SEVERE ] setting player 1 freeze to 1399
[14:27:21.948] [SEVERE ] placing card 51 in slot 10
[14:27:21.950] [SEVERE ] updating countdown to 60000
[14:27:21.957] [SEVERE ] setting player 1 freeze to 1389
[14:27:21.968] [SEVERE ] setting player 1 freeze to 1378
[14:27:21.978] [SEVERE ] setting player 1 freeze to 1368
[14:27:21.988] [SEVERE ] setting player 1 freeze to 1358
[14:27:21.999] [SEVERE ] setting player 1 freeze to 1347
[14:27:22.009] [SEVERE ] setting player 1 freeze to 1337
[14:27:22.019] [SEVERE ] setting player 1 freeze to 1327
[14:27:22.029] [SEVERE ] setting player 1 freeze to 1317
[14:27:22.040] [SEVERE ] setting player 1 freeze to 1306
[14:27:22.050] [SEVERE ] setting player 1 freeze to 1296
[14:27:22.060] [SEVERE ] setting player 1 freeze to 1286
[14:27:22.070] [SEVERE ] setting player 1 freeze to 1276
[14:27:22.080] [SEVERE ] setting player 1 freeze to 1266
[14:27:22.091] [SEVERE ] setting player 1 freeze to 1255
[14:27:22.101] [SEVERE ] setting player 1 freeze to 1245
[14:27:22.111] [SEVERE ] setting player 1 freeze to 1235
[14:27:22.121] [SEVERE ] setting player 1 freeze to 1225
[14:27:22.131] [SEVERE ] setting player 1 freeze to 1215
[14:27:22.142] [SEVERE ] setting player 1 freeze to 1204
[14:27:22.152] [SEVERE ] setting player 1 freeze to 1194
[14:27:22.162] [SEVERE ] setting player 1 freeze to 1184
[14:27:22.172] [SEVERE ] setting player 1 freeze to 1174
[14:27:22.183] [SEVERE ] setting player 1 freeze to 1163
[14:27:22.193] [SEVERE ] setting player 1 freeze to 1153
[14:27:22.203] [SEVERE ] setting player 1 freeze to 1143
[14:27:22.213] [SEVERE ] setting player 1 freeze to 1133
[14:27:22.224] [SEVERE ] setting player 1 freeze to 1122
[14:27:22.234] [SEVERE ] setting player 1 freeze to 1112
[14:27:22.244] [SEVERE ] setting player 1 freeze to 1102
[14:27:22.254] [SEVERE ] setting player 1 freeze to 1092
[14:27:22.264] [SEVERE ] setting player 1 freeze to 1082
[14:27:22.275] [SEVERE ] setting player 1 freeze to 1071
[14:27:22.285] [SEVERE ] setting player 1 freeze to 1061
[14:27:22.295] [SEVERE ] setting player 1 freeze to 1051
[14:27:22.305] [SEVERE ] setting player 1 freeze to 1041
[14:27:22.316] [SEVERE ] setting player 1 freeze to 1030
[14:27:22.326] [SEVERE ] setting player 1 freeze to 1020
[14:27:22.336] [SEVERE ] setting player 1 freeze to 1010
[14:27:22.346] [SEVERE ] setting player 1 freeze to 1000
[14:27:22.357] [SEVERE ] setting player 1 freeze to 989
[14:27:22.367] [SEVERE ] setting player 1 freeze to 979
[14:27:22.377] [SEVERE ] setting player 1 freeze to 969
[14:27:22.387] [SEVERE ] setting player 1 freeze to 959
[14:27:22.397] [SEVERE ] setting player 1 freeze to 949
[14:27:22.408] [SEVERE ] setting player 1 freeze to 938
[14:27:22.418] [SEVERE ] setting player 1 freeze to 928
[14:27:22.428] [SEVERE ] setting player 1 freeze to 918
[14:27:22.438] [SEVERE ] setting player 1 freeze to 908
[14:27:22.448] [SEVERE ] setting player 1 freeze to 898
[14:27:22.459] [SEVERE ] setting player 1 freeze to 887
[14:27:22.469] [SEVERE ] setting player 1 freeze to 877
[14:27:22.479] [SEVERE ] setting player 1 freeze to 867
[14:27:22.490] [SEVERE ] setting player 1 freeze to 856
[14:27:22.500] [SEVERE ] setting player 1 freeze to 846
[14:27:22.510] [SEVERE ] setting player 1 freeze to 836
[14:27:22.520] [SEVERE ] setting player 1 freeze to 826
[14:27:22.530] [SEVERE ] setting player 1 freeze to 816
[14:27:22.541] [SEVERE ] setting player 1 freeze to 805
[14:27:22.551] [SEVERE ] setting player 1 freeze to 795
[14:27:22.561] [SEVERE ] setting player 1 freeze to 785
[14:27:22.571] [SEVERE ] setting player 1 freeze to 775
[14:27:22.581] [SEVERE ] setting player 1 freeze to 765
[14:27:22.592] [SEVERE ] setting player 1 freeze to 754
[14:27:22.602] [SEVERE ] setting player 1 freeze to 744
[14:27:22.612] [SEVERE ] setting player 1 freeze to 734
[14:27:22.622] [SEVERE ] setting player 1 freeze to 724
[14:27:22.633] [SEVERE ] setting player 1 freeze to 713
[14:27:22.643] [SEVERE ] setting player 1 freeze to 703
[14:27:22.653] [SEVERE ] setting player 1 freeze to 693
[14:27:22.663] [SEVERE ] setting player 1 freeze to 683
[14:27:22.673] [SEVERE ] setting player 1 freeze to 673
[14:27:22.684] [SEVERE ] setting player 1 freeze to 662
[14:27:22.694] [SEVERE ] setting player 1 freeze to 652
[14:27:22.704] [SEVERE ] setting player 1 freeze to 642
[14:27:22.714] [SEVERE ] setting player 1 freeze to 632
[14:27:22.724] [SEVERE ] setting player 1 freeze to 622
[14:27:22.735] [SEVERE ] setting player 1 freeze to 611
[14:27:22.745] [SEVERE ] setting player 1 freeze to 601
[14:27:22.755] [SEVERE ] setting player 1 freeze to 591
[14:27:22.765] [SEVERE ] setting player 1 freeze to 581
[14:27:22.776] [SEVERE ] setting player 1 freeze to 570
[14:27:22.786] [SEVERE ] setting player 1 freeze to 560
[14:27:22.796] [SEVERE ] setting player 1 freeze to 550
[14:27:22.806] [SEVERE ] setting player 1 freeze to 540
[14:27:22.816] [SEVERE ] setting player 1 freeze to 530
[14:27:22.827] [SEVERE ] setting player 1 freeze to 519
[14:27:22.837] [SEVERE ] setting player 1 freeze to 509
[14:27:22.847] [SEVERE ] setting player 1 freeze to 499
[14:27:22.857] [SEVERE ] setting player 1 freeze to 489
[14:27:22.867] [SEVERE ] setting player 1 freeze to 479
[14:27:22.878] [SEVERE ] setting player 1 freeze to 468
[14:27:22.888] [SEVERE ] setting player 1 freeze to 458
[14:27:22.898] [SEVERE ] setting player 1 freeze to 448
[14:27:22.908] [SEVERE ] setting player 1 freeze to 438
[14:27:22.919] [SEVERE ] setting player 1 freeze to 427
[14:27:22.929] [SEVERE ] setting player 1 freeze to 417
[14:27:22.939] [SEVERE ] setting player 1 freeze to 407
[14:27:22.949] [SEVERE ] setting player 1 freeze to 397
[14:27:22.950] [SEVERE ] updating countdown to 59999
[14:27:22.959] [SEVERE ] setting player 1 freeze to 387
[14:27:22.970] [SEVERE ] setting player 1 freeze to 376
[14:27:22.980] [SEVERE ] setting player 1 freeze to 366
[14:27:22.990] [SEVERE ] setting player 1 freeze to 356
[14:27:23.000] [SEVERE ] setting player 1 freeze to 346
[14:27:23.011] [SEVERE ] setting player 1 freeze to 335
[14:27:23.021] [SEVERE ] setting player 1 freeze to 325
[14:27:23.031] [SEVERE ] setting player 1 freeze to 315
[14:27:23.041] [SEVERE ] setting player 1 freeze to 305
[14:27:23.052] [SEVERE ] setting player 1 freeze to 294
[14:27:23.062] [SEVERE ] setting player 1 freeze to 284
[14:27:23.072] [SEVERE ] setting player 1 freeze to 274
[14:27:23.082] [SEVERE ] setting player 1 freeze to 264
[14:27:23.093] [SEVERE ] setting player 1 freeze to 253
[14:27:23.103] [SEVERE ] setting player 1 freeze to 243
[14:27:23.113] [SEVERE ] setting player 1 freeze to 233
[14:27:23.123] [SEVERE ] setting player 1 freeze to 223
[14:27:23.133] [SEVERE ] setting player 1 freeze to 213
[14:27:23.144] [SEVERE ] setting player 1 freeze to 202
[14:27:23.154] [SEVERE ] setting player 1 freeze to 192
[14:27:23.164] [SEVERE ] setting player 1 freeze to 182
[14:27:23.174] [SEVERE ] setting player 1 freeze to 172
[14:27:23.185] [SEVERE ] setting player 1 freeze to 161
[14:27:23.195] [SEVERE ] setting player 1 freeze to 151
[14:27:23.205] [SEVERE ] setting player 1 freeze to 141
[14:27:23.215] [SEVERE ] setting player 1 freeze to 131
[14:27:23.225] [SEVERE ] setting player 1 freeze to 121
[14:27:23.236] [SEVERE ] setting player 1 freeze to 110
[14:27:23.247] [SEVERE ] setting player 1 freeze to 99
[14:27:23.257] [SEVERE ] setting player 1 freeze to 89
[14:27:23.267] [SEVERE ] setting player 1 freeze to 79
[14:27:23.277] [SEVERE ] setting player 1 freeze to 69
[14:27:23.287] [SEVERE ] setting player 1 freeze to 59
[14:27:23.297] [SEVERE ] setting player 1 freeze to 49
[14:27:23.308] [SEVERE ] setting player 1 freeze to 38
[14:27:23.318] [SEVERE ] setting player 1 freeze to 28
[14:27:23.328] [SEVERE ] setting player 1 freeze to 18
[14:27:23.339] [SEVERE ] setting player 1 freeze to 7
[14:27:23.349] [SEVERE ] setting player 1 freeze to -3
[14:27:23.950] [SEVERE ] updating countdown to 58999
[14:27:24.162] [SEVERE ] key 81 was pressed by player 1
[14:27:24.162] [SEVERE ] player 1 placing token on slot 0
[14:27:24.834] [SEVERE ] key 69 was pressed by player 1
[14:27:24.834] [SEVERE ] player 1 placing token on slot 2
[14:27:24.950] [SEVERE ] updating countdown to 57999
[14:27:25.881] [SEVERE ] key 83 was pressed by player 1
[14:27:25.882] [SEVERE ] player 1 placing token on slot 5
[14:27:25.882] [SEVERE ] setting player 1 score to 3
[14:27:25.882] [SEVERE ] removing player 1 token from slot 0
[14:27:25.883] [SEVERE ] removing player 1 token from slot 2
[14:27:25.884] [SEVERE ] removing player 1 token from slot 5
[14:27:25.884] [SEVERE ] removing player 2 token from slot 0
[14:27:25.884] [SEVERE ] removing player 2 token from slot 2
[14:27:25.884] [SEVERE ] removing player 2 token from slot 5
[14:27:25.883] [SEVERE ] setting player 1 freeze to 1999
[14:27:25.899] [SEVERE ] setting player 1 freeze to 1983
[14:27:25.910] [SEVERE ] setting player 1 freeze to 1972
[14:27:25.920] [SEVERE ] setting player 1 freeze to 1962
[14:27:25.930] [SEVERE ] setting player 1 freeze to 1952
[14:27:25.941] [SEVERE ] setting player 1 freeze to 1941
[14:27:25.951] [SEVERE ] setting player 1 freeze to 1931
[14:27:25.962] [SEVERE ] setting player 1 freeze to 1920
[14:27:25.972] [SEVERE ] setting player 1 freeze to 1910
[14:27:25.982] [SEVERE ] setting player 1 freeze to 1900
[14:27:25.984] [SEVERE ] removing card from slot 0
[14:27:25.992] [SEVERE ] setting player 1 freeze to 1890
[14:27:26.003] [SEVERE ] setting player 1 freeze to 1879
[14:27:26.013] [SEVERE ] setting player 1 freeze to 1869
[14:27:26.023] [SEVERE ] setting player 1 freeze to 1859
[14:27:26.034] [SEVERE ] setting player 1 freeze to 1848
[14:27:26.044] [SEVERE ] setting player 1 freeze to 1838
[14:27:26.054] [SEVERE ] setting player 1 freeze to 1828
[14:27:26.064] [SEVERE ] setting player 1 freeze to 1818
[14:27:26.075] [SEVERE ] setting player 1 freeze to 1807
[14:27:26.084] [SEVERE ] removing card from slot 2
[14:27:26.085] [SEVERE ] setting player 1 freeze to 1797
[14:27:26.095] [SEVERE ] setting player 1 freeze to 1787
[14:27:26.105] [SEVERE ] setting player 1 freeze to 1777
[14:27:26.115] [SEVERE ] setting player 1 freeze to 1767
[14:27:26.126] [SEVERE ] setting player 1 freeze to 1756
[14:27:26.136] [SEVERE ] setting player 1 freeze to 1746
[14:27:26.146] [SEVERE ] setting player 1 freeze to 1736
[14:27:26.156] [SEVERE ] setting player 1 freeze to 1726
[14:27:26.167] [SEVERE ] setting player 1 freeze to 1715
[14:27:26.177] [SEVERE ] setting player 1 freeze to 1705
[14:27:26.185] [SEVERE ] removing card from slot 5
[14:27:26.187] [SEVERE ] setting player 1 freeze to 1695
[14:27:26.197] [SEVERE ] setting player 1 freeze to 1685
[14:27:26.207] [SEVERE ] setting player 1 freeze to 1675
[14:27:26.218] [SEVERE ] setting player 1 freeze to 1664
[14:27:26.228] [SEVERE ] setting player 1 freeze to 1654
[14:27:26.238] [SEVERE ] setting player 1 freeze to 1644
[14:27:26.249] [SEVERE ] setting player 1 freeze to 1633
[14:27:26.259] [SEVERE ] setting player 1 freeze to 1623
[14:27:26.269] [SEVERE ] setting player 1 freeze to 1613
[14:27:26.279] [SEVERE ] setting player 1 freeze to 1603
[14:27:26.285] [SEVERE ] placing card 16 in slot 0
[14:27:26.290] [SEVERE ] setting player 1 freeze to 1592
[14:27:26.300] [SEVERE ] setting player 1 freeze to 1582
[14:27:26.310] [SEVERE ] setting player 1 freeze to 1572
[14:27:26.320] [SEVERE ] setting player 1 freeze to 1562
[14:27:26.330] [SEVERE ] setting player 1 freeze to 1552
[14:27:26.341] [SEVERE ] setting player 1 freeze to 1541
[14:27:26.351] [SEVERE ] setting player 1 freeze to 1531
[14:27:26.361] [SEVERE ] setting player 1 freeze to 1521
[14:27:26.371] [SEVERE ] setting player 1 freeze to 1511
[14:27:26.381] [SEVERE ] setting player 1 freeze to 1501
[14:27:26.385] [SEVERE ] placing card 43 in slot 2
[14:27:26.392] [SEVERE ] setting player 1 freeze to 1490
[14:27:26.402] [SEVERE ] setting player 1 freeze to 1480
[14:27:26.412] [SEVERE ] setting player 1 freeze to 1470
[14:27:26.422] [SEVERE ] setting player 1 freeze to 1460
[14:27:26.432] [SEVERE ] setting player 1 freeze to 1450
[14:27:26.443] [SEVERE ] setting player 1 freeze to 1439
[14:27:26.453] [SEVERE ] setting player 1 freeze to 1429
[14:27:26.463] [SEVERE ] setting player 1 freeze to 1419
[14:27:26.473] [SEVERE ] setting player 1 freeze to 1409
[14:27:26.484] [SEVERE ] setting player 1 freeze to 1398
[14:27:26.485] [SEVERE ] placing card 64 in slot 5
[14:27:26.486] [SEVERE ] updating countdown to 60000
[14:27:26.494] [SEVERE ] setting player 1 freeze to 1388
[14:27:26.504] [SEVERE ] setting player 1 freeze to 1378
[14:27:26.514] [SEVERE ] setting player 1 freeze to 1368
[14:27:26.525] [SEVERE ] setting player 1 freeze to 1357
[14:27:26.535] [SEVERE ] setting player 1 freeze to 1347
[14:27:26.545] [SEVERE ] setting player 1 freeze to 1337
[14:27:26.555] [SEVERE ] setting player 1 freeze to 1327
[14:27:26.566] [SEVERE ] setting player 1 freeze to 1316
[14:27:26.576] [SEVERE ] setting player 1 freeze to 1306
[14:27:26.586] [SEVERE ] setting player 1 freeze to 1296
[14:27:26.597] [SEVERE ] setting player 1 freeze to 1285
[14:27:26.607] [SEVERE ] setting player 1 freeze to 1275
[14:27:26.617] [SEVERE ] setting player 1 freeze to 1265
[14:27:26.627] [SEVERE ] setting player 1 freeze to 1255
[14:27:26.638] [SEVERE ] setting player 1 freeze to 1244
[14:27:26.648] [SEVERE ] setting player 1 freeze to 1234
[14:27:26.658] [SEVERE ] setting player 1 freeze to 1224
[14:27:26.668] [SEVERE ] setting player 1 freeze to 1214
[14:27:26.678] [SEVERE ] setting player 1 freeze to 1204
[14:27:26.689] [SEVERE ] setting player 1 freeze to 1193
[14:27:26.699] [SEVERE ] setting player 1 freeze to 1183
[14:27:26.709] [SEVERE ] setting player 1 freeze to 1173
[14:27:26.719] [SEVERE ] setting player 1 freeze to 1163
[14:27:26.730] [SEVERE ] setting player 1 freeze to 1152
[14:27:26.740] [SEVERE ] setting player 1 freeze to 1142
[14:27:26.750] [SEVERE ] setting player 1 freeze to 1132
[14:27:26.760] [SEVERE ] setting player 1 freeze to 1122
[14:27:26.770] [SEVERE ] setting player 1 freeze to 1112
[14:27:26.781] [SEVERE ] setting player 1 freeze to 1101
[14:27:26.791] [SEVERE ] setting player 1 freeze to 1091
[14:27:26.801] [SEVERE ] setting player 1 freeze to 1081
[14:27:26.811] [SEVERE ] setting player 1 freeze to 1071
[14:27:26.821] [SEVERE ] setting player 1 freeze to 1061
[14:27:26.832] [SEVERE ] setting player 1 freeze to 1050
[14:27:26.842] [SEVERE ] setting player 1 freeze to 1040
[14:27:26.852] [SEVERE ] setting player 1 freeze to 1030
[14:27:26.862] [SEVERE ] setting player 1 freeze to 1020
[14:27:26.872] [SEVERE ] setting player 1 freeze to 1010
[14:27:26.883] [SEVERE ] setting player 1 freeze to 999
[14:27:26.893] [SEVERE ] setting player 1 freeze to 989
[14:27:26.903] [SEVERE ] setting player 1 freeze to 979
[14:27:26.914] [SEVERE ] setting player 1 freeze to 968
[14:27:26.924] [SEVERE ] setting player 1 freeze to 958
[14:27:26.934] [SEVERE ] setting player 1 freeze to 948
[14:27:26.944] [SEVERE ] setting player 1 freeze to 938
[14:27:26.954] [SEVERE ] setting player 1 freeze to 928
[14:27:26.964] [SEVERE ] setting player 1 freeze to 918
[14:27:26.975] [SEVERE ] setting player 1 freeze to 907
[14:27:26.985] [SEVERE ] setting player 1 freeze to 897
[14:27:26.995] [SEVERE ] setting player 1 freeze to 887
[14:27:27.005] [SEVERE ] setting player 1 freeze to 877
[14:27:27.015] [SEVERE ] setting player 1 freeze to 867
[14:27:27.026] [SEVERE ] setting player 1 freeze to 856
[14:27:27.036] [SEVERE ] setting player 1 freeze to 846
[14:27:27.046] [SEVERE ] setting player 1 freeze to 836
[14:27:27.056] [SEVERE ] setting player 1 freeze to 826
[14:27:27.066] [SEVERE ] setting player 1 freeze to 816
[14:27:27.077] [SEVERE ] setting player 1 freeze to 805
[14:27:27.087] [SEVERE ] setting player 1 freeze to 795
[14:27:27.097] [SEVERE ] setting player 1 freeze to 785
[14:27:27.107] [SEVERE ] setting player 1 freeze to 775
[14:27:27.117] [SEVERE ] setting player 1 freeze to 765
[14:27:27.128] [SEVERE ] setting player 1 freeze to 754
[14:27:27.138] [SEVERE ] setting player 1 freeze to 744
[14:27:27.148] [SEVERE ] setting player 1 freeze to 734
[14:27:27.158] [SEVERE ] setting player 1 freeze to 724
[14:27:27.168] [SEVERE ] setting player 1 freeze to 714
[14:27:27.179] [SEVERE ] setting player 1 freeze to 703
[14:27:27.189] [SEVERE ] setting player 1 freeze to 693
[14:27:27.199] [SEVERE ] setting player 1 freeze to 683
[14:27:27.209] [SEVERE ] setting player 1 freeze to 673
[14:27:27.220] [SEVERE ] setting player 1 freeze to 662
[14:27:27.230] [SEVERE ] setting player 1 freeze to 652
[14:27:27.240] [SEVERE ] setting player 1 freeze to 642
[14:27:27.250] [SEVERE ] setting player 1 freeze to 632
[14:27:27.260] [SEVERE ] setting player 1 freeze to 622
[14:27:27.271] [SEVERE ] setting player 1 freeze to 611
[14:27:27.281] [SEVERE ] setting player 1 freeze to 601
[14:27:27.291] [SEVERE ] setting player 1 freeze to 591
[14:27:27.301] [SEVERE ] setting player 1 freeze to 581
[14:27:27.312] [SEVERE ] setting player 1 freeze to 570
[14:27:27.322] [SEVERE ] setting player 1 freeze to 560
[14:27:27.332] [SEVERE ] setting player 1 freeze to 550
[14:27:27.342] [SEVERE ] setting player 1 freeze to 540
[14:27:27.353] [SEVERE ] setting player 1 freeze to 529
[14:27:27.363] [SEVERE ] setting player 1 freeze to 519
[14:27:27.373] [SEVERE ] setting player 1 freeze to 509
[14:27:27.383] [SEVERE ] setting player 1 freeze to 499
[14:27:27.393] [SEVERE ] setting player 1 freeze to 489
[14:27:27.404] [SEVERE ] setting player 1 freeze to 478
[14:27:27.414] [SEVERE ] setting player 1 freeze to 468
[14:27:27.424] [SEVERE ] setting player 1 freeze to 458
[14:27:27.434] [SEVERE ] setting player 1 freeze to 448
[14:27:27.444] [SEVERE ] setting player 1 freeze to 438
[14:27:27.455] [SEVERE ] setting player 1 freeze to 427
[14:27:27.465] [SEVERE ] setting player 1 freeze to 417
[14:27:27.475] [SEVERE ] setting player 1 freeze to 407
[14:27:27.485] [SEVERE ] setting player 1 freeze to 397
[14:27:27.488] [SEVERE ] updating countdown to 59999
[14:27:27.495] [SEVERE ] setting player 1 freeze to 387
[14:27:27.506] [SEVERE ] setting player 1 freeze to 376
[14:27:27.516] [SEVERE ] setting player 1 freeze to 366
[14:27:27.526] [SEVERE ] setting player 1 freeze to 356
[14:27:27.536] [SEVERE ] setting player 1 freeze to 346
[14:27:27.547] [SEVERE ] setting player 1 freeze to 335
[14:27:27.557] [SEVERE ] setting player 1 freeze to 325
[14:27:27.567] [SEVERE ] setting player 1 freeze to 315
[14:27:27.577] [SEVERE ] setting player 1 freeze to 305
[14:27:27.587] [SEVERE ] setting player 1 freeze to 295
[14:27:27.598] [SEVERE ] setting player 1 freeze to 284
[14:27:27.608] [SEVERE ] setting player 1 freeze to 274
[14:27:27.618] [SEVERE ] setting player 1 freeze to 264
[14:27:27.628] [SEVERE ] setting player 1 freeze to 254
[14:27:27.638] [SEVERE ] setting player 1 freeze to 244
[14:27:27.649] [SEVERE ] setting player 1 freeze to 233
[14:27:27.659] [SEVERE ] setting player 1 freeze to 223
[14:27:27.669] [SEVERE ] setting player 1 freeze to 213
[14:27:27.679] [SEVERE ] setting player 1 freeze to 203
[14:27:27.689] [SEVERE ] setting player 1 freeze to 193
[14:27:27.700] [SEVERE ] setting player 1 freeze to 182
[14:27:27.710] [SEVERE ] setting player 1 freeze to 172
[14:27:27.720] [SEVERE ] setting player 1 freeze to 162
[14:27:27.730] [SEVERE ] setting player 1 freeze to 152
[14:27:27.741] [SEVERE ] setting player 1 freeze to 141
[14:27:27.751] [SEVERE ] setting player 1 freeze to 131
[14:27:27.761] [SEVERE ] setting player 1 freeze to 121
[14:27:27.771] [SEVERE ] setting player 1 freeze to 111
[14:27:27.782] [SEVERE ] setting player 1 freeze to 100
[14:27:27.792] [SEVERE ] setting player 1 freeze to 90
[14:27:27.802] [SEVERE ] setting player 1 freeze to 80
[14:27:27.812] [SEVERE ] setting player 1 freeze to 70
[14:27:27.822] [SEVERE ] setting player 1 freeze to 60
[14:27:27.833] [SEVERE ] setting player 1 freeze to 49
[14:27:27.843] [SEVERE ] setting player 1 freeze to 39
[14:27:27.853] [SEVERE ] setting player 1 freeze to 29
[14:27:27.864] [SEVERE ] setting player 1 freeze to 18
[14:27:27.874] [SEVERE ] setting player 1 freeze to 8
[14:27:27.884] [SEVERE ] setting player 1 freeze to -2
[14:27:28.489] [SEVERE ] updating countdown to 58998
[14:27:29.489] [SEVERE ] updating countdown to 57998
[14:27:29.954] [SEVERE ] key 81 was pressed by player 1
[14:27:29.954] [SEVERE ] player 1 placing token on slot 0
[14:27:30.370] [SEVERE ] key 69 was pressed by player 1
[14:27:30.370] [SEVERE ] player 1 placing token on slot 2
[14:27:30.490] [SEVERE ] updating countdown to 56997
[14:27:31.282] [SEVERE ] key 86 was pressed by player 1
[14:27:31.282] [SEVERE ] player 1 placing token on slot 11
[14:27:31.282] [SEVERE ] setting player 1 score to 4
[14:27:31.282] [SEVERE ] removing player 1 token from slot 0
[14:27:31.283] [SEVERE ] setting player 1 freeze to 1999
[14:27:31.283] [SEVERE ] removing player 1 token from slot 2
[14:27:31.288] [SEVERE ] removing player 1 token from slot 11
[14:27:31.289] [SEVERE ] removing player 2 token from slot 0
[14:27:31.290] [SEVERE ] removing player 2 token from slot 2
[14:27:31.290] [SEVERE ] removing player 2 token from slot 11
[14:27:31.294] [SEVERE ] setting player 1 freeze to 1988
[14:27:31.304] [SEVERE ] setting player 1 freeze to 1978
[14:27:31.317] [SEVERE ] setting player 1 freeze to 1965
[14:27:31.327] [SEVERE ] setting player 1 freeze to 1955
[14:27:31.337] [SEVERE ] setting player 1 freeze to 1945
[14:27:31.348] [SEVERE ] setting player 1 freeze to 1934
[14:27:31.358] [SEVERE ] setting player 1 freeze to 1924
[14:27:31.369] [SEVERE ] setting player 1 freeze to 1913
[14:27:31.379] [SEVERE ] setting player 1 freeze to 1903
[14:27:31.389] [SEVERE ] setting player 1 freeze to 1893
[14:27:31.391] [SEVERE ] removing card from slot 0
[14:27:31.399] [SEVERE ] setting player 1 freeze to 1883
[14:27:31.410] [SEVERE ] setting player 1 freeze to 1872
[14:27:31.420] [SEVERE ] setting player 1 freeze to 1862
[14:27:31.430] [SEVERE ] setting player 1 freeze to 1852
[14:27:31.440] [SEVERE ] setting player 1 freeze to 1842
[14:27:31.451] [SEVERE ] setting player 1 freeze to 1831
[14:27:31.461] [SEVERE ] setting player 1 freeze to 1821
[14:27:31.471] [SEVERE ] setting player 1 freeze to 1811
[14:27:31.481] [SEVERE ] setting player 1 freeze to 1801
[14:27:31.491] [SEVERE ] setting player 1 freeze to 1791
[14:27:31.492] [SEVERE ] removing card from slot 2
[14:27:31.502] [SEVERE ] setting player 1 freeze to 1780
[14:27:31.512] [SEVERE ] setting player 1 freeze to 1770
[14:27:31.522] [SEVERE ] setting player 1 freeze to 1760
[14:27:31.532] [SEVERE ] setting player 1 freeze to 1750
[14:27:31.543] [SEVERE ] setting player 1 freeze to 1739
[14:27:31.553] [SEVERE ] setting player 1 freeze to 1729
[14:27:31.563] [SEVERE ] setting player 1 freeze to 1719
[14:27:31.574] [SEVERE ] setting player 1 freeze to 1708
[14:27:31.584] [SEVERE ] setting player 1 freeze to 1698
[14:27:31.592] [SEVERE ] removing card from slot 11
[14:27:31.593] [SEVERE ] updating countdown to 60000
[14:27:31.594] [SEVERE ] setting player 1 freeze to 1688
[14:27:31.605] [SEVERE ] setting player 1 freeze to 1677
[14:27:31.615] [SEVERE ] setting player 1 freeze to 1667
[14:27:31.626] [SEVERE ] setting player 1 freeze to 1656
[14:27:31.636] [SEVERE ] setting player 1 freeze to 1646
[14:27:31.646] [SEVERE ] setting player 1 freeze to 1636
[14:27:31.657] [SEVERE ] setting player 1 freeze to 1625
[14:27:31.667] [SEVERE ] setting player 1 freeze to 1615
[14:27:31.677] [SEVERE ] setting player 1 freeze to 1605
[14:27:31.687] [SEVERE ] setting player 1 freeze to 1595
[14:27:31.697] [SEVERE ] setting player 1 freeze to 1585
[14:27:31.708] [SEVERE ] setting player 1 freeze to 1574
[14:27:31.718] [SEVERE ] setting player 1 freeze to 1564
[14:27:31.728] [SEVERE ] setting player 1 freeze to 1554
[14:27:31.738] [SEVERE ] setting player 1 freeze to 1544
[14:27:31.749] [SEVERE ] setting player 1 freeze to 1533
[14:27:31.759] [SEVERE ] setting player 1 freeze to 1523
[14:27:31.769] [SEVERE ] setting player 1 freeze to 1513
[14:27:31.779] [SEVERE ] setting player 1 freeze to 1503
[14:27:31.789] [SEVERE ] setting player 1 freeze to 1493
[14:27:31.800] [SEVERE ] setting player 1 freeze to 1482
[14:27:31.810] [SEVERE ] setting player 1 freeze to 1472
[14:27:31.820] [SEVERE ] setting player 1 freeze to 1462
[14:27:31.830] [SEVERE ] setting player 1 freeze to 1452
[14:27:31.840] [SEVERE ] setting player 1 freeze to 1442
[14:27:31.851] [SEVERE ] setting player 1 freeze to 1431
[14:27:31.861] [SEVERE ] setting player 1 freeze to 1421
[14:27:31.871] [SEVERE ] setting player 1 freeze to 1411
[14:27:31.881] [SEVERE ] setting player 1 freeze to 1401
[14:27:31.891] [SEVERE ] setting player 1 freeze to 1391
[14:27:31.902] [SEVERE ] setting player 1 freeze to 1380
[14:27:31.912] [SEVERE ] setting player 1 freeze to 1370
[14:27:31.922] [SEVERE ] setting player 1 freeze to 1360
[14:27:31.932] [SEVERE ] setting player 1 freeze to 1350
[14:27:31.943] [SEVERE ] setting player 1 freeze to 1339
[14:27:31.953] [SEVERE ] setting player 1 freeze to 1329
[14:27:31.963] [SEVERE ] setting player 1 freeze to 1319
[14:27:31.973] [SEVERE ] setting player 1 freeze to 1309
[14:27:31.983] [SEVERE ] setting player 1 freeze to 1299
[14:27:31.994] [SEVERE ] setting player 1 freeze to 1288
[14:27:32.004] [SEVERE ] setting player 1 freeze to 1278
[14:27:32.014] [SEVERE ] setting player 1 freeze to 1268
[14:27:32.024] [SEVERE ] setting player 1 freeze to 1258
[14:27:32.034] [SEVERE ] setting player 1 freeze to 1248
[14:27:32.045] [SEVERE ] setting player 1 freeze to 1237
[14:27:32.055] [SEVERE ] setting player 1 freeze to 1227
[14:27:32.065] [SEVERE ] setting player 1 freeze to 1217
[14:27:32.075] [SEVERE ] setting player 1 freeze to 1207
[14:27:32.086] [SEVERE ] setting player 1 freeze to 1197
[14:27:32.096] [SEVERE ] setting player 1 freeze to 1186
[14:27:32.106] [SEVERE ] setting player 1 freeze to 1176
[14:27:32.116] [SEVERE ] setting player 1 freeze to 1166
[14:27:32.126] [SEVERE ] setting player 1 freeze to 1156
[14:27:32.137] [SEVERE ] setting player 1 freeze to 1145
[14:27:32.147] [SEVERE ] setting player 1 freeze to 1135
[14:27:32.157] [SEVERE ] setting player 1 freeze to 1125
[14:27:32.167] [SEVERE ] setting player 1 freeze to 1115
[14:27:32.177] [SEVERE ] setting player 1 freeze to 1105
[14:27:32.188] [SEVERE ] setting player 1 freeze to 1094
[14:27:32.198] [SEVERE ] setting player 1 freeze to 1084
[14:27:32.208] [SEVERE ] setting player 1 freeze to 1074
[14:27:32.218] [SEVERE ] setting player 1 freeze to 1064
[14:27:32.228] [SEVERE ] setting player 1 freeze to 1054
[14:27:32.239] [SEVERE ] setting player 1 freeze to 1043
[14:27:32.249] [SEVERE ] setting player 1 freeze to 1033
[14:27:32.259] [SEVERE ] setting player 1 freeze to 1023
[14:27:32.269] [SEVERE ] setting player 1 freeze to 1013
[14:27:32.279] [SEVERE ] setting player 1 freeze to 1003
[14:27:32.290] [SEVERE ] setting player 1 freeze to 992
[14:27:32.300] [SEVERE ] setting player 1 freeze to 982
[14:27:32.310] [SEVERE ] setting player 1 freeze to 972
[14:27:32.320] [SEVERE ] setting player 1 freeze to 962
[14:27:32.330] [SEVERE ] setting player 1 freeze to 952
[14:27:32.340] [SEVERE ] setting player 1 freeze to 942
[14:27:32.351] [SEVERE ] setting player 1 freeze to 931
[14:27:32.361] [SEVERE ] setting player 1 freeze to 921
[14:27:32.371] [SEVERE ] setting player 1 freeze to 911
[14:27:32.381] [SEVERE ] setting player 1 freeze to 901
[14:27:32.391] [SEVERE ] setting player 1 freeze to 891
[14:27:32.402] [SEVERE ] setting player 1 freeze to 880
[14:27:32.412] [SEVERE ] setting player 1 freeze to 870
[14:27:32.422] [SEVERE ] setting player 1 freeze to 860
[14:27:32.432] [SEVERE ] setting player 1 freeze to 850
[14:27:32.442] [SEVERE ] setting player 1 freeze to 840
[14:27:32.453] [SEVERE ] setting player 1 freeze to 829
[14:27:32.463] [SEVERE ] setting player 1 freeze to 819
[14:27:32.473] [SEVERE ] setting player 1 freeze to 809
[14:27:32.483] [SEVERE ] setting player 1 freeze to 799
[14:27:32.494] [SEVERE ] setting player 1 freeze to 788
[14:27:32.504] [SEVERE ] setting player 1 freeze to 778
[14:27:32.514] [SEVERE ] setting player 1 freeze to 768
[14:27:32.524] [SEVERE ] setting player 1 freeze to 758
[14:27:32.534] [SEVERE ] setting player 1 freeze to 748
[14:27:32.545] [SEVERE ] setting player 1 freeze to 737
[14:27:32.555] [SEVERE ] setting player 1 freeze to 727
[14:27:32.565] [SEVERE ] setting player 1 freeze to 717
[14:27:32.575] [SEVERE ] setting player 1 freeze to 707
[14:27:32.586] [SEVERE ] setting player 1 freeze to 696
[14:27:32.594] [SEVERE ] updating countdown to 59999
[14:27:32.596] [SEVERE ] setting player 1 freeze to 686
[14:27:32.606] [SEVERE ] setting player 1 freeze to 676
[14:27:32.616] [SEVERE ] setting player 1 freeze to 666
[14:27:32.626] [SEVERE ] setting player 1 freeze to 656
[14:27:32.637] [SEVERE ] setting player 1 freeze to 645
[14:27:32.647] [SEVERE ] setting player 1 freeze to 635
[14:27:32.657] [SEVERE ] setting player 1 freeze to 625
[14:27:32.667] [SEVERE ] setting player 1 freeze to 615
[14:27:32.677] [SEVERE ] setting player 1 freeze to 605
[14:27:32.688] [SEVERE ] setting player 1 freeze to 594
[14:27:32.698] [SEVERE ] setting player 1 freeze to 584
[14:27:32.708] [SEVERE ] setting player 1 freeze to 574
[14:27:32.718] [SEVERE ] setting player 1 freeze to 564
[14:27:32.728] [SEVERE ] setting player 1 freeze to 554
[14:27:32.739] [SEVERE ] setting player 1 freeze to 543
[14:27:32.749] [SEVERE ] setting player 1 freeze to 533
[14:27:32.759] [SEVERE ] setting player 1 freeze to 523
[14:27:32.769] [SEVERE ] setting player 1 freeze to 513
[14:27:32.779] [SEVERE ] setting player 1 freeze to 503
[14:27:32.790] [SEVERE ] setting player 1 freeze to 492
[14:27:32.800] [SEVERE ] setting player 1 freeze to 482
[14:27:32.810] [SEVERE ] setting player 1 freeze to 472
[14:27:32.820] [SEVERE ] setting player 1 freeze to 462
[14:27:32.830] [SEVERE ] setting player 1 freeze to 452
[14:27:32.841] [SEVERE ] setting player 1 freeze to 441
[14:27:32.851] [SEVERE ] setting player 1 freeze to 431
[14:27:32.861] [SEVERE ] setting player 1 freeze to 421
[14:27:32.871] [SEVERE ] setting player 1 freeze to 411
[14:27:32.881] [SEVERE ] setting player 1 freeze to 401
[14:27:32.892] [SEVERE ] setting player 1 freeze to 390
[14:27:32.902] [SEVERE ] setting player 1 freeze to 380
[14:27:32.912] [SEVERE ] setting player 1 freeze to 370
[14:27:32.922] [SEVERE ] setting player 1 freeze to 360
[14:27:32.932] [SEVERE ] setting player 1 freeze to 350
[14:27:32.943] [SEVERE ] setting player 1 freeze to 339
[14:27:32.953] [SEVERE ] setting player 1 freeze to 329
[14:27:32.963] [SEVERE ] setting player 1 freeze to 319
[14:27:32.973] [SEVERE ] setting player 1 freeze to 309
[14:27:32.983] [SEVERE ] setting player 1 freeze to 299
[14:27:32.994] [SEVERE ] setting player 1 freeze to 288
[14:27:33.004] [SEVERE ] setting player 1 freeze to 278
[14:27:33.014] [SEVERE ] setting player 1 freeze to 268
[14:27:33.024] [SEVERE ] setting player 1 freeze to 258
[14:27:33.034] [SEVERE ] setting player 1 freeze to 248
[14:27:33.044] [SEVERE ] setting player 1 freeze to 238
[14:27:33.055] [SEVERE ] setting player 1 freeze to 227
[14:27:33.065] [SEVERE ] setting player 1 freeze to 217
[14:27:33.075] [SEVERE ] setting player 1 freeze to 207
[14:27:33.085] [SEVERE ] setting player 1 freeze to 197
[14:27:33.096] [SEVERE ] setting player 1 freeze to 186
[14:27:33.106] [SEVERE ] setting player 1 freeze to 176
[14:27:33.116] [SEVERE ] setting player 1 freeze to 166
[14:27:33.126] [SEVERE ] setting player 1 freeze to 156
[14:27:33.136] [SEVERE ] setting player 1 freeze to 146
[14:27:33.147] [SEVERE ] setting player 1 freeze to 135
[14:27:33.157] [SEVERE ] setting player 1 freeze to 125
[14:27:33.167] [SEVERE ] setting player 1 freeze to 115
[14:27:33.177] [SEVERE ] setting player 1 freeze to 105
[14:27:33.187] [SEVERE ] setting player 1 freeze to 95
[14:27:33.198] [SEVERE ] setting player 1 freeze to 84
[14:27:33.208] [SEVERE ] setting player 1 freeze to 74
[14:27:33.218] [SEVERE ] setting player 1 freeze to 64
[14:27:33.228] [SEVERE ] setting player 1 freeze to 54
[14:27:33.239] [SEVERE ] setting player 1 freeze to 43
[14:27:33.249] [SEVERE ] setting player 1 freeze to 33
[14:27:33.259] [SEVERE ] setting player 1 freeze to 23
[14:27:33.269] [SEVERE ] setting player 1 freeze to 13
[14:27:33.280] [SEVERE ] setting player 1 freeze to 2
[14:27:33.290] [SEVERE ] setting player 1 freeze to -8
[14:27:33.594] [SEVERE ] updating countdown to 58999
[14:27:34.594] [SEVERE ] updating countdown to 57999
[14:27:35.418] [SEVERE ] key 81 was pressed by player 1
[14:27:35.594] [SEVERE ] updating countdown to 56999
[14:27:36.410] [SEVERE ] key 65 was pressed by player 1
[14:27:36.411] [SEVERE ] player 1 placing token on slot 4
[14:27:36.595] [SEVERE ] updating countdown to 55998
[14:27:37.595] [SEVERE ] updating countdown to 54998
[14:27:37.882] [SEVERE ] key 70 was pressed by player 1
[14:27:37.882] [SEVERE ] player 1 placing token on slot 7
[14:27:38.595] [SEVERE ] updating countdown to 53998
[14:27:39.596] [SEVERE ] updating countdown to 52997
[14:27:40.596] [SEVERE ] updating countdown to 51997
[14:27:41.597] [SEVERE ] updating countdown to 50996
[14:27:42.597] [SEVERE ] updating countdown to 49996
[14:27:43.597] [SEVERE ] updating countdown to 48996
[14:27:43.627] [SEVERE ] key 81 was pressed by player 1
[14:27:44.597] [SEVERE ] updating countdown to 47996
[14:27:45.597] [SEVERE ] updating countdown to 46996
[14:27:46.051] [SEVERE ] key 87 was pressed by player 1
[14:27:46.051] [SEVERE ] player 1 placing token on slot 1
[14:27:46.052] [SEVERE ] setting player 1 score to 5
[14:27:46.052] [SEVERE ] removing player 1 token from slot 4
[14:27:46.052] [SEVERE ] removing player 1 token from slot 7
[14:27:46.052] [SEVERE ] removing player 1 token from slot 1
[14:27:46.052] [SEVERE ] removing player 2 token from slot 4
[14:27:46.052] [SEVERE ] removing player 2 token from slot 7
[14:27:46.052] [SEVERE ] removing player 2 token from slot 1
[14:27:46.053] [SEVERE ] setting player 1 freeze to 1999
[14:27:46.063] [SEVERE ] setting player 1 freeze to 1989
[14:27:46.074] [SEVERE ] setting player 1 freeze to 1978
[14:27:46.084] [SEVERE ] setting player 1 freeze to 1968
[14:27:46.095] [SEVERE ] setting player 1 freeze to 1958
[14:27:46.105] [SEVERE ] setting player 1 freeze to 1947
[14:27:46.115] [SEVERE ] setting player 1 freeze to 1937
[14:27:46.126] [SEVERE ] setting player 1 freeze to 1926
[14:27:46.136] [SEVERE ] setting player 1 freeze to 1916
[14:27:46.146] [SEVERE ] setting player 1 freeze to 1906
[14:27:46.153] [SEVERE ] removing card from slot 4
[14:27:46.156] [SEVERE ] setting player 1 freeze to 1896
[14:27:46.166] [SEVERE ] setting player 1 freeze to 1886
[14:27:46.177] [SEVERE ] setting player 1 freeze to 1875
[14:27:46.187] [SEVERE ] setting player 1 freeze to 1865
[14:27:46.197] [SEVERE ] setting player 1 freeze to 1855
[14:27:46.207] [SEVERE ] setting player 1 freeze to 1845
[14:27:46.217] [SEVERE ] setting player 1 freeze to 1835
[14:27:46.228] [SEVERE ] setting player 1 freeze to 1824
[14:27:46.238] [SEVERE ] setting player 1 freeze to 1814
[14:27:46.248] [SEVERE ] setting player 1 freeze to 1804
[14:27:46.253] [SEVERE ] removing card from slot 7
[14:27:46.258] [SEVERE ] setting player 1 freeze to 1794
[14:27:46.269] [SEVERE ] setting player 1 freeze to 1783
[14:27:46.279] [SEVERE ] setting player 1 freeze to 1773
[14:27:46.289] [SEVERE ] setting player 1 freeze to 1763
[14:27:46.299] [SEVERE ] setting player 1 freeze to 1753
[14:27:46.309] [SEVERE ] setting player 1 freeze to 1743
[14:27:46.320] [SEVERE ] setting player 1 freeze to 1732
[14:27:46.330] [SEVERE ] setting player 1 freeze to 1722
[14:27:46.340] [SEVERE ] setting player 1 freeze to 1712
[14:27:46.350] [SEVERE ] setting player 1 freeze to 1702
[14:27:46.353] [SEVERE ] removing card from slot 1
[14:27:46.360] [SEVERE ] setting player 1 freeze to 1692
[14:27:46.371] [SEVERE ] setting player 1 freeze to 1681
[14:27:46.381] [SEVERE ] setting player 1 freeze to 1671
[14:27:46.391] [SEVERE ] setting player 1 freeze to 1661
[14:27:46.401] [SEVERE ] setting player 1 freeze to 1651
[14:27:46.411] [SEVERE ] setting player 1 freeze to 1641
[14:27:46.422] [SEVERE ] setting player 1 freeze to 1630
[14:27:46.432] [SEVERE ] setting player 1 freeze to 1620
[14:27:46.442] [SEVERE ] setting player 1 freeze to 1610
[14:27:46.452] [SEVERE ] setting player 1 freeze to 1600
[14:27:46.453] [SEVERE ] removing card from slot 0
[14:27:46.453] [SEVERE ] removing player 1 token from slot 0
[14:27:46.454] [SEVERE ] removing player 2 token from slot 0
[14:27:46.462] [SEVERE ] setting player 1 freeze to 1590
[14:27:46.473] [SEVERE ] setting player 1 freeze to 1579
[14:27:46.483] [SEVERE ] setting player 1 freeze to 1569
[14:27:46.493] [SEVERE ] setting player 1 freeze to 1559
[14:27:46.503] [SEVERE ] setting player 1 freeze to 1549
[14:27:46.513] [SEVERE ] setting player 1 freeze to 1539
[14:27:46.524] [SEVERE ] setting player 1 freeze to 1528
[14:27:46.534] [SEVERE ] setting player 1 freeze to 1518
[14:27:46.544] [SEVERE ] setting player 1 freeze to 1508
[14:27:46.554] [SEVERE ] removing card from slot 1
[14:27:46.554] [SEVERE ] removing player 1 token from slot 1
[14:27:46.555] [SEVERE ] removing player 2 token from slot 1
[14:27:46.554] [SEVERE ] setting player 1 freeze to 1498
[14:27:46.565] [SEVERE ] setting player 1 freeze to 1487
[14:27:46.575] [SEVERE ] setting player 1 freeze to 1477
[14:27:46.585] [SEVERE ] setting player 1 freeze to 1467
[14:27:46.595] [SEVERE ] setting player 1 freeze to 1457
[14:27:46.605] [SEVERE ] setting player 1 freeze to 1447
[14:27:46.616] [SEVERE ] setting player 1 freeze to 1436
[14:27:46.626] [SEVERE ] setting player 1 freeze to 1426
[14:27:46.636] [SEVERE ] setting player 1 freeze to 1416
[14:27:46.646] [SEVERE ] setting player 1 freeze to 1406
[14:27:46.655] [SEVERE ] removing card from slot 2
[14:27:46.655] [SEVERE ] removing player 1 token from slot 2
[14:27:46.655] [SEVERE ] removing player 2 token from slot 2
[14:27:46.657] [SEVERE ] setting player 1 freeze to 1395
[14:27:46.667] [SEVERE ] setting player 1 freeze to 1385
[14:27:46.677] [SEVERE ] setting player 1 freeze to 1375
[14:27:46.687] [SEVERE ] setting player 1 freeze to 1365
[14:27:46.697] [SEVERE ] setting player 1 freeze to 1355
[14:27:46.707] [SEVERE ] setting player 1 freeze to 1345
[14:27:46.718] [SEVERE ] setting player 1 freeze to 1334
[14:27:46.728] [SEVERE ] setting player 1 freeze to 1324
[14:27:46.738] [SEVERE ] setting player 1 freeze to 1314
[14:27:46.748] [SEVERE ] setting player 1 freeze to 1304
[14:27:46.756] [SEVERE ] removing card from slot 3
[14:27:46.756] [SEVERE ] removing player 1 token from slot 3
[14:27:46.757] [SEVERE ] removing player 2 token from slot 3
[14:27:46.758] [SEVERE ] setting player 1 freeze to 1294
[14:27:46.769] [SEVERE ] setting player 1 freeze to 1283
[14:27:46.779] [SEVERE ] setting player 1 freeze to 1273
[14:27:46.789] [SEVERE ] setting player 1 freeze to 1263
[14:27:46.799] [SEVERE ] setting player 1 freeze to 1253
[14:27:46.809] [SEVERE ] setting player 1 freeze to 1243
[14:27:46.820] [SEVERE ] setting player 1 freeze to 1232
[14:27:46.830] [SEVERE ] setting player 1 freeze to 1222
[14:27:46.840] [SEVERE ] setting player 1 freeze to 1212
[14:27:46.850] [SEVERE ] setting player 1 freeze to 1202
[14:27:46.857] [SEVERE ] removing card from slot 4
[14:27:46.857] [SEVERE ] removing player 1 token from slot 4
[14:27:46.858] [SEVERE ] removing player 2 token from slot 4
[14:27:46.860] [SEVERE ] setting player 1 freeze to 1192
[14:27:46.871] [SEVERE ] setting player 1 freeze to 1181
[14:27:46.881] [SEVERE ] setting player 1 freeze to 1171
[14:27:46.891] [SEVERE ] setting player 1 freeze to 1161
[14:27:46.901] [SEVERE ] setting player 1 freeze to 1151
[14:27:46.911] [SEVERE ] setting player 1 freeze to 1141
[14:27:46.922] [SEVERE ] setting player 1 freeze to 1130
[14:27:46.932] [SEVERE ] setting player 1 freeze to 1120
[14:27:46.942] [SEVERE ] setting player 1 freeze to 1110
[14:27:46.952] [SEVERE ] setting player 1 freeze to 1100
[14:27:46.958] [SEVERE ] removing card from slot 5
[14:27:46.958] [SEVERE ] removing player 1 token from slot 5
[14:27:46.959] [SEVERE ] removing player 2 token from slot 5
[14:27:46.962] [SEVERE ] setting player 1 freeze to 1090
[14:27:46.973] [SEVERE ] setting player 1 freeze to 1079
[14:27:46.983] [SEVERE ] setting player 1 freeze to 1069
[14:27:46.993] [SEVERE ] setting player 1 freeze to 1059
[14:27:47.003] [SEVERE ] setting player 1 freeze to 1049
[14:27:47.014] [SEVERE ] setting player 1 freeze to 1038
[14:27:47.024] [SEVERE ] setting player 1 freeze to 1028
[14:27:47.034] [SEVERE ] setting player 1 freeze to 1018
[14:27:47.044] [SEVERE ] setting player 1 freeze to 1008
[14:27:47.054] [SEVERE ] setting player 1 freeze to 998
[14:27:47.060] [SEVERE ] removing card from slot 6
[14:27:47.060] [SEVERE ] removing player 1 token from slot 6
[14:27:47.061] [SEVERE ] removing player 2 token from slot 6
[14:27:47.065] [SEVERE ] setting player 1 freeze to 987
[14:27:47.075] [SEVERE ] setting player 1 freeze to 977
[14:27:47.085] [SEVERE ] setting player 1 freeze to 967
[14:27:47.095] [SEVERE ] setting player 1 freeze to 957
[14:27:47.105] [SEVERE ] setting player 1 freeze to 947
[14:27:47.115] [SEVERE ] setting player 1 freeze to 937
[14:27:47.126] [SEVERE ] setting player 1 freeze to 926
[14:27:47.136] [SEVERE ] setting player 1 freeze to 916
[14:27:47.146] [SEVERE ] setting player 1 freeze to 906
[14:27:47.156] [SEVERE ] setting player 1 freeze to 896
[14:27:47.161] [SEVERE ] removing card from slot 7
[14:27:47.161] [SEVERE ] removing player 1 token from slot 7
[14:27:47.162] [SEVERE ] removing player 2 token from slot 7
[14:27:47.166] [SEVERE ] setting player 1 freeze to 886
[14:27:47.177] [SEVERE ] setting player 1 freeze to 875
[14:27:47.187] [SEVERE ] setting player 1 freeze to 865
[14:27:47.197] [SEVERE ] setting player 1 freeze to 855
[14:27:47.207] [SEVERE ] setting player 1 freeze to 845
[14:27:47.217] [SEVERE ] setting player 1 freeze to 835
[14:27:47.227] [SEVERE ] setting player 1 freeze to 825
[14:27:47.238] [SEVERE ] setting player 1 freeze to 814
[14:27:47.248] [SEVERE ] setting player 1 freeze to 804
[14:27:47.258] [SEVERE ] setting player 1 freeze to 794
[14:27:47.262] [SEVERE ] removing card from slot 8
[14:27:47.262] [SEVERE ] removing player 1 token from slot 8
[14:27:47.263] [SEVERE ] removing player 2 token from slot 8
[14:27:47.268] [SEVERE ] setting player 1 freeze to 784
[14:27:47.278] [SEVERE ] setting player 1 freeze to 774
[14:27:47.289] [SEVERE ] setting player 1 freeze to 763
[14:27:47.299] [SEVERE ] setting player 1 freeze to 753
[14:27:47.309] [SEVERE ] setting player 1 freeze to 743
[14:27:47.320] [SEVERE ] setting player 1 freeze to 732
[14:27:47.330] [SEVERE ] setting player 1 freeze to 722
[14:27:47.340] [SEVERE ] setting player 1 freeze to 712
[14:27:47.350] [SEVERE ] setting player 1 freeze to 702
[14:27:47.360] [SEVERE ] setting player 1 freeze to 692
[14:27:47.363] [SEVERE ] removing card from slot 9
[14:27:47.364] [SEVERE ] removing player 1 token from slot 9
[14:27:47.364] [SEVERE ] removing player 2 token from slot 9
[14:27:47.370] [SEVERE ] setting player 1 freeze to 682
[14:27:47.381] [SEVERE ] setting player 1 freeze to 671
[14:27:47.391] [SEVERE ] setting player 1 freeze to 661
[14:27:47.401] [SEVERE ] setting player 1 freeze to 651
[14:27:47.411] [SEVERE ] setting player 1 freeze to 641
[14:27:47.421] [SEVERE ] setting player 1 freeze to 631
[14:27:47.432] [SEVERE ] setting player 1 freeze to 620
[14:27:47.442] [SEVERE ] setting player 1 freeze to 610
[14:27:47.452] [SEVERE ] setting player 1 freeze to 600
[14:27:47.462] [SEVERE ] setting player 1 freeze to 590
[14:27:47.464] [SEVERE ] removing card from slot 10
[14:27:47.465] [SEVERE ] removing player 1 token from slot 10
[14:27:47.465] [SEVERE ] removing player 2 token from slot 10
[14:27:47.472] [SEVERE ] setting player 1 freeze to 580
[14:27:47.482] [SEVERE ] setting player 1 freeze to 570
[14:27:47.493] [SEVERE ] setting player 1 freeze to 559
[14:27:47.503] [SEVERE ] setting player 1 freeze to 549
[14:27:47.513] [SEVERE ] setting player 1 freeze to 539
[14:27:47.523] [SEVERE ] setting player 1 freeze to 529
[14:27:47.534] [SEVERE ] setting player 1 freeze to 518
[14:27:47.544] [SEVERE ] setting player 1 freeze to 508
[14:27:47.554] [SEVERE ] setting player 1 freeze to 498
[14:27:47.564] [SEVERE ] setting player 1 freeze to 488
[14:27:47.566] [SEVERE ] removing card from slot 11
[14:27:47.566] [SEVERE ] removing player 1 token from slot 11
[14:27:47.566] [SEVERE ] removing player 2 token from slot 11
[14:27:47.567] [SEVERE ] announcing winner(s): player 1
[14:27:47.569] [INFO   ] Thread player1 terminated.
[14:27:47.569] [INFO   ] Thread player0 terminated.
[14:27:47.570] [INFO   ] Thread dealer terminated.
[14:27:47.570] [INFO   ] thread dealer terminated.
[14:27:47.574] [SEVERE ] setting player 1 freeze to 478
[14:27:47.585] [SEVERE ] setting player 1 freeze to 467
[14:27:47.595] [SEVERE ] setting player 1 freeze to 457
[14:27:47.605] [SEVERE ] setting player 1 freeze to 447
[14:27:47.616] [SEVERE ] setting player 1 freeze to 436
[14:27:47.626] [SEVERE ] setting player 1 freeze to 426
[14:27:47.636] [SEVERE ] setting player 1 freeze to 416
[14:27:47.646] [SEVERE ] setting player 1 freeze to 406
[14:27:47.657] [SEVERE ] setting player 1 freeze to 395
[14:27:47.667] [SEVERE ] setting player 1 freeze to 385
[14:27:47.678] [SEVERE ] setting player 1 freeze to 374
[14:27:47.688] [SEVERE ] setting player 1 freeze to 364
[14:27:47.698] [SEVERE ] setting player 1 freeze to 354
[14:27:47.709] [SEVERE ] setting player 1 freeze to 343
[14:27:47.719] [SEVERE ] setting player 1 freeze to 333
[14:27:47.729] [SEVERE ] setting player 1 freeze to 323
[14:27:47.740] [SEVERE ] setting player 1 freeze to 312
[14:27:47.750] [SEVERE ] setting player 1 freeze to 302
[14:27:47.761] [SEVERE ] setting player 1 freeze to 291
[14:27:47.771] [SEVERE ] setting player 1 freeze to 281
[14:27:47.781] [SEVERE ] setting player 1 freeze to 271
[14:27:47.792] [SEVERE ] setting player 1 freeze to 260
[14:27:47.802] [SEVERE ] setting player 1 freeze to 250
[14:27:47.813] [SEVERE ] setting player 1 freeze to 239
[14:27:47.823] [SEVERE ] setting player 1 freeze to 229
[14:27:47.834] [SEVERE ] setting player 1 freeze to 218
[14:27:47.844] [SEVERE ] setting player 1 freeze to 208
[14:27:47.854] [SEVERE ] setting player 1 freeze to 198
[14:27:47.865] [SEVERE ] setting player 1 freeze to 187
[14:27:47.875] [SEVERE ] setting player 1 freeze to 177
[14:27:47.885] [SEVERE ] setting player 1 freeze to 167
[14:27:47.896] [SEVERE ] setting player 1 freeze to 156
[14:27:47.906] [SEVERE ] setting player 1 freeze to 146
[14:27:47.917] [SEVERE ] setting player 1 freeze to 135
[14:27:47.927] [SEVERE ] setting player 1 freeze to 125
[14:27:47.938] [SEVERE ] setting player 1 freeze to 115
[14:27:47.948] [SEVERE ] setting player 1 freeze to 104
[14:27:47.958] [SEVERE ] setting player 1 freeze to 94
[14:27:47.969] [SEVERE ] setting player 1 freeze to 83
[14:27:47.979] [SEVERE ] setting player 1 freeze to 73
[14:27:47.989] [SEVERE ] setting player 1 freeze to 63
[14:27:48.000] [SEVERE ] setting player 1 freeze to 52
[14:27:48.010] [SEVERE ] setting player 1 freeze to 42
[14:27:48.020] [SEVERE ] setting player 1 freeze to 32
[14:27:48.031] [SEVERE ] setting player 1 freeze to 21
[14:27:48.041] [SEVERE ] setting player 1 freeze to 11
[14:27:48.052] [SEVERE ] setting player 1 freeze to 0
[14:27:52.571] [SEVERE ] thanks for playing... it was fun!
[14:27:52.571] [INFO   ] thread main terminated.
[14:27:52.571] [SEVERE ] disposing of user interface elements
