[14:50:00.184] [INFO   ] thread main starting.
[14:50:00.195] [SEVERE ] cannot read configuration file config.properties trying from resources.
[14:50:00.197] [SEVERE ] configuration file was loaded from resources directory.
[14:50:00.630] [INFO   ] thread dealer starting.
[14:50:00.630] [INFO   ] Thread dealer starting.
[14:50:00.632] [INFO   ] Thread player0 starting.
[14:50:00.632] [INFO   ] Thread player1 starting.
[14:50:00.751] [SEVERE ] placing card 43 in slot 0
[14:50:00.852] [SEVERE ] placing card 63 in slot 1
[14:50:00.954] [SEVERE ] placing card 34 in slot 2
[14:50:01.054] [SEVERE ] placing card 48 in slot 3
[14:50:01.154] [SEVERE ] placing card 62 in slot 4
[14:50:01.255] [SEVERE ] placing card 6 in slot 5
[14:50:01.355] [SEVERE ] placing card 5 in slot 6
[14:50:01.456] [SEVERE ] placing card 2 in slot 7
[14:50:01.556] [SEVERE ] placing card 19 in slot 8
[14:50:01.657] [SEVERE ] placing card 11 in slot 9
[14:50:01.757] [SEVERE ] placing card 67 in slot 10
[14:50:01.857] [SEVERE ] placing card 75 in slot 11
[14:50:01.863] [SEVERE ] updating countdown to 60000
[14:50:02.864] [SEVERE ] updating countdown to 59999
[14:50:03.625] [SEVERE ] exit button pressed
[14:50:03.625] [INFO   ] Thread player1 terminated.
[14:50:03.626] [INFO   ] Thread player0 terminated.
[14:50:03.865] [SEVERE ] updating countdown to 58998
[14:50:03.966] [SEVERE ] removing card from slot 0
[14:50:03.967] [SEVERE ] removing player 1 token from slot 0
[14:50:03.968] [SEVERE ] removing player 2 token from slot 0
[14:50:04.069] [SEVERE ] removing card from slot 1
[14:50:04.070] [SEVERE ] removing player 1 token from slot 1
[14:50:04.071] [SEVERE ] removing player 2 token from slot 1
[14:50:04.172] [SEVERE ] removing card from slot 2
[14:50:04.172] [SEVERE ] removing player 1 token from slot 2
[14:50:04.173] [SEVERE ] removing player 2 token from slot 2
[14:50:04.274] [SEVERE ] removing card from slot 3
[14:50:04.274] [SEVERE ] removing player 1 token from slot 3
[14:50:04.275] [SEVERE ] removing player 2 token from slot 3
[14:50:04.376] [SEVERE ] removing card from slot 4
[14:50:04.376] [SEVERE ] removing player 1 token from slot 4
[14:50:04.377] [SEVERE ] removing player 2 token from slot 4
[14:50:04.478] [SEVERE ] removing card from slot 5
[14:50:04.478] [SEVERE ] removing player 1 token from slot 5
[14:50:04.479] [SEVERE ] removing player 2 token from slot 5
[14:50:04.579] [SEVERE ] removing card from slot 6
[14:50:04.580] [SEVERE ] removing player 1 token from slot 6
[14:50:04.581] [SEVERE ] removing player 2 token from slot 6
[14:50:04.682] [SEVERE ] removing card from slot 7
[14:50:04.682] [SEVERE ] removing player 1 token from slot 7
[14:50:04.683] [SEVERE ] removing player 2 token from slot 7
[14:50:04.784] [SEVERE ] removing card from slot 8
[14:50:04.785] [SEVERE ] removing player 1 token from slot 8
[14:50:04.786] [SEVERE ] removing player 2 token from slot 8
[14:50:04.887] [SEVERE ] removing card from slot 9
[14:50:04.888] [SEVERE ] removing player 1 token from slot 9
[14:50:04.889] [SEVERE ] removing player 2 token from slot 9
[14:50:04.990] [SEVERE ] removing card from slot 10
[14:50:04.990] [SEVERE ] removing player 1 token from slot 10
[14:50:04.991] [SEVERE ] removing player 2 token from slot 10
[14:50:05.092] [SEVERE ] removing card from slot 11
[14:50:05.092] [SEVERE ] removing player 1 token from slot 11
[14:50:05.093] [SEVERE ] removing player 2 token from slot 11
[14:50:05.198] [SEVERE ] placing card 62 in slot 0
[14:50:05.299] [SEVERE ] placing card 34 in slot 1
[14:50:05.400] [SEVERE ] placing card 1 in slot 2
[14:50:05.501] [SEVERE ] placing card 67 in slot 3
[14:50:05.602] [SEVERE ] placing card 2 in slot 4
[14:50:05.702] [SEVERE ] placing card 48 in slot 5
[14:50:05.803] [SEVERE ] placing card 6 in slot 6
[14:50:05.904] [SEVERE ] placing card 49 in slot 7
[14:50:06.004] [SEVERE ] placing card 5 in slot 8
[14:50:06.105] [SEVERE ] placing card 63 in slot 9
[14:50:06.205] [SEVERE ] placing card 61 in slot 10
[14:50:06.306] [SEVERE ] placing card 11 in slot 11
[14:50:06.307] [INFO   ] Thread dealer terminated.
[14:50:06.308] [INFO   ] thread dealer terminated.
[14:50:06.309] [SEVERE ] thanks for playing... it was fun!
[14:50:06.310] [INFO   ] thread main terminated.
