[14:26:24.812] [INFO   ] thread main starting.
[14:26:24.822] [SEVERE ] cannot read configuration file config.properties trying from resources.
[14:26:24.826] [SEVERE ] configuration file was loaded from resources directory.
[14:26:25.378] [INFO   ] thread dealer starting.
[14:26:25.379] [INFO   ] Thread dealer starting.
[14:26:25.381] [INFO   ] Thread player0 starting.
[14:26:25.381] [INFO   ] Thread player1 starting.
[14:26:25.490] [SEVERE ] placing card 57 in slot 0
[14:26:25.592] [SEVERE ] placing card 46 in slot 1
[14:26:25.697] [SEVERE ] placing card 66 in slot 2
[14:26:25.797] [SEVERE ] placing card 49 in slot 3
[14:26:25.897] [SEVERE ] placing card 60 in slot 4
[14:26:25.998] [SEVERE ] placing card 68 in slot 5
[14:26:26.098] [SEVERE ] placing card 64 in slot 6
[14:26:26.199] [SEVERE ] placing card 52 in slot 7
[14:26:26.299] [SEVERE ] placing card 5 in slot 8
[14:26:26.399] [SEVERE ] placing card 15 in slot 9
[14:26:26.500] [SEVERE ] placing card 61 in slot 10
[14:26:26.600] [SEVERE ] placing card 31 in slot 11
[14:26:26.606] [SEVERE ] updating countdown to 60000
[14:26:27.606] [SEVERE ] updating countdown to 59999
[14:26:28.607] [SEVERE ] updating countdown to 58998
[14:26:29.608] [SEVERE ] updating countdown to 57997
[14:26:30.609] [SEVERE ] updating countdown to 56996
[14:26:31.610] [SEVERE ] updating countdown to 55995
[14:26:32.139] [SEVERE ] key 81 was pressed by player 1
[14:26:32.139] [SEVERE ] player 1 placing token on slot 0
[14:26:32.610] [SEVERE ] updating countdown to 54995
[14:26:32.817] [SEVERE ] key 81 was pressed by player 1
[14:26:32.818] [SEVERE ] removing player 1 token from slot 0
[14:26:33.610] [SEVERE ] updating countdown to 53995
[14:26:34.226] [SEVERE ] key 74 was pressed by player 2
[14:26:34.227] [SEVERE ] player 2 placing token on slot 4
[14:26:34.611] [SEVERE ] updating countdown to 52994
[14:26:35.202] [SEVERE ] key 74 was pressed by player 2
[14:26:35.202] [SEVERE ] removing player 2 token from slot 4
[14:26:35.611] [SEVERE ] updating countdown to 51994
[14:26:36.369] [SEVERE ] key 75 was pressed by player 2
[14:26:36.369] [SEVERE ] player 2 placing token on slot 5
[14:26:36.530] [SEVERE ] key 76 was pressed by player 2
[14:26:36.530] [SEVERE ] player 2 placing token on slot 6
[14:26:36.611] [SEVERE ] updating countdown to 50994
[14:26:37.498] [SEVERE ] key 74 was pressed by player 2
[14:26:37.498] [SEVERE ] player 2 placing token on slot 4
[14:26:37.500] [SEVERE ] setting player 2 freeze to 3999
[14:26:37.511] [SEVERE ] setting player 2 freeze to 3989
[14:26:37.521] [SEVERE ] setting player 2 freeze to 3978
[14:26:37.532] [SEVERE ] setting player 2 freeze to 3967
[14:26:37.542] [SEVERE ] setting player 2 freeze to 3957
[14:26:37.553] [SEVERE ] setting player 2 freeze to 3946
[14:26:37.563] [SEVERE ] setting player 2 freeze to 3936
[14:26:37.573] [SEVERE ] setting player 2 freeze to 3926
[14:26:37.578] [SEVERE ] key 75 was pressed by player 2
[14:26:37.584] [SEVERE ] setting player 2 freeze to 3915
[14:26:37.594] [SEVERE ] setting player 2 freeze to 3905
[14:26:37.605] [SEVERE ] setting player 2 freeze to 3894
[14:26:37.612] [SEVERE ] updating countdown to 49993
[14:26:37.615] [SEVERE ] setting player 2 freeze to 3884
[14:26:37.625] [SEVERE ] setting player 2 freeze to 3874
[14:26:37.636] [SEVERE ] setting player 2 freeze to 3863
[14:26:37.647] [SEVERE ] setting player 2 freeze to 3852
[14:26:37.658] [SEVERE ] setting player 2 freeze to 3841
[14:26:37.668] [SEVERE ] setting player 2 freeze to 3831
[14:26:37.679] [SEVERE ] setting player 2 freeze to 3820
[14:26:37.689] [SEVERE ] setting player 2 freeze to 3810
[14:26:37.699] [SEVERE ] setting player 2 freeze to 3800
[14:26:37.710] [SEVERE ] setting player 2 freeze to 3789
[14:26:37.720] [SEVERE ] setting player 2 freeze to 3779
[14:26:37.730] [SEVERE ] setting player 2 freeze to 3769
[14:26:37.741] [SEVERE ] setting player 2 freeze to 3758
[14:26:37.751] [SEVERE ] setting player 2 freeze to 3748
[14:26:37.761] [SEVERE ] setting player 2 freeze to 3738
[14:26:37.772] [SEVERE ] setting player 2 freeze to 3727
[14:26:37.782] [SEVERE ] setting player 2 freeze to 3717
[14:26:37.792] [SEVERE ] setting player 2 freeze to 3707
[14:26:37.803] [SEVERE ] setting player 2 freeze to 3696
[14:26:37.813] [SEVERE ] setting player 2 freeze to 3686
[14:26:37.823] [SEVERE ] setting player 2 freeze to 3676
[14:26:37.833] [SEVERE ] setting player 2 freeze to 3666
[14:26:37.844] [SEVERE ] setting player 2 freeze to 3655
[14:26:37.854] [SEVERE ] setting player 2 freeze to 3645
[14:26:37.864] [SEVERE ] setting player 2 freeze to 3635
[14:26:37.875] [SEVERE ] setting player 2 freeze to 3624
[14:26:37.885] [SEVERE ] setting player 2 freeze to 3614
[14:26:37.895] [SEVERE ] setting player 2 freeze to 3604
[14:26:37.906] [SEVERE ] setting player 2 freeze to 3593
[14:26:37.916] [SEVERE ] setting player 2 freeze to 3583
[14:26:37.926] [SEVERE ] setting player 2 freeze to 3573
[14:26:37.937] [SEVERE ] setting player 2 freeze to 3562
[14:26:37.947] [SEVERE ] setting player 2 freeze to 3552
[14:26:37.957] [SEVERE ] setting player 2 freeze to 3542
[14:26:37.968] [SEVERE ] setting player 2 freeze to 3531
[14:26:37.978] [SEVERE ] setting player 2 freeze to 3521
[14:26:37.988] [SEVERE ] setting player 2 freeze to 3511
[14:26:37.998] [SEVERE ] setting player 2 freeze to 3501
[14:26:38.009] [SEVERE ] setting player 2 freeze to 3490
[14:26:38.019] [SEVERE ] setting player 2 freeze to 3480
[14:26:38.030] [SEVERE ] setting player 2 freeze to 3469
[14:26:38.040] [SEVERE ] setting player 2 freeze to 3459
[14:26:38.050] [SEVERE ] setting player 2 freeze to 3449
[14:26:38.061] [SEVERE ] setting player 2 freeze to 3438
[14:26:38.071] [SEVERE ] setting player 2 freeze to 3428
[14:26:38.081] [SEVERE ] setting player 2 freeze to 3418
[14:26:38.091] [SEVERE ] setting player 2 freeze to 3408
[14:26:38.102] [SEVERE ] setting player 2 freeze to 3397
[14:26:38.112] [SEVERE ] setting player 2 freeze to 3387
[14:26:38.122] [SEVERE ] setting player 2 freeze to 3377
[14:26:38.133] [SEVERE ] setting player 2 freeze to 3366
[14:26:38.143] [SEVERE ] setting player 2 freeze to 3356
[14:26:38.153] [SEVERE ] setting player 2 freeze to 3346
[14:26:38.163] [SEVERE ] setting player 2 freeze to 3336
[14:26:38.174] [SEVERE ] setting player 2 freeze to 3325
[14:26:38.184] [SEVERE ] setting player 2 freeze to 3315
[14:26:38.194] [SEVERE ] setting player 2 freeze to 3305
[14:26:38.205] [SEVERE ] setting player 2 freeze to 3294
[14:26:38.215] [SEVERE ] setting player 2 freeze to 3284
[14:26:38.225] [SEVERE ] setting player 2 freeze to 3274
[14:26:38.236] [SEVERE ] setting player 2 freeze to 3263
[14:26:38.246] [SEVERE ] setting player 2 freeze to 3253
[14:26:38.256] [SEVERE ] setting player 2 freeze to 3243
[14:26:38.267] [SEVERE ] setting player 2 freeze to 3232
[14:26:38.277] [SEVERE ] setting player 2 freeze to 3222
[14:26:38.287] [SEVERE ] setting player 2 freeze to 3212
[14:26:38.297] [SEVERE ] setting player 2 freeze to 3202
[14:26:38.308] [SEVERE ] setting player 2 freeze to 3191
[14:26:38.318] [SEVERE ] setting player 2 freeze to 3181
[14:26:38.328] [SEVERE ] setting player 2 freeze to 3171
[14:26:38.339] [SEVERE ] setting player 2 freeze to 3160
[14:26:38.349] [SEVERE ] setting player 2 freeze to 3150
[14:26:38.359] [SEVERE ] setting player 2 freeze to 3140
[14:26:38.370] [SEVERE ] setting player 2 freeze to 3129
[14:26:38.380] [SEVERE ] setting player 2 freeze to 3119
[14:26:38.391] [SEVERE ] setting player 2 freeze to 3108
[14:26:38.401] [SEVERE ] setting player 2 freeze to 3098
[14:26:38.411] [SEVERE ] setting player 2 freeze to 3088
[14:26:38.422] [SEVERE ] setting player 2 freeze to 3077
[14:26:38.432] [SEVERE ] setting player 2 freeze to 3067
[14:26:38.443] [SEVERE ] setting player 2 freeze to 3057
[14:26:38.453] [SEVERE ] setting player 2 freeze to 3046
[14:26:38.463] [SEVERE ] setting player 2 freeze to 3036
[14:26:38.473] [SEVERE ] setting player 2 freeze to 3026
[14:26:38.484] [SEVERE ] setting player 2 freeze to 3015
[14:26:38.494] [SEVERE ] setting player 2 freeze to 3005
[14:26:38.504] [SEVERE ] setting player 2 freeze to 2995
[14:26:38.514] [SEVERE ] setting player 2 freeze to 2985
[14:26:38.525] [SEVERE ] setting player 2 freeze to 2974
[14:26:38.535] [SEVERE ] setting player 2 freeze to 2964
[14:26:38.545] [SEVERE ] setting player 2 freeze to 2954
[14:26:38.556] [SEVERE ] setting player 2 freeze to 2943
[14:26:38.566] [SEVERE ] setting player 2 freeze to 2933
[14:26:38.576] [SEVERE ] setting player 2 freeze to 2923
[14:26:38.587] [SEVERE ] setting player 2 freeze to 2912
[14:26:38.597] [SEVERE ] setting player 2 freeze to 2902
[14:26:38.607] [SEVERE ] setting player 2 freeze to 2892
[14:26:38.613] [SEVERE ] updating countdown to 48992
[14:26:38.618] [SEVERE ] setting player 2 freeze to 2881
[14:26:38.628] [SEVERE ] setting player 2 freeze to 2871
[14:26:38.638] [SEVERE ] setting player 2 freeze to 2861
[14:26:38.648] [SEVERE ] setting player 2 freeze to 2851
[14:26:38.659] [SEVERE ] setting player 2 freeze to 2840
[14:26:38.669] [SEVERE ] setting player 2 freeze to 2830
[14:26:38.680] [SEVERE ] setting player 2 freeze to 2819
[14:26:38.690] [SEVERE ] setting player 2 freeze to 2809
[14:26:38.700] [SEVERE ] setting player 2 freeze to 2799
[14:26:38.710] [SEVERE ] setting player 2 freeze to 2789
[14:26:38.721] [SEVERE ] setting player 2 freeze to 2778
[14:26:38.731] [SEVERE ] setting player 2 freeze to 2768
[14:26:38.741] [SEVERE ] setting player 2 freeze to 2758
[14:26:38.752] [SEVERE ] setting player 2 freeze to 2747
[14:26:38.762] [SEVERE ] setting player 2 freeze to 2737
[14:26:38.772] [SEVERE ] setting player 2 freeze to 2727
[14:26:38.782] [SEVERE ] setting player 2 freeze to 2717
[14:26:38.793] [SEVERE ] setting player 2 freeze to 2706
[14:26:38.803] [SEVERE ] setting player 2 freeze to 2696
[14:26:38.813] [SEVERE ] setting player 2 freeze to 2686
[14:26:38.823] [SEVERE ] setting player 2 freeze to 2676
[14:26:38.834] [SEVERE ] setting player 2 freeze to 2665
[14:26:38.844] [SEVERE ] setting player 2 freeze to 2655
[14:26:38.854] [SEVERE ] setting player 2 freeze to 2645
[14:26:38.865] [SEVERE ] setting player 2 freeze to 2634
[14:26:38.875] [SEVERE ] setting player 2 freeze to 2624
[14:26:38.885] [SEVERE ] setting player 2 freeze to 2614
[14:26:38.896] [SEVERE ] setting player 2 freeze to 2603
[14:26:38.906] [SEVERE ] setting player 2 freeze to 2593
[14:26:38.916] [SEVERE ] setting player 2 freeze to 2583
[14:26:38.926] [SEVERE ] setting player 2 freeze to 2573
[14:26:38.937] [SEVERE ] setting player 2 freeze to 2562
[14:26:38.947] [SEVERE ] setting player 2 freeze to 2552
[14:26:38.957] [SEVERE ] setting player 2 freeze to 2542
[14:26:38.970] [SEVERE ] setting player 2 freeze to 2529
[14:26:38.980] [SEVERE ] setting player 2 freeze to 2519
[14:26:38.990] [SEVERE ] setting player 2 freeze to 2509
[14:26:39.001] [SEVERE ] setting player 2 freeze to 2498
[14:26:39.011] [SEVERE ] setting player 2 freeze to 2488
[14:26:39.022] [SEVERE ] setting player 2 freeze to 2477
[14:26:39.032] [SEVERE ] setting player 2 freeze to 2467
[14:26:39.042] [SEVERE ] setting player 2 freeze to 2457
[14:26:39.053] [SEVERE ] setting player 2 freeze to 2446
[14:26:39.063] [SEVERE ] setting player 2 freeze to 2436
[14:26:39.073] [SEVERE ] setting player 2 freeze to 2426
[14:26:39.083] [SEVERE ] setting player 2 freeze to 2416
[14:26:39.094] [SEVERE ] setting player 2 freeze to 2405
[14:26:39.104] [SEVERE ] setting player 2 freeze to 2395
[14:26:39.114] [SEVERE ] setting player 2 freeze to 2385
[14:26:39.124] [SEVERE ] setting player 2 freeze to 2375
[14:26:39.135] [SEVERE ] setting player 2 freeze to 2364
[14:26:39.145] [SEVERE ] setting player 2 freeze to 2354
[14:26:39.155] [SEVERE ] setting player 2 freeze to 2344
[14:26:39.165] [SEVERE ] setting player 2 freeze to 2334
[14:26:39.176] [SEVERE ] setting player 2 freeze to 2323
[14:26:39.186] [SEVERE ] setting player 2 freeze to 2313
[14:26:39.196] [SEVERE ] setting player 2 freeze to 2303
[14:26:39.207] [SEVERE ] setting player 2 freeze to 2292
[14:26:39.217] [SEVERE ] setting player 2 freeze to 2282
[14:26:39.227] [SEVERE ] setting player 2 freeze to 2272
[14:26:39.238] [SEVERE ] setting player 2 freeze to 2261
[14:26:39.248] [SEVERE ] setting player 2 freeze to 2251
[14:26:39.258] [SEVERE ] setting player 2 freeze to 2241
[14:26:39.269] [SEVERE ] setting player 2 freeze to 2230
[14:26:39.279] [SEVERE ] setting player 2 freeze to 2220
[14:26:39.289] [SEVERE ] setting player 2 freeze to 2210
[14:26:39.299] [SEVERE ] setting player 2 freeze to 2200
[14:26:39.310] [SEVERE ] setting player 2 freeze to 2189
[14:26:39.320] [SEVERE ] setting player 2 freeze to 2179
[14:26:39.330] [SEVERE ] setting player 2 freeze to 2169
[14:26:39.341] [SEVERE ] setting player 2 freeze to 2159
[14:26:39.351] [SEVERE ] setting player 2 freeze to 2148
[14:26:39.361] [SEVERE ] setting player 2 freeze to 2138
[14:26:39.372] [SEVERE ] setting player 2 freeze to 2127
[14:26:39.382] [SEVERE ] setting player 2 freeze to 2117
[14:26:39.392] [SEVERE ] setting player 2 freeze to 2107
[14:26:39.403] [SEVERE ] setting player 2 freeze to 2096
[14:26:39.413] [SEVERE ] setting player 2 freeze to 2086
[14:26:39.423] [SEVERE ] setting player 2 freeze to 2076
[14:26:39.434] [SEVERE ] setting player 2 freeze to 2065
[14:26:39.444] [SEVERE ] setting player 2 freeze to 2055
[14:26:39.455] [SEVERE ] setting player 2 freeze to 2044
[14:26:39.465] [SEVERE ] setting player 2 freeze to 2034
[14:26:39.476] [SEVERE ] setting player 2 freeze to 2023
[14:26:39.486] [SEVERE ] setting player 2 freeze to 2013
[14:26:39.497] [SEVERE ] setting player 2 freeze to 2002
[14:26:39.507] [SEVERE ] setting player 2 freeze to 1992
[14:26:39.519] [SEVERE ] setting player 2 freeze to 1980
[14:26:39.529] [SEVERE ] setting player 2 freeze to 1970
[14:26:39.540] [SEVERE ] setting player 2 freeze to 1959
[14:26:39.550] [SEVERE ] setting player 2 freeze to 1949
[14:26:39.560] [SEVERE ] setting player 2 freeze to 1939
[14:26:39.570] [SEVERE ] setting player 2 freeze to 1929
[14:26:39.581] [SEVERE ] setting player 2 freeze to 1918
[14:26:39.591] [SEVERE ] setting player 2 freeze to 1908
[14:26:39.601] [SEVERE ] setting player 2 freeze to 1898
[14:26:39.612] [SEVERE ] setting player 2 freeze to 1887
[14:26:39.614] [SEVERE ] updating countdown to 47991
[14:26:39.622] [SEVERE ] setting player 2 freeze to 1877
[14:26:39.632] [SEVERE ] setting player 2 freeze to 1867
[14:26:39.643] [SEVERE ] setting player 2 freeze to 1857
[14:26:39.653] [SEVERE ] setting player 2 freeze to 1846
[14:26:39.664] [SEVERE ] setting player 2 freeze to 1835
[14:26:39.674] [SEVERE ] setting player 2 freeze to 1825
[14:26:39.685] [SEVERE ] setting player 2 freeze to 1814
[14:26:39.696] [SEVERE ] setting player 2 freeze to 1803
[14:26:39.706] [SEVERE ] setting player 2 freeze to 1793
[14:26:39.717] [SEVERE ] setting player 2 freeze to 1782
[14:26:39.727] [SEVERE ] setting player 2 freeze to 1772
[14:26:39.737] [SEVERE ] setting player 2 freeze to 1762
[14:26:39.748] [SEVERE ] setting player 2 freeze to 1751
[14:26:39.758] [SEVERE ] setting player 2 freeze to 1741
[14:26:39.769] [SEVERE ] setting player 2 freeze to 1730
[14:26:39.779] [SEVERE ] setting player 2 freeze to 1720
[14:26:39.790] [SEVERE ] setting player 2 freeze to 1710
[14:26:39.800] [SEVERE ] setting player 2 freeze to 1699
[14:26:39.810] [SEVERE ] setting player 2 freeze to 1689
[14:26:39.821] [SEVERE ] setting player 2 freeze to 1678
[14:26:39.831] [SEVERE ] setting player 2 freeze to 1668
[14:26:39.841] [SEVERE ] setting player 2 freeze to 1658
[14:26:39.852] [SEVERE ] setting player 2 freeze to 1647
[14:26:39.862] [SEVERE ] setting player 2 freeze to 1637
[14:26:39.873] [SEVERE ] setting player 2 freeze to 1626
[14:26:39.883] [SEVERE ] setting player 2 freeze to 1616
[14:26:39.894] [SEVERE ] setting player 2 freeze to 1605
[14:26:39.904] [SEVERE ] setting player 2 freeze to 1595
[14:26:39.914] [SEVERE ] setting player 2 freeze to 1585
[14:26:39.925] [SEVERE ] setting player 2 freeze to 1574
[14:26:39.935] [SEVERE ] setting player 2 freeze to 1564
[14:26:39.945] [SEVERE ] setting player 2 freeze to 1554
[14:26:39.956] [SEVERE ] setting player 2 freeze to 1543
[14:26:39.966] [SEVERE ] setting player 2 freeze to 1533
[14:26:39.977] [SEVERE ] setting player 2 freeze to 1523
[14:26:39.987] [SEVERE ] setting player 2 freeze to 1512
[14:26:39.997] [SEVERE ] setting player 2 freeze to 1502
[14:26:40.008] [SEVERE ] setting player 2 freeze to 1491
[14:26:40.018] [SEVERE ] setting player 2 freeze to 1481
[14:26:40.029] [SEVERE ] setting player 2 freeze to 1471
[14:26:40.039] [SEVERE ] setting player 2 freeze to 1460
[14:26:40.049] [SEVERE ] setting player 2 freeze to 1450
[14:26:40.060] [SEVERE ] setting player 2 freeze to 1439
[14:26:40.070] [SEVERE ] setting player 2 freeze to 1429
[14:26:40.081] [SEVERE ] setting player 2 freeze to 1419
[14:26:40.091] [SEVERE ] setting player 2 freeze to 1408
[14:26:40.102] [SEVERE ] setting player 2 freeze to 1397
[14:26:40.112] [SEVERE ] setting player 2 freeze to 1387
[14:26:40.123] [SEVERE ] setting player 2 freeze to 1376
[14:26:40.133] [SEVERE ] setting player 2 freeze to 1366
[14:26:40.143] [SEVERE ] setting player 2 freeze to 1356
[14:26:40.154] [SEVERE ] setting player 2 freeze to 1345
[14:26:40.164] [SEVERE ] setting player 2 freeze to 1335
[14:26:40.174] [SEVERE ] setting player 2 freeze to 1325
[14:26:40.185] [SEVERE ] setting player 2 freeze to 1314
[14:26:40.195] [SEVERE ] setting player 2 freeze to 1304
[14:26:40.206] [SEVERE ] setting player 2 freeze to 1293
[14:26:40.216] [SEVERE ] setting player 2 freeze to 1283
[14:26:40.226] [SEVERE ] setting player 2 freeze to 1273
[14:26:40.237] [SEVERE ] setting player 2 freeze to 1262
[14:26:40.247] [SEVERE ] setting player 2 freeze to 1252
[14:26:40.258] [SEVERE ] setting player 2 freeze to 1241
[14:26:40.268] [SEVERE ] setting player 2 freeze to 1231
[14:26:40.279] [SEVERE ] setting player 2 freeze to 1221
[14:26:40.289] [SEVERE ] setting player 2 freeze to 1210
[14:26:40.300] [SEVERE ] setting player 2 freeze to 1199
[14:26:40.310] [SEVERE ] setting player 2 freeze to 1189
[14:26:40.320] [SEVERE ] setting player 2 freeze to 1179
[14:26:40.331] [SEVERE ] setting player 2 freeze to 1168
[14:26:40.341] [SEVERE ] setting player 2 freeze to 1158
[14:26:40.352] [SEVERE ] setting player 2 freeze to 1147
[14:26:40.361] [SEVERE ] exit button pressed
[14:26:40.361] [INFO   ] Thread player1 terminated.
[14:26:40.362] [SEVERE ] setting player 2 freeze to 1137
[14:26:40.362] [INFO   ] Thread player0 terminated.
[14:26:40.373] [SEVERE ] setting player 2 freeze to 1126
[14:26:40.383] [SEVERE ] setting player 2 freeze to 1116
[14:26:40.393] [SEVERE ] setting player 2 freeze to 1106
[14:26:40.404] [SEVERE ] setting player 2 freeze to 1095
[14:26:40.415] [SEVERE ] setting player 2 freeze to 1084
[14:26:40.425] [SEVERE ] setting player 2 freeze to 1074
[14:26:40.436] [SEVERE ] setting player 2 freeze to 1064
[14:26:40.446] [SEVERE ] setting player 2 freeze to 1053
[14:26:40.457] [SEVERE ] setting player 2 freeze to 1042
[14:26:40.467] [SEVERE ] setting player 2 freeze to 1032
[14:26:40.478] [SEVERE ] setting player 2 freeze to 1021
[14:26:40.489] [SEVERE ] setting player 2 freeze to 1010
[14:26:40.499] [SEVERE ] setting player 2 freeze to 1000
[14:26:40.509] [SEVERE ] setting player 2 freeze to 990
[14:26:40.520] [SEVERE ] setting player 2 freeze to 979
[14:26:40.530] [SEVERE ] setting player 2 freeze to 969
[14:26:40.540] [SEVERE ] setting player 2 freeze to 959
[14:26:40.551] [SEVERE ] setting player 2 freeze to 948
[14:26:40.561] [SEVERE ] setting player 2 freeze to 938
[14:26:40.571] [SEVERE ] setting player 2 freeze to 928
[14:26:40.582] [SEVERE ] setting player 2 freeze to 918
[14:26:40.592] [SEVERE ] setting player 2 freeze to 907
[14:26:40.602] [SEVERE ] setting player 2 freeze to 897
[14:26:40.612] [SEVERE ] setting player 2 freeze to 887
[14:26:40.614] [SEVERE ] updating countdown to 46991
[14:26:40.623] [SEVERE ] setting player 2 freeze to 876
[14:26:40.633] [SEVERE ] setting player 2 freeze to 866
[14:26:40.644] [SEVERE ] setting player 2 freeze to 855
[14:26:40.654] [SEVERE ] setting player 2 freeze to 845
[14:26:40.664] [SEVERE ] setting player 2 freeze to 835
[14:26:40.675] [SEVERE ] setting player 2 freeze to 824
[14:26:40.685] [SEVERE ] setting player 2 freeze to 814
[14:26:40.696] [SEVERE ] setting player 2 freeze to 803
[14:26:40.706] [SEVERE ] setting player 2 freeze to 793
[14:26:40.715] [SEVERE ] removing card from slot 0
[14:26:40.715] [SEVERE ] removing player 1 token from slot 0
[14:26:40.716] [SEVERE ] removing player 2 token from slot 0
[14:26:40.717] [SEVERE ] setting player 2 freeze to 782
[14:26:40.728] [SEVERE ] setting player 2 freeze to 771
[14:26:40.738] [SEVERE ] setting player 2 freeze to 761
[14:26:40.748] [SEVERE ] setting player 2 freeze to 751
[14:26:40.759] [SEVERE ] setting player 2 freeze to 740
[14:26:40.770] [SEVERE ] setting player 2 freeze to 729
[14:26:40.780] [SEVERE ] setting player 2 freeze to 719
[14:26:40.790] [SEVERE ] setting player 2 freeze to 709
[14:26:40.800] [SEVERE ] setting player 2 freeze to 699
[14:26:40.811] [SEVERE ] setting player 2 freeze to 688
[14:26:40.817] [SEVERE ] removing card from slot 1
[14:26:40.817] [SEVERE ] removing player 1 token from slot 1
[14:26:40.817] [SEVERE ] removing player 2 token from slot 1
[14:26:40.821] [SEVERE ] setting player 2 freeze to 678
[14:26:40.831] [SEVERE ] setting player 2 freeze to 668
[14:26:40.841] [SEVERE ] setting player 2 freeze to 658
[14:26:40.852] [SEVERE ] setting player 2 freeze to 647
[14:26:40.862] [SEVERE ] setting player 2 freeze to 637
[14:26:40.872] [SEVERE ] setting player 2 freeze to 627
[14:26:40.883] [SEVERE ] setting player 2 freeze to 616
[14:26:40.893] [SEVERE ] setting player 2 freeze to 606
[14:26:40.904] [SEVERE ] setting player 2 freeze to 595
[14:26:40.914] [SEVERE ] setting player 2 freeze to 585
[14:26:40.918] [SEVERE ] removing card from slot 2
[14:26:40.918] [SEVERE ] removing player 1 token from slot 2
[14:26:40.918] [SEVERE ] removing player 2 token from slot 2
[14:26:40.925] [SEVERE ] setting player 2 freeze to 574
[14:26:40.935] [SEVERE ] setting player 2 freeze to 564
[14:26:40.945] [SEVERE ] setting player 2 freeze to 554
[14:26:40.955] [SEVERE ] setting player 2 freeze to 544
[14:26:40.966] [SEVERE ] setting player 2 freeze to 533
[14:26:40.976] [SEVERE ] setting player 2 freeze to 523
[14:26:40.986] [SEVERE ] setting player 2 freeze to 513
[14:26:40.997] [SEVERE ] setting player 2 freeze to 502
[14:26:41.007] [SEVERE ] setting player 2 freeze to 492
[14:26:41.017] [SEVERE ] setting player 2 freeze to 482
[14:26:41.018] [SEVERE ] removing card from slot 3
[14:26:41.018] [SEVERE ] removing player 1 token from slot 3
[14:26:41.019] [SEVERE ] removing player 2 token from slot 3
[14:26:41.027] [SEVERE ] setting player 2 freeze to 472
[14:26:41.038] [SEVERE ] setting player 2 freeze to 461
[14:26:41.048] [SEVERE ] setting player 2 freeze to 451
[14:26:41.059] [SEVERE ] setting player 2 freeze to 440
[14:26:41.069] [SEVERE ] setting player 2 freeze to 430
[14:26:41.080] [SEVERE ] setting player 2 freeze to 419
[14:26:41.090] [SEVERE ] setting player 2 freeze to 409
[14:26:41.101] [SEVERE ] setting player 2 freeze to 398
[14:26:41.111] [SEVERE ] setting player 2 freeze to 388
[14:26:41.120] [SEVERE ] removing card from slot 4
[14:26:41.120] [SEVERE ] removing player 1 token from slot 4
[14:26:41.121] [SEVERE ] removing player 2 token from slot 4
[14:26:41.121] [SEVERE ] setting player 2 freeze to 378
[14:26:41.132] [SEVERE ] setting player 2 freeze to 367
[14:26:41.143] [SEVERE ] setting player 2 freeze to 356
[14:26:41.153] [SEVERE ] setting player 2 freeze to 346
[14:26:41.164] [SEVERE ] setting player 2 freeze to 335
[14:26:41.174] [SEVERE ] setting player 2 freeze to 325
[14:26:41.185] [SEVERE ] setting player 2 freeze to 314
[14:26:41.195] [SEVERE ] setting player 2 freeze to 304
[14:26:41.206] [SEVERE ] setting player 2 freeze to 293
[14:26:41.216] [SEVERE ] setting player 2 freeze to 283
[14:26:41.222] [SEVERE ] removing card from slot 5
[14:26:41.222] [SEVERE ] removing player 1 token from slot 5
[14:26:41.223] [SEVERE ] removing player 2 token from slot 5
[14:26:41.226] [SEVERE ] setting player 2 freeze to 273
[14:26:41.237] [SEVERE ] setting player 2 freeze to 262
[14:26:41.247] [SEVERE ] setting player 2 freeze to 252
[14:26:41.258] [SEVERE ] setting player 2 freeze to 241
[14:26:41.268] [SEVERE ] setting player 2 freeze to 231
[14:26:41.279] [SEVERE ] setting player 2 freeze to 220
[14:26:41.289] [SEVERE ] setting player 2 freeze to 210
[14:26:41.300] [SEVERE ] setting player 2 freeze to 199
[14:26:41.310] [SEVERE ] setting player 2 freeze to 189
[14:26:41.321] [SEVERE ] setting player 2 freeze to 178
[14:26:41.324] [SEVERE ] removing card from slot 6
[14:26:41.324] [SEVERE ] removing player 1 token from slot 6
[14:26:41.325] [SEVERE ] removing player 2 token from slot 6
[14:26:41.331] [SEVERE ] setting player 2 freeze to 168
[14:26:41.342] [SEVERE ] setting player 2 freeze to 157
[14:26:41.352] [SEVERE ] setting player 2 freeze to 147
[14:26:41.363] [SEVERE ] setting player 2 freeze to 136
[14:26:41.373] [SEVERE ] setting player 2 freeze to 126
[14:26:41.384] [SEVERE ] setting player 2 freeze to 115
[14:26:41.394] [SEVERE ] setting player 2 freeze to 105
[14:26:41.405] [SEVERE ] setting player 2 freeze to 94
[14:26:41.415] [SEVERE ] setting player 2 freeze to 84
[14:26:41.426] [SEVERE ] setting player 2 freeze to 73
[14:26:41.426] [SEVERE ] removing card from slot 7
[14:26:41.427] [SEVERE ] removing player 1 token from slot 7
[14:26:41.427] [SEVERE ] removing player 2 token from slot 7
[14:26:41.436] [SEVERE ] setting player 2 freeze to 63
[14:26:41.447] [SEVERE ] setting player 2 freeze to 52
[14:26:41.457] [SEVERE ] setting player 2 freeze to 42
[14:26:41.468] [SEVERE ] setting player 2 freeze to 31
[14:26:41.478] [SEVERE ] setting player 2 freeze to 21
[14:26:41.489] [SEVERE ] setting player 2 freeze to 10
[14:26:41.499] [SEVERE ] setting player 2 freeze to 0
[14:26:41.528] [SEVERE ] removing card from slot 8
[14:26:41.528] [SEVERE ] removing player 1 token from slot 8
[14:26:41.529] [SEVERE ] removing player 2 token from slot 8
[14:26:41.630] [SEVERE ] removing card from slot 9
[14:26:41.630] [SEVERE ] removing player 1 token from slot 9
[14:26:41.631] [SEVERE ] removing player 2 token from slot 9
[14:26:41.732] [SEVERE ] removing card from slot 10
[14:26:41.732] [SEVERE ] removing player 1 token from slot 10
[14:26:41.732] [SEVERE ] removing player 2 token from slot 10
[14:26:41.833] [SEVERE ] removing card from slot 11
[14:26:41.833] [SEVERE ] removing player 1 token from slot 11
[14:26:41.833] [SEVERE ] removing player 2 token from slot 11
[14:26:41.937] [SEVERE ] placing card 40 in slot 0
[14:26:42.037] [SEVERE ] placing card 66 in slot 1
[14:26:42.138] [SEVERE ] placing card 49 in slot 2
[14:26:42.238] [SEVERE ] placing card 61 in slot 3
[14:26:42.339] [SEVERE ] placing card 64 in slot 4
[14:26:42.440] [SEVERE ] placing card 56 in slot 5
[14:26:42.540] [SEVERE ] placing card 57 in slot 6
[14:26:42.640] [SEVERE ] placing card 5 in slot 7
[14:26:42.741] [SEVERE ] placing card 38 in slot 8
[14:26:42.841] [SEVERE ] placing card 70 in slot 9
[14:26:42.942] [SEVERE ] placing card 21 in slot 10
[14:26:43.043] [SEVERE ] placing card 32 in slot 11
[14:26:43.043] [INFO   ] Thread dealer terminated.
[14:26:43.044] [INFO   ] thread dealer terminated.
[14:26:43.044] [SEVERE ] thanks for playing... it was fun!
[14:26:43.045] [INFO   ] thread main terminated.
