[14:50:16.127] [INFO   ] thread main starting.
[14:50:16.134] [SEVERE ] cannot read configuration file config.properties trying from resources.
[14:50:16.135] [SEVERE ] configuration file was loaded from resources directory.
[14:50:16.447] [INFO   ] thread dealer starting.
[14:50:16.449] [INFO   ] Thread dealer starting.
[14:50:16.450] [INFO   ] Thread player0 starting.
[14:50:16.451] [INFO   ] Thread player1 starting.
[14:50:16.558] [SEVERE ] placing card 67 in slot 0
[14:50:16.658] [SEVERE ] placing card 26 in slot 1
[14:50:16.758] [SEVERE ] placing card 63 in slot 2
[14:50:16.859] [SEVERE ] placing card 57 in slot 3
[14:50:16.960] [SEVERE ] placing card 72 in slot 4
[14:50:17.060] [SEVERE ] placing card 36 in slot 5
[14:50:17.160] [SEVERE ] placing card 21 in slot 6
[14:50:17.261] [SEVERE ] placing card 49 in slot 7
[14:50:17.361] [SEVERE ] placing card 75 in slot 8
[14:50:17.462] [SEVERE ] placing card 11 in slot 9
[14:50:17.562] [SEVERE ] placing card 17 in slot 10
[14:50:17.663] [SEVERE ] placing card 44 in slot 11
[14:50:17.668] [SEVERE ] updating countdown to 60000
[14:50:18.669] [SEVERE ] updating countdown to 59999
[14:50:19.670] [SEVERE ] updating countdown to 58998
[14:50:20.670] [SEVERE ] updating countdown to 57998
[14:50:21.671] [SEVERE ] updating countdown to 56997
[14:50:21.792] [SEVERE ] exit button pressed
[14:50:21.792] [INFO   ] Thread player1 terminated.
[14:50:21.793] [INFO   ] Thread player0 terminated.
[14:50:22.671] [SEVERE ] updating countdown to 55997
[14:50:22.772] [SEVERE ] removing card from slot 0
[14:50:22.773] [SEVERE ] removing player 1 token from slot 0
[14:50:22.774] [SEVERE ] removing player 2 token from slot 0
[14:50:22.874] [SEVERE ] removing card from slot 1
[14:50:22.875] [SEVERE ] removing player 1 token from slot 1
[14:50:22.875] [SEVERE ] removing player 2 token from slot 1
[14:50:22.976] [SEVERE ] removing card from slot 2
[14:50:22.976] [SEVERE ] removing player 1 token from slot 2
[14:50:22.977] [SEVERE ] removing player 2 token from slot 2
[14:50:23.078] [SEVERE ] removing card from slot 3
[14:50:23.078] [SEVERE ] removing player 1 token from slot 3
[14:50:23.079] [SEVERE ] removing player 2 token from slot 3
[14:50:23.180] [SEVERE ] removing card from slot 4
[14:50:23.181] [SEVERE ] removing player 1 token from slot 4
[14:50:23.181] [SEVERE ] removing player 2 token from slot 4
[14:50:23.282] [SEVERE ] removing card from slot 5
[14:50:23.283] [SEVERE ] removing player 1 token from slot 5
[14:50:23.284] [SEVERE ] removing player 2 token from slot 5
[14:50:23.385] [SEVERE ] removing card from slot 6
[14:50:23.385] [SEVERE ] removing player 1 token from slot 6
[14:50:23.386] [SEVERE ] removing player 2 token from slot 6
[14:50:23.487] [SEVERE ] removing card from slot 7
[14:50:23.488] [SEVERE ] removing player 1 token from slot 7
[14:50:23.489] [SEVERE ] removing player 2 token from slot 7
[14:50:23.590] [SEVERE ] removing card from slot 8
[14:50:23.591] [SEVERE ] removing player 1 token from slot 8
[14:50:23.592] [SEVERE ] removing player 2 token from slot 8
[14:50:23.693] [SEVERE ] removing card from slot 9
[14:50:23.693] [SEVERE ] removing player 1 token from slot 9
[14:50:23.694] [SEVERE ] removing player 2 token from slot 9
[14:50:23.795] [SEVERE ] removing card from slot 10
[14:50:23.796] [SEVERE ] removing player 1 token from slot 10
[14:50:23.797] [SEVERE ] removing player 2 token from slot 10
[14:50:23.898] [SEVERE ] removing card from slot 11
[14:50:23.898] [SEVERE ] removing player 1 token from slot 11
[14:50:23.899] [SEVERE ] removing player 2 token from slot 11
[14:50:24.006] [SEVERE ] placing card 75 in slot 0
[14:50:24.107] [SEVERE ] placing card 26 in slot 1
[14:50:24.208] [SEVERE ] placing card 49 in slot 2
[14:50:24.308] [SEVERE ] placing card 56 in slot 3
[14:50:24.409] [SEVERE ] placing card 35 in slot 4
[14:50:24.509] [SEVERE ] placing card 63 in slot 5
[14:50:24.610] [SEVERE ] placing card 57 in slot 6
[14:50:24.711] [SEVERE ] placing card 21 in slot 7
[14:50:24.812] [SEVERE ] placing card 29 in slot 8
[14:50:24.912] [SEVERE ] placing card 72 in slot 9
[14:50:25.013] [SEVERE ] placing card 67 in slot 10
[14:50:25.114] [SEVERE ] placing card 17 in slot 11
[14:50:25.114] [INFO   ] Thread dealer terminated.
[14:50:25.115] [INFO   ] thread dealer terminated.
[14:50:25.116] [SEVERE ] thanks for playing... it was fun!
[14:50:25.116] [INFO   ] thread main terminated.
