[16:37:43.384] [INFO   ] thread main starting.
[16:37:43.390] [SEVERE ] cannot read configuration file config.properties trying from resources.
[16:37:43.391] [SEVERE ] configuration file was loaded from resources directory.
[16:37:43.865] [INFO   ] thread dealer starting.
[16:37:43.867] [INFO   ] Thread dealer starting.
[16:37:43.870] [INFO   ] Thread player0 starting.
[16:37:43.877] [INFO   ] Thread player1 starting.
[16:37:43.978] [SEVERE ] placing card 36 in slot 0
[16:37:44.102] [SEVERE ] placing card 49 in slot 1
[16:37:44.203] [SEVERE ] placing card 75 in slot 2
[16:37:44.303] [SEVERE ] placing card 69 in slot 3
[16:37:44.404] [SEVERE ] placing card 17 in slot 4
[16:37:44.504] [SEVERE ] placing card 53 in slot 5
[16:37:44.604] [SEVERE ] placing card 66 in slot 6
[16:37:44.705] [SEVERE ] placing card 52 in slot 7
[16:37:44.806] [SEVERE ] placing card 20 in slot 8
[16:37:44.907] [SEVERE ] placing card 9 in slot 9
[16:37:45.007] [SEVERE ] placing card 46 in slot 10
[16:37:45.108] [SEVERE ] placing card 3 in slot 11
[16:37:45.116] [SEVERE ] updating countdown to 60000
[16:37:46.117] [SEVERE ] updating countdown to 59999
[16:37:47.118] [SEVERE ] updating countdown to 58998
[16:37:47.765] [SEVERE ] key 81 was pressed by player 1
[16:37:47.765] [SEVERE ] player 1 placing token on slot 0
[16:37:48.118] [SEVERE ] updating countdown to 57998
[16:37:49.119] [SEVERE ] updating countdown to 56997
[16:37:49.738] [SEVERE ] key 81 was pressed by player 1
[16:37:49.739] [SEVERE ] removing player 1 token from slot 0
[16:37:50.120] [SEVERE ] updating countdown to 55996
[16:37:50.299] [SEVERE ] key 87 was pressed by player 1
[16:37:50.299] [SEVERE ] player 1 placing token on slot 1
[16:37:51.120] [SEVERE ] updating countdown to 54996
[16:37:51.507] [SEVERE ] key 65 was pressed by player 1
[16:37:51.507] [SEVERE ] player 1 placing token on slot 4
[16:37:51.978] [SEVERE ] key 65 was pressed by player 1
[16:37:51.979] [SEVERE ] removing player 1 token from slot 4
[16:37:52.121] [SEVERE ] updating countdown to 53995
[16:37:53.122] [SEVERE ] updating countdown to 52994
[16:37:54.122] [SEVERE ] updating countdown to 51994
[16:37:55.123] [SEVERE ] updating countdown to 50993
[16:37:55.651] [SEVERE ] key 67 was pressed by player 1
[16:37:55.651] [SEVERE ] player 1 placing token on slot 10
[16:37:56.123] [SEVERE ] updating countdown to 49993
[16:37:57.124] [SEVERE ] updating countdown to 48992
[16:37:58.125] [SEVERE ] updating countdown to 47991
[16:37:58.683] [SEVERE ] key 70 was pressed by player 1
[16:37:58.683] [SEVERE ] player 1 placing token on slot 7
[16:37:58.684] [SEVERE ] setting player 1 score to 1
[16:37:58.685] [SEVERE ] removing player 1 token from slot 1
[16:37:58.685] [SEVERE ] removing player 1 token from slot 10
[16:37:58.685] [SEVERE ] removing player 1 token from slot 7
[16:37:58.686] [SEVERE ] removing player 2 token from slot 1
[16:37:58.686] [SEVERE ] removing player 2 token from slot 10
[16:37:58.687] [SEVERE ] removing player 2 token from slot 7
[16:37:58.687] [SEVERE ] setting player 1 freeze to 1999
[16:37:58.698] [SEVERE ] setting player 1 freeze to 1988
[16:37:58.708] [SEVERE ] setting player 1 freeze to 1978
[16:37:58.718] [SEVERE ] setting player 1 freeze to 1968
[16:37:58.729] [SEVERE ] setting player 1 freeze to 1957
[16:37:58.740] [SEVERE ] setting player 1 freeze to 1946
[16:37:58.750] [SEVERE ] setting player 1 freeze to 1936
[16:37:58.760] [SEVERE ] setting player 1 freeze to 1926
[16:37:58.771] [SEVERE ] setting player 1 freeze to 1915
[16:37:58.781] [SEVERE ] setting player 1 freeze to 1905
[16:37:58.787] [SEVERE ] removing card from slot 1
[16:37:58.791] [SEVERE ] setting player 1 freeze to 1895
[16:37:58.801] [SEVERE ] setting player 1 freeze to 1885
[16:37:58.812] [SEVERE ] setting player 1 freeze to 1875
[16:37:58.822] [SEVERE ] setting player 1 freeze to 1864
[16:37:58.832] [SEVERE ] setting player 1 freeze to 1854
[16:37:58.842] [SEVERE ] setting player 1 freeze to 1844
[16:37:58.853] [SEVERE ] setting player 1 freeze to 1833
[16:37:58.863] [SEVERE ] setting player 1 freeze to 1823
[16:37:58.873] [SEVERE ] setting player 1 freeze to 1813
[16:37:58.883] [SEVERE ] setting player 1 freeze to 1803
[16:37:58.887] [SEVERE ] removing card from slot 10
[16:37:58.893] [SEVERE ] setting player 1 freeze to 1793
[16:37:58.904] [SEVERE ] setting player 1 freeze to 1782
[16:37:58.914] [SEVERE ] setting player 1 freeze to 1772
[16:37:58.924] [SEVERE ] setting player 1 freeze to 1762
[16:37:58.934] [SEVERE ] setting player 1 freeze to 1752
[16:37:58.945] [SEVERE ] setting player 1 freeze to 1741
[16:37:58.955] [SEVERE ] setting player 1 freeze to 1731
[16:37:58.965] [SEVERE ] setting player 1 freeze to 1721
[16:37:58.975] [SEVERE ] setting player 1 freeze to 1711
[16:37:58.986] [SEVERE ] setting player 1 freeze to 1700
[16:37:58.988] [SEVERE ] removing card from slot 7
[16:37:58.996] [SEVERE ] setting player 1 freeze to 1690
[16:37:59.006] [SEVERE ] setting player 1 freeze to 1680
[16:37:59.016] [SEVERE ] setting player 1 freeze to 1670
[16:37:59.026] [SEVERE ] setting player 1 freeze to 1660
[16:37:59.037] [SEVERE ] setting player 1 freeze to 1649
[16:37:59.047] [SEVERE ] setting player 1 freeze to 1639
[16:37:59.057] [SEVERE ] setting player 1 freeze to 1629
[16:37:59.067] [SEVERE ] setting player 1 freeze to 1619
[16:37:59.078] [SEVERE ] setting player 1 freeze to 1608
[16:37:59.088] [SEVERE ] setting player 1 freeze to 1598
[16:37:59.089] [SEVERE ] placing card 71 in slot 1
[16:37:59.098] [SEVERE ] setting player 1 freeze to 1588
[16:37:59.108] [SEVERE ] setting player 1 freeze to 1578
[16:37:59.119] [SEVERE ] setting player 1 freeze to 1567
[16:37:59.129] [SEVERE ] setting player 1 freeze to 1557
[16:37:59.139] [SEVERE ] setting player 1 freeze to 1547
[16:37:59.149] [SEVERE ] setting player 1 freeze to 1537
[16:37:59.159] [SEVERE ] setting player 1 freeze to 1527
[16:37:59.169] [SEVERE ] setting player 1 freeze to 1517
[16:37:59.180] [SEVERE ] setting player 1 freeze to 1506
[16:37:59.190] [SEVERE ] placing card 60 in slot 10
[16:37:59.190] [SEVERE ] setting player 1 freeze to 1496
[16:37:59.201] [SEVERE ] setting player 1 freeze to 1485
[16:37:59.211] [SEVERE ] setting player 1 freeze to 1475
[16:37:59.221] [SEVERE ] setting player 1 freeze to 1465
[16:37:59.231] [SEVERE ] setting player 1 freeze to 1455
[16:37:59.241] [SEVERE ] setting player 1 freeze to 1445
[16:37:59.252] [SEVERE ] setting player 1 freeze to 1434
[16:37:59.262] [SEVERE ] setting player 1 freeze to 1424
[16:37:59.272] [SEVERE ] setting player 1 freeze to 1414
[16:37:59.282] [SEVERE ] setting player 1 freeze to 1404
[16:37:59.290] [SEVERE ] placing card 62 in slot 7
[16:37:59.292] [SEVERE ] setting player 1 freeze to 1394
[16:37:59.303] [SEVERE ] setting player 1 freeze to 1383
[16:37:59.313] [SEVERE ] setting player 1 freeze to 1373
[16:37:59.323] [SEVERE ] setting player 1 freeze to 1363
[16:37:59.333] [SEVERE ] setting player 1 freeze to 1353
[16:37:59.344] [SEVERE ] setting player 1 freeze to 1342
[16:37:59.354] [SEVERE ] setting player 1 freeze to 1332
[16:37:59.364] [SEVERE ] setting player 1 freeze to 1322
[16:37:59.374] [SEVERE ] setting player 1 freeze to 1312
[16:37:59.385] [SEVERE ] setting player 1 freeze to 1301
[16:37:59.390] [SEVERE ] removing card from slot 0
[16:37:59.390] [SEVERE ] removing player 1 token from slot 0
[16:37:59.391] [SEVERE ] removing player 2 token from slot 0
[16:37:59.395] [SEVERE ] setting player 1 freeze to 1291
[16:37:59.405] [SEVERE ] setting player 1 freeze to 1281
[16:37:59.415] [SEVERE ] setting player 1 freeze to 1271
[16:37:59.426] [SEVERE ] setting player 1 freeze to 1260
[16:37:59.436] [SEVERE ] setting player 1 freeze to 1250
[16:37:59.446] [SEVERE ] setting player 1 freeze to 1240
[16:37:59.456] [SEVERE ] setting player 1 freeze to 1230
[16:37:59.466] [SEVERE ] setting player 1 freeze to 1220
[16:37:59.477] [SEVERE ] setting player 1 freeze to 1209
[16:37:59.487] [SEVERE ] setting player 1 freeze to 1199
[16:37:59.491] [SEVERE ] removing card from slot 1
[16:37:59.491] [SEVERE ] removing player 1 token from slot 1
[16:37:59.492] [SEVERE ] removing player 2 token from slot 1
[16:37:59.497] [SEVERE ] setting player 1 freeze to 1189
[16:37:59.507] [SEVERE ] setting player 1 freeze to 1179
[16:37:59.517] [SEVERE ] setting player 1 freeze to 1169
[16:37:59.528] [SEVERE ] setting player 1 freeze to 1158
[16:37:59.538] [SEVERE ] setting player 1 freeze to 1148
[16:37:59.548] [SEVERE ] setting player 1 freeze to 1138
[16:37:59.558] [SEVERE ] setting player 1 freeze to 1128
[16:37:59.568] [SEVERE ] setting player 1 freeze to 1118
[16:37:59.579] [SEVERE ] setting player 1 freeze to 1107
[16:37:59.589] [SEVERE ] setting player 1 freeze to 1097
[16:37:59.593] [SEVERE ] removing card from slot 2
[16:37:59.593] [SEVERE ] removing player 1 token from slot 2
[16:37:59.593] [SEVERE ] removing player 2 token from slot 2
[16:37:59.599] [SEVERE ] setting player 1 freeze to 1087
[16:37:59.609] [SEVERE ] setting player 1 freeze to 1077
[16:37:59.619] [SEVERE ] setting player 1 freeze to 1067
[16:37:59.630] [SEVERE ] setting player 1 freeze to 1056
[16:37:59.640] [SEVERE ] setting player 1 freeze to 1046
[16:37:59.650] [SEVERE ] setting player 1 freeze to 1036
[16:37:59.660] [SEVERE ] setting player 1 freeze to 1026
[16:37:59.671] [SEVERE ] setting player 1 freeze to 1015
[16:37:59.681] [SEVERE ] setting player 1 freeze to 1005
[16:37:59.691] [SEVERE ] setting player 1 freeze to 995
[16:37:59.694] [SEVERE ] removing card from slot 3
[16:37:59.694] [SEVERE ] removing player 1 token from slot 3
[16:37:59.694] [SEVERE ] removing player 2 token from slot 3
[16:37:59.701] [SEVERE ] setting player 1 freeze to 985
[16:37:59.712] [SEVERE ] setting player 1 freeze to 974
[16:37:59.722] [SEVERE ] setting player 1 freeze to 964
[16:37:59.732] [SEVERE ] setting player 1 freeze to 954
[16:37:59.742] [SEVERE ] setting player 1 freeze to 944
[16:37:59.752] [SEVERE ] setting player 1 freeze to 934
[16:37:59.762] [SEVERE ] setting player 1 freeze to 924
[16:37:59.773] [SEVERE ] setting player 1 freeze to 913
[16:37:59.783] [SEVERE ] setting player 1 freeze to 903
[16:37:59.793] [SEVERE ] setting player 1 freeze to 893
[16:37:59.794] [SEVERE ] removing card from slot 4
[16:37:59.794] [SEVERE ] removing player 1 token from slot 4
[16:37:59.794] [SEVERE ] removing player 2 token from slot 4
[16:37:59.803] [SEVERE ] setting player 1 freeze to 883
[16:37:59.813] [SEVERE ] setting player 1 freeze to 873
[16:37:59.824] [SEVERE ] setting player 1 freeze to 862
[16:37:59.834] [SEVERE ] setting player 1 freeze to 852
[16:37:59.844] [SEVERE ] setting player 1 freeze to 842
[16:37:59.854] [SEVERE ] setting player 1 freeze to 832
[16:37:59.864] [SEVERE ] setting player 1 freeze to 822
[16:37:59.875] [SEVERE ] setting player 1 freeze to 811
[16:37:59.885] [SEVERE ] setting player 1 freeze to 801
[16:37:59.895] [SEVERE ] removing card from slot 5
[16:37:59.895] [SEVERE ] removing player 1 token from slot 5
[16:37:59.895] [SEVERE ] removing player 2 token from slot 5
[16:37:59.895] [SEVERE ] setting player 1 freeze to 791
[16:37:59.906] [SEVERE ] setting player 1 freeze to 780
[16:37:59.917] [SEVERE ] setting player 1 freeze to 769
[16:37:59.927] [SEVERE ] setting player 1 freeze to 759
[16:37:59.937] [SEVERE ] setting player 1 freeze to 749
[16:37:59.947] [SEVERE ] setting player 1 freeze to 739
[16:37:59.957] [SEVERE ] setting player 1 freeze to 729
[16:37:59.967] [SEVERE ] setting player 1 freeze to 719
[16:37:59.978] [SEVERE ] setting player 1 freeze to 708
[16:37:59.988] [SEVERE ] setting player 1 freeze to 698
[16:37:59.996] [SEVERE ] removing card from slot 6
[16:37:59.996] [SEVERE ] removing player 1 token from slot 6
[16:37:59.996] [SEVERE ] removing player 2 token from slot 6
[16:37:59.998] [SEVERE ] setting player 1 freeze to 688
[16:38:00.008] [SEVERE ] setting player 1 freeze to 678
[16:38:00.018] [SEVERE ] setting player 1 freeze to 668
[16:38:00.029] [SEVERE ] setting player 1 freeze to 657
[16:38:00.039] [SEVERE ] setting player 1 freeze to 647
[16:38:00.049] [SEVERE ] setting player 1 freeze to 637
[16:38:00.059] [SEVERE ] setting player 1 freeze to 627
[16:38:00.069] [SEVERE ] setting player 1 freeze to 617
[16:38:00.080] [SEVERE ] setting player 1 freeze to 606
[16:38:00.090] [SEVERE ] setting player 1 freeze to 596
[16:38:00.097] [SEVERE ] removing card from slot 7
[16:38:00.097] [SEVERE ] removing player 1 token from slot 7
[16:38:00.098] [SEVERE ] removing player 2 token from slot 7
[16:38:00.100] [SEVERE ] setting player 1 freeze to 586
[16:38:00.110] [SEVERE ] setting player 1 freeze to 576
[16:38:00.120] [SEVERE ] setting player 1 freeze to 566
[16:38:00.131] [SEVERE ] setting player 1 freeze to 556
[16:38:00.141] [SEVERE ] setting player 1 freeze to 545
[16:38:00.151] [SEVERE ] setting player 1 freeze to 535
[16:38:00.161] [SEVERE ] setting player 1 freeze to 525
[16:38:00.171] [SEVERE ] setting player 1 freeze to 515
[16:38:00.181] [SEVERE ] setting player 1 freeze to 505
[16:38:00.192] [SEVERE ] setting player 1 freeze to 494
[16:38:00.198] [SEVERE ] removing card from slot 8
[16:38:00.198] [SEVERE ] removing player 1 token from slot 8
[16:38:00.199] [SEVERE ] removing player 2 token from slot 8
[16:38:00.202] [SEVERE ] setting player 1 freeze to 484
[16:38:00.212] [SEVERE ] setting player 1 freeze to 474
[16:38:00.222] [SEVERE ] setting player 1 freeze to 464
[16:38:00.232] [SEVERE ] setting player 1 freeze to 454
[16:38:00.243] [SEVERE ] setting player 1 freeze to 443
[16:38:00.253] [SEVERE ] setting player 1 freeze to 433
[16:38:00.263] [SEVERE ] setting player 1 freeze to 423
[16:38:00.273] [SEVERE ] setting player 1 freeze to 413
[16:38:00.283] [SEVERE ] setting player 1 freeze to 403
[16:38:00.293] [SEVERE ] setting player 1 freeze to 393
[16:38:00.299] [SEVERE ] removing card from slot 9
[16:38:00.299] [SEVERE ] removing player 1 token from slot 9
[16:38:00.299] [SEVERE ] removing player 2 token from slot 9
[16:38:00.304] [SEVERE ] setting player 1 freeze to 382
[16:38:00.314] [SEVERE ] setting player 1 freeze to 372
[16:38:00.324] [SEVERE ] setting player 1 freeze to 362
[16:38:00.334] [SEVERE ] setting player 1 freeze to 352
[16:38:00.345] [SEVERE ] setting player 1 freeze to 341
[16:38:00.355] [SEVERE ] setting player 1 freeze to 331
[16:38:00.365] [SEVERE ] setting player 1 freeze to 321
[16:38:00.375] [SEVERE ] setting player 1 freeze to 311
[16:38:00.386] [SEVERE ] setting player 1 freeze to 300
[16:38:00.396] [SEVERE ] setting player 1 freeze to 290
[16:38:00.400] [SEVERE ] removing card from slot 10
[16:38:00.400] [SEVERE ] removing player 1 token from slot 10
[16:38:00.400] [SEVERE ] removing player 2 token from slot 10
[16:38:00.406] [SEVERE ] setting player 1 freeze to 280
[16:38:00.416] [SEVERE ] setting player 1 freeze to 270
[16:38:00.427] [SEVERE ] setting player 1 freeze to 259
[16:38:00.437] [SEVERE ] setting player 1 freeze to 249
[16:38:00.447] [SEVERE ] setting player 1 freeze to 239
[16:38:00.457] [SEVERE ] setting player 1 freeze to 229
[16:38:00.467] [SEVERE ] setting player 1 freeze to 219
[16:38:00.477] [SEVERE ] setting player 1 freeze to 209
[16:38:00.488] [SEVERE ] setting player 1 freeze to 198
[16:38:00.498] [SEVERE ] setting player 1 freeze to 188
[16:38:00.500] [SEVERE ] removing card from slot 11
[16:38:00.500] [SEVERE ] removing player 1 token from slot 11
[16:38:00.501] [SEVERE ] removing player 2 token from slot 11
[16:38:00.502] [SEVERE ] announcing winner(s): player 1
[16:38:00.503] [INFO   ] Thread player1 terminated.
[16:38:00.505] [INFO   ] Thread player0 terminated.
[16:38:00.507] [INFO   ] Thread dealer terminated.
[16:38:00.508] [INFO   ] thread dealer terminated.
[16:38:00.508] [SEVERE ] setting player 1 freeze to 178
[16:38:05.509] [SEVERE ] thanks for playing... it was fun!
[16:38:05.509] [INFO   ] thread main terminated.
[16:38:05.510] [SEVERE ] disposing of user interface elements
