[14:51:40.396] [INFO   ] thread main starting.
[14:51:40.405] [SEVERE ] cannot read configuration file config.properties trying from resources.
[14:51:40.407] [SEVERE ] configuration file was loaded from resources directory.
[14:51:40.767] [INFO   ] thread dealer starting.
[14:51:40.768] [INFO   ] Thread dealer starting.
[14:51:40.768] [INFO   ] Thread player0 starting.
[14:51:40.769] [INFO   ] Thread player1 starting.
[14:51:40.876] [SEVERE ] placing card 2 in slot 0
[14:51:40.977] [SEVERE ] placing card 48 in slot 1
[14:51:41.078] [SEVERE ] placing card 33 in slot 2
[14:51:41.180] [SEVERE ] placing card 80 in slot 3
[14:51:41.281] [SEVERE ] placing card 74 in slot 4
[14:51:41.382] [SEVERE ] placing card 76 in slot 5
[14:51:41.482] [SEVERE ] placing card 25 in slot 6
[14:51:41.583] [SEVERE ] placing card 57 in slot 7
[14:51:41.684] [SEVERE ] placing card 44 in slot 8
[14:51:41.784] [SEVERE ] placing card 46 in slot 9
[14:51:41.885] [SEVERE ] placing card 13 in slot 10
[14:51:41.985] [SEVERE ] placing card 70 in slot 11
[14:51:41.998] [SEVERE ] updating countdown to 60000
[14:51:43.000] [SEVERE ] updating countdown to 59998
[14:51:43.525] [SEVERE ] exit button pressed
[14:51:43.526] [INFO   ] Thread player1 terminated.
[14:51:43.526] [INFO   ] Thread player0 terminated.
[14:51:44.001] [SEVERE ] updating countdown to 58997
[14:51:44.102] [SEVERE ] removing card from slot 0
[14:51:44.103] [SEVERE ] removing player 1 token from slot 0
[14:51:44.103] [SEVERE ] removing player 2 token from slot 0
[14:51:44.204] [SEVERE ] removing card from slot 1
[14:51:44.204] [SEVERE ] removing player 1 token from slot 1
[14:51:44.205] [SEVERE ] removing player 2 token from slot 1
[14:51:44.306] [SEVERE ] removing card from slot 2
[14:51:44.307] [SEVERE ] removing player 1 token from slot 2
[14:51:44.308] [SEVERE ] removing player 2 token from slot 2
[14:51:44.408] [SEVERE ] removing card from slot 3
[14:51:44.409] [SEVERE ] removing player 1 token from slot 3
[14:51:44.409] [SEVERE ] removing player 2 token from slot 3
[14:51:44.510] [SEVERE ] removing card from slot 4
[14:51:44.510] [SEVERE ] removing player 1 token from slot 4
[14:51:44.511] [SEVERE ] removing player 2 token from slot 4
[14:51:44.611] [SEVERE ] removing card from slot 5
[14:51:44.612] [SEVERE ] removing player 1 token from slot 5
[14:51:44.613] [SEVERE ] removing player 2 token from slot 5
[14:51:44.714] [SEVERE ] removing card from slot 6
[14:51:44.715] [SEVERE ] removing player 1 token from slot 6
[14:51:44.716] [SEVERE ] removing player 2 token from slot 6
[14:51:44.817] [SEVERE ] removing card from slot 7
[14:51:44.817] [SEVERE ] removing player 1 token from slot 7
[14:51:44.818] [SEVERE ] removing player 2 token from slot 7
[14:51:44.919] [SEVERE ] removing card from slot 8
[14:51:44.919] [SEVERE ] removing player 1 token from slot 8
[14:51:44.920] [SEVERE ] removing player 2 token from slot 8
[14:51:45.021] [SEVERE ] removing card from slot 9
[14:51:45.022] [SEVERE ] removing player 1 token from slot 9
[14:51:45.023] [SEVERE ] removing player 2 token from slot 9
[14:51:45.124] [SEVERE ] removing card from slot 10
[14:51:45.124] [SEVERE ] removing player 1 token from slot 10
[14:51:45.125] [SEVERE ] removing player 2 token from slot 10
[14:51:45.226] [SEVERE ] removing card from slot 11
[14:51:45.227] [SEVERE ] removing player 1 token from slot 11
[14:51:45.228] [SEVERE ] removing player 2 token from slot 11
[14:51:45.330] [SEVERE ] placing card 57 in slot 0
[14:51:45.431] [SEVERE ] placing card 2 in slot 1
[14:51:45.532] [SEVERE ] placing card 76 in slot 2
[14:51:45.633] [SEVERE ] placing card 70 in slot 3
[14:51:45.734] [SEVERE ] placing card 7 in slot 4
[14:51:45.834] [SEVERE ] placing card 46 in slot 5
[14:51:45.935] [SEVERE ] placing card 74 in slot 6
[14:51:46.035] [SEVERE ] placing card 80 in slot 7
[14:51:46.136] [SEVERE ] placing card 25 in slot 8
[14:51:46.237] [SEVERE ] placing card 48 in slot 9
[14:51:46.337] [SEVERE ] placing card 18 in slot 10
[14:51:46.438] [SEVERE ] placing card 44 in slot 11
[14:51:46.439] [INFO   ] Thread dealer terminated.
[14:51:46.440] [INFO   ] thread dealer terminated.
[14:51:46.441] [SEVERE ] thanks for playing... it was fun!
[14:51:46.442] [INFO   ] thread main terminated.
