[22:26:33.801] [INFO   ] thread main starting.
[22:26:33.806] [SEVERE ] cannot read configuration file config.properties trying from resources.
[22:26:33.808] [SEVERE ] configuration file was loaded from resources directory.
[22:26:34.245] [INFO   ] thread dealer starting.
[22:26:34.246] [INFO   ] Thread dealer starting.
[22:26:34.246] [INFO   ] Thread player0 starting.
[22:26:34.247] [INFO   ] Thread player1 starting.
[22:26:34.249] [INFO   ] Thread computer-1 starting.
[22:26:34.249] [INFO   ] Thread computer-0 starting.
[22:26:34.348] [SEVERE ] placing card 80 in slot 0
[22:26:34.455] [SEVERE ] placing card 70 in slot 1
[22:26:34.565] [SEVERE ] placing card 24 in slot 2
[22:26:34.675] [SEVERE ] placing card 59 in slot 3
[22:26:34.785] [SEVERE ] placing card 60 in slot 4
[22:26:34.894] [SEVERE ] placing card 72 in slot 5
[22:26:35.004] [SEVERE ] placing card 27 in slot 6
[22:26:35.113] [SEVERE ] placing card 10 in slot 7
[22:26:35.223] [SEVERE ] placing card 74 in slot 8
[22:26:35.230] [SEVERE ] updating countdown to 60000
[22:26:35.238] [SEVERE ] player 2 placing token on slot 5
[22:26:35.238] [SEVERE ] player 1 placing token on slot 5
[22:26:35.238] [SEVERE ] player 2 placing token on slot 6
[22:26:35.238] [SEVERE ] player 1 placing token on slot 1
[22:26:35.239] [SEVERE ] player 2 placing token on slot 4
[22:26:35.239] [SEVERE ] player 1 placing token on slot 0
[22:26:35.239] [SEVERE ] setting player 2 freeze to 0
[22:26:35.239] [SEVERE ] setting player 1 freeze to 0
[22:26:35.240] [SEVERE ] removing player 2 token from slot 5
[22:26:35.240] [SEVERE ] removing player 1 token from slot 5
[22:26:35.240] [SEVERE ] removing player 2 token from slot 6
[22:26:35.240] [SEVERE ] removing player 1 token from slot 1
[22:26:35.240] [SEVERE ] removing player 1 token from slot 0
[22:26:35.240] [SEVERE ] removing player 2 token from slot 4
[22:26:35.251] [SEVERE ] player 1 placing token on slot 5
[22:26:35.251] [SEVERE ] player 1 placing token on slot 0
[22:26:35.251] [SEVERE ] player 1 placing token on slot 2
[22:26:35.251] [SEVERE ] setting player 1 freeze to 0
[22:26:35.251] [SEVERE ] removing player 1 token from slot 5
[22:26:35.252] [SEVERE ] player 2 placing token on slot 4
[22:26:35.252] [SEVERE ] removing player 1 token from slot 0
[22:26:35.252] [SEVERE ] removing player 1 token from slot 2
[22:26:35.252] [SEVERE ] player 2 placing token on slot 3
[22:26:35.252] [SEVERE ] player 2 placing token on slot 5
[22:26:35.253] [SEVERE ] setting player 2 freeze to 0
[22:26:35.253] [SEVERE ] removing player 2 token from slot 4
[22:26:35.253] [SEVERE ] removing player 2 token from slot 3
[22:26:35.253] [SEVERE ] removing player 2 token from slot 5
[22:26:35.264] [SEVERE ] player 2 placing token on slot 0
[22:26:35.264] [SEVERE ] player 2 placing token on slot 6
[22:26:35.264] [SEVERE ] player 2 placing token on slot 5
[22:26:35.264] [SEVERE ] setting player 2 freeze to 0
[22:26:35.265] [SEVERE ] removing player 2 token from slot 0
[22:26:35.265] [SEVERE ] removing player 2 token from slot 6
[22:26:35.265] [SEVERE ] removing player 2 token from slot 5
[22:26:35.269] [SEVERE ] player 1 placing token on slot 7
[22:26:35.269] [SEVERE ] player 1 placing token on slot 1
[22:26:35.269] [SEVERE ] player 1 placing token on slot 5
[22:26:35.269] [SEVERE ] setting player 1 freeze to 0
[22:26:35.270] [SEVERE ] removing player 1 token from slot 7
[22:26:35.270] [SEVERE ] removing player 1 token from slot 1
[22:26:35.270] [SEVERE ] removing player 1 token from slot 5
[22:26:35.275] [SEVERE ] player 2 placing token on slot 6
[22:26:35.275] [SEVERE ] player 2 placing token on slot 5
[22:26:35.275] [SEVERE ] player 2 placing token on slot 4
[22:26:35.275] [SEVERE ] setting player 2 freeze to 0
[22:26:35.275] [SEVERE ] removing player 2 token from slot 6
[22:26:35.276] [SEVERE ] removing player 2 token from slot 5
[22:26:35.276] [SEVERE ] removing player 2 token from slot 4
[22:26:35.280] [SEVERE ] player 1 placing token on slot 6
[22:26:35.280] [SEVERE ] player 1 placing token on slot 1
[22:26:35.280] [SEVERE ] player 1 placing token on slot 3
[22:26:35.281] [SEVERE ] setting player 1 freeze to 0
[22:26:35.281] [SEVERE ] removing player 1 token from slot 6
[22:26:35.281] [SEVERE ] removing player 1 token from slot 1
[22:26:35.281] [SEVERE ] removing player 1 token from slot 3
[22:26:35.287] [SEVERE ] player 2 placing token on slot 7
[22:26:35.287] [SEVERE ] player 2 placing token on slot 6
[22:26:35.287] [SEVERE ] player 2 placing token on slot 5
[22:26:35.287] [SEVERE ] setting player 2 freeze to 0
[22:26:35.287] [SEVERE ] removing player 2 token from slot 7
[22:26:35.288] [SEVERE ] removing player 2 token from slot 6
[22:26:35.288] [SEVERE ] removing player 2 token from slot 5
[22:26:35.299] [SEVERE ] player 2 placing token on slot 3
[22:26:35.299] [SEVERE ] player 2 placing token on slot 4
[22:26:35.299] [SEVERE ] player 2 placing token on slot 5
[22:26:35.299] [SEVERE ] setting player 2 freeze to 0
[22:26:35.300] [SEVERE ] removing player 2 token from slot 3
[22:26:35.300] [SEVERE ] player 1 placing token on slot 4
[22:26:35.300] [SEVERE ] removing player 2 token from slot 4
[22:26:35.300] [SEVERE ] player 1 placing token on slot 8
[22:26:35.300] [SEVERE ] removing player 2 token from slot 5
[22:26:35.300] [SEVERE ] player 1 placing token on slot 3
[22:26:35.300] [SEVERE ] setting player 1 freeze to 0
[22:26:35.301] [SEVERE ] removing player 1 token from slot 4
[22:26:35.301] [SEVERE ] removing player 1 token from slot 8
[22:26:35.301] [SEVERE ] removing player 1 token from slot 3
[22:26:35.311] [SEVERE ] player 2 placing token on slot 0
[22:26:35.311] [SEVERE ] player 2 placing token on slot 7
[22:26:35.311] [SEVERE ] player 2 placing token on slot 3
[22:26:35.311] [SEVERE ] setting player 2 freeze to 0
[22:26:35.312] [SEVERE ] removing player 2 token from slot 0
[22:26:35.312] [SEVERE ] player 1 placing token on slot 0
[22:26:35.312] [SEVERE ] removing player 2 token from slot 7
[22:26:35.312] [SEVERE ] player 1 placing token on slot 3
[22:26:35.312] [SEVERE ] player 1 placing token on slot 7
[22:26:35.312] [SEVERE ] removing player 2 token from slot 3
[22:26:35.313] [SEVERE ] setting player 1 freeze to 0
[22:26:35.313] [SEVERE ] removing player 1 token from slot 0
[22:26:35.313] [SEVERE ] removing player 1 token from slot 3
[22:26:35.313] [SEVERE ] removing player 1 token from slot 7
[22:26:35.324] [SEVERE ] player 2 placing token on slot 7
[22:26:35.324] [SEVERE ] player 1 placing token on slot 3
[22:26:35.324] [SEVERE ] player 2 placing token on slot 0
[22:26:35.324] [SEVERE ] player 1 placing token on slot 2
[22:26:35.324] [SEVERE ] player 2 placing token on slot 3
[22:26:35.324] [SEVERE ] player 1 placing token on slot 4
[22:26:35.324] [SEVERE ] setting player 2 freeze to 0
[22:26:35.324] [SEVERE ] setting player 1 freeze to 0
[22:26:35.324] [SEVERE ] removing player 2 token from slot 7
[22:26:35.325] [SEVERE ] removing player 1 token from slot 3
[22:26:35.325] [SEVERE ] removing player 2 token from slot 0
[22:26:35.325] [SEVERE ] removing player 1 token from slot 2
[22:26:35.325] [SEVERE ] removing player 1 token from slot 4
[22:26:35.325] [SEVERE ] removing player 2 token from slot 3
[22:26:35.336] [SEVERE ] player 1 placing token on slot 6
[22:26:35.336] [SEVERE ] player 2 placing token on slot 7
[22:26:35.336] [SEVERE ] player 1 placing token on slot 1
[22:26:35.336] [SEVERE ] player 2 placing token on slot 1
[22:26:35.336] [SEVERE ] player 1 placing token on slot 2
[22:26:35.336] [SEVERE ] player 2 placing token on slot 3
[22:26:35.336] [SEVERE ] setting player 1 freeze to 0
[22:26:35.337] [SEVERE ] setting player 2 freeze to 0
[22:26:35.337] [SEVERE ] removing player 1 token from slot 6
[22:26:35.337] [SEVERE ] removing player 2 token from slot 7
[22:26:35.337] [SEVERE ] removing player 1 token from slot 1
[22:26:35.337] [SEVERE ] removing player 2 token from slot 1
[22:26:35.337] [SEVERE ] removing player 1 token from slot 2
[22:26:35.337] [SEVERE ] removing player 2 token from slot 3
[22:26:35.347] [SEVERE ] player 1 placing token on slot 3
[22:26:35.347] [SEVERE ] player 2 placing token on slot 1
[22:26:35.347] [SEVERE ] player 1 placing token on slot 7
[22:26:35.347] [SEVERE ] player 2 placing token on slot 8
[22:26:35.347] [SEVERE ] player 1 placing token on slot 4
[22:26:35.347] [SEVERE ] player 2 placing token on slot 5
[22:26:35.348] [SEVERE ] setting player 1 freeze to 0
[22:26:35.348] [SEVERE ] setting player 2 freeze to 0
[22:26:35.348] [SEVERE ] removing player 1 token from slot 3
[22:26:35.348] [SEVERE ] removing player 2 token from slot 1
[22:26:35.348] [SEVERE ] removing player 1 token from slot 7
[22:26:35.348] [SEVERE ] removing player 2 token from slot 8
[22:26:35.348] [SEVERE ] removing player 1 token from slot 4
[22:26:35.349] [SEVERE ] removing player 2 token from slot 5
[22:26:35.360] [SEVERE ] player 1 placing token on slot 2
[22:26:35.360] [SEVERE ] player 2 placing token on slot 8
[22:26:35.360] [SEVERE ] player 1 placing token on slot 0
[22:26:35.360] [SEVERE ] player 2 placing token on slot 5
[22:26:35.360] [SEVERE ] player 1 placing token on slot 4
[22:26:35.360] [SEVERE ] player 2 placing token on slot 2
[22:26:35.360] [SEVERE ] setting player 1 freeze to 0
[22:26:35.361] [SEVERE ] setting player 2 freeze to 0
[22:26:35.361] [SEVERE ] removing player 1 token from slot 2
[22:26:35.361] [SEVERE ] removing player 2 token from slot 8
[22:26:35.361] [SEVERE ] removing player 1 token from slot 0
[22:26:35.361] [SEVERE ] removing player 2 token from slot 5
[22:26:35.361] [SEVERE ] removing player 1 token from slot 4
[22:26:35.361] [SEVERE ] removing player 2 token from slot 2
[22:26:35.372] [SEVERE ] player 1 placing token on slot 8
[22:26:35.372] [SEVERE ] player 1 placing token on slot 6
[22:26:35.372] [SEVERE ] player 1 placing token on slot 7
[22:26:35.372] [SEVERE ] setting player 1 score to 1
[22:26:35.372] [SEVERE ] setting player 1 freeze to 0
[22:26:35.373] [SEVERE ] player 2 placing token on slot 8
[22:26:35.373] [SEVERE ] player 2 placing token on slot 5
[22:26:35.373] [SEVERE ] player 2 placing token on slot 2
[22:26:35.373] [SEVERE ] removing player 1 token from slot 8
[22:26:35.373] [SEVERE ] removing player 1 token from slot 6
[22:26:35.374] [SEVERE ] removing player 1 token from slot 7
[22:26:35.374] [SEVERE ] removing player 2 token from slot 8
[22:26:35.374] [SEVERE ] removing player 2 token from slot 6
[22:26:35.374] [SEVERE ] removing player 2 token from slot 7
[22:26:35.489] [SEVERE ] removing card from slot 8
[22:26:35.599] [SEVERE ] removing card from slot 6
[22:26:35.709] [SEVERE ] removing card from slot 7
[22:26:35.710] [SEVERE ] updating countdown to 60000
[22:26:35.725] [SEVERE ] player 1 placing token on slot 2
[22:26:35.725] [SEVERE ] player 1 placing token on slot 3
[22:26:35.725] [SEVERE ] player 1 placing token on slot 4
[22:26:36.668] [SEVERE ] setting player 2 freeze to 0
[22:26:36.668] [SEVERE ] updating countdown to 60041
[22:26:36.668] [SEVERE ] removing player 2 token from slot 8
[22:26:36.668] [SEVERE ] removing player 2 token from slot 5
[22:26:36.668] [SEVERE ] removing player 2 token from slot 2
[22:26:36.684] [SEVERE ] player 2 placing token on slot 4
[22:26:36.684] [SEVERE ] player 2 placing token on slot 0
[22:26:36.684] [SEVERE ] player 2 placing token on slot 3
[22:26:37.619] [SEVERE ] updating countdown to 59090
[22:26:37.619] [SEVERE ] setting player 1 freeze to 0
[22:26:37.619] [SEVERE ] removing player 1 token from slot 2
[22:26:37.619] [SEVERE ] removing player 1 token from slot 3
[22:26:37.619] [SEVERE ] removing player 1 token from slot 4
[22:26:37.640] [SEVERE ] player 1 placing token on slot 4
[22:26:37.640] [SEVERE ] player 1 placing token on slot 5
[22:26:37.640] [SEVERE ] player 1 placing token on slot 1
[22:26:38.574] [SEVERE ] setting player 2 freeze to 0
[22:26:38.574] [SEVERE ] updating countdown to 58135
[22:26:38.574] [SEVERE ] removing player 2 token from slot 4
[22:26:38.574] [SEVERE ] removing player 2 token from slot 0
[22:26:38.574] [SEVERE ] removing player 2 token from slot 3
[22:26:38.589] [SEVERE ] player 2 placing token on slot 3
[22:26:38.589] [SEVERE ] player 2 placing token on slot 0
[22:26:38.590] [SEVERE ] player 2 placing token on slot 2
[22:26:39.533] [SEVERE ] updating countdown to 57176
[22:26:39.533] [SEVERE ] setting player 1 freeze to 0
[22:26:39.533] [SEVERE ] removing player 1 token from slot 4
[22:26:39.533] [SEVERE ] removing player 1 token from slot 5
[22:26:39.533] [SEVERE ] removing player 1 token from slot 1
[22:26:39.549] [SEVERE ] player 1 placing token on slot 4
[22:26:39.549] [SEVERE ] player 1 placing token on slot 5
[22:26:39.549] [SEVERE ] player 1 placing token on slot 0
[22:26:40.485] [SEVERE ] updating countdown to 56224
[22:26:40.485] [SEVERE ] setting player 2 freeze to 0
[22:26:40.485] [SEVERE ] removing player 2 token from slot 3
[22:26:40.485] [SEVERE ] removing player 2 token from slot 0
[22:26:40.485] [SEVERE ] removing player 2 token from slot 2
[22:26:40.501] [SEVERE ] player 2 placing token on slot 2
[22:26:40.501] [SEVERE ] player 2 placing token on slot 3
[22:26:40.501] [SEVERE ] player 2 placing token on slot 1
[22:26:41.439] [SEVERE ] updating countdown to 55270
[22:26:41.439] [SEVERE ] setting player 1 freeze to 0
[22:26:41.439] [SEVERE ] removing player 1 token from slot 4
[22:26:41.439] [SEVERE ] removing player 1 token from slot 5
[22:26:41.439] [SEVERE ] removing player 1 token from slot 0
[22:26:41.455] [SEVERE ] player 1 placing token on slot 4
[22:26:41.455] [SEVERE ] player 1 placing token on slot 0
[22:26:41.456] [SEVERE ] player 1 placing token on slot 2
[22:26:42.394] [SEVERE ] updating countdown to 54315
[22:26:42.394] [SEVERE ] setting player 2 freeze to 0
[22:26:42.394] [SEVERE ] removing player 2 token from slot 2
[22:26:42.394] [SEVERE ] removing player 2 token from slot 3
[22:26:42.394] [SEVERE ] removing player 2 token from slot 1
[22:26:42.410] [SEVERE ] player 2 placing token on slot 2
[22:26:42.410] [SEVERE ] player 2 placing token on slot 4
[22:26:42.410] [SEVERE ] player 2 placing token on slot 0
[22:26:43.353] [SEVERE ] updating countdown to 53356
[22:26:43.353] [SEVERE ] setting player 1 freeze to 0
[22:26:43.353] [SEVERE ] removing player 1 token from slot 4
[22:26:43.353] [SEVERE ] removing player 1 token from slot 0
[22:26:43.353] [SEVERE ] removing player 1 token from slot 2
[22:26:43.369] [SEVERE ] player 1 placing token on slot 4
[22:26:43.369] [SEVERE ] player 1 placing token on slot 0
[22:26:43.369] [SEVERE ] player 1 placing token on slot 5
[22:26:44.309] [SEVERE ] setting player 2 freeze to 0
[22:26:44.309] [SEVERE ] updating countdown to 52400
[22:26:44.309] [SEVERE ] removing player 2 token from slot 2
[22:26:44.309] [SEVERE ] removing player 2 token from slot 4
[22:26:44.309] [SEVERE ] removing player 2 token from slot 0
[22:26:44.326] [SEVERE ] player 2 placing token on slot 1
[22:26:44.326] [SEVERE ] player 2 placing token on slot 3
[22:26:44.326] [SEVERE ] player 2 placing token on slot 2
[22:26:45.268] [SEVERE ] updating countdown to 51441
[22:26:45.268] [SEVERE ] setting player 1 freeze to 0
[22:26:45.268] [SEVERE ] removing player 1 token from slot 4
[22:26:45.268] [SEVERE ] removing player 1 token from slot 0
[22:26:45.268] [SEVERE ] removing player 1 token from slot 5
[22:26:45.284] [SEVERE ] player 1 placing token on slot 5
[22:26:45.284] [SEVERE ] player 1 placing token on slot 2
[22:26:45.284] [SEVERE ] player 1 placing token on slot 3
[22:26:46.225] [SEVERE ] setting player 2 freeze to 0
[22:26:46.225] [SEVERE ] removing player 2 token from slot 1
[22:26:46.225] [SEVERE ] updating countdown to 50484
[22:26:46.225] [SEVERE ] removing player 2 token from slot 3
[22:26:46.225] [SEVERE ] removing player 2 token from slot 2
[22:26:46.241] [SEVERE ] player 2 placing token on slot 2
[22:26:46.241] [SEVERE ] player 2 placing token on slot 4
[22:26:46.241] [SEVERE ] player 2 placing token on slot 1
[22:26:47.180] [SEVERE ] updating countdown to 49529
[22:26:47.180] [SEVERE ] setting player 1 freeze to 0
[22:26:47.180] [SEVERE ] removing player 1 token from slot 5
[22:26:47.180] [SEVERE ] removing player 1 token from slot 2
[22:26:47.180] [SEVERE ] removing player 1 token from slot 3
[22:26:47.196] [SEVERE ] player 1 placing token on slot 0
[22:26:47.196] [SEVERE ] player 1 placing token on slot 4
[22:26:47.196] [SEVERE ] player 1 placing token on slot 2
[22:26:48.139] [SEVERE ] updating countdown to 48570
[22:26:48.139] [SEVERE ] setting player 2 freeze to 0
[22:26:48.140] [SEVERE ] removing player 2 token from slot 2
[22:26:48.140] [SEVERE ] removing player 2 token from slot 4
[22:26:48.140] [SEVERE ] removing player 2 token from slot 1
[22:26:48.155] [SEVERE ] player 2 placing token on slot 5
[22:26:48.155] [SEVERE ] player 2 placing token on slot 0
[22:26:48.155] [SEVERE ] player 2 placing token on slot 1
[22:26:49.097] [SEVERE ] updating countdown to 47612
[22:26:49.097] [SEVERE ] setting player 1 freeze to 0
[22:26:49.097] [SEVERE ] removing player 1 token from slot 0
[22:26:49.097] [SEVERE ] removing player 1 token from slot 4
[22:26:49.097] [SEVERE ] removing player 1 token from slot 2
[22:26:49.113] [SEVERE ] player 1 placing token on slot 3
[22:26:49.113] [SEVERE ] player 1 placing token on slot 1
[22:26:49.113] [SEVERE ] player 1 placing token on slot 2
[22:26:50.061] [SEVERE ] updating countdown to 46648
[22:26:50.061] [SEVERE ] setting player 2 freeze to 0
[22:26:50.061] [SEVERE ] removing player 2 token from slot 5
[22:26:50.061] [SEVERE ] removing player 2 token from slot 0
[22:26:50.061] [SEVERE ] removing player 2 token from slot 1
[22:26:50.077] [SEVERE ] player 2 placing token on slot 5
[22:26:50.077] [SEVERE ] player 2 placing token on slot 3
[22:26:50.077] [SEVERE ] player 2 placing token on slot 0
[22:26:51.022] [SEVERE ] updating countdown to 45687
[22:26:51.022] [SEVERE ] setting player 1 freeze to 0
[22:26:51.022] [SEVERE ] removing player 1 token from slot 3
[22:26:51.022] [SEVERE ] removing player 1 token from slot 1
[22:26:51.022] [SEVERE ] removing player 1 token from slot 2
[22:26:51.038] [SEVERE ] player 1 placing token on slot 1
[22:26:51.038] [SEVERE ] player 1 placing token on slot 4
[22:26:51.038] [SEVERE ] player 1 placing token on slot 5
[22:26:51.984] [SEVERE ] updating countdown to 44725
[22:26:51.984] [SEVERE ] setting player 2 freeze to 0
[22:26:51.984] [SEVERE ] removing player 2 token from slot 5
[22:26:51.984] [SEVERE ] removing player 2 token from slot 3
[22:26:51.984] [SEVERE ] removing player 2 token from slot 0
[22:26:51.999] [SEVERE ] player 2 placing token on slot 3
[22:26:51.999] [SEVERE ] player 2 placing token on slot 5
[22:26:51.999] [SEVERE ] player 2 placing token on slot 2
[22:26:52.939] [SEVERE ] updating countdown to 43770
[22:26:52.939] [SEVERE ] setting player 1 freeze to 0
[22:26:52.939] [SEVERE ] removing player 1 token from slot 1
[22:26:52.939] [SEVERE ] removing player 1 token from slot 4
[22:26:52.939] [SEVERE ] removing player 1 token from slot 5
[22:26:52.954] [SEVERE ] player 1 placing token on slot 1
[22:26:52.954] [SEVERE ] player 1 placing token on slot 3
[22:26:52.955] [SEVERE ] player 1 placing token on slot 4
[22:26:53.897] [SEVERE ] updating countdown to 42812
[22:26:53.897] [SEVERE ] setting player 2 freeze to 0
[22:26:53.897] [SEVERE ] removing player 2 token from slot 3
[22:26:53.897] [SEVERE ] removing player 2 token from slot 5
[22:26:53.897] [SEVERE ] removing player 2 token from slot 2
[22:26:53.913] [SEVERE ] player 2 placing token on slot 1
[22:26:53.913] [SEVERE ] player 2 placing token on slot 3
[22:26:53.913] [SEVERE ] player 2 placing token on slot 4
[22:26:54.850] [SEVERE ] updating countdown to 41859
[22:26:54.850] [SEVERE ] setting player 1 freeze to 0
[22:26:54.850] [SEVERE ] removing player 1 token from slot 1
[22:26:54.850] [SEVERE ] removing player 1 token from slot 3
[22:26:54.850] [SEVERE ] removing player 1 token from slot 4
[22:26:54.865] [SEVERE ] player 1 placing token on slot 4
[22:26:54.865] [SEVERE ] player 1 placing token on slot 3
[22:26:54.865] [SEVERE ] player 1 placing token on slot 1
[22:26:55.811] [SEVERE ] updating countdown to 40898
[22:26:55.811] [SEVERE ] setting player 2 freeze to 0
[22:26:55.811] [SEVERE ] removing player 2 token from slot 1
[22:26:55.811] [SEVERE ] removing player 2 token from slot 3
[22:26:55.811] [SEVERE ] removing player 2 token from slot 4
[22:26:55.827] [SEVERE ] player 2 placing token on slot 4
[22:26:55.827] [SEVERE ] player 2 placing token on slot 5
[22:26:55.827] [SEVERE ] player 2 placing token on slot 0
[22:26:56.775] [SEVERE ] updating countdown to 39934
[22:26:56.775] [SEVERE ] setting player 1 freeze to 0
[22:26:56.775] [SEVERE ] removing player 1 token from slot 4
[22:26:56.775] [SEVERE ] removing player 1 token from slot 3
[22:26:56.775] [SEVERE ] removing player 1 token from slot 1
[22:26:56.791] [SEVERE ] player 1 placing token on slot 4
[22:26:56.791] [SEVERE ] player 1 placing token on slot 5
[22:26:56.791] [SEVERE ] player 1 placing token on slot 2
[22:26:57.738] [SEVERE ] updating countdown to 38971
[22:26:57.738] [SEVERE ] setting player 2 freeze to 0
[22:26:57.738] [SEVERE ] removing player 2 token from slot 4
[22:26:57.738] [SEVERE ] removing player 2 token from slot 5
[22:26:57.738] [SEVERE ] removing player 2 token from slot 0
[22:26:57.753] [SEVERE ] player 2 placing token on slot 4
[22:26:57.753] [SEVERE ] player 2 placing token on slot 2
[22:26:57.753] [SEVERE ] player 2 placing token on slot 0
