[16:40:29.354] [INFO   ] thread main starting.
[16:40:29.361] [SEVERE ] cannot read configuration file config.properties trying from resources.
[16:40:29.364] [SEVERE ] configuration file was loaded from resources directory.
[16:40:29.773] [INFO   ] thread dealer starting.
[16:40:29.780] [INFO   ] Thread dealer starting.
[16:40:29.781] [INFO   ] Thread player0 starting.
[16:40:29.782] [INFO   ] Thread player1 starting.
[16:40:29.888] [SEVERE ] placing card 37 in slot 0
[16:40:29.988] [SEVERE ] placing card 23 in slot 1
[16:40:30.089] [SEVERE ] placing card 68 in slot 2
[16:40:30.189] [SEVERE ] placing card 1 in slot 3
[16:40:30.290] [SEVERE ] placing card 57 in slot 4
[16:40:30.390] [SEVERE ] placing card 71 in slot 5
[16:40:30.491] [SEVERE ] placing card 51 in slot 6
[16:40:30.591] [SEVERE ] placing card 36 in slot 7
[16:40:30.692] [SEVERE ] placing card 33 in slot 8
[16:40:30.792] [SEVERE ] placing card 31 in slot 9
[16:40:30.893] [SEVERE ] placing card 41 in slot 10
[16:40:30.994] [SEVERE ] placing card 21 in slot 11
[16:40:31.002] [SEVERE ] updating countdown to 60000
[16:40:32.003] [SEVERE ] updating countdown to 59999
[16:40:33.004] [SEVERE ] updating countdown to 58998
[16:40:34.005] [SEVERE ] updating countdown to 57997
[16:40:34.413] [SEVERE ] exit button pressed
[16:40:34.413] [INFO   ] Thread player1 terminated.
[16:40:34.414] [INFO   ] Thread player0 terminated.
[16:40:35.006] [SEVERE ] updating countdown to 56996
[16:40:35.107] [SEVERE ] removing card from slot 0
[16:40:35.108] [SEVERE ] removing player 1 token from slot 0
[16:40:35.109] [SEVERE ] removing player 2 token from slot 0
[16:40:35.209] [SEVERE ] removing card from slot 1
[16:40:35.210] [SEVERE ] removing player 1 token from slot 1
[16:40:35.211] [SEVERE ] removing player 2 token from slot 1
[16:40:35.312] [SEVERE ] removing card from slot 2
[16:40:35.312] [SEVERE ] removing player 1 token from slot 2
[16:40:35.313] [SEVERE ] removing player 2 token from slot 2
[16:40:35.414] [SEVERE ] removing card from slot 3
[16:40:35.414] [SEVERE ] removing player 1 token from slot 3
[16:40:35.415] [SEVERE ] removing player 2 token from slot 3
[16:40:35.516] [SEVERE ] removing card from slot 4
[16:40:35.516] [SEVERE ] removing player 1 token from slot 4
[16:40:35.517] [SEVERE ] removing player 2 token from slot 4
[16:40:35.618] [SEVERE ] removing card from slot 5
[16:40:35.619] [SEVERE ] removing player 1 token from slot 5
[16:40:35.619] [SEVERE ] removing player 2 token from slot 5
[16:40:35.720] [SEVERE ] removing card from slot 6
[16:40:35.721] [SEVERE ] removing player 1 token from slot 6
[16:40:35.722] [SEVERE ] removing player 2 token from slot 6
[16:40:35.823] [SEVERE ] removing card from slot 7
[16:40:35.823] [SEVERE ] removing player 1 token from slot 7
[16:40:35.824] [SEVERE ] removing player 2 token from slot 7
[16:40:35.925] [SEVERE ] removing card from slot 8
[16:40:35.926] [SEVERE ] removing player 1 token from slot 8
[16:40:35.927] [SEVERE ] removing player 2 token from slot 8
[16:40:36.027] [SEVERE ] removing card from slot 9
[16:40:36.028] [SEVERE ] removing player 1 token from slot 9
[16:40:36.029] [SEVERE ] removing player 2 token from slot 9
[16:40:36.130] [SEVERE ] removing card from slot 10
[16:40:36.131] [SEVERE ] removing player 1 token from slot 10
[16:40:36.132] [SEVERE ] removing player 2 token from slot 10
[16:40:36.232] [SEVERE ] removing card from slot 11
[16:40:36.233] [SEVERE ] removing player 1 token from slot 11
[16:40:36.233] [SEVERE ] removing player 2 token from slot 11
[16:40:36.334] [SEVERE ] placing card 31 in slot 0
[16:40:36.435] [SEVERE ] placing card 21 in slot 1
[16:40:36.536] [SEVERE ] placing card 56 in slot 2
[16:40:36.637] [SEVERE ] placing card 29 in slot 3
[16:40:36.738] [SEVERE ] placing card 51 in slot 4
[16:40:36.839] [SEVERE ] placing card 71 in slot 5
[16:40:36.939] [SEVERE ] placing card 33 in slot 6
[16:40:37.040] [SEVERE ] placing card 37 in slot 7
[16:40:37.141] [SEVERE ] placing card 36 in slot 8
[16:40:37.241] [SEVERE ] placing card 1 in slot 9
[16:40:37.341] [SEVERE ] placing card 57 in slot 10
[16:40:37.442] [SEVERE ] placing card 23 in slot 11
[16:40:37.442] [INFO   ] Thread dealer terminated.
[16:40:37.443] [INFO   ] thread dealer terminated.
[16:40:37.444] [SEVERE ] thanks for playing... it was fun!
[16:40:37.444] [INFO   ] thread main terminated.
