[16:29:06.720] [INFO   ] thread main starting.
[16:29:06.727] [SEVERE ] cannot read configuration file config.properties trying from resources.
[16:29:06.729] [SEVERE ] configuration file was loaded from resources directory.
[16:29:07.118] [INFO   ] thread dealer starting.
[16:29:07.118] [INFO   ] Thread dealer starting.
[16:29:07.119] [INFO   ] Thread player0 starting.
[16:29:07.119] [INFO   ] Thread player1 starting.
[16:29:07.229] [SEVERE ] placing card 56 in slot 0
[16:29:07.329] [SEVERE ] placing card 63 in slot 1
[16:29:07.430] [SEVERE ] placing card 67 in slot 2
[16:29:07.531] [SEVERE ] placing card 21 in slot 3
[16:29:07.631] [SEVERE ] placing card 66 in slot 4
[16:29:07.732] [SEVERE ] placing card 22 in slot 5
[16:29:07.832] [SEVERE ] placing card 37 in slot 6
[16:29:07.933] [SEVERE ] placing card 27 in slot 7
[16:29:08.033] [SEVERE ] placing card 80 in slot 8
[16:29:08.133] [SEVERE ] placing card 46 in slot 9
[16:29:08.234] [SEVERE ] placing card 38 in slot 10
[16:29:08.334] [SEVERE ] placing card 15 in slot 11
[16:29:08.348] [SEVERE ] updating countdown to 60000
[16:29:09.350] [SEVERE ] updating countdown to 59999
[16:29:10.351] [SEVERE ] updating countdown to 58998
[16:29:11.352] [SEVERE ] updating countdown to 57997
[16:29:11.809] [SEVERE ] key 87 was pressed by player 1
[16:29:11.810] [SEVERE ] player 1 placing token on slot 1
[16:29:12.312] [SEVERE ] key 87 was pressed by player 1
[16:29:12.312] [SEVERE ] removing player 1 token from slot 1
[16:29:12.352] [SEVERE ] updating countdown to 56997
[16:29:12.488] [SEVERE ] key 69 was pressed by player 1
[16:29:12.488] [SEVERE ] player 1 placing token on slot 2
[16:29:13.354] [SEVERE ] updating countdown to 55995
[16:29:14.354] [SEVERE ] updating countdown to 54995
[16:29:14.442] [SEVERE ] key 67 was pressed by player 1
[16:29:14.442] [SEVERE ] player 1 placing token on slot 10
[16:29:14.624] [SEVERE ] key 86 was pressed by player 1
[16:29:14.624] [SEVERE ] player 1 placing token on slot 11
[16:29:14.625] [SEVERE ] setting player 1 score to 1
[16:29:14.626] [SEVERE ] removing player 1 token from slot 2
[16:29:14.626] [SEVERE ] removing player 1 token from slot 10
[16:29:14.626] [SEVERE ] removing player 1 token from slot 11
[16:29:14.626] [SEVERE ] removing player 2 token from slot 2
[16:29:14.626] [SEVERE ] removing player 2 token from slot 10
[16:29:14.628] [SEVERE ] removing player 2 token from slot 11
[16:29:14.629] [SEVERE ] setting player 1 freeze to 1999
[16:29:14.639] [SEVERE ] setting player 1 freeze to 1989
[16:29:14.650] [SEVERE ] setting player 1 freeze to 1978
[16:29:14.661] [SEVERE ] setting player 1 freeze to 1967
[16:29:14.672] [SEVERE ] setting player 1 freeze to 1956
[16:29:14.682] [SEVERE ] setting player 1 freeze to 1946
[16:29:14.692] [SEVERE ] setting player 1 freeze to 1936
[16:29:14.703] [SEVERE ] setting player 1 freeze to 1925
[16:29:14.713] [SEVERE ] setting player 1 freeze to 1915
[16:29:14.724] [SEVERE ] setting player 1 freeze to 1904
[16:29:14.728] [SEVERE ] removing card from slot 2
[16:29:14.734] [SEVERE ] setting player 1 freeze to 1894
[16:29:14.744] [SEVERE ] setting player 1 freeze to 1884
[16:29:14.754] [SEVERE ] setting player 1 freeze to 1874
[16:29:14.765] [SEVERE ] setting player 1 freeze to 1863
[16:29:14.775] [SEVERE ] setting player 1 freeze to 1853
[16:29:14.786] [SEVERE ] setting player 1 freeze to 1842
[16:29:14.796] [SEVERE ] setting player 1 freeze to 1832
[16:29:14.806] [SEVERE ] setting player 1 freeze to 1822
[16:29:14.817] [SEVERE ] setting player 1 freeze to 1811
[16:29:14.827] [SEVERE ] setting player 1 freeze to 1801
[16:29:14.828] [SEVERE ] removing card from slot 10
[16:29:14.837] [SEVERE ] setting player 1 freeze to 1791
[16:29:14.847] [SEVERE ] setting player 1 freeze to 1781
[16:29:14.858] [SEVERE ] setting player 1 freeze to 1771
[16:29:14.868] [SEVERE ] setting player 1 freeze to 1760
[16:29:14.878] [SEVERE ] setting player 1 freeze to 1750
[16:29:14.888] [SEVERE ] setting player 1 freeze to 1740
[16:29:14.898] [SEVERE ] setting player 1 freeze to 1730
[16:29:14.909] [SEVERE ] setting player 1 freeze to 1719
[16:29:14.919] [SEVERE ] setting player 1 freeze to 1709
[16:29:14.928] [SEVERE ] removing card from slot 11
[16:29:14.929] [SEVERE ] setting player 1 freeze to 1699
[16:29:14.939] [SEVERE ] setting player 1 freeze to 1689
[16:29:14.949] [SEVERE ] setting player 1 freeze to 1679
[16:29:14.960] [SEVERE ] setting player 1 freeze to 1668
[16:29:14.970] [SEVERE ] setting player 1 freeze to 1658
[16:29:14.980] [SEVERE ] setting player 1 freeze to 1648
[16:29:14.990] [SEVERE ] setting player 1 freeze to 1638
[16:29:15.000] [SEVERE ] setting player 1 freeze to 1628
[16:29:15.011] [SEVERE ] setting player 1 freeze to 1617
[16:29:15.021] [SEVERE ] setting player 1 freeze to 1607
[16:29:15.029] [SEVERE ] placing card 32 in slot 2
[16:29:15.031] [SEVERE ] setting player 1 freeze to 1597
[16:29:15.041] [SEVERE ] setting player 1 freeze to 1587
[16:29:15.052] [SEVERE ] setting player 1 freeze to 1576
[16:29:15.062] [SEVERE ] setting player 1 freeze to 1566
[16:29:15.072] [SEVERE ] setting player 1 freeze to 1556
[16:29:15.082] [SEVERE ] setting player 1 freeze to 1546
[16:29:15.092] [SEVERE ] setting player 1 freeze to 1536
[16:29:15.103] [SEVERE ] setting player 1 freeze to 1525
[16:29:15.113] [SEVERE ] setting player 1 freeze to 1515
[16:29:15.123] [SEVERE ] setting player 1 freeze to 1505
[16:29:15.130] [SEVERE ] placing card 49 in slot 10
[16:29:15.133] [SEVERE ] setting player 1 freeze to 1495
[16:29:15.143] [SEVERE ] setting player 1 freeze to 1485
[16:29:15.154] [SEVERE ] setting player 1 freeze to 1474
[16:29:15.164] [SEVERE ] setting player 1 freeze to 1464
[16:29:15.174] [SEVERE ] setting player 1 freeze to 1454
[16:29:15.184] [SEVERE ] setting player 1 freeze to 1444
[16:29:15.195] [SEVERE ] setting player 1 freeze to 1434
[16:29:15.205] [SEVERE ] setting player 1 freeze to 1423
[16:29:15.215] [SEVERE ] setting player 1 freeze to 1413
[16:29:15.225] [SEVERE ] setting player 1 freeze to 1403
[16:29:15.230] [SEVERE ] placing card 24 in slot 11
[16:29:15.232] [SEVERE ] updating countdown to 60000
[16:29:15.235] [SEVERE ] setting player 1 freeze to 1393
[16:29:15.246] [SEVERE ] setting player 1 freeze to 1382
[16:29:15.256] [SEVERE ] setting player 1 freeze to 1372
[16:29:15.267] [SEVERE ] setting player 1 freeze to 1361
[16:29:15.277] [SEVERE ] setting player 1 freeze to 1351
[16:29:15.288] [SEVERE ] setting player 1 freeze to 1340
[16:29:15.298] [SEVERE ] setting player 1 freeze to 1330
[16:29:15.308] [SEVERE ] setting player 1 freeze to 1320
[16:29:15.318] [SEVERE ] setting player 1 freeze to 1310
[16:29:15.328] [SEVERE ] setting player 1 freeze to 1300
[16:29:15.339] [SEVERE ] setting player 1 freeze to 1289
[16:29:15.349] [SEVERE ] setting player 1 freeze to 1279
[16:29:15.359] [SEVERE ] setting player 1 freeze to 1269
[16:29:15.369] [SEVERE ] setting player 1 freeze to 1259
[16:29:15.380] [SEVERE ] setting player 1 freeze to 1248
[16:29:15.390] [SEVERE ] setting player 1 freeze to 1238
[16:29:15.400] [SEVERE ] setting player 1 freeze to 1228
[16:29:15.410] [SEVERE ] setting player 1 freeze to 1218
[16:29:15.420] [SEVERE ] setting player 1 freeze to 1208
[16:29:15.430] [SEVERE ] setting player 1 freeze to 1198
[16:29:15.441] [SEVERE ] setting player 1 freeze to 1187
[16:29:15.451] [SEVERE ] setting player 1 freeze to 1177
[16:29:15.461] [SEVERE ] setting player 1 freeze to 1167
[16:29:15.471] [SEVERE ] setting player 1 freeze to 1157
[16:29:15.481] [SEVERE ] setting player 1 freeze to 1147
[16:29:15.492] [SEVERE ] setting player 1 freeze to 1136
[16:29:15.502] [SEVERE ] setting player 1 freeze to 1126
[16:29:15.512] [SEVERE ] setting player 1 freeze to 1116
[16:29:15.522] [SEVERE ] setting player 1 freeze to 1106
[16:29:15.532] [SEVERE ] setting player 1 freeze to 1096
[16:29:15.542] [SEVERE ] setting player 1 freeze to 1086
[16:29:15.553] [SEVERE ] setting player 1 freeze to 1075
[16:29:15.563] [SEVERE ] setting player 1 freeze to 1065
[16:29:15.573] [SEVERE ] setting player 1 freeze to 1055
[16:29:15.583] [SEVERE ] setting player 1 freeze to 1045
[16:29:15.593] [SEVERE ] setting player 1 freeze to 1035
[16:29:15.603] [SEVERE ] setting player 1 freeze to 1025
[16:29:15.614] [SEVERE ] setting player 1 freeze to 1014
[16:29:15.624] [SEVERE ] setting player 1 freeze to 1004
[16:29:15.634] [SEVERE ] setting player 1 freeze to 994
[16:29:15.644] [SEVERE ] setting player 1 freeze to 984
[16:29:15.655] [SEVERE ] setting player 1 freeze to 973
[16:29:15.665] [SEVERE ] setting player 1 freeze to 963
[16:29:15.675] [SEVERE ] setting player 1 freeze to 953
[16:29:15.685] [SEVERE ] setting player 1 freeze to 943
[16:29:15.695] [SEVERE ] setting player 1 freeze to 933
[16:29:15.706] [SEVERE ] setting player 1 freeze to 922
[16:29:15.716] [SEVERE ] setting player 1 freeze to 912
[16:29:15.726] [SEVERE ] setting player 1 freeze to 902
[16:29:15.736] [SEVERE ] setting player 1 freeze to 892
[16:29:15.746] [SEVERE ] setting player 1 freeze to 882
[16:29:15.756] [SEVERE ] setting player 1 freeze to 872
[16:29:15.767] [SEVERE ] setting player 1 freeze to 861
[16:29:15.777] [SEVERE ] setting player 1 freeze to 851
[16:29:15.787] [SEVERE ] setting player 1 freeze to 841
[16:29:15.797] [SEVERE ] setting player 1 freeze to 831
[16:29:15.808] [SEVERE ] setting player 1 freeze to 820
[16:29:15.818] [SEVERE ] setting player 1 freeze to 810
[16:29:15.828] [SEVERE ] setting player 1 freeze to 800
[16:29:15.839] [SEVERE ] setting player 1 freeze to 789
[16:29:15.849] [SEVERE ] setting player 1 freeze to 779
[16:29:15.859] [SEVERE ] setting player 1 freeze to 769
[16:29:15.869] [SEVERE ] setting player 1 freeze to 759
[16:29:15.879] [SEVERE ] setting player 1 freeze to 749
[16:29:15.890] [SEVERE ] setting player 1 freeze to 738
[16:29:15.900] [SEVERE ] setting player 1 freeze to 728
[16:29:15.910] [SEVERE ] setting player 1 freeze to 718
[16:29:15.920] [SEVERE ] setting player 1 freeze to 708
[16:29:15.930] [SEVERE ] setting player 1 freeze to 698
[16:29:15.941] [SEVERE ] setting player 1 freeze to 687
[16:29:15.951] [SEVERE ] setting player 1 freeze to 677
[16:29:15.961] [SEVERE ] setting player 1 freeze to 667
[16:29:15.971] [SEVERE ] setting player 1 freeze to 657
[16:29:15.981] [SEVERE ] setting player 1 freeze to 647
[16:29:15.991] [SEVERE ] setting player 1 freeze to 637
[16:29:16.002] [SEVERE ] setting player 1 freeze to 626
[16:29:16.012] [SEVERE ] setting player 1 freeze to 616
[16:29:16.022] [SEVERE ] setting player 1 freeze to 606
[16:29:16.032] [SEVERE ] setting player 1 freeze to 596
[16:29:16.042] [SEVERE ] setting player 1 freeze to 586
[16:29:16.052] [SEVERE ] setting player 1 freeze to 576
[16:29:16.063] [SEVERE ] setting player 1 freeze to 565
[16:29:16.073] [SEVERE ] setting player 1 freeze to 555
[16:29:16.083] [SEVERE ] setting player 1 freeze to 545
[16:29:16.093] [SEVERE ] setting player 1 freeze to 535
[16:29:16.103] [SEVERE ] setting player 1 freeze to 525
[16:29:16.114] [SEVERE ] setting player 1 freeze to 514
[16:29:16.124] [SEVERE ] setting player 1 freeze to 504
[16:29:16.134] [SEVERE ] setting player 1 freeze to 494
[16:29:16.144] [SEVERE ] setting player 1 freeze to 484
[16:29:16.154] [SEVERE ] setting player 1 freeze to 474
[16:29:16.165] [SEVERE ] setting player 1 freeze to 463
[16:29:16.175] [SEVERE ] setting player 1 freeze to 453
[16:29:16.185] [SEVERE ] setting player 1 freeze to 443
[16:29:16.196] [SEVERE ] setting player 1 freeze to 433
[16:29:16.206] [SEVERE ] setting player 1 freeze to 422
[16:29:16.216] [SEVERE ] setting player 1 freeze to 412
[16:29:16.226] [SEVERE ] setting player 1 freeze to 402
[16:29:16.232] [SEVERE ] updating countdown to 59999
[16:29:16.237] [SEVERE ] setting player 1 freeze to 391
[16:29:16.247] [SEVERE ] setting player 1 freeze to 381
[16:29:16.257] [SEVERE ] setting player 1 freeze to 371
[16:29:16.267] [SEVERE ] setting player 1 freeze to 361
[16:29:16.278] [SEVERE ] setting player 1 freeze to 350
[16:29:16.288] [SEVERE ] setting player 1 freeze to 340
[16:29:16.298] [SEVERE ] setting player 1 freeze to 330
[16:29:16.308] [SEVERE ] setting player 1 freeze to 320
[16:29:16.318] [SEVERE ] setting player 1 freeze to 310
[16:29:16.328] [SEVERE ] setting player 1 freeze to 300
[16:29:16.339] [SEVERE ] setting player 1 freeze to 289
[16:29:16.349] [SEVERE ] setting player 1 freeze to 279
[16:29:16.359] [SEVERE ] setting player 1 freeze to 269
[16:29:16.369] [SEVERE ] setting player 1 freeze to 259
[16:29:16.379] [SEVERE ] setting player 1 freeze to 249
[16:29:16.389] [SEVERE ] setting player 1 freeze to 239
[16:29:16.400] [SEVERE ] setting player 1 freeze to 228
[16:29:16.410] [SEVERE ] setting player 1 freeze to 218
[16:29:16.420] [SEVERE ] setting player 1 freeze to 208
[16:29:16.430] [SEVERE ] setting player 1 freeze to 198
[16:29:16.440] [SEVERE ] setting player 1 freeze to 188
[16:29:16.450] [SEVERE ] setting player 1 freeze to 178
[16:29:16.461] [SEVERE ] setting player 1 freeze to 167
[16:29:16.471] [SEVERE ] setting player 1 freeze to 157
[16:29:16.481] [SEVERE ] setting player 1 freeze to 147
[16:29:16.491] [SEVERE ] setting player 1 freeze to 137
[16:29:16.501] [SEVERE ] setting player 1 freeze to 127
[16:29:16.512] [SEVERE ] setting player 1 freeze to 117
[16:29:16.522] [SEVERE ] setting player 1 freeze to 106
[16:29:16.532] [SEVERE ] setting player 1 freeze to 96
[16:29:16.542] [SEVERE ] setting player 1 freeze to 86
[16:29:16.552] [SEVERE ] setting player 1 freeze to 76
[16:29:16.562] [SEVERE ] setting player 1 freeze to 66
[16:29:16.573] [SEVERE ] setting player 1 freeze to 55
[16:29:16.583] [SEVERE ] setting player 1 freeze to 45
[16:29:16.593] [SEVERE ] setting player 1 freeze to 35
[16:29:16.603] [SEVERE ] setting player 1 freeze to 25
[16:29:16.613] [SEVERE ] setting player 1 freeze to 15
[16:29:16.623] [SEVERE ] setting player 1 freeze to 5
[16:29:16.634] [SEVERE ] setting player 1 freeze to -6
[16:29:17.233] [SEVERE ] updating countdown to 58998
[16:29:18.233] [SEVERE ] updating countdown to 57998
[16:29:19.234] [SEVERE ] updating countdown to 56997
[16:29:20.234] [SEVERE ] updating countdown to 55997
[16:29:21.234] [SEVERE ] updating countdown to 54997
[16:29:22.234] [SEVERE ] updating countdown to 53997
[16:29:23.234] [SEVERE ] updating countdown to 52997
[16:29:24.234] [SEVERE ] updating countdown to 51997
[16:29:25.234] [SEVERE ] updating countdown to 50997
[16:29:25.880] [SEVERE ] key 69 was pressed by player 1
[16:29:25.880] [SEVERE ] player 1 placing token on slot 2
[16:29:26.234] [SEVERE ] updating countdown to 49997
[16:29:27.234] [SEVERE ] updating countdown to 48997
[16:29:27.498] [SEVERE ] key 65 was pressed by player 1
[16:29:27.498] [SEVERE ] player 1 placing token on slot 4
[16:29:27.632] [SEVERE ] key 83 was pressed by player 1
[16:29:27.632] [SEVERE ] player 1 placing token on slot 5
[16:29:27.633] [SEVERE ] setting player 1 score to 2
[16:29:27.633] [SEVERE ] removing player 1 token from slot 2
[16:29:27.633] [SEVERE ] setting player 1 freeze to 1999
[16:29:27.634] [SEVERE ] removing player 1 token from slot 4
[16:29:27.635] [SEVERE ] removing player 1 token from slot 5
[16:29:27.635] [SEVERE ] removing player 2 token from slot 2
[16:29:27.635] [SEVERE ] removing player 2 token from slot 4
[16:29:27.635] [SEVERE ] removing player 2 token from slot 5
[16:29:27.644] [SEVERE ] setting player 1 freeze to 1988
[16:29:27.655] [SEVERE ] setting player 1 freeze to 1977
[16:29:27.666] [SEVERE ] setting player 1 freeze to 1966
[16:29:27.676] [SEVERE ] setting player 1 freeze to 1956
[16:29:27.687] [SEVERE ] setting player 1 freeze to 1945
[16:29:27.697] [SEVERE ] setting player 1 freeze to 1935
[16:29:27.707] [SEVERE ] setting player 1 freeze to 1925
[16:29:27.718] [SEVERE ] setting player 1 freeze to 1914
[16:29:27.728] [SEVERE ] setting player 1 freeze to 1904
[16:29:27.735] [SEVERE ] removing card from slot 2
[16:29:27.738] [SEVERE ] setting player 1 freeze to 1894
[16:29:27.748] [SEVERE ] setting player 1 freeze to 1884
[16:29:27.758] [SEVERE ] setting player 1 freeze to 1874
[16:29:27.771] [SEVERE ] setting player 1 freeze to 1861
[16:29:27.781] [SEVERE ] setting player 1 freeze to 1851
[16:29:27.791] [SEVERE ] setting player 1 freeze to 1841
[16:29:27.801] [SEVERE ] setting player 1 freeze to 1831
[16:29:27.811] [SEVERE ] setting player 1 freeze to 1821
[16:29:27.821] [SEVERE ] setting player 1 freeze to 1811
[16:29:27.832] [SEVERE ] setting player 1 freeze to 1800
[16:29:27.835] [SEVERE ] removing card from slot 4
[16:29:27.842] [SEVERE ] setting player 1 freeze to 1790
[16:29:27.852] [SEVERE ] setting player 1 freeze to 1780
[16:29:27.862] [SEVERE ] setting player 1 freeze to 1770
[16:29:27.873] [SEVERE ] setting player 1 freeze to 1759
[16:29:27.883] [SEVERE ] setting player 1 freeze to 1749
[16:29:27.893] [SEVERE ] setting player 1 freeze to 1739
[16:29:27.903] [SEVERE ] setting player 1 freeze to 1729
[16:29:27.913] [SEVERE ] setting player 1 freeze to 1719
[16:29:27.923] [SEVERE ] setting player 1 freeze to 1709
[16:29:27.933] [SEVERE ] setting player 1 freeze to 1699
[16:29:27.936] [SEVERE ] removing card from slot 5
[16:29:27.944] [SEVERE ] setting player 1 freeze to 1688
[16:29:27.954] [SEVERE ] setting player 1 freeze to 1678
[16:29:27.964] [SEVERE ] setting player 1 freeze to 1668
[16:29:27.974] [SEVERE ] setting player 1 freeze to 1658
[16:29:27.984] [SEVERE ] setting player 1 freeze to 1648
[16:29:27.994] [SEVERE ] setting player 1 freeze to 1638
[16:29:28.005] [SEVERE ] setting player 1 freeze to 1627
[16:29:28.015] [SEVERE ] setting player 1 freeze to 1617
[16:29:28.025] [SEVERE ] setting player 1 freeze to 1607
[16:29:28.035] [SEVERE ] setting player 1 freeze to 1597
[16:29:28.036] [SEVERE ] placing card 68 in slot 2
[16:29:28.037] [SEVERE ] updating countdown to 60000
[16:29:28.045] [SEVERE ] setting player 1 freeze to 1587
[16:29:28.056] [SEVERE ] setting player 1 freeze to 1576
[16:29:28.066] [SEVERE ] setting player 1 freeze to 1566
[16:29:28.077] [SEVERE ] setting player 1 freeze to 1555
[16:29:28.087] [SEVERE ] setting player 1 freeze to 1545
[16:29:28.097] [SEVERE ] setting player 1 freeze to 1535
[16:29:28.107] [SEVERE ] setting player 1 freeze to 1525
[16:29:28.117] [SEVERE ] setting player 1 freeze to 1515
[16:29:28.128] [SEVERE ] setting player 1 freeze to 1504
[16:29:28.138] [SEVERE ] setting player 1 freeze to 1494
[16:29:28.148] [SEVERE ] setting player 1 freeze to 1484
[16:29:28.158] [SEVERE ] setting player 1 freeze to 1474
[16:29:28.168] [SEVERE ] setting player 1 freeze to 1464
[16:29:28.178] [SEVERE ] setting player 1 freeze to 1454
[16:29:28.189] [SEVERE ] setting player 1 freeze to 1443
[16:29:28.199] [SEVERE ] setting player 1 freeze to 1433
[16:29:28.209] [SEVERE ] setting player 1 freeze to 1423
[16:29:28.219] [SEVERE ] setting player 1 freeze to 1413
[16:29:28.229] [SEVERE ] setting player 1 freeze to 1403
[16:29:28.239] [SEVERE ] setting player 1 freeze to 1393
[16:29:28.249] [SEVERE ] setting player 1 freeze to 1383
[16:29:28.260] [SEVERE ] setting player 1 freeze to 1372
[16:29:28.270] [SEVERE ] setting player 1 freeze to 1362
[16:29:28.280] [SEVERE ] setting player 1 freeze to 1352
[16:29:28.290] [SEVERE ] setting player 1 freeze to 1342
[16:29:28.300] [SEVERE ] setting player 1 freeze to 1332
[16:29:28.310] [SEVERE ] setting player 1 freeze to 1322
[16:29:28.320] [SEVERE ] setting player 1 freeze to 1312
[16:29:28.331] [SEVERE ] setting player 1 freeze to 1301
[16:29:28.341] [SEVERE ] setting player 1 freeze to 1291
[16:29:28.351] [SEVERE ] setting player 1 freeze to 1281
[16:29:28.361] [SEVERE ] setting player 1 freeze to 1271
[16:29:28.371] [SEVERE ] setting player 1 freeze to 1261
[16:29:28.381] [SEVERE ] setting player 1 freeze to 1251
[16:29:28.392] [SEVERE ] setting player 1 freeze to 1240
[16:29:28.402] [SEVERE ] setting player 1 freeze to 1230
[16:29:28.412] [SEVERE ] setting player 1 freeze to 1220
[16:29:28.422] [SEVERE ] setting player 1 freeze to 1210
[16:29:28.432] [SEVERE ] setting player 1 freeze to 1200
[16:29:28.442] [SEVERE ] setting player 1 freeze to 1190
[16:29:28.453] [SEVERE ] setting player 1 freeze to 1179
[16:29:28.463] [SEVERE ] setting player 1 freeze to 1169
[16:29:28.473] [SEVERE ] setting player 1 freeze to 1159
[16:29:28.483] [SEVERE ] setting player 1 freeze to 1149
[16:29:28.493] [SEVERE ] setting player 1 freeze to 1139
[16:29:28.503] [SEVERE ] setting player 1 freeze to 1129
[16:29:28.513] [SEVERE ] setting player 1 freeze to 1119
[16:29:28.524] [SEVERE ] setting player 1 freeze to 1108
[16:29:28.534] [SEVERE ] setting player 1 freeze to 1098
[16:29:28.544] [SEVERE ] setting player 1 freeze to 1088
[16:29:28.554] [SEVERE ] setting player 1 freeze to 1078
[16:29:28.564] [SEVERE ] setting player 1 freeze to 1068
[16:29:28.574] [SEVERE ] setting player 1 freeze to 1058
[16:29:28.584] [SEVERE ] setting player 1 freeze to 1048
[16:29:28.595] [SEVERE ] setting player 1 freeze to 1037
[16:29:28.605] [SEVERE ] setting player 1 freeze to 1027
[16:29:28.615] [SEVERE ] setting player 1 freeze to 1017
[16:29:28.625] [SEVERE ] setting player 1 freeze to 1007
[16:29:28.635] [SEVERE ] setting player 1 freeze to 997
[16:29:28.645] [SEVERE ] setting player 1 freeze to 987
[16:29:28.656] [SEVERE ] setting player 1 freeze to 976
[16:29:28.666] [SEVERE ] setting player 1 freeze to 966
[16:29:28.676] [SEVERE ] setting player 1 freeze to 956
[16:29:28.686] [SEVERE ] setting player 1 freeze to 946
[16:29:28.696] [SEVERE ] setting player 1 freeze to 936
[16:29:28.706] [SEVERE ] setting player 1 freeze to 926
[16:29:28.716] [SEVERE ] setting player 1 freeze to 916
[16:29:28.727] [SEVERE ] setting player 1 freeze to 905
[16:29:28.737] [SEVERE ] setting player 1 freeze to 895
[16:29:28.747] [SEVERE ] setting player 1 freeze to 885
[16:29:28.757] [SEVERE ] setting player 1 freeze to 875
[16:29:28.768] [SEVERE ] setting player 1 freeze to 864
[16:29:28.778] [SEVERE ] setting player 1 freeze to 854
[16:29:28.788] [SEVERE ] setting player 1 freeze to 844
[16:29:28.798] [SEVERE ] setting player 1 freeze to 834
[16:29:28.808] [SEVERE ] setting player 1 freeze to 824
[16:29:28.818] [SEVERE ] setting player 1 freeze to 814
[16:29:28.829] [SEVERE ] setting player 1 freeze to 803
[16:29:28.839] [SEVERE ] setting player 1 freeze to 793
[16:29:28.849] [SEVERE ] setting player 1 freeze to 783
[16:29:28.859] [SEVERE ] setting player 1 freeze to 773
[16:29:28.869] [SEVERE ] setting player 1 freeze to 763
[16:29:28.879] [SEVERE ] setting player 1 freeze to 753
[16:29:28.890] [SEVERE ] setting player 1 freeze to 742
[16:29:28.900] [SEVERE ] setting player 1 freeze to 732
[16:29:28.910] [SEVERE ] setting player 1 freeze to 722
[16:29:28.921] [SEVERE ] setting player 1 freeze to 711
[16:29:28.931] [SEVERE ] setting player 1 freeze to 701
[16:29:28.941] [SEVERE ] setting player 1 freeze to 691
[16:29:28.951] [SEVERE ] setting player 1 freeze to 681
[16:29:28.961] [SEVERE ] setting player 1 freeze to 671
[16:29:28.971] [SEVERE ] setting player 1 freeze to 661
[16:29:28.981] [SEVERE ] setting player 1 freeze to 651
[16:29:28.992] [SEVERE ] setting player 1 freeze to 640
[16:29:29.002] [SEVERE ] setting player 1 freeze to 630
[16:29:29.012] [SEVERE ] setting player 1 freeze to 620
[16:29:29.022] [SEVERE ] setting player 1 freeze to 610
[16:29:29.032] [SEVERE ] setting player 1 freeze to 600
[16:29:29.038] [SEVERE ] updating countdown to 59999
[16:29:29.042] [SEVERE ] setting player 1 freeze to 590
[16:29:29.052] [SEVERE ] setting player 1 freeze to 580
[16:29:29.062] [SEVERE ] setting player 1 freeze to 570
[16:29:29.073] [SEVERE ] setting player 1 freeze to 559
[16:29:29.083] [SEVERE ] setting player 1 freeze to 549
[16:29:29.093] [SEVERE ] setting player 1 freeze to 539
[16:29:29.103] [SEVERE ] setting player 1 freeze to 529
[16:29:29.113] [SEVERE ] setting player 1 freeze to 519
[16:29:29.123] [SEVERE ] setting player 1 freeze to 509
[16:29:29.133] [SEVERE ] setting player 1 freeze to 499
[16:29:29.144] [SEVERE ] setting player 1 freeze to 488
[16:29:29.154] [SEVERE ] setting player 1 freeze to 478
[16:29:29.164] [SEVERE ] setting player 1 freeze to 468
[16:29:29.174] [SEVERE ] setting player 1 freeze to 458
[16:29:29.184] [SEVERE ] setting player 1 freeze to 448
[16:29:29.194] [SEVERE ] setting player 1 freeze to 438
[16:29:29.204] [SEVERE ] setting player 1 freeze to 428
[16:29:29.215] [SEVERE ] setting player 1 freeze to 417
[16:29:29.225] [SEVERE ] setting player 1 freeze to 407
[16:29:29.235] [SEVERE ] setting player 1 freeze to 397
[16:29:29.245] [SEVERE ] setting player 1 freeze to 387
[16:29:29.255] [SEVERE ] setting player 1 freeze to 377
[16:29:29.265] [SEVERE ] setting player 1 freeze to 367
[16:29:29.275] [SEVERE ] setting player 1 freeze to 357
[16:29:29.286] [SEVERE ] setting player 1 freeze to 346
[16:29:29.296] [SEVERE ] setting player 1 freeze to 336
[16:29:29.306] [SEVERE ] setting player 1 freeze to 326
[16:29:29.316] [SEVERE ] setting player 1 freeze to 316
[16:29:29.326] [SEVERE ] setting player 1 freeze to 306
[16:29:29.336] [SEVERE ] setting player 1 freeze to 296
[16:29:29.346] [SEVERE ] setting player 1 freeze to 286
[16:29:29.357] [SEVERE ] setting player 1 freeze to 275
[16:29:29.367] [SEVERE ] setting player 1 freeze to 265
[16:29:29.377] [SEVERE ] setting player 1 freeze to 255
[16:29:29.387] [SEVERE ] setting player 1 freeze to 245
[16:29:29.397] [SEVERE ] setting player 1 freeze to 235
[16:29:29.407] [SEVERE ] setting player 1 freeze to 225
[16:29:29.417] [SEVERE ] setting player 1 freeze to 215
[16:29:29.428] [SEVERE ] setting player 1 freeze to 204
[16:29:29.438] [SEVERE ] setting player 1 freeze to 194
[16:29:29.448] [SEVERE ] setting player 1 freeze to 184
[16:29:29.458] [SEVERE ] setting player 1 freeze to 174
[16:29:29.468] [SEVERE ] setting player 1 freeze to 164
[16:29:29.479] [SEVERE ] setting player 1 freeze to 153
[16:29:29.489] [SEVERE ] setting player 1 freeze to 143
[16:29:29.499] [SEVERE ] setting player 1 freeze to 133
[16:29:29.509] [SEVERE ] setting player 1 freeze to 123
[16:29:29.519] [SEVERE ] setting player 1 freeze to 113
[16:29:29.530] [SEVERE ] setting player 1 freeze to 102
[16:29:29.540] [SEVERE ] setting player 1 freeze to 92
[16:29:29.550] [SEVERE ] setting player 1 freeze to 82
[16:29:29.560] [SEVERE ] setting player 1 freeze to 72
[16:29:29.570] [SEVERE ] setting player 1 freeze to 62
[16:29:29.580] [SEVERE ] setting player 1 freeze to 52
[16:29:29.590] [SEVERE ] setting player 1 freeze to 42
[16:29:29.601] [SEVERE ] setting player 1 freeze to 31
[16:29:29.611] [SEVERE ] setting player 1 freeze to 21
[16:29:29.621] [SEVERE ] setting player 1 freeze to 11
[16:29:29.631] [SEVERE ] setting player 1 freeze to 1
[16:29:29.641] [SEVERE ] setting player 1 freeze to -9
[16:29:30.038] [SEVERE ] updating countdown to 58999
[16:29:31.039] [SEVERE ] updating countdown to 57998
[16:29:31.496] [SEVERE ] key 81 was pressed by player 1
[16:29:31.496] [SEVERE ] player 1 placing token on slot 0
[16:29:32.039] [SEVERE ] updating countdown to 56998
[16:29:32.552] [SEVERE ] key 69 was pressed by player 1
[16:29:32.552] [SEVERE ] player 1 placing token on slot 2
[16:29:33.040] [SEVERE ] updating countdown to 55997
[16:29:34.040] [SEVERE ] updating countdown to 54997
[16:29:35.040] [SEVERE ] updating countdown to 53997
[16:29:35.904] [SEVERE ] key 85 was pressed by player 2
[16:29:35.904] [SEVERE ] player 2 placing token on slot 0
[16:29:36.041] [SEVERE ] updating countdown to 52996
[16:29:37.041] [SEVERE ] updating countdown to 51996
[16:29:37.480] [SEVERE ] key 79 was pressed by player 2
[16:29:37.480] [SEVERE ] player 2 placing token on slot 2
[16:29:38.042] [SEVERE ] updating countdown to 50995
[16:29:39.042] [SEVERE ] updating countdown to 49995
[16:29:39.416] [SEVERE ] key 90 was pressed by player 1
[16:29:39.416] [SEVERE ] player 1 placing token on slot 8
[16:29:39.417] [SEVERE ] setting player 1 score to 3
[16:29:39.417] [SEVERE ] removing player 1 token from slot 0
[16:29:39.417] [SEVERE ] removing player 1 token from slot 2
[16:29:39.418] [SEVERE ] removing player 1 token from slot 8
[16:29:39.418] [SEVERE ] removing player 2 token from slot 0
[16:29:39.418] [SEVERE ] removing player 2 token from slot 2
[16:29:39.418] [SEVERE ] removing player 2 token from slot 8
[16:29:39.417] [SEVERE ] setting player 1 freeze to 1999
[16:29:39.429] [SEVERE ] setting player 1 freeze to 1987
[16:29:39.432] [SEVERE ] key 77 was pressed by player 2
[16:29:39.439] [SEVERE ] setting player 1 freeze to 1977
[16:29:39.449] [SEVERE ] setting player 1 freeze to 1967
[16:29:39.460] [SEVERE ] setting player 1 freeze to 1956
[16:29:39.470] [SEVERE ] setting player 1 freeze to 1946
[16:29:39.480] [SEVERE ] setting player 1 freeze to 1936
[16:29:39.490] [SEVERE ] setting player 1 freeze to 1926
[16:29:39.502] [SEVERE ] setting player 1 freeze to 1914
[16:29:39.512] [SEVERE ] setting player 1 freeze to 1904
[16:29:39.518] [SEVERE ] removing card from slot 0
[16:29:39.522] [SEVERE ] setting player 1 freeze to 1894
[16:29:39.532] [SEVERE ] setting player 1 freeze to 1884
[16:29:39.543] [SEVERE ] setting player 1 freeze to 1873
[16:29:39.553] [SEVERE ] setting player 1 freeze to 1863
[16:29:39.563] [SEVERE ] setting player 1 freeze to 1853
[16:29:39.573] [SEVERE ] setting player 1 freeze to 1843
[16:29:39.583] [SEVERE ] setting player 1 freeze to 1833
[16:29:39.593] [SEVERE ] setting player 1 freeze to 1823
[16:29:39.603] [SEVERE ] setting player 1 freeze to 1813
[16:29:39.613] [SEVERE ] setting player 1 freeze to 1803
[16:29:39.618] [SEVERE ] removing card from slot 2
[16:29:39.624] [SEVERE ] setting player 1 freeze to 1792
[16:29:39.634] [SEVERE ] setting player 1 freeze to 1782
[16:29:39.644] [SEVERE ] setting player 1 freeze to 1772
[16:29:39.654] [SEVERE ] setting player 1 freeze to 1762
[16:29:39.664] [SEVERE ] setting player 1 freeze to 1752
[16:29:39.674] [SEVERE ] setting player 1 freeze to 1742
[16:29:39.684] [SEVERE ] setting player 1 freeze to 1732
[16:29:39.695] [SEVERE ] setting player 1 freeze to 1721
[16:29:39.705] [SEVERE ] setting player 1 freeze to 1711
[16:29:39.715] [SEVERE ] setting player 1 freeze to 1701
[16:29:39.719] [SEVERE ] removing card from slot 8
[16:29:39.725] [SEVERE ] setting player 1 freeze to 1691
[16:29:39.735] [SEVERE ] setting player 1 freeze to 1681
[16:29:39.745] [SEVERE ] setting player 1 freeze to 1671
[16:29:39.755] [SEVERE ] setting player 1 freeze to 1661
[16:29:39.766] [SEVERE ] setting player 1 freeze to 1650
[16:29:39.776] [SEVERE ] setting player 1 freeze to 1640
[16:29:39.786] [SEVERE ] setting player 1 freeze to 1630
[16:29:39.796] [SEVERE ] setting player 1 freeze to 1620
[16:29:39.806] [SEVERE ] setting player 1 freeze to 1610
[16:29:39.816] [SEVERE ] setting player 1 freeze to 1600
[16:29:39.819] [SEVERE ] removing card from slot 0
[16:29:39.819] [SEVERE ] removing player 1 token from slot 0
[16:29:39.819] [SEVERE ] removing player 2 token from slot 0
[16:29:39.826] [SEVERE ] setting player 1 freeze to 1590
[16:29:39.836] [SEVERE ] setting player 1 freeze to 1580
[16:29:39.847] [SEVERE ] setting player 1 freeze to 1569
[16:29:39.857] [SEVERE ] setting player 1 freeze to 1559
[16:29:39.867] [SEVERE ] setting player 1 freeze to 1549
[16:29:39.877] [SEVERE ] setting player 1 freeze to 1539
[16:29:39.887] [SEVERE ] setting player 1 freeze to 1529
[16:29:39.897] [SEVERE ] setting player 1 freeze to 1519
[16:29:39.908] [SEVERE ] setting player 1 freeze to 1508
[16:29:39.918] [SEVERE ] setting player 1 freeze to 1498
[16:29:39.920] [SEVERE ] removing card from slot 1
[16:29:39.920] [SEVERE ] removing player 1 token from slot 1
[16:29:39.920] [SEVERE ] removing player 2 token from slot 1
[16:29:39.928] [SEVERE ] setting player 1 freeze to 1488
[16:29:39.938] [SEVERE ] setting player 1 freeze to 1478
[16:29:39.948] [SEVERE ] setting player 1 freeze to 1468
[16:29:39.958] [SEVERE ] setting player 1 freeze to 1458
[16:29:39.968] [SEVERE ] setting player 1 freeze to 1448
[16:29:39.979] [SEVERE ] setting player 1 freeze to 1437
[16:29:39.989] [SEVERE ] setting player 1 freeze to 1427
[16:29:39.999] [SEVERE ] setting player 1 freeze to 1417
[16:29:40.009] [SEVERE ] setting player 1 freeze to 1407
[16:29:40.019] [SEVERE ] setting player 1 freeze to 1397
[16:29:40.020] [SEVERE ] removing card from slot 2
[16:29:40.020] [SEVERE ] removing player 1 token from slot 2
[16:29:40.020] [SEVERE ] removing player 2 token from slot 2
[16:29:40.029] [SEVERE ] setting player 1 freeze to 1387
[16:29:40.040] [SEVERE ] setting player 1 freeze to 1376
[16:29:40.050] [SEVERE ] setting player 1 freeze to 1366
[16:29:40.060] [SEVERE ] setting player 1 freeze to 1356
[16:29:40.070] [SEVERE ] setting player 1 freeze to 1346
[16:29:40.080] [SEVERE ] setting player 1 freeze to 1336
[16:29:40.090] [SEVERE ] setting player 1 freeze to 1326
[16:29:40.101] [SEVERE ] setting player 1 freeze to 1315
[16:29:40.111] [SEVERE ] setting player 1 freeze to 1305
[16:29:40.121] [SEVERE ] removing card from slot 3
[16:29:40.121] [SEVERE ] removing player 1 token from slot 3
[16:29:40.121] [SEVERE ] setting player 1 freeze to 1295
[16:29:40.121] [SEVERE ] removing player 2 token from slot 3
[16:29:40.131] [SEVERE ] setting player 1 freeze to 1285
[16:29:40.141] [SEVERE ] setting player 1 freeze to 1275
[16:29:40.152] [SEVERE ] setting player 1 freeze to 1264
[16:29:40.162] [SEVERE ] setting player 1 freeze to 1254
[16:29:40.172] [SEVERE ] setting player 1 freeze to 1244
[16:29:40.182] [SEVERE ] setting player 1 freeze to 1234
[16:29:40.192] [SEVERE ] setting player 1 freeze to 1224
[16:29:40.202] [SEVERE ] setting player 1 freeze to 1214
[16:29:40.212] [SEVERE ] setting player 1 freeze to 1204
[16:29:40.222] [SEVERE ] removing card from slot 4
[16:29:40.222] [SEVERE ] removing player 1 token from slot 4
[16:29:40.222] [SEVERE ] removing player 2 token from slot 4
[16:29:40.223] [SEVERE ] setting player 1 freeze to 1193
[16:29:40.233] [SEVERE ] setting player 1 freeze to 1183
[16:29:40.243] [SEVERE ] setting player 1 freeze to 1173
[16:29:40.253] [SEVERE ] setting player 1 freeze to 1163
[16:29:40.263] [SEVERE ] setting player 1 freeze to 1153
[16:29:40.273] [SEVERE ] setting player 1 freeze to 1143
[16:29:40.283] [SEVERE ] setting player 1 freeze to 1133
[16:29:40.294] [SEVERE ] setting player 1 freeze to 1122
[16:29:40.304] [SEVERE ] setting player 1 freeze to 1112
[16:29:40.314] [SEVERE ] setting player 1 freeze to 1102
[16:29:40.322] [SEVERE ] removing card from slot 5
[16:29:40.322] [SEVERE ] removing player 1 token from slot 5
[16:29:40.322] [SEVERE ] removing player 2 token from slot 5
[16:29:40.324] [SEVERE ] setting player 1 freeze to 1092
[16:29:40.334] [SEVERE ] setting player 1 freeze to 1082
[16:29:40.344] [SEVERE ] setting player 1 freeze to 1072
[16:29:40.354] [SEVERE ] setting player 1 freeze to 1062
[16:29:40.365] [SEVERE ] setting player 1 freeze to 1051
[16:29:40.375] [SEVERE ] setting player 1 freeze to 1041
[16:29:40.385] [SEVERE ] setting player 1 freeze to 1031
[16:29:40.395] [SEVERE ] setting player 1 freeze to 1021
[16:29:40.405] [SEVERE ] setting player 1 freeze to 1011
[16:29:40.415] [SEVERE ] setting player 1 freeze to 1001
[16:29:40.422] [SEVERE ] removing card from slot 6
[16:29:40.423] [SEVERE ] removing player 1 token from slot 6
[16:29:40.423] [SEVERE ] removing player 2 token from slot 6
[16:29:40.425] [SEVERE ] setting player 1 freeze to 991
[16:29:40.436] [SEVERE ] setting player 1 freeze to 980
[16:29:40.446] [SEVERE ] setting player 1 freeze to 970
[16:29:40.456] [SEVERE ] setting player 1 freeze to 960
[16:29:40.466] [SEVERE ] setting player 1 freeze to 950
[16:29:40.476] [SEVERE ] setting player 1 freeze to 940
[16:29:40.486] [SEVERE ] setting player 1 freeze to 930
[16:29:40.497] [SEVERE ] setting player 1 freeze to 919
[16:29:40.507] [SEVERE ] setting player 1 freeze to 909
[16:29:40.517] [SEVERE ] setting player 1 freeze to 899
[16:29:40.523] [SEVERE ] removing card from slot 7
[16:29:40.523] [SEVERE ] removing player 1 token from slot 7
[16:29:40.523] [SEVERE ] removing player 2 token from slot 7
[16:29:40.527] [SEVERE ] setting player 1 freeze to 889
[16:29:40.537] [SEVERE ] setting player 1 freeze to 879
[16:29:40.547] [SEVERE ] setting player 1 freeze to 869
[16:29:40.557] [SEVERE ] setting player 1 freeze to 859
[16:29:40.568] [SEVERE ] setting player 1 freeze to 848
[16:29:40.578] [SEVERE ] setting player 1 freeze to 838
[16:29:40.588] [SEVERE ] setting player 1 freeze to 828
[16:29:40.598] [SEVERE ] setting player 1 freeze to 818
[16:29:40.608] [SEVERE ] setting player 1 freeze to 808
[16:29:40.618] [SEVERE ] setting player 1 freeze to 798
[16:29:40.624] [SEVERE ] removing card from slot 8
[16:29:40.624] [SEVERE ] removing player 1 token from slot 8
[16:29:40.624] [SEVERE ] removing player 2 token from slot 8
[16:29:40.629] [SEVERE ] setting player 1 freeze to 787
[16:29:40.639] [SEVERE ] setting player 1 freeze to 777
[16:29:40.649] [SEVERE ] setting player 1 freeze to 767
[16:29:40.659] [SEVERE ] setting player 1 freeze to 757
[16:29:40.669] [SEVERE ] setting player 1 freeze to 747
[16:29:40.679] [SEVERE ] setting player 1 freeze to 737
[16:29:40.689] [SEVERE ] setting player 1 freeze to 727
[16:29:40.700] [SEVERE ] setting player 1 freeze to 716
[16:29:40.710] [SEVERE ] setting player 1 freeze to 706
[16:29:40.720] [SEVERE ] setting player 1 freeze to 696
[16:29:40.724] [SEVERE ] removing card from slot 9
[16:29:40.724] [SEVERE ] removing player 1 token from slot 9
[16:29:40.725] [SEVERE ] removing player 2 token from slot 9
[16:29:40.730] [SEVERE ] setting player 1 freeze to 686
[16:29:40.740] [SEVERE ] setting player 1 freeze to 676
[16:29:40.750] [SEVERE ] setting player 1 freeze to 666
[16:29:40.760] [SEVERE ] setting player 1 freeze to 656
[16:29:40.770] [SEVERE ] setting player 1 freeze to 646
[16:29:40.781] [SEVERE ] setting player 1 freeze to 635
[16:29:40.791] [SEVERE ] setting player 1 freeze to 625
[16:29:40.801] [SEVERE ] setting player 1 freeze to 615
[16:29:40.811] [SEVERE ] setting player 1 freeze to 605
[16:29:40.821] [SEVERE ] setting player 1 freeze to 595
[16:29:40.825] [SEVERE ] removing card from slot 10
[16:29:40.825] [SEVERE ] removing player 1 token from slot 10
[16:29:40.825] [SEVERE ] removing player 2 token from slot 10
[16:29:40.831] [SEVERE ] setting player 1 freeze to 585
[16:29:40.841] [SEVERE ] setting player 1 freeze to 575
[16:29:40.851] [SEVERE ] setting player 1 freeze to 565
[16:29:40.862] [SEVERE ] setting player 1 freeze to 554
[16:29:40.872] [SEVERE ] setting player 1 freeze to 544
[16:29:40.882] [SEVERE ] setting player 1 freeze to 534
[16:29:40.892] [SEVERE ] setting player 1 freeze to 524
[16:29:40.902] [SEVERE ] setting player 1 freeze to 514
[16:29:40.912] [SEVERE ] setting player 1 freeze to 504
[16:29:40.922] [SEVERE ] setting player 1 freeze to 494
[16:29:40.926] [SEVERE ] removing card from slot 11
[16:29:40.926] [SEVERE ] removing player 1 token from slot 11
[16:29:40.926] [SEVERE ] removing player 2 token from slot 11
[16:29:40.927] [SEVERE ] announcing winner(s): player 1
[16:29:40.928] [INFO   ] Thread player1 terminated.
[16:29:40.928] [INFO   ] Thread player0 terminated.
[16:29:40.928] [INFO   ] Thread dealer terminated.
[16:29:40.929] [INFO   ] thread dealer terminated.
[16:29:40.933] [SEVERE ] setting player 1 freeze to 483
[16:29:45.929] [SEVERE ] thanks for playing... it was fun!
[16:29:45.929] [INFO   ] thread main terminated.
[16:29:45.929] [SEVERE ] disposing of user interface elements
