[14:33:43.456] [INFO   ] thread main starting.
[14:33:43.465] [SEVERE ] cannot read configuration file config.properties trying from resources.
[14:33:43.469] [SEVERE ] configuration file was loaded from resources directory.
[14:33:44.090] [INFO   ] thread dealer starting.
[14:33:44.090] [INFO   ] Thread dealer starting.
[14:33:44.090] [INFO   ] Thread player0 starting.
[14:33:44.097] [INFO   ] Thread player1 starting.
[14:33:44.197] [SEVERE ] placing card 71 in slot 0
[14:33:44.343] [SEVERE ] placing card 20 in slot 1
[14:33:44.446] [SEVERE ] placing card 21 in slot 2
[14:33:44.547] [SEVERE ] placing card 0 in slot 3
[14:33:44.648] [SEVERE ] placing card 64 in slot 4
[14:33:44.748] [SEVERE ] placing card 52 in slot 5
[14:33:44.849] [SEVERE ] placing card 45 in slot 6
[14:33:44.950] [SEVERE ] placing card 73 in slot 7
[14:33:45.051] [SEVERE ] placing card 47 in slot 8
[14:33:45.152] [SEVERE ] placing card 6 in slot 9
[14:33:45.252] [SEVERE ] placing card 32 in slot 10
[14:33:45.353] [SEVERE ] placing card 41 in slot 11
[14:33:45.359] [SEVERE ] updating countdown to 60000
[14:33:46.360] [SEVERE ] updating countdown to 59999
[14:33:46.775] [SEVERE ] key 81 was pressed by player 1
[14:33:46.775] [SEVERE ] player 1 placing token on slot 0
[14:33:46.901] [SEVERE ] key 87 was pressed by player 1
[14:33:46.901] [SEVERE ] player 1 placing token on slot 1
[14:33:47.360] [SEVERE ] updating countdown to 58999
[14:33:47.621] [SEVERE ] key 67 was pressed by player 1
[14:33:47.621] [SEVERE ] player 1 placing token on slot 10
[14:33:47.622] [SEVERE ] setting player 1 score to 1
[14:33:47.623] [SEVERE ] removing player 1 token from slot 0
[14:33:47.623] [SEVERE ] removing player 1 token from slot 1
[14:33:47.624] [SEVERE ] removing player 1 token from slot 10
[14:33:47.624] [SEVERE ] removing player 2 token from slot 0
[14:33:47.624] [SEVERE ] removing player 2 token from slot 1
[14:33:47.625] [SEVERE ] removing player 2 token from slot 10
[14:33:47.625] [SEVERE ] setting player 1 freeze to 1999
[14:33:47.636] [SEVERE ] setting player 1 freeze to 1988
[14:33:47.646] [SEVERE ] setting player 1 freeze to 1978
[14:33:47.657] [SEVERE ] setting player 1 freeze to 1967
[14:33:47.667] [SEVERE ] setting player 1 freeze to 1957
[14:33:47.678] [SEVERE ] setting player 1 freeze to 1946
[14:33:47.688] [SEVERE ] setting player 1 freeze to 1936
[14:33:47.698] [SEVERE ] setting player 1 freeze to 1926
[14:33:47.709] [SEVERE ] setting player 1 freeze to 1915
[14:33:47.719] [SEVERE ] setting player 1 freeze to 1905
[14:33:47.725] [SEVERE ] removing card from slot 0
[14:33:47.729] [SEVERE ] setting player 1 freeze to 1895
[14:33:47.740] [SEVERE ] setting player 1 freeze to 1884
[14:33:47.750] [SEVERE ] setting player 1 freeze to 1874
[14:33:47.761] [SEVERE ] setting player 1 freeze to 1863
[14:33:47.771] [SEVERE ] setting player 1 freeze to 1853
[14:33:47.781] [SEVERE ] setting player 1 freeze to 1843
[14:33:47.791] [SEVERE ] setting player 1 freeze to 1833
[14:33:47.802] [SEVERE ] setting player 1 freeze to 1822
[14:33:47.812] [SEVERE ] setting player 1 freeze to 1812
[14:33:47.823] [SEVERE ] setting player 1 freeze to 1801
[14:33:47.826] [SEVERE ] removing card from slot 1
[14:33:47.833] [SEVERE ] setting player 1 freeze to 1791
[14:33:47.844] [SEVERE ] setting player 1 freeze to 1780
[14:33:47.854] [SEVERE ] setting player 1 freeze to 1770
[14:33:47.865] [SEVERE ] setting player 1 freeze to 1759
[14:33:47.875] [SEVERE ] setting player 1 freeze to 1749
[14:33:47.885] [SEVERE ] setting player 1 freeze to 1739
[14:33:47.896] [SEVERE ] setting player 1 freeze to 1728
[14:33:47.906] [SEVERE ] setting player 1 freeze to 1718
[14:33:47.917] [SEVERE ] setting player 1 freeze to 1707
[14:33:47.926] [SEVERE ] removing card from slot 10
[14:33:47.927] [SEVERE ] setting player 1 freeze to 1697
[14:33:47.937] [SEVERE ] setting player 1 freeze to 1687
[14:33:47.948] [SEVERE ] setting player 1 freeze to 1676
[14:33:47.958] [SEVERE ] setting player 1 freeze to 1666
[14:33:47.968] [SEVERE ] setting player 1 freeze to 1656
[14:33:47.979] [SEVERE ] setting player 1 freeze to 1645
[14:33:47.989] [SEVERE ] setting player 1 freeze to 1635
[14:33:47.999] [SEVERE ] setting player 1 freeze to 1625
[14:33:48.010] [SEVERE ] setting player 1 freeze to 1614
[14:33:48.020] [SEVERE ] setting player 1 freeze to 1604
[14:33:48.027] [SEVERE ] placing card 55 in slot 0
[14:33:48.030] [SEVERE ] setting player 1 freeze to 1594
[14:33:48.041] [SEVERE ] setting player 1 freeze to 1583
[14:33:48.051] [SEVERE ] setting player 1 freeze to 1573
[14:33:48.061] [SEVERE ] setting player 1 freeze to 1563
[14:33:48.072] [SEVERE ] setting player 1 freeze to 1552
[14:33:48.082] [SEVERE ] setting player 1 freeze to 1542
[14:33:48.093] [SEVERE ] setting player 1 freeze to 1531
[14:33:48.103] [SEVERE ] setting player 1 freeze to 1521
[14:33:48.114] [SEVERE ] setting player 1 freeze to 1510
[14:33:48.124] [SEVERE ] setting player 1 freeze to 1500
[14:33:48.127] [SEVERE ] placing card 25 in slot 1
[14:33:48.134] [SEVERE ] setting player 1 freeze to 1490
[14:33:48.145] [SEVERE ] setting player 1 freeze to 1479
[14:33:48.155] [SEVERE ] setting player 1 freeze to 1469
[14:33:48.165] [SEVERE ] setting player 1 freeze to 1459
[14:33:48.175] [SEVERE ] setting player 1 freeze to 1449
[14:33:48.186] [SEVERE ] setting player 1 freeze to 1438
[14:33:48.196] [SEVERE ] setting player 1 freeze to 1428
[14:33:48.207] [SEVERE ] setting player 1 freeze to 1418
[14:33:48.217] [SEVERE ] setting player 1 freeze to 1407
[14:33:48.227] [SEVERE ] setting player 1 freeze to 1397
[14:33:48.227] [SEVERE ] placing card 57 in slot 10
[14:33:48.232] [SEVERE ] updating countdown to 60000
[14:33:48.237] [SEVERE ] setting player 1 freeze to 1387
[14:33:48.248] [SEVERE ] setting player 1 freeze to 1376
[14:33:48.258] [SEVERE ] setting player 1 freeze to 1366
[14:33:48.269] [SEVERE ] setting player 1 freeze to 1355
[14:33:48.279] [SEVERE ] setting player 1 freeze to 1345
[14:33:48.290] [SEVERE ] setting player 1 freeze to 1334
[14:33:48.300] [SEVERE ] setting player 1 freeze to 1324
[14:33:48.310] [SEVERE ] setting player 1 freeze to 1314
[14:33:48.320] [SEVERE ] setting player 1 freeze to 1304
[14:33:48.331] [SEVERE ] setting player 1 freeze to 1293
[14:33:48.341] [SEVERE ] setting player 1 freeze to 1283
[14:33:48.351] [SEVERE ] setting player 1 freeze to 1273
[14:33:48.362] [SEVERE ] setting player 1 freeze to 1263
[14:33:48.372] [SEVERE ] setting player 1 freeze to 1252
[14:33:48.382] [SEVERE ] setting player 1 freeze to 1242
[14:33:48.393] [SEVERE ] setting player 1 freeze to 1231
[14:33:48.403] [SEVERE ] setting player 1 freeze to 1221
[14:33:48.413] [SEVERE ] setting player 1 freeze to 1211
[14:33:48.424] [SEVERE ] setting player 1 freeze to 1200
[14:33:48.434] [SEVERE ] setting player 1 freeze to 1190
[14:33:48.444] [SEVERE ] setting player 1 freeze to 1180
[14:33:48.455] [SEVERE ] setting player 1 freeze to 1169
[14:33:48.465] [SEVERE ] setting player 1 freeze to 1159
[14:33:48.475] [SEVERE ] setting player 1 freeze to 1149
[14:33:48.486] [SEVERE ] setting player 1 freeze to 1138
[14:33:48.496] [SEVERE ] setting player 1 freeze to 1128
[14:33:48.506] [SEVERE ] setting player 1 freeze to 1118
[14:33:48.517] [SEVERE ] setting player 1 freeze to 1107
[14:33:48.527] [SEVERE ] setting player 1 freeze to 1097
[14:33:48.537] [SEVERE ] setting player 1 freeze to 1087
[14:33:48.548] [SEVERE ] setting player 1 freeze to 1076
[14:33:48.558] [SEVERE ] setting player 1 freeze to 1066
[14:33:48.568] [SEVERE ] setting player 1 freeze to 1056
[14:33:48.578] [SEVERE ] setting player 1 freeze to 1046
[14:33:48.589] [SEVERE ] setting player 1 freeze to 1035
[14:33:48.599] [SEVERE ] setting player 1 freeze to 1025
[14:33:48.609] [SEVERE ] setting player 1 freeze to 1015
[14:33:48.620] [SEVERE ] setting player 1 freeze to 1004
[14:33:48.630] [SEVERE ] setting player 1 freeze to 994
[14:33:48.641] [SEVERE ] setting player 1 freeze to 983
[14:33:48.651] [SEVERE ] setting player 1 freeze to 973
[14:33:48.661] [SEVERE ] setting player 1 freeze to 963
[14:33:48.671] [SEVERE ] setting player 1 freeze to 953
[14:33:48.682] [SEVERE ] setting player 1 freeze to 942
[14:33:48.692] [SEVERE ] setting player 1 freeze to 932
[14:33:48.702] [SEVERE ] setting player 1 freeze to 922
[14:33:48.712] [SEVERE ] setting player 1 freeze to 912
[14:33:48.723] [SEVERE ] setting player 1 freeze to 901
[14:33:48.733] [SEVERE ] setting player 1 freeze to 891
[14:33:48.744] [SEVERE ] setting player 1 freeze to 880
[14:33:48.754] [SEVERE ] setting player 1 freeze to 870
[14:33:48.764] [SEVERE ] setting player 1 freeze to 860
[14:33:48.774] [SEVERE ] setting player 1 freeze to 850
[14:33:48.785] [SEVERE ] setting player 1 freeze to 839
[14:33:48.795] [SEVERE ] setting player 1 freeze to 829
[14:33:48.806] [SEVERE ] setting player 1 freeze to 818
[14:33:48.816] [SEVERE ] setting player 1 freeze to 808
[14:33:48.826] [SEVERE ] setting player 1 freeze to 798
[14:33:48.836] [SEVERE ] setting player 1 freeze to 788
[14:33:48.847] [SEVERE ] setting player 1 freeze to 777
[14:33:48.857] [SEVERE ] setting player 1 freeze to 767
[14:33:48.867] [SEVERE ] setting player 1 freeze to 757
[14:33:48.878] [SEVERE ] setting player 1 freeze to 747
[14:33:48.888] [SEVERE ] setting player 1 freeze to 736
[14:33:48.898] [SEVERE ] setting player 1 freeze to 726
[14:33:48.908] [SEVERE ] setting player 1 freeze to 716
[14:33:48.919] [SEVERE ] setting player 1 freeze to 705
[14:33:48.929] [SEVERE ] setting player 1 freeze to 695
[14:33:48.939] [SEVERE ] setting player 1 freeze to 685
[14:33:48.950] [SEVERE ] setting player 1 freeze to 674
[14:33:48.960] [SEVERE ] setting player 1 freeze to 664
[14:33:48.970] [SEVERE ] setting player 1 freeze to 654
[14:33:48.981] [SEVERE ] setting player 1 freeze to 643
[14:33:48.991] [SEVERE ] setting player 1 freeze to 633
[14:33:49.001] [SEVERE ] setting player 1 freeze to 623
[14:33:49.011] [SEVERE ] setting player 1 freeze to 613
[14:33:49.022] [SEVERE ] setting player 1 freeze to 602
[14:33:49.032] [SEVERE ] setting player 1 freeze to 592
[14:33:49.042] [SEVERE ] setting player 1 freeze to 582
[14:33:49.053] [SEVERE ] setting player 1 freeze to 571
[14:33:49.063] [SEVERE ] setting player 1 freeze to 561
[14:33:49.073] [SEVERE ] setting player 1 freeze to 551
[14:33:49.084] [SEVERE ] setting player 1 freeze to 540
[14:33:49.094] [SEVERE ] setting player 1 freeze to 530
[14:33:49.104] [SEVERE ] setting player 1 freeze to 520
[14:33:49.114] [SEVERE ] setting player 1 freeze to 510
[14:33:49.125] [SEVERE ] setting player 1 freeze to 499
[14:33:49.135] [SEVERE ] setting player 1 freeze to 489
[14:33:49.145] [SEVERE ] setting player 1 freeze to 479
[14:33:49.156] [SEVERE ] setting player 1 freeze to 468
[14:33:49.166] [SEVERE ] setting player 1 freeze to 458
[14:33:49.176] [SEVERE ] setting player 1 freeze to 448
[14:33:49.187] [SEVERE ] setting player 1 freeze to 437
[14:33:49.197] [SEVERE ] setting player 1 freeze to 427
[14:33:49.207] [SEVERE ] setting player 1 freeze to 417
[14:33:49.217] [SEVERE ] setting player 1 freeze to 407
[14:33:49.228] [SEVERE ] setting player 1 freeze to 396
[14:33:49.232] [SEVERE ] updating countdown to 59999
[14:33:49.239] [SEVERE ] setting player 1 freeze to 385
[14:33:49.249] [SEVERE ] setting player 1 freeze to 375
[14:33:49.259] [SEVERE ] setting player 1 freeze to 365
[14:33:49.270] [SEVERE ] setting player 1 freeze to 354
[14:33:49.280] [SEVERE ] setting player 1 freeze to 344
[14:33:49.291] [SEVERE ] setting player 1 freeze to 333
[14:33:49.301] [SEVERE ] setting player 1 freeze to 323
[14:33:49.311] [SEVERE ] setting player 1 freeze to 313
[14:33:49.322] [SEVERE ] setting player 1 freeze to 302
[14:33:49.332] [SEVERE ] setting player 1 freeze to 292
[14:33:49.343] [SEVERE ] setting player 1 freeze to 282
[14:33:49.353] [SEVERE ] setting player 1 freeze to 271
[14:33:49.363] [SEVERE ] setting player 1 freeze to 261
[14:33:49.374] [SEVERE ] setting player 1 freeze to 250
[14:33:49.384] [SEVERE ] setting player 1 freeze to 240
[14:33:49.394] [SEVERE ] setting player 1 freeze to 230
[14:33:49.405] [SEVERE ] setting player 1 freeze to 219
[14:33:49.415] [SEVERE ] setting player 1 freeze to 209
[14:33:49.425] [SEVERE ] setting player 1 freeze to 199
[14:33:49.435] [SEVERE ] setting player 1 freeze to 189
[14:33:49.446] [SEVERE ] setting player 1 freeze to 178
[14:33:49.456] [SEVERE ] setting player 1 freeze to 168
[14:33:49.466] [SEVERE ] setting player 1 freeze to 158
[14:33:49.477] [SEVERE ] setting player 1 freeze to 147
[14:33:49.487] [SEVERE ] setting player 1 freeze to 137
[14:33:49.497] [SEVERE ] setting player 1 freeze to 127
[14:33:49.507] [SEVERE ] setting player 1 freeze to 117
[14:33:49.518] [SEVERE ] setting player 1 freeze to 106
[14:33:49.528] [SEVERE ] setting player 1 freeze to 96
[14:33:49.538] [SEVERE ] setting player 1 freeze to 86
[14:33:49.548] [SEVERE ] setting player 1 freeze to 76
[14:33:49.559] [SEVERE ] setting player 1 freeze to 65
[14:33:49.569] [SEVERE ] setting player 1 freeze to 55
[14:33:49.579] [SEVERE ] setting player 1 freeze to 45
[14:33:49.590] [SEVERE ] setting player 1 freeze to 34
[14:33:49.597] [SEVERE ] key 81 was pressed by player 1
[14:33:49.600] [SEVERE ] setting player 1 freeze to 24
[14:33:49.610] [SEVERE ] setting player 1 freeze to 14
[14:33:49.621] [SEVERE ] setting player 1 freeze to 3
[14:33:49.631] [SEVERE ] setting player 1 freeze to -7
[14:33:49.805] [SEVERE ] key 65 was pressed by player 1
[14:33:49.805] [SEVERE ] player 1 placing token on slot 4
[14:33:50.233] [SEVERE ] updating countdown to 58998
[14:33:50.829] [SEVERE ] key 70 was pressed by player 1
[14:33:50.829] [SEVERE ] player 1 placing token on slot 7
[14:33:51.234] [SEVERE ] updating countdown to 57997
[14:33:52.234] [SEVERE ] updating countdown to 56997
[14:33:53.235] [SEVERE ] updating countdown to 55996
[14:33:54.235] [SEVERE ] updating countdown to 54996
[14:33:55.236] [SEVERE ] updating countdown to 53995
[14:33:56.236] [SEVERE ] updating countdown to 52995
[14:33:57.030] [SEVERE ] key 81 was pressed by player 1
[14:33:57.030] [SEVERE ] player 1 placing token on slot 0
[14:33:57.031] [SEVERE ] setting player 1 score to 2
[14:33:57.031] [SEVERE ] removing player 1 token from slot 4
[14:33:57.032] [SEVERE ] setting player 1 freeze to 1999
[14:33:57.032] [SEVERE ] removing player 1 token from slot 7
[14:33:57.033] [SEVERE ] removing player 1 token from slot 0
[14:33:57.033] [SEVERE ] removing player 2 token from slot 4
[14:33:57.033] [SEVERE ] removing player 2 token from slot 7
[14:33:57.033] [SEVERE ] removing player 2 token from slot 0
[14:33:57.042] [SEVERE ] setting player 1 freeze to 1989
[14:33:57.053] [SEVERE ] setting player 1 freeze to 1978
[14:33:57.064] [SEVERE ] setting player 1 freeze to 1967
[14:33:57.075] [SEVERE ] setting player 1 freeze to 1956
[14:33:57.085] [SEVERE ] setting player 1 freeze to 1946
[14:33:57.096] [SEVERE ] setting player 1 freeze to 1935
[14:33:57.107] [SEVERE ] setting player 1 freeze to 1924
[14:33:57.117] [SEVERE ] setting player 1 freeze to 1914
[14:33:57.127] [SEVERE ] setting player 1 freeze to 1904
[14:33:57.133] [SEVERE ] removing card from slot 4
[14:33:57.137] [SEVERE ] setting player 1 freeze to 1894
[14:33:57.147] [SEVERE ] setting player 1 freeze to 1884
[14:33:57.158] [SEVERE ] setting player 1 freeze to 1873
[14:33:57.168] [SEVERE ] setting player 1 freeze to 1863
[14:33:57.178] [SEVERE ] setting player 1 freeze to 1853
[14:33:57.189] [SEVERE ] setting player 1 freeze to 1842
[14:33:57.199] [SEVERE ] setting player 1 freeze to 1832
[14:33:57.209] [SEVERE ] setting player 1 freeze to 1822
[14:33:57.220] [SEVERE ] setting player 1 freeze to 1811
[14:33:57.230] [SEVERE ] setting player 1 freeze to 1801
[14:33:57.233] [SEVERE ] removing card from slot 7
[14:33:57.240] [SEVERE ] setting player 1 freeze to 1791
[14:33:57.250] [SEVERE ] setting player 1 freeze to 1781
[14:33:57.261] [SEVERE ] setting player 1 freeze to 1770
[14:33:57.271] [SEVERE ] setting player 1 freeze to 1760
[14:33:57.281] [SEVERE ] setting player 1 freeze to 1750
[14:33:57.292] [SEVERE ] setting player 1 freeze to 1739
[14:33:57.302] [SEVERE ] setting player 1 freeze to 1729
[14:33:57.312] [SEVERE ] setting player 1 freeze to 1719
[14:33:57.323] [SEVERE ] setting player 1 freeze to 1708
[14:33:57.333] [SEVERE ] setting player 1 freeze to 1698
[14:33:57.333] [SEVERE ] removing card from slot 0
[14:33:57.343] [SEVERE ] setting player 1 freeze to 1688
[14:33:57.353] [SEVERE ] setting player 1 freeze to 1678
[14:33:57.364] [SEVERE ] setting player 1 freeze to 1667
[14:33:57.374] [SEVERE ] setting player 1 freeze to 1657
[14:33:57.384] [SEVERE ] setting player 1 freeze to 1647
[14:33:57.394] [SEVERE ] setting player 1 freeze to 1637
[14:33:57.404] [SEVERE ] setting player 1 freeze to 1627
[14:33:57.415] [SEVERE ] setting player 1 freeze to 1616
[14:33:57.425] [SEVERE ] setting player 1 freeze to 1606
[14:33:57.435] [SEVERE ] placing card 28 in slot 4
[14:33:57.435] [SEVERE ] setting player 1 freeze to 1596
[14:33:57.446] [SEVERE ] setting player 1 freeze to 1585
[14:33:57.456] [SEVERE ] setting player 1 freeze to 1575
[14:33:57.466] [SEVERE ] setting player 1 freeze to 1565
[14:33:57.476] [SEVERE ] setting player 1 freeze to 1555
[14:33:57.487] [SEVERE ] setting player 1 freeze to 1544
[14:33:57.497] [SEVERE ] setting player 1 freeze to 1534
[14:33:57.507] [SEVERE ] setting player 1 freeze to 1524
[14:33:57.517] [SEVERE ] setting player 1 freeze to 1514
[14:33:57.528] [SEVERE ] setting player 1 freeze to 1503
[14:33:57.535] [SEVERE ] removing card from slot 0
[14:33:57.535] [SEVERE ] removing player 1 token from slot 0
[14:33:57.536] [SEVERE ] removing player 2 token from slot 0
[14:33:57.538] [SEVERE ] setting player 1 freeze to 1493
[14:33:57.548] [SEVERE ] setting player 1 freeze to 1483
[14:33:57.558] [SEVERE ] setting player 1 freeze to 1473
[14:33:57.569] [SEVERE ] setting player 1 freeze to 1462
[14:33:57.579] [SEVERE ] setting player 1 freeze to 1452
[14:33:57.589] [SEVERE ] setting player 1 freeze to 1442
[14:33:57.600] [SEVERE ] setting player 1 freeze to 1431
[14:33:57.610] [SEVERE ] setting player 1 freeze to 1421
[14:33:57.620] [SEVERE ] setting player 1 freeze to 1411
[14:33:57.630] [SEVERE ] setting player 1 freeze to 1401
[14:33:57.637] [SEVERE ] removing card from slot 1
[14:33:57.637] [SEVERE ] removing player 1 token from slot 1
[14:33:57.637] [SEVERE ] removing player 2 token from slot 1
[14:33:57.641] [SEVERE ] setting player 1 freeze to 1390
[14:33:57.651] [SEVERE ] setting player 1 freeze to 1380
[14:33:57.661] [SEVERE ] setting player 1 freeze to 1370
[14:33:57.671] [SEVERE ] setting player 1 freeze to 1360
[14:33:57.682] [SEVERE ] setting player 1 freeze to 1349
[14:33:57.692] [SEVERE ] setting player 1 freeze to 1339
[14:33:57.702] [SEVERE ] setting player 1 freeze to 1329
[14:33:57.712] [SEVERE ] setting player 1 freeze to 1319
[14:33:57.723] [SEVERE ] setting player 1 freeze to 1308
[14:33:57.733] [SEVERE ] setting player 1 freeze to 1298
[14:33:57.738] [SEVERE ] removing card from slot 2
[14:33:57.738] [SEVERE ] removing player 1 token from slot 2
[14:33:57.738] [SEVERE ] removing player 2 token from slot 2
[14:33:57.743] [SEVERE ] setting player 1 freeze to 1288
[14:33:57.753] [SEVERE ] setting player 1 freeze to 1278
[14:33:57.764] [SEVERE ] setting player 1 freeze to 1267
[14:33:57.774] [SEVERE ] setting player 1 freeze to 1257
[14:33:57.784] [SEVERE ] setting player 1 freeze to 1247
[14:33:57.795] [SEVERE ] setting player 1 freeze to 1236
[14:33:57.805] [SEVERE ] setting player 1 freeze to 1226
[14:33:57.815] [SEVERE ] setting player 1 freeze to 1216
[14:33:57.826] [SEVERE ] setting player 1 freeze to 1205
[14:33:57.836] [SEVERE ] setting player 1 freeze to 1195
[14:33:57.839] [SEVERE ] removing card from slot 3
[14:33:57.839] [SEVERE ] removing player 1 token from slot 3
[14:33:57.840] [SEVERE ] removing player 2 token from slot 3
[14:33:57.846] [SEVERE ] setting player 1 freeze to 1185
[14:33:57.856] [SEVERE ] setting player 1 freeze to 1175
[14:33:57.867] [SEVERE ] setting player 1 freeze to 1164
[14:33:57.877] [SEVERE ] setting player 1 freeze to 1154
[14:33:57.887] [SEVERE ] setting player 1 freeze to 1144
[14:33:57.897] [SEVERE ] setting player 1 freeze to 1134
[14:33:57.908] [SEVERE ] setting player 1 freeze to 1123
[14:33:57.918] [SEVERE ] setting player 1 freeze to 1113
[14:33:57.928] [SEVERE ] setting player 1 freeze to 1103
[14:33:57.939] [SEVERE ] setting player 1 freeze to 1092
[14:33:57.940] [SEVERE ] removing card from slot 4
[14:33:57.940] [SEVERE ] removing player 1 token from slot 4
[14:33:57.941] [SEVERE ] removing player 2 token from slot 4
[14:33:57.949] [SEVERE ] setting player 1 freeze to 1082
[14:33:57.960] [SEVERE ] setting player 1 freeze to 1071
[14:33:57.970] [SEVERE ] setting player 1 freeze to 1061
[14:33:57.980] [SEVERE ] setting player 1 freeze to 1051
[14:33:57.991] [SEVERE ] setting player 1 freeze to 1040
[14:33:58.001] [SEVERE ] setting player 1 freeze to 1030
[14:33:58.011] [SEVERE ] setting player 1 freeze to 1020
[14:33:58.021] [SEVERE ] setting player 1 freeze to 1010
[14:33:58.031] [SEVERE ] setting player 1 freeze to 1000
[14:33:58.041] [SEVERE ] removing card from slot 5
[14:33:58.041] [SEVERE ] removing player 1 token from slot 5
[14:33:58.041] [SEVERE ] removing player 2 token from slot 5
[14:33:58.042] [SEVERE ] setting player 1 freeze to 989
[14:33:58.053] [SEVERE ] setting player 1 freeze to 978
[14:33:58.063] [SEVERE ] setting player 1 freeze to 968
[14:33:58.073] [SEVERE ] setting player 1 freeze to 958
[14:33:58.084] [SEVERE ] setting player 1 freeze to 948
[14:33:58.094] [SEVERE ] setting player 1 freeze to 937
[14:33:58.104] [SEVERE ] setting player 1 freeze to 927
[14:33:58.114] [SEVERE ] setting player 1 freeze to 917
[14:33:58.125] [SEVERE ] setting player 1 freeze to 906
[14:33:58.135] [SEVERE ] setting player 1 freeze to 896
[14:33:58.142] [SEVERE ] removing card from slot 6
[14:33:58.142] [SEVERE ] removing player 1 token from slot 6
[14:33:58.143] [SEVERE ] removing player 2 token from slot 6
[14:33:58.145] [SEVERE ] setting player 1 freeze to 886
[14:33:58.155] [SEVERE ] setting player 1 freeze to 876
[14:33:58.166] [SEVERE ] setting player 1 freeze to 865
[14:33:58.176] [SEVERE ] setting player 1 freeze to 855
[14:33:58.186] [SEVERE ] setting player 1 freeze to 845
[14:33:58.197] [SEVERE ] setting player 1 freeze to 834
[14:33:58.207] [SEVERE ] setting player 1 freeze to 824
[14:33:58.217] [SEVERE ] setting player 1 freeze to 814
[14:33:58.228] [SEVERE ] setting player 1 freeze to 803
[14:33:58.238] [SEVERE ] setting player 1 freeze to 793
[14:33:58.243] [SEVERE ] removing card from slot 7
[14:33:58.243] [SEVERE ] removing player 1 token from slot 7
[14:33:58.244] [SEVERE ] removing player 2 token from slot 7
[14:33:58.248] [SEVERE ] setting player 1 freeze to 783
[14:33:58.258] [SEVERE ] setting player 1 freeze to 773
[14:33:58.268] [SEVERE ] setting player 1 freeze to 763
[14:33:58.279] [SEVERE ] setting player 1 freeze to 752
[14:33:58.289] [SEVERE ] setting player 1 freeze to 742
[14:33:58.299] [SEVERE ] setting player 1 freeze to 732
[14:33:58.309] [SEVERE ] setting player 1 freeze to 722
[14:33:58.320] [SEVERE ] setting player 1 freeze to 711
[14:33:58.330] [SEVERE ] setting player 1 freeze to 701
[14:33:58.340] [SEVERE ] setting player 1 freeze to 691
[14:33:58.344] [SEVERE ] removing card from slot 8
[14:33:58.344] [SEVERE ] removing player 1 token from slot 8
[14:33:58.345] [SEVERE ] removing player 2 token from slot 8
[14:33:58.350] [SEVERE ] setting player 1 freeze to 681
[14:33:58.361] [SEVERE ] setting player 1 freeze to 670
[14:33:58.371] [SEVERE ] setting player 1 freeze to 660
[14:33:58.381] [SEVERE ] setting player 1 freeze to 650
[14:33:58.391] [SEVERE ] setting player 1 freeze to 640
[14:33:58.401] [SEVERE ] setting player 1 freeze to 630
[14:33:58.412] [SEVERE ] setting player 1 freeze to 619
[14:33:58.422] [SEVERE ] setting player 1 freeze to 609
[14:33:58.432] [SEVERE ] setting player 1 freeze to 599
[14:33:58.442] [SEVERE ] setting player 1 freeze to 589
[14:33:58.445] [SEVERE ] removing card from slot 9
[14:33:58.446] [SEVERE ] removing player 1 token from slot 9
[14:33:58.447] [SEVERE ] removing player 2 token from slot 9
[14:33:58.453] [SEVERE ] setting player 1 freeze to 578
[14:33:58.463] [SEVERE ] setting player 1 freeze to 568
[14:33:58.473] [SEVERE ] setting player 1 freeze to 558
[14:33:58.483] [SEVERE ] setting player 1 freeze to 548
[14:33:58.494] [SEVERE ] setting player 1 freeze to 537
[14:33:58.504] [SEVERE ] setting player 1 freeze to 527
[14:33:58.514] [SEVERE ] setting player 1 freeze to 517
[14:33:58.524] [SEVERE ] setting player 1 freeze to 507
[14:33:58.535] [SEVERE ] setting player 1 freeze to 496
[14:33:58.545] [SEVERE ] setting player 1 freeze to 486
[14:33:58.550] [SEVERE ] removing card from slot 10
[14:33:58.550] [SEVERE ] removing player 1 token from slot 10
[14:33:58.550] [SEVERE ] removing player 2 token from slot 10
[14:33:58.555] [SEVERE ] setting player 1 freeze to 476
[14:33:58.565] [SEVERE ] setting player 1 freeze to 466
[14:33:58.576] [SEVERE ] setting player 1 freeze to 455
[14:33:58.586] [SEVERE ] setting player 1 freeze to 445
[14:33:58.596] [SEVERE ] setting player 1 freeze to 435
[14:33:58.607] [SEVERE ] setting player 1 freeze to 424
[14:33:58.617] [SEVERE ] setting player 1 freeze to 414
[14:33:58.627] [SEVERE ] setting player 1 freeze to 404
[14:33:58.637] [SEVERE ] setting player 1 freeze to 394
[14:33:58.648] [SEVERE ] setting player 1 freeze to 383
[14:33:58.650] [SEVERE ] removing card from slot 11
[14:33:58.651] [SEVERE ] removing player 1 token from slot 11
[14:33:58.651] [SEVERE ] removing player 2 token from slot 11
[14:33:58.652] [SEVERE ] announcing winner(s): player 1
[14:33:58.654] [INFO   ] Thread player1 terminated.
[14:33:58.654] [INFO   ] Thread player0 terminated.
[14:33:58.655] [INFO   ] Thread dealer terminated.
[14:33:58.655] [INFO   ] thread dealer terminated.
[14:33:58.658] [SEVERE ] setting player 1 freeze to 373
[14:34:03.656] [SEVERE ] thanks for playing... it was fun!
[14:34:03.657] [INFO   ] thread main terminated.
[14:34:03.657] [SEVERE ] disposing of user interface elements
