[14:48:54.091] [INFO   ] thread main starting.
[14:48:54.102] [SEVERE ] cannot read configuration file config.properties trying from resources.
[14:48:54.103] [SEVERE ] configuration file was loaded from resources directory.
[14:48:54.642] [INFO   ] thread dealer starting.
[14:48:54.648] [INFO   ] Thread dealer starting.
[14:48:54.649] [INFO   ] Thread player0 starting.
[14:48:54.654] [INFO   ] Thread player1 starting.
[14:48:54.758] [SEVERE ] placing card 24 in slot 0
[14:48:54.858] [SEVERE ] placing card 31 in slot 1
[14:48:54.959] [SEVERE ] placing card 9 in slot 2
[14:48:55.059] [SEVERE ] placing card 22 in slot 3
[14:48:55.159] [SEVERE ] placing card 49 in slot 4
[14:48:55.260] [SEVERE ] placing card 57 in slot 5
[14:48:55.361] [SEVERE ] placing card 41 in slot 6
[14:48:55.462] [SEVERE ] placing card 66 in slot 7
[14:48:55.562] [SEVERE ] placing card 62 in slot 8
[14:48:55.663] [SEVERE ] placing card 48 in slot 9
[14:48:55.763] [SEVERE ] placing card 1 in slot 10
[14:48:55.863] [SEVERE ] placing card 37 in slot 11
[14:48:55.870] [SEVERE ] updating countdown to 60000
[14:48:56.871] [SEVERE ] updating countdown to 59999
[14:48:57.871] [SEVERE ] updating countdown to 58999
[14:48:58.872] [SEVERE ] updating countdown to 57998
[14:48:59.872] [SEVERE ] updating countdown to 56998
[14:49:00.606] [SEVERE ] key 87 was pressed by player 1
[14:49:00.607] [SEVERE ] player 1 placing token on slot 1
[14:49:00.873] [SEVERE ] updating countdown to 55997
[14:49:01.477] [SEVERE ] key 68 was pressed by player 1
[14:49:01.477] [SEVERE ] player 1 placing token on slot 6
[14:49:01.874] [SEVERE ] updating countdown to 54996
[14:49:02.837] [SEVERE ] key 67 was pressed by player 1
[14:49:02.837] [SEVERE ] player 1 placing token on slot 10
[14:49:02.839] [SEVERE ] setting player 1 freeze to 3999
[14:49:02.849] [SEVERE ] setting player 1 freeze to 3989
[14:49:02.860] [SEVERE ] setting player 1 freeze to 3978
[14:49:02.870] [SEVERE ] setting player 1 freeze to 3968
[14:49:02.874] [SEVERE ] updating countdown to 53996
[14:49:02.881] [SEVERE ] setting player 1 freeze to 3957
[14:49:02.891] [SEVERE ] setting player 1 freeze to 3947
[14:49:02.902] [SEVERE ] setting player 1 freeze to 3936
[14:49:02.912] [SEVERE ] setting player 1 freeze to 3926
[14:49:02.923] [SEVERE ] setting player 1 freeze to 3915
[14:49:02.933] [SEVERE ] setting player 1 freeze to 3905
[14:49:02.943] [SEVERE ] setting player 1 freeze to 3895
[14:49:02.953] [SEVERE ] setting player 1 freeze to 3885
[14:49:02.964] [SEVERE ] setting player 1 freeze to 3874
[14:49:02.974] [SEVERE ] setting player 1 freeze to 3864
[14:49:02.984] [SEVERE ] setting player 1 freeze to 3854
[14:49:02.994] [SEVERE ] setting player 1 freeze to 3844
[14:49:03.005] [SEVERE ] setting player 1 freeze to 3833
[14:49:03.015] [SEVERE ] setting player 1 freeze to 3823
[14:49:03.025] [SEVERE ] setting player 1 freeze to 3813
[14:49:03.035] [SEVERE ] setting player 1 freeze to 3803
[14:49:03.045] [SEVERE ] setting player 1 freeze to 3793
[14:49:03.056] [SEVERE ] setting player 1 freeze to 3782
[14:49:03.066] [SEVERE ] setting player 1 freeze to 3772
[14:49:03.076] [SEVERE ] setting player 1 freeze to 3762
[14:49:03.086] [SEVERE ] setting player 1 freeze to 3752
[14:49:03.097] [SEVERE ] setting player 1 freeze to 3741
[14:49:03.107] [SEVERE ] setting player 1 freeze to 3731
[14:49:03.117] [SEVERE ] setting player 1 freeze to 3721
[14:49:03.127] [SEVERE ] setting player 1 freeze to 3711
[14:49:03.138] [SEVERE ] setting player 1 freeze to 3700
[14:49:03.148] [SEVERE ] setting player 1 freeze to 3690
[14:49:03.158] [SEVERE ] setting player 1 freeze to 3680
[14:49:03.168] [SEVERE ] setting player 1 freeze to 3670
[14:49:03.179] [SEVERE ] setting player 1 freeze to 3659
[14:49:03.189] [SEVERE ] setting player 1 freeze to 3649
[14:49:03.199] [SEVERE ] setting player 1 freeze to 3639
[14:49:03.209] [SEVERE ] setting player 1 freeze to 3629
[14:49:03.219] [SEVERE ] setting player 1 freeze to 3619
[14:49:03.230] [SEVERE ] setting player 1 freeze to 3608
[14:49:03.240] [SEVERE ] setting player 1 freeze to 3598
[14:49:03.250] [SEVERE ] setting player 1 freeze to 3588
[14:49:03.260] [SEVERE ] setting player 1 freeze to 3578
[14:49:03.270] [SEVERE ] setting player 1 freeze to 3568
[14:49:03.281] [SEVERE ] setting player 1 freeze to 3557
[14:49:03.291] [SEVERE ] setting player 1 freeze to 3547
[14:49:03.301] [SEVERE ] setting player 1 freeze to 3537
[14:49:03.311] [SEVERE ] setting player 1 freeze to 3527
[14:49:03.321] [SEVERE ] setting player 1 freeze to 3517
[14:49:03.332] [SEVERE ] setting player 1 freeze to 3506
[14:49:03.342] [SEVERE ] setting player 1 freeze to 3496
[14:49:03.352] [SEVERE ] setting player 1 freeze to 3486
[14:49:03.362] [SEVERE ] setting player 1 freeze to 3476
[14:49:03.372] [SEVERE ] setting player 1 freeze to 3466
[14:49:03.383] [SEVERE ] setting player 1 freeze to 3455
[14:49:03.393] [SEVERE ] setting player 1 freeze to 3445
[14:49:03.403] [SEVERE ] setting player 1 freeze to 3435
[14:49:03.413] [SEVERE ] setting player 1 freeze to 3425
[14:49:03.423] [SEVERE ] setting player 1 freeze to 3415
[14:49:03.434] [SEVERE ] setting player 1 freeze to 3404
[14:49:03.444] [SEVERE ] setting player 1 freeze to 3394
[14:49:03.454] [SEVERE ] setting player 1 freeze to 3384
[14:49:03.464] [SEVERE ] setting player 1 freeze to 3374
[14:49:03.474] [SEVERE ] setting player 1 freeze to 3364
[14:49:03.485] [SEVERE ] setting player 1 freeze to 3353
[14:49:03.495] [SEVERE ] setting player 1 freeze to 3343
[14:49:03.505] [SEVERE ] setting player 1 freeze to 3333
[14:49:03.515] [SEVERE ] setting player 1 freeze to 3323
[14:49:03.526] [SEVERE ] setting player 1 freeze to 3313
[14:49:03.536] [SEVERE ] setting player 1 freeze to 3302
[14:49:03.546] [SEVERE ] setting player 1 freeze to 3292
[14:49:03.556] [SEVERE ] setting player 1 freeze to 3282
[14:49:03.566] [SEVERE ] setting player 1 freeze to 3272
[14:49:03.576] [SEVERE ] setting player 1 freeze to 3262
[14:49:03.587] [SEVERE ] setting player 1 freeze to 3251
[14:49:03.597] [SEVERE ] setting player 1 freeze to 3241
[14:49:03.607] [SEVERE ] setting player 1 freeze to 3231
[14:49:03.617] [SEVERE ] setting player 1 freeze to 3221
[14:49:03.627] [SEVERE ] setting player 1 freeze to 3211
[14:49:03.638] [SEVERE ] setting player 1 freeze to 3200
[14:49:03.648] [SEVERE ] setting player 1 freeze to 3190
[14:49:03.658] [SEVERE ] setting player 1 freeze to 3180
[14:49:03.668] [SEVERE ] setting player 1 freeze to 3170
[14:49:03.678] [SEVERE ] setting player 1 freeze to 3160
[14:49:03.688] [SEVERE ] setting player 1 freeze to 3150
[14:49:03.699] [SEVERE ] setting player 1 freeze to 3139
[14:49:03.709] [SEVERE ] setting player 1 freeze to 3129
[14:49:03.719] [SEVERE ] setting player 1 freeze to 3119
[14:49:03.729] [SEVERE ] setting player 1 freeze to 3109
[14:49:03.739] [SEVERE ] setting player 1 freeze to 3099
[14:49:03.750] [SEVERE ] setting player 1 freeze to 3088
[14:49:03.760] [SEVERE ] setting player 1 freeze to 3078
[14:49:03.770] [SEVERE ] setting player 1 freeze to 3068
[14:49:03.780] [SEVERE ] setting player 1 freeze to 3058
[14:49:03.791] [SEVERE ] setting player 1 freeze to 3047
[14:49:03.801] [SEVERE ] setting player 1 freeze to 3037
[14:49:03.811] [SEVERE ] setting player 1 freeze to 3027
[14:49:03.821] [SEVERE ] setting player 1 freeze to 3017
[14:49:03.831] [SEVERE ] setting player 1 freeze to 3007
[14:49:03.842] [SEVERE ] setting player 1 freeze to 2996
[14:49:03.852] [SEVERE ] setting player 1 freeze to 2986
[14:49:03.862] [SEVERE ] setting player 1 freeze to 2976
[14:49:03.872] [SEVERE ] setting player 1 freeze to 2966
[14:49:03.875] [SEVERE ] updating countdown to 52995
[14:49:03.882] [SEVERE ] setting player 1 freeze to 2956
[14:49:03.893] [SEVERE ] setting player 1 freeze to 2945
[14:49:03.903] [SEVERE ] setting player 1 freeze to 2935
[14:49:03.913] [SEVERE ] setting player 1 freeze to 2925
[14:49:03.923] [SEVERE ] setting player 1 freeze to 2915
[14:49:03.933] [SEVERE ] setting player 1 freeze to 2905
[14:49:03.944] [SEVERE ] setting player 1 freeze to 2894
[14:49:03.954] [SEVERE ] setting player 1 freeze to 2884
[14:49:03.964] [SEVERE ] setting player 1 freeze to 2874
[14:49:03.974] [SEVERE ] setting player 1 freeze to 2864
[14:49:03.985] [SEVERE ] setting player 1 freeze to 2853
[14:49:03.995] [SEVERE ] setting player 1 freeze to 2843
[14:49:04.005] [SEVERE ] setting player 1 freeze to 2833
[14:49:04.016] [SEVERE ] setting player 1 freeze to 2822
[14:49:04.026] [SEVERE ] setting player 1 freeze to 2812
[14:49:04.036] [SEVERE ] setting player 1 freeze to 2802
[14:49:04.046] [SEVERE ] setting player 1 freeze to 2792
[14:49:04.057] [SEVERE ] setting player 1 freeze to 2781
[14:49:04.067] [SEVERE ] setting player 1 freeze to 2771
[14:49:04.077] [SEVERE ] setting player 1 freeze to 2761
[14:49:04.087] [SEVERE ] setting player 1 freeze to 2751
[14:49:04.098] [SEVERE ] setting player 1 freeze to 2740
[14:49:04.108] [SEVERE ] setting player 1 freeze to 2730
[14:49:04.118] [SEVERE ] setting player 1 freeze to 2720
[14:49:04.128] [SEVERE ] setting player 1 freeze to 2710
[14:49:04.138] [SEVERE ] setting player 1 freeze to 2700
[14:49:04.149] [SEVERE ] setting player 1 freeze to 2689
[14:49:04.159] [SEVERE ] setting player 1 freeze to 2679
[14:49:04.169] [SEVERE ] setting player 1 freeze to 2669
[14:49:04.179] [SEVERE ] setting player 1 freeze to 2659
[14:49:04.189] [SEVERE ] setting player 1 freeze to 2649
[14:49:04.199] [SEVERE ] setting player 1 freeze to 2639
[14:49:04.210] [SEVERE ] setting player 1 freeze to 2628
[14:49:04.220] [SEVERE ] setting player 1 freeze to 2618
[14:49:04.230] [SEVERE ] setting player 1 freeze to 2608
[14:49:04.240] [SEVERE ] setting player 1 freeze to 2598
[14:49:04.250] [SEVERE ] setting player 1 freeze to 2588
[14:49:04.261] [SEVERE ] setting player 1 freeze to 2577
[14:49:04.271] [SEVERE ] setting player 1 freeze to 2567
[14:49:04.281] [SEVERE ] setting player 1 freeze to 2557
[14:49:04.291] [SEVERE ] setting player 1 freeze to 2547
[14:49:04.301] [SEVERE ] setting player 1 freeze to 2537
[14:49:04.312] [SEVERE ] setting player 1 freeze to 2526
[14:49:04.322] [SEVERE ] setting player 1 freeze to 2516
[14:49:04.332] [SEVERE ] setting player 1 freeze to 2506
[14:49:04.342] [SEVERE ] setting player 1 freeze to 2496
[14:49:04.352] [SEVERE ] setting player 1 freeze to 2486
[14:49:04.363] [SEVERE ] setting player 1 freeze to 2475
[14:49:04.373] [SEVERE ] setting player 1 freeze to 2465
[14:49:04.384] [SEVERE ] setting player 1 freeze to 2454
[14:49:04.394] [SEVERE ] setting player 1 freeze to 2444
[14:49:04.404] [SEVERE ] setting player 1 freeze to 2434
[14:49:04.415] [SEVERE ] setting player 1 freeze to 2423
[14:49:04.425] [SEVERE ] setting player 1 freeze to 2413
[14:49:04.435] [SEVERE ] setting player 1 freeze to 2403
[14:49:04.445] [SEVERE ] setting player 1 freeze to 2393
[14:49:04.456] [SEVERE ] setting player 1 freeze to 2382
[14:49:04.466] [SEVERE ] setting player 1 freeze to 2372
[14:49:04.476] [SEVERE ] setting player 1 freeze to 2362
[14:49:04.486] [SEVERE ] setting player 1 freeze to 2352
[14:49:04.496] [SEVERE ] setting player 1 freeze to 2342
[14:49:04.501] [SEVERE ] key 67 was pressed by player 1
[14:49:04.507] [SEVERE ] setting player 1 freeze to 2331
[14:49:04.517] [SEVERE ] setting player 1 freeze to 2321
[14:49:04.527] [SEVERE ] setting player 1 freeze to 2311
[14:49:04.537] [SEVERE ] setting player 1 freeze to 2301
[14:49:04.548] [SEVERE ] setting player 1 freeze to 2290
[14:49:04.558] [SEVERE ] setting player 1 freeze to 2280
[14:49:04.569] [SEVERE ] setting player 1 freeze to 2269
[14:49:04.579] [SEVERE ] setting player 1 freeze to 2259
[14:49:04.590] [SEVERE ] setting player 1 freeze to 2248
[14:49:04.600] [SEVERE ] setting player 1 freeze to 2238
[14:49:04.610] [SEVERE ] setting player 1 freeze to 2228
[14:49:04.620] [SEVERE ] setting player 1 freeze to 2218
[14:49:04.630] [SEVERE ] setting player 1 freeze to 2208
[14:49:04.640] [SEVERE ] setting player 1 freeze to 2198
[14:49:04.651] [SEVERE ] setting player 1 freeze to 2187
[14:49:04.661] [SEVERE ] setting player 1 freeze to 2177
[14:49:04.671] [SEVERE ] setting player 1 freeze to 2167
[14:49:04.681] [SEVERE ] setting player 1 freeze to 2157
[14:49:04.691] [SEVERE ] setting player 1 freeze to 2147
[14:49:04.702] [SEVERE ] setting player 1 freeze to 2136
[14:49:04.712] [SEVERE ] setting player 1 freeze to 2126
[14:49:04.722] [SEVERE ] setting player 1 freeze to 2116
[14:49:04.732] [SEVERE ] setting player 1 freeze to 2106
[14:49:04.742] [SEVERE ] setting player 1 freeze to 2096
[14:49:04.752] [SEVERE ] setting player 1 freeze to 2086
[14:49:04.762] [SEVERE ] setting player 1 freeze to 2076
[14:49:04.773] [SEVERE ] setting player 1 freeze to 2065
[14:49:04.783] [SEVERE ] setting player 1 freeze to 2055
[14:49:04.793] [SEVERE ] setting player 1 freeze to 2045
[14:49:04.803] [SEVERE ] setting player 1 freeze to 2035
[14:49:04.813] [SEVERE ] setting player 1 freeze to 2025
[14:49:04.823] [SEVERE ] setting player 1 freeze to 2015
[14:49:04.834] [SEVERE ] setting player 1 freeze to 2004
[14:49:04.844] [SEVERE ] setting player 1 freeze to 1994
[14:49:04.854] [SEVERE ] setting player 1 freeze to 1984
[14:49:04.864] [SEVERE ] setting player 1 freeze to 1974
[14:49:04.874] [SEVERE ] setting player 1 freeze to 1964
[14:49:04.875] [SEVERE ] updating countdown to 51995
[14:49:04.884] [SEVERE ] setting player 1 freeze to 1954
[14:49:04.895] [SEVERE ] setting player 1 freeze to 1943
[14:49:04.905] [SEVERE ] setting player 1 freeze to 1933
[14:49:04.915] [SEVERE ] setting player 1 freeze to 1923
[14:49:04.925] [SEVERE ] setting player 1 freeze to 1913
[14:49:04.935] [SEVERE ] setting player 1 freeze to 1903
[14:49:04.946] [SEVERE ] setting player 1 freeze to 1892
[14:49:04.956] [SEVERE ] setting player 1 freeze to 1882
[14:49:04.966] [SEVERE ] setting player 1 freeze to 1872
[14:49:04.976] [SEVERE ] setting player 1 freeze to 1862
[14:49:04.987] [SEVERE ] setting player 1 freeze to 1851
[14:49:04.997] [SEVERE ] setting player 1 freeze to 1841
[14:49:05.007] [SEVERE ] setting player 1 freeze to 1831
[14:49:05.017] [SEVERE ] setting player 1 freeze to 1821
[14:49:05.027] [SEVERE ] setting player 1 freeze to 1811
[14:49:05.038] [SEVERE ] setting player 1 freeze to 1800
[14:49:05.048] [SEVERE ] setting player 1 freeze to 1790
[14:49:05.058] [SEVERE ] setting player 1 freeze to 1780
[14:49:05.068] [SEVERE ] setting player 1 freeze to 1770
[14:49:05.078] [SEVERE ] setting player 1 freeze to 1760
[14:49:05.088] [SEVERE ] setting player 1 freeze to 1750
[14:49:05.099] [SEVERE ] setting player 1 freeze to 1739
[14:49:05.109] [SEVERE ] setting player 1 freeze to 1729
[14:49:05.119] [SEVERE ] setting player 1 freeze to 1719
[14:49:05.129] [SEVERE ] setting player 1 freeze to 1709
[14:49:05.139] [SEVERE ] setting player 1 freeze to 1699
[14:49:05.150] [SEVERE ] setting player 1 freeze to 1688
[14:49:05.160] [SEVERE ] setting player 1 freeze to 1678
[14:49:05.170] [SEVERE ] setting player 1 freeze to 1668
[14:49:05.180] [SEVERE ] setting player 1 freeze to 1658
[14:49:05.190] [SEVERE ] setting player 1 freeze to 1648
[14:49:05.200] [SEVERE ] setting player 1 freeze to 1638
[14:49:05.210] [SEVERE ] setting player 1 freeze to 1628
[14:49:05.221] [SEVERE ] setting player 1 freeze to 1617
[14:49:05.231] [SEVERE ] setting player 1 freeze to 1607
[14:49:05.241] [SEVERE ] setting player 1 freeze to 1597
[14:49:05.251] [SEVERE ] setting player 1 freeze to 1587
[14:49:05.261] [SEVERE ] setting player 1 freeze to 1577
[14:49:05.271] [SEVERE ] setting player 1 freeze to 1567
[14:49:05.282] [SEVERE ] setting player 1 freeze to 1556
[14:49:05.292] [SEVERE ] setting player 1 freeze to 1546
[14:49:05.302] [SEVERE ] setting player 1 freeze to 1536
[14:49:05.312] [SEVERE ] setting player 1 freeze to 1526
[14:49:05.322] [SEVERE ] setting player 1 freeze to 1516
[14:49:05.332] [SEVERE ] setting player 1 freeze to 1506
[14:49:05.342] [SEVERE ] setting player 1 freeze to 1496
[14:49:05.353] [SEVERE ] setting player 1 freeze to 1485
[14:49:05.363] [SEVERE ] setting player 1 freeze to 1475
[14:49:05.373] [SEVERE ] setting player 1 freeze to 1465
[14:49:05.383] [SEVERE ] setting player 1 freeze to 1455
[14:49:05.393] [SEVERE ] setting player 1 freeze to 1445
[14:49:05.403] [SEVERE ] setting player 1 freeze to 1435
[14:49:05.414] [SEVERE ] setting player 1 freeze to 1424
[14:49:05.424] [SEVERE ] setting player 1 freeze to 1414
[14:49:05.434] [SEVERE ] setting player 1 freeze to 1404
[14:49:05.444] [SEVERE ] setting player 1 freeze to 1394
[14:49:05.454] [SEVERE ] setting player 1 freeze to 1384
[14:49:05.465] [SEVERE ] setting player 1 freeze to 1373
[14:49:05.475] [SEVERE ] setting player 1 freeze to 1363
[14:49:05.485] [SEVERE ] setting player 1 freeze to 1353
[14:49:05.495] [SEVERE ] setting player 1 freeze to 1343
[14:49:05.505] [SEVERE ] setting player 1 freeze to 1333
[14:49:05.515] [SEVERE ] setting player 1 freeze to 1323
[14:49:05.525] [SEVERE ] setting player 1 freeze to 1313
[14:49:05.536] [SEVERE ] setting player 1 freeze to 1302
[14:49:05.546] [SEVERE ] setting player 1 freeze to 1292
[14:49:05.556] [SEVERE ] setting player 1 freeze to 1282
[14:49:05.566] [SEVERE ] setting player 1 freeze to 1272
[14:49:05.576] [SEVERE ] setting player 1 freeze to 1262
[14:49:05.586] [SEVERE ] setting player 1 freeze to 1252
[14:49:05.597] [SEVERE ] setting player 1 freeze to 1241
[14:49:05.607] [SEVERE ] setting player 1 freeze to 1231
[14:49:05.617] [SEVERE ] setting player 1 freeze to 1221
[14:49:05.627] [SEVERE ] setting player 1 freeze to 1211
[14:49:05.637] [SEVERE ] setting player 1 freeze to 1201
[14:49:05.647] [SEVERE ] setting player 1 freeze to 1191
[14:49:05.657] [SEVERE ] setting player 1 freeze to 1181
[14:49:05.668] [SEVERE ] setting player 1 freeze to 1170
[14:49:05.678] [SEVERE ] setting player 1 freeze to 1160
[14:49:05.688] [SEVERE ] setting player 1 freeze to 1150
[14:49:05.698] [SEVERE ] setting player 1 freeze to 1140
[14:49:05.708] [SEVERE ] setting player 1 freeze to 1130
[14:49:05.719] [SEVERE ] setting player 1 freeze to 1119
[14:49:05.729] [SEVERE ] setting player 1 freeze to 1109
[14:49:05.739] [SEVERE ] setting player 1 freeze to 1099
[14:49:05.749] [SEVERE ] setting player 1 freeze to 1089
[14:49:05.759] [SEVERE ] setting player 1 freeze to 1079
[14:49:05.769] [SEVERE ] setting player 1 freeze to 1069
[14:49:05.779] [SEVERE ] setting player 1 freeze to 1059
[14:49:05.790] [SEVERE ] setting player 1 freeze to 1048
[14:49:05.800] [SEVERE ] setting player 1 freeze to 1038
[14:49:05.810] [SEVERE ] setting player 1 freeze to 1028
[14:49:05.820] [SEVERE ] setting player 1 freeze to 1018
[14:49:05.830] [SEVERE ] setting player 1 freeze to 1008
[14:49:05.840] [SEVERE ] setting player 1 freeze to 998
[14:49:05.851] [SEVERE ] setting player 1 freeze to 987
[14:49:05.861] [SEVERE ] setting player 1 freeze to 977
[14:49:05.871] [SEVERE ] setting player 1 freeze to 967
[14:49:05.875] [SEVERE ] updating countdown to 50995
[14:49:05.881] [SEVERE ] setting player 1 freeze to 957
[14:49:05.891] [SEVERE ] setting player 1 freeze to 947
[14:49:05.901] [SEVERE ] setting player 1 freeze to 937
[14:49:05.912] [SEVERE ] setting player 1 freeze to 926
[14:49:05.922] [SEVERE ] setting player 1 freeze to 916
[14:49:05.932] [SEVERE ] setting player 1 freeze to 906
[14:49:05.942] [SEVERE ] setting player 1 freeze to 896
[14:49:05.952] [SEVERE ] setting player 1 freeze to 886
[14:49:05.962] [SEVERE ] setting player 1 freeze to 876
[14:49:05.972] [SEVERE ] setting player 1 freeze to 866
[14:49:05.983] [SEVERE ] setting player 1 freeze to 855
[14:49:05.993] [SEVERE ] setting player 1 freeze to 845
[14:49:06.003] [SEVERE ] setting player 1 freeze to 835
[14:49:06.013] [SEVERE ] setting player 1 freeze to 825
[14:49:06.023] [SEVERE ] setting player 1 freeze to 815
[14:49:06.033] [SEVERE ] setting player 1 freeze to 805
[14:49:06.043] [SEVERE ] setting player 1 freeze to 795
[14:49:06.054] [SEVERE ] setting player 1 freeze to 784
[14:49:06.064] [SEVERE ] setting player 1 freeze to 774
[14:49:06.074] [SEVERE ] setting player 1 freeze to 764
[14:49:06.084] [SEVERE ] setting player 1 freeze to 754
[14:49:06.094] [SEVERE ] setting player 1 freeze to 744
[14:49:06.104] [SEVERE ] setting player 1 freeze to 734
[14:49:06.115] [SEVERE ] setting player 1 freeze to 723
[14:49:06.125] [SEVERE ] setting player 1 freeze to 713
[14:49:06.135] [SEVERE ] setting player 1 freeze to 703
[14:49:06.145] [SEVERE ] setting player 1 freeze to 693
[14:49:06.155] [SEVERE ] setting player 1 freeze to 683
[14:49:06.165] [SEVERE ] setting player 1 freeze to 673
[14:49:06.176] [SEVERE ] setting player 1 freeze to 662
[14:49:06.186] [SEVERE ] setting player 1 freeze to 652
[14:49:06.196] [SEVERE ] setting player 1 freeze to 642
[14:49:06.206] [SEVERE ] setting player 1 freeze to 632
[14:49:06.216] [SEVERE ] setting player 1 freeze to 622
[14:49:06.227] [SEVERE ] setting player 1 freeze to 611
[14:49:06.237] [SEVERE ] setting player 1 freeze to 601
[14:49:06.247] [SEVERE ] setting player 1 freeze to 591
[14:49:06.257] [SEVERE ] setting player 1 freeze to 581
[14:49:06.267] [SEVERE ] setting player 1 freeze to 571
[14:49:06.277] [SEVERE ] setting player 1 freeze to 561
[14:49:06.287] [SEVERE ] setting player 1 freeze to 551
[14:49:06.298] [SEVERE ] setting player 1 freeze to 540
[14:49:06.308] [SEVERE ] setting player 1 freeze to 530
[14:49:06.318] [SEVERE ] setting player 1 freeze to 520
[14:49:06.328] [SEVERE ] setting player 1 freeze to 510
[14:49:06.338] [SEVERE ] setting player 1 freeze to 500
[14:49:06.348] [SEVERE ] setting player 1 freeze to 490
[14:49:06.358] [SEVERE ] setting player 1 freeze to 480
[14:49:06.369] [SEVERE ] setting player 1 freeze to 469
[14:49:06.379] [SEVERE ] setting player 1 freeze to 459
[14:49:06.389] [SEVERE ] setting player 1 freeze to 449
[14:49:06.399] [SEVERE ] setting player 1 freeze to 439
[14:49:06.409] [SEVERE ] setting player 1 freeze to 429
[14:49:06.419] [SEVERE ] setting player 1 freeze to 419
[14:49:06.430] [SEVERE ] setting player 1 freeze to 408
[14:49:06.440] [SEVERE ] setting player 1 freeze to 398
[14:49:06.450] [SEVERE ] setting player 1 freeze to 388
[14:49:06.460] [SEVERE ] setting player 1 freeze to 378
[14:49:06.470] [SEVERE ] setting player 1 freeze to 368
[14:49:06.480] [SEVERE ] setting player 1 freeze to 358
[14:49:06.490] [SEVERE ] setting player 1 freeze to 348
[14:49:06.501] [SEVERE ] setting player 1 freeze to 337
[14:49:06.511] [SEVERE ] setting player 1 freeze to 327
[14:49:06.521] [SEVERE ] setting player 1 freeze to 317
[14:49:06.531] [SEVERE ] setting player 1 freeze to 307
[14:49:06.541] [SEVERE ] setting player 1 freeze to 297
[14:49:06.551] [SEVERE ] setting player 1 freeze to 287
[14:49:06.562] [SEVERE ] setting player 1 freeze to 276
[14:49:06.572] [SEVERE ] setting player 1 freeze to 266
[14:49:06.582] [SEVERE ] setting player 1 freeze to 256
[14:49:06.592] [SEVERE ] setting player 1 freeze to 246
[14:49:06.602] [SEVERE ] setting player 1 freeze to 236
[14:49:06.612] [SEVERE ] setting player 1 freeze to 226
[14:49:06.622] [SEVERE ] setting player 1 freeze to 216
[14:49:06.633] [SEVERE ] setting player 1 freeze to 205
[14:49:06.643] [SEVERE ] setting player 1 freeze to 195
[14:49:06.653] [SEVERE ] setting player 1 freeze to 185
[14:49:06.663] [SEVERE ] setting player 1 freeze to 175
[14:49:06.673] [SEVERE ] setting player 1 freeze to 165
[14:49:06.683] [SEVERE ] setting player 1 freeze to 155
[14:49:06.693] [SEVERE ] setting player 1 freeze to 145
[14:49:06.703] [SEVERE ] setting player 1 freeze to 135
[14:49:06.714] [SEVERE ] setting player 1 freeze to 124
[14:49:06.724] [SEVERE ] setting player 1 freeze to 114
[14:49:06.734] [SEVERE ] setting player 1 freeze to 104
[14:49:06.744] [SEVERE ] setting player 1 freeze to 94
[14:49:06.754] [SEVERE ] setting player 1 freeze to 84
[14:49:06.764] [SEVERE ] setting player 1 freeze to 74
[14:49:06.774] [SEVERE ] setting player 1 freeze to 64
[14:49:06.785] [SEVERE ] setting player 1 freeze to 53
[14:49:06.795] [SEVERE ] setting player 1 freeze to 43
[14:49:06.805] [SEVERE ] setting player 1 freeze to 33
[14:49:06.815] [SEVERE ] setting player 1 freeze to 23
[14:49:06.825] [SEVERE ] setting player 1 freeze to 13
[14:49:06.835] [SEVERE ] setting player 1 freeze to 3
[14:49:06.845] [SEVERE ] setting player 1 freeze to -7
[14:49:06.875] [SEVERE ] updating countdown to 49995
[14:49:07.197] [SEVERE ] key 67 was pressed by player 1
[14:49:07.197] [SEVERE ] removing player 1 token from slot 10
[14:49:07.875] [SEVERE ] updating countdown to 48995
[14:49:08.245] [SEVERE ] key 88 was pressed by player 1
[14:49:08.245] [SEVERE ] player 1 placing token on slot 9
[14:49:08.245] [SEVERE ] setting player 1 score to 1
[14:49:08.246] [SEVERE ] setting player 1 freeze to 1999
[14:49:08.246] [SEVERE ] removing player 1 token from slot 1
[14:49:08.247] [SEVERE ] removing player 1 token from slot 6
[14:49:08.247] [SEVERE ] removing player 1 token from slot 9
[14:49:08.247] [SEVERE ] removing player 2 token from slot 1
[14:49:08.247] [SEVERE ] removing player 2 token from slot 6
[14:49:08.247] [SEVERE ] removing player 2 token from slot 9
[14:49:08.256] [SEVERE ] setting player 1 freeze to 1989
[14:49:08.267] [SEVERE ] setting player 1 freeze to 1978
[14:49:08.277] [SEVERE ] setting player 1 freeze to 1968
[14:49:08.288] [SEVERE ] setting player 1 freeze to 1957
[14:49:08.298] [SEVERE ] setting player 1 freeze to 1947
[14:49:08.308] [SEVERE ] setting player 1 freeze to 1937
[14:49:08.318] [SEVERE ] setting player 1 freeze to 1927
[14:49:08.328] [SEVERE ] setting player 1 freeze to 1917
[14:49:08.338] [SEVERE ] setting player 1 freeze to 1907
[14:49:08.347] [SEVERE ] removing card from slot 1
[14:49:08.349] [SEVERE ] setting player 1 freeze to 1896
[14:49:08.359] [SEVERE ] setting player 1 freeze to 1886
[14:49:08.369] [SEVERE ] setting player 1 freeze to 1876
[14:49:08.379] [SEVERE ] setting player 1 freeze to 1866
[14:49:08.389] [SEVERE ] setting player 1 freeze to 1856
[14:49:08.399] [SEVERE ] setting player 1 freeze to 1846
[14:49:08.409] [SEVERE ] setting player 1 freeze to 1836
[14:49:08.420] [SEVERE ] setting player 1 freeze to 1825
[14:49:08.430] [SEVERE ] setting player 1 freeze to 1815
[14:49:08.440] [SEVERE ] setting player 1 freeze to 1805
[14:49:08.447] [SEVERE ] removing card from slot 6
[14:49:08.450] [SEVERE ] setting player 1 freeze to 1795
[14:49:08.460] [SEVERE ] setting player 1 freeze to 1785
[14:49:08.470] [SEVERE ] setting player 1 freeze to 1775
[14:49:08.480] [SEVERE ] setting player 1 freeze to 1765
[14:49:08.491] [SEVERE ] setting player 1 freeze to 1754
[14:49:08.501] [SEVERE ] setting player 1 freeze to 1744
[14:49:08.511] [SEVERE ] setting player 1 freeze to 1734
[14:49:08.521] [SEVERE ] setting player 1 freeze to 1724
[14:49:08.531] [SEVERE ] setting player 1 freeze to 1714
[14:49:08.541] [SEVERE ] setting player 1 freeze to 1704
[14:49:08.547] [SEVERE ] removing card from slot 9
[14:49:08.551] [SEVERE ] setting player 1 freeze to 1694
[14:49:08.562] [SEVERE ] setting player 1 freeze to 1683
[14:49:08.572] [SEVERE ] setting player 1 freeze to 1673
[14:49:08.582] [SEVERE ] setting player 1 freeze to 1663
[14:49:08.592] [SEVERE ] setting player 1 freeze to 1653
[14:49:08.602] [SEVERE ] setting player 1 freeze to 1643
[14:49:08.612] [SEVERE ] setting player 1 freeze to 1633
[14:49:08.622] [SEVERE ] setting player 1 freeze to 1623
[14:49:08.633] [SEVERE ] setting player 1 freeze to 1612
[14:49:08.643] [SEVERE ] setting player 1 freeze to 1602
[14:49:08.649] [SEVERE ] placing card 80 in slot 1
[14:49:08.653] [SEVERE ] setting player 1 freeze to 1592
[14:49:08.663] [SEVERE ] setting player 1 freeze to 1582
[14:49:08.673] [SEVERE ] setting player 1 freeze to 1572
[14:49:08.684] [SEVERE ] setting player 1 freeze to 1561
[14:49:08.694] [SEVERE ] setting player 1 freeze to 1551
[14:49:08.704] [SEVERE ] setting player 1 freeze to 1541
[14:49:08.714] [SEVERE ] setting player 1 freeze to 1531
[14:49:08.724] [SEVERE ] setting player 1 freeze to 1521
[14:49:08.734] [SEVERE ] setting player 1 freeze to 1511
[14:49:08.744] [SEVERE ] setting player 1 freeze to 1501
[14:49:08.749] [SEVERE ] placing card 13 in slot 6
[14:49:08.755] [SEVERE ] setting player 1 freeze to 1490
[14:49:08.765] [SEVERE ] setting player 1 freeze to 1480
[14:49:08.775] [SEVERE ] setting player 1 freeze to 1470
[14:49:08.785] [SEVERE ] setting player 1 freeze to 1460
[14:49:08.795] [SEVERE ] setting player 1 freeze to 1450
[14:49:08.805] [SEVERE ] setting player 1 freeze to 1440
[14:49:08.815] [SEVERE ] setting player 1 freeze to 1430
[14:49:08.826] [SEVERE ] setting player 1 freeze to 1419
[14:49:08.836] [SEVERE ] setting player 1 freeze to 1409
[14:49:08.846] [SEVERE ] setting player 1 freeze to 1399
[14:49:08.849] [SEVERE ] placing card 40 in slot 9
[14:49:08.852] [SEVERE ] updating countdown to 60000
[14:49:08.856] [SEVERE ] setting player 1 freeze to 1389
[14:49:08.866] [SEVERE ] setting player 1 freeze to 1379
[14:49:08.877] [SEVERE ] setting player 1 freeze to 1368
[14:49:08.887] [SEVERE ] setting player 1 freeze to 1358
[14:49:08.898] [SEVERE ] setting player 1 freeze to 1348
[14:49:08.908] [SEVERE ] setting player 1 freeze to 1337
[14:49:08.918] [SEVERE ] setting player 1 freeze to 1327
[14:49:08.928] [SEVERE ] setting player 1 freeze to 1317
[14:49:08.938] [SEVERE ] setting player 1 freeze to 1307
[14:49:08.948] [SEVERE ] setting player 1 freeze to 1297
[14:49:08.958] [SEVERE ] setting player 1 freeze to 1287
[14:49:08.969] [SEVERE ] setting player 1 freeze to 1276
[14:49:08.979] [SEVERE ] setting player 1 freeze to 1266
[14:49:08.989] [SEVERE ] setting player 1 freeze to 1256
[14:49:08.999] [SEVERE ] setting player 1 freeze to 1246
[14:49:09.009] [SEVERE ] setting player 1 freeze to 1236
[14:49:09.019] [SEVERE ] setting player 1 freeze to 1226
[14:49:09.029] [SEVERE ] setting player 1 freeze to 1216
[14:49:09.040] [SEVERE ] setting player 1 freeze to 1205
[14:49:09.050] [SEVERE ] setting player 1 freeze to 1195
[14:49:09.060] [SEVERE ] setting player 1 freeze to 1185
[14:49:09.070] [SEVERE ] setting player 1 freeze to 1175
[14:49:09.080] [SEVERE ] setting player 1 freeze to 1165
[14:49:09.090] [SEVERE ] setting player 1 freeze to 1155
[14:49:09.100] [SEVERE ] setting player 1 freeze to 1145
[14:49:09.111] [SEVERE ] setting player 1 freeze to 1134
[14:49:09.121] [SEVERE ] setting player 1 freeze to 1124
[14:49:09.131] [SEVERE ] setting player 1 freeze to 1114
[14:49:09.141] [SEVERE ] setting player 1 freeze to 1104
[14:49:09.151] [SEVERE ] setting player 1 freeze to 1094
[14:49:09.161] [SEVERE ] setting player 1 freeze to 1084
[14:49:09.171] [SEVERE ] setting player 1 freeze to 1074
[14:49:09.181] [SEVERE ] setting player 1 freeze to 1064
[14:49:09.192] [SEVERE ] setting player 1 freeze to 1053
[14:49:09.202] [SEVERE ] setting player 1 freeze to 1043
[14:49:09.212] [SEVERE ] setting player 1 freeze to 1033
[14:49:09.222] [SEVERE ] setting player 1 freeze to 1023
[14:49:09.232] [SEVERE ] setting player 1 freeze to 1013
[14:49:09.242] [SEVERE ] setting player 1 freeze to 1003
[14:49:09.252] [SEVERE ] setting player 1 freeze to 993
[14:49:09.263] [SEVERE ] setting player 1 freeze to 982
[14:49:09.273] [SEVERE ] setting player 1 freeze to 972
[14:49:09.283] [SEVERE ] setting player 1 freeze to 962
[14:49:09.293] [SEVERE ] setting player 1 freeze to 952
[14:49:09.303] [SEVERE ] setting player 1 freeze to 942
[14:49:09.313] [SEVERE ] setting player 1 freeze to 932
[14:49:09.324] [SEVERE ] setting player 1 freeze to 921
[14:49:09.334] [SEVERE ] setting player 1 freeze to 911
[14:49:09.344] [SEVERE ] setting player 1 freeze to 901
[14:49:09.354] [SEVERE ] setting player 1 freeze to 891
[14:49:09.364] [SEVERE ] setting player 1 freeze to 881
[14:49:09.374] [SEVERE ] setting player 1 freeze to 871
[14:49:09.385] [SEVERE ] setting player 1 freeze to 860
[14:49:09.395] [SEVERE ] setting player 1 freeze to 850
[14:49:09.405] [SEVERE ] setting player 1 freeze to 840
[14:49:09.415] [SEVERE ] setting player 1 freeze to 830
[14:49:09.425] [SEVERE ] setting player 1 freeze to 820
[14:49:09.435] [SEVERE ] setting player 1 freeze to 810
[14:49:09.446] [SEVERE ] setting player 1 freeze to 799
[14:49:09.456] [SEVERE ] setting player 1 freeze to 789
[14:49:09.466] [SEVERE ] setting player 1 freeze to 779
[14:49:09.476] [SEVERE ] setting player 1 freeze to 769
[14:49:09.486] [SEVERE ] setting player 1 freeze to 759
[14:49:09.497] [SEVERE ] setting player 1 freeze to 748
[14:49:09.507] [SEVERE ] setting player 1 freeze to 738
[14:49:09.517] [SEVERE ] setting player 1 freeze to 728
[14:49:09.527] [SEVERE ] setting player 1 freeze to 718
[14:49:09.537] [SEVERE ] setting player 1 freeze to 708
[14:49:09.547] [SEVERE ] setting player 1 freeze to 698
[14:49:09.557] [SEVERE ] setting player 1 freeze to 688
[14:49:09.567] [SEVERE ] setting player 1 freeze to 678
[14:49:09.578] [SEVERE ] setting player 1 freeze to 667
[14:49:09.588] [SEVERE ] setting player 1 freeze to 657
[14:49:09.598] [SEVERE ] setting player 1 freeze to 647
[14:49:09.608] [SEVERE ] setting player 1 freeze to 637
[14:49:09.618] [SEVERE ] setting player 1 freeze to 627
[14:49:09.628] [SEVERE ] setting player 1 freeze to 617
[14:49:09.638] [SEVERE ] setting player 1 freeze to 607
[14:49:09.649] [SEVERE ] setting player 1 freeze to 596
[14:49:09.659] [SEVERE ] setting player 1 freeze to 586
[14:49:09.669] [SEVERE ] setting player 1 freeze to 576
[14:49:09.679] [SEVERE ] setting player 1 freeze to 566
[14:49:09.689] [SEVERE ] setting player 1 freeze to 556
[14:49:09.699] [SEVERE ] setting player 1 freeze to 546
[14:49:09.709] [SEVERE ] setting player 1 freeze to 536
[14:49:09.719] [SEVERE ] setting player 1 freeze to 526
[14:49:09.730] [SEVERE ] setting player 1 freeze to 515
[14:49:09.740] [SEVERE ] setting player 1 freeze to 505
[14:49:09.750] [SEVERE ] setting player 1 freeze to 495
[14:49:09.760] [SEVERE ] setting player 1 freeze to 485
[14:49:09.770] [SEVERE ] setting player 1 freeze to 475
[14:49:09.780] [SEVERE ] setting player 1 freeze to 465
[14:49:09.790] [SEVERE ] setting player 1 freeze to 455
[14:49:09.800] [SEVERE ] setting player 1 freeze to 445
[14:49:09.811] [SEVERE ] setting player 1 freeze to 434
[14:49:09.821] [SEVERE ] setting player 1 freeze to 424
[14:49:09.831] [SEVERE ] setting player 1 freeze to 414
[14:49:09.841] [SEVERE ] setting player 1 freeze to 404
[14:49:09.851] [SEVERE ] setting player 1 freeze to 394
[14:49:09.852] [SEVERE ] updating countdown to 59999
[14:49:09.861] [SEVERE ] setting player 1 freeze to 384
[14:49:09.871] [SEVERE ] setting player 1 freeze to 374
[14:49:09.881] [SEVERE ] setting player 1 freeze to 364
[14:49:09.892] [SEVERE ] setting player 1 freeze to 353
[14:49:09.902] [SEVERE ] setting player 1 freeze to 343
[14:49:09.912] [SEVERE ] setting player 1 freeze to 333
[14:49:09.922] [SEVERE ] setting player 1 freeze to 323
[14:49:09.932] [SEVERE ] setting player 1 freeze to 313
[14:49:09.942] [SEVERE ] setting player 1 freeze to 303
[14:49:09.952] [SEVERE ] setting player 1 freeze to 293
[14:49:09.963] [SEVERE ] setting player 1 freeze to 282
[14:49:09.973] [SEVERE ] setting player 1 freeze to 272
[14:49:09.983] [SEVERE ] setting player 1 freeze to 262
[14:49:09.993] [SEVERE ] setting player 1 freeze to 252
[14:49:10.003] [SEVERE ] setting player 1 freeze to 242
[14:49:10.013] [SEVERE ] setting player 1 freeze to 232
[14:49:10.023] [SEVERE ] setting player 1 freeze to 222
[14:49:10.033] [SEVERE ] setting player 1 freeze to 212
[14:49:10.044] [SEVERE ] setting player 1 freeze to 201
[14:49:10.054] [SEVERE ] setting player 1 freeze to 191
[14:49:10.064] [SEVERE ] setting player 1 freeze to 181
[14:49:10.074] [SEVERE ] setting player 1 freeze to 171
[14:49:10.084] [SEVERE ] setting player 1 freeze to 161
[14:49:10.094] [SEVERE ] setting player 1 freeze to 151
[14:49:10.104] [SEVERE ] setting player 1 freeze to 141
[14:49:10.115] [SEVERE ] setting player 1 freeze to 130
[14:49:10.125] [SEVERE ] setting player 1 freeze to 120
[14:49:10.135] [SEVERE ] setting player 1 freeze to 110
[14:49:10.145] [SEVERE ] setting player 1 freeze to 100
[14:49:10.155] [SEVERE ] setting player 1 freeze to 90
[14:49:10.165] [SEVERE ] setting player 1 freeze to 80
[14:49:10.175] [SEVERE ] setting player 1 freeze to 70
[14:49:10.185] [SEVERE ] setting player 1 freeze to 60
[14:49:10.195] [SEVERE ] setting player 1 freeze to 50
[14:49:10.206] [SEVERE ] setting player 1 freeze to 39
[14:49:10.216] [SEVERE ] setting player 1 freeze to 29
[14:49:10.226] [SEVERE ] setting player 1 freeze to 19
[14:49:10.236] [SEVERE ] setting player 1 freeze to 9
[14:49:10.246] [SEVERE ] setting player 1 freeze to -1
[14:49:10.852] [SEVERE ] updating countdown to 58999
[14:49:11.853] [SEVERE ] updating countdown to 57998
[14:49:12.853] [SEVERE ] updating countdown to 56998
[14:49:13.853] [SEVERE ] updating countdown to 55998
[14:49:14.853] [SEVERE ] updating countdown to 54998
[14:49:15.854] [SEVERE ] updating countdown to 53997
[14:49:16.844] [SEVERE ] key 69 was pressed by player 1
[14:49:16.845] [SEVERE ] player 1 placing token on slot 2
[14:49:16.854] [SEVERE ] updating countdown to 52997
[14:49:17.605] [SEVERE ] key 65 was pressed by player 1
[14:49:17.605] [SEVERE ] player 1 placing token on slot 4
[14:49:17.854] [SEVERE ] updating countdown to 51997
[14:49:18.573] [SEVERE ] key 90 was pressed by player 1
[14:49:18.573] [SEVERE ] player 1 placing token on slot 8
[14:49:18.573] [SEVERE ] setting player 1 score to 2
[14:49:18.573] [SEVERE ] removing player 1 token from slot 2
[14:49:18.574] [SEVERE ] removing player 1 token from slot 4
[14:49:18.574] [SEVERE ] removing player 1 token from slot 8
[14:49:18.575] [SEVERE ] removing player 2 token from slot 2
[14:49:18.575] [SEVERE ] removing player 2 token from slot 4
[14:49:18.575] [SEVERE ] removing player 2 token from slot 8
[14:49:18.576] [SEVERE ] setting player 1 freeze to 1999
[14:49:18.587] [SEVERE ] setting player 1 freeze to 1988
[14:49:18.598] [SEVERE ] setting player 1 freeze to 1977
[14:49:18.608] [SEVERE ] setting player 1 freeze to 1967
[14:49:18.619] [SEVERE ] setting player 1 freeze to 1956
[14:49:18.629] [SEVERE ] setting player 1 freeze to 1946
[14:49:18.639] [SEVERE ] setting player 1 freeze to 1936
[14:49:18.649] [SEVERE ] setting player 1 freeze to 1926
[14:49:18.659] [SEVERE ] setting player 1 freeze to 1916
[14:49:18.669] [SEVERE ] setting player 1 freeze to 1906
[14:49:18.675] [SEVERE ] removing card from slot 2
[14:49:18.680] [SEVERE ] setting player 1 freeze to 1895
[14:49:18.690] [SEVERE ] setting player 1 freeze to 1885
[14:49:18.700] [SEVERE ] setting player 1 freeze to 1875
[14:49:18.710] [SEVERE ] setting player 1 freeze to 1865
[14:49:18.720] [SEVERE ] setting player 1 freeze to 1855
[14:49:18.730] [SEVERE ] setting player 1 freeze to 1845
[14:49:18.740] [SEVERE ] setting player 1 freeze to 1835
[14:49:18.751] [SEVERE ] setting player 1 freeze to 1824
[14:49:18.761] [SEVERE ] setting player 1 freeze to 1814
[14:49:18.771] [SEVERE ] setting player 1 freeze to 1804
[14:49:18.775] [SEVERE ] removing card from slot 4
[14:49:18.781] [SEVERE ] setting player 1 freeze to 1794
[14:49:18.791] [SEVERE ] setting player 1 freeze to 1784
[14:49:18.801] [SEVERE ] setting player 1 freeze to 1774
[14:49:18.812] [SEVERE ] setting player 1 freeze to 1763
[14:49:18.822] [SEVERE ] setting player 1 freeze to 1753
[14:49:18.832] [SEVERE ] setting player 1 freeze to 1743
[14:49:18.842] [SEVERE ] setting player 1 freeze to 1733
[14:49:18.852] [SEVERE ] setting player 1 freeze to 1723
[14:49:18.862] [SEVERE ] setting player 1 freeze to 1713
[14:49:18.872] [SEVERE ] setting player 1 freeze to 1703
[14:49:18.875] [SEVERE ] removing card from slot 8
[14:49:18.883] [SEVERE ] setting player 1 freeze to 1692
[14:49:18.893] [SEVERE ] setting player 1 freeze to 1682
[14:49:18.903] [SEVERE ] setting player 1 freeze to 1672
[14:49:18.913] [SEVERE ] setting player 1 freeze to 1662
[14:49:18.923] [SEVERE ] setting player 1 freeze to 1652
[14:49:18.933] [SEVERE ] setting player 1 freeze to 1642
[14:49:18.944] [SEVERE ] setting player 1 freeze to 1632
[14:49:18.954] [SEVERE ] setting player 1 freeze to 1621
[14:49:18.964] [SEVERE ] setting player 1 freeze to 1611
[14:49:18.974] [SEVERE ] setting player 1 freeze to 1601
[14:49:18.976] [SEVERE ] placing card 16 in slot 2
[14:49:18.984] [SEVERE ] setting player 1 freeze to 1591
[14:49:18.994] [SEVERE ] setting player 1 freeze to 1581
[14:49:19.004] [SEVERE ] setting player 1 freeze to 1571
[14:49:19.014] [SEVERE ] setting player 1 freeze to 1561
[14:49:19.025] [SEVERE ] setting player 1 freeze to 1550
[14:49:19.035] [SEVERE ] setting player 1 freeze to 1540
[14:49:19.045] [SEVERE ] setting player 1 freeze to 1530
[14:49:19.055] [SEVERE ] setting player 1 freeze to 1520
[14:49:19.065] [SEVERE ] setting player 1 freeze to 1510
[14:49:19.075] [SEVERE ] setting player 1 freeze to 1500
[14:49:19.076] [SEVERE ] removing card from slot 0
[14:49:19.076] [SEVERE ] removing player 1 token from slot 0
[14:49:19.077] [SEVERE ] removing player 2 token from slot 0
[14:49:19.085] [SEVERE ] setting player 1 freeze to 1490
[14:49:19.096] [SEVERE ] setting player 1 freeze to 1479
[14:49:19.106] [SEVERE ] setting player 1 freeze to 1469
[14:49:19.116] [SEVERE ] setting player 1 freeze to 1459
[14:49:19.126] [SEVERE ] setting player 1 freeze to 1449
[14:49:19.136] [SEVERE ] setting player 1 freeze to 1439
[14:49:19.146] [SEVERE ] setting player 1 freeze to 1429
[14:49:19.156] [SEVERE ] setting player 1 freeze to 1419
[14:49:19.167] [SEVERE ] setting player 1 freeze to 1408
[14:49:19.177] [SEVERE ] setting player 1 freeze to 1398
[14:49:19.177] [SEVERE ] removing card from slot 1
[14:49:19.178] [SEVERE ] removing player 1 token from slot 1
[14:49:19.178] [SEVERE ] removing player 2 token from slot 1
[14:49:19.187] [SEVERE ] setting player 1 freeze to 1388
[14:49:19.197] [SEVERE ] setting player 1 freeze to 1378
[14:49:19.207] [SEVERE ] setting player 1 freeze to 1368
[14:49:19.217] [SEVERE ] setting player 1 freeze to 1358
[14:49:19.227] [SEVERE ] setting player 1 freeze to 1348
[14:49:19.238] [SEVERE ] setting player 1 freeze to 1338
[14:49:19.248] [SEVERE ] setting player 1 freeze to 1327
[14:49:19.258] [SEVERE ] setting player 1 freeze to 1317
[14:49:19.268] [SEVERE ] setting player 1 freeze to 1307
[14:49:19.278] [SEVERE ] setting player 1 freeze to 1297
[14:49:19.279] [SEVERE ] removing card from slot 2
[14:49:19.279] [SEVERE ] removing player 1 token from slot 2
[14:49:19.279] [SEVERE ] removing player 2 token from slot 2
[14:49:19.288] [SEVERE ] setting player 1 freeze to 1287
[14:49:19.299] [SEVERE ] setting player 1 freeze to 1276
[14:49:19.309] [SEVERE ] setting player 1 freeze to 1266
[14:49:19.319] [SEVERE ] setting player 1 freeze to 1256
[14:49:19.329] [SEVERE ] setting player 1 freeze to 1246
[14:49:19.339] [SEVERE ] setting player 1 freeze to 1236
[14:49:19.349] [SEVERE ] setting player 1 freeze to 1226
[14:49:19.360] [SEVERE ] setting player 1 freeze to 1215
[14:49:19.370] [SEVERE ] setting player 1 freeze to 1205
[14:49:19.380] [SEVERE ] setting player 1 freeze to 1195
[14:49:19.381] [SEVERE ] removing card from slot 3
[14:49:19.381] [SEVERE ] removing player 1 token from slot 3
[14:49:19.381] [SEVERE ] removing player 2 token from slot 3
[14:49:19.390] [SEVERE ] setting player 1 freeze to 1185
[14:49:19.400] [SEVERE ] setting player 1 freeze to 1175
[14:49:19.411] [SEVERE ] setting player 1 freeze to 1164
[14:49:19.421] [SEVERE ] setting player 1 freeze to 1154
[14:49:19.431] [SEVERE ] setting player 1 freeze to 1144
[14:49:19.441] [SEVERE ] setting player 1 freeze to 1134
[14:49:19.451] [SEVERE ] setting player 1 freeze to 1124
[14:49:19.461] [SEVERE ] setting player 1 freeze to 1114
[14:49:19.472] [SEVERE ] setting player 1 freeze to 1103
[14:49:19.481] [SEVERE ] removing card from slot 4
[14:49:19.481] [SEVERE ] removing player 1 token from slot 4
[14:49:19.482] [SEVERE ] removing player 2 token from slot 4
[14:49:19.482] [SEVERE ] setting player 1 freeze to 1093
[14:49:19.493] [SEVERE ] setting player 1 freeze to 1082
[14:49:19.503] [SEVERE ] setting player 1 freeze to 1072
[14:49:19.513] [SEVERE ] setting player 1 freeze to 1062
[14:49:19.523] [SEVERE ] setting player 1 freeze to 1052
[14:49:19.534] [SEVERE ] setting player 1 freeze to 1041
[14:49:19.544] [SEVERE ] setting player 1 freeze to 1031
[14:49:19.554] [SEVERE ] setting player 1 freeze to 1021
[14:49:19.564] [SEVERE ] setting player 1 freeze to 1011
[14:49:19.574] [SEVERE ] setting player 1 freeze to 1001
[14:49:19.582] [SEVERE ] removing card from slot 5
[14:49:19.582] [SEVERE ] removing player 1 token from slot 5
[14:49:19.583] [SEVERE ] removing player 2 token from slot 5
[14:49:19.584] [SEVERE ] setting player 1 freeze to 991
[14:49:19.594] [SEVERE ] setting player 1 freeze to 981
[14:49:19.605] [SEVERE ] setting player 1 freeze to 970
[14:49:19.615] [SEVERE ] setting player 1 freeze to 960
[14:49:19.625] [SEVERE ] setting player 1 freeze to 950
[14:49:19.635] [SEVERE ] setting player 1 freeze to 940
[14:49:19.645] [SEVERE ] setting player 1 freeze to 930
[14:49:19.655] [SEVERE ] setting player 1 freeze to 920
[14:49:19.665] [SEVERE ] setting player 1 freeze to 910
[14:49:19.675] [SEVERE ] setting player 1 freeze to 900
[14:49:19.684] [SEVERE ] removing card from slot 6
[14:49:19.684] [SEVERE ] removing player 1 token from slot 6
[14:49:19.684] [SEVERE ] removing player 2 token from slot 6
[14:49:19.686] [SEVERE ] setting player 1 freeze to 889
[14:49:19.696] [SEVERE ] setting player 1 freeze to 879
[14:49:19.706] [SEVERE ] setting player 1 freeze to 869
[14:49:19.716] [SEVERE ] setting player 1 freeze to 859
[14:49:19.726] [SEVERE ] setting player 1 freeze to 849
[14:49:19.736] [SEVERE ] setting player 1 freeze to 839
[14:49:19.747] [SEVERE ] setting player 1 freeze to 828
[14:49:19.757] [SEVERE ] setting player 1 freeze to 818
[14:49:19.767] [SEVERE ] setting player 1 freeze to 808
[14:49:19.777] [SEVERE ] setting player 1 freeze to 798
[14:49:19.785] [SEVERE ] removing card from slot 7
[14:49:19.785] [SEVERE ] removing player 1 token from slot 7
[14:49:19.786] [SEVERE ] removing player 2 token from slot 7
[14:49:19.787] [SEVERE ] setting player 1 freeze to 788
[14:49:19.797] [SEVERE ] setting player 1 freeze to 778
[14:49:19.807] [SEVERE ] setting player 1 freeze to 768
[14:49:19.817] [SEVERE ] setting player 1 freeze to 758
[14:49:19.828] [SEVERE ] setting player 1 freeze to 747
[14:49:19.838] [SEVERE ] setting player 1 freeze to 737
[14:49:19.848] [SEVERE ] setting player 1 freeze to 727
[14:49:19.858] [SEVERE ] setting player 1 freeze to 717
[14:49:19.868] [SEVERE ] setting player 1 freeze to 707
[14:49:19.878] [SEVERE ] setting player 1 freeze to 697
[14:49:19.886] [SEVERE ] removing card from slot 8
[14:49:19.886] [SEVERE ] removing player 1 token from slot 8
[14:49:19.886] [SEVERE ] removing player 2 token from slot 8
[14:49:19.889] [SEVERE ] setting player 1 freeze to 686
[14:49:19.899] [SEVERE ] setting player 1 freeze to 676
[14:49:19.909] [SEVERE ] setting player 1 freeze to 666
[14:49:19.919] [SEVERE ] setting player 1 freeze to 656
[14:49:19.929] [SEVERE ] setting player 1 freeze to 646
[14:49:19.939] [SEVERE ] setting player 1 freeze to 636
[14:49:19.950] [SEVERE ] setting player 1 freeze to 625
[14:49:19.960] [SEVERE ] setting player 1 freeze to 615
[14:49:19.970] [SEVERE ] setting player 1 freeze to 605
[14:49:19.980] [SEVERE ] setting player 1 freeze to 595
[14:49:19.987] [SEVERE ] removing card from slot 9
[14:49:19.987] [SEVERE ] removing player 1 token from slot 9
[14:49:19.987] [SEVERE ] removing player 2 token from slot 9
[14:49:19.990] [SEVERE ] setting player 1 freeze to 585
[14:49:20.000] [SEVERE ] setting player 1 freeze to 575
[14:49:20.010] [SEVERE ] setting player 1 freeze to 565
[14:49:20.021] [SEVERE ] setting player 1 freeze to 554
[14:49:20.031] [SEVERE ] setting player 1 freeze to 544
[14:49:20.041] [SEVERE ] setting player 1 freeze to 534
[14:49:20.051] [SEVERE ] setting player 1 freeze to 524
[14:49:20.061] [SEVERE ] setting player 1 freeze to 514
[14:49:20.071] [SEVERE ] setting player 1 freeze to 504
[14:49:20.081] [SEVERE ] setting player 1 freeze to 494
[14:49:20.088] [SEVERE ] removing card from slot 10
[14:49:20.088] [SEVERE ] removing player 1 token from slot 10
[14:49:20.089] [SEVERE ] removing player 2 token from slot 10
[14:49:20.092] [SEVERE ] setting player 1 freeze to 483
[14:49:20.102] [SEVERE ] setting player 1 freeze to 473
[14:49:20.112] [SEVERE ] setting player 1 freeze to 463
[14:49:20.122] [SEVERE ] setting player 1 freeze to 453
[14:49:20.132] [SEVERE ] setting player 1 freeze to 443
[14:49:20.142] [SEVERE ] setting player 1 freeze to 433
[14:49:20.152] [SEVERE ] setting player 1 freeze to 423
[14:49:20.163] [SEVERE ] setting player 1 freeze to 412
[14:49:20.173] [SEVERE ] setting player 1 freeze to 402
[14:49:20.183] [SEVERE ] setting player 1 freeze to 392
[14:49:20.189] [SEVERE ] removing card from slot 11
[14:49:20.189] [SEVERE ] removing player 1 token from slot 11
[14:49:20.190] [SEVERE ] removing player 2 token from slot 11
[14:49:20.191] [SEVERE ] announcing winner(s): player 1
[14:49:20.192] [INFO   ] Thread player1 terminated.
[14:49:20.192] [INFO   ] Thread player0 terminated.
[14:49:20.193] [INFO   ] Thread dealer terminated.
[14:49:20.193] [SEVERE ] setting player 1 freeze to 382
[14:49:20.193] [INFO   ] thread dealer terminated.
[14:49:25.194] [SEVERE ] thanks for playing... it was fun!
[14:49:25.195] [INFO   ] thread main terminated.
[14:49:25.195] [SEVERE ] disposing of user interface elements
