[14:18:02.875] [INFO   ] thread main starting.
[14:18:02.881] [SEVERE ] cannot read configuration file config.properties trying from resources.
[14:18:02.882] [SEVERE ] configuration file was loaded from resources directory.
[14:18:03.245] [INFO   ] thread dealer starting.
[14:18:03.245] [INFO   ] Thread dealer starting.
[14:18:03.246] [INFO   ] Thread player0 starting.
[14:18:03.257] [INFO   ] Thread player1 starting.
[14:18:03.352] [SEVERE ] placing card 42 in slot 0
[14:18:03.454] [SEVERE ] placing card 21 in slot 1
[14:18:03.555] [SEVERE ] placing card 68 in slot 2
[14:18:03.655] [SEVERE ] placing card 22 in slot 3
[14:18:03.756] [SEVERE ] placing card 9 in slot 4
[14:18:03.856] [SEVERE ] placing card 47 in slot 5
[14:18:03.957] [SEVERE ] placing card 23 in slot 6
[14:18:04.057] [SEVERE ] placing card 74 in slot 7
[14:18:04.157] [SEVERE ] placing card 66 in slot 8
[14:18:04.258] [SEVERE ] placing card 2 in slot 9
[14:18:04.358] [SEVERE ] placing card 38 in slot 10
[14:18:04.459] [SEVERE ] placing card 18 in slot 11
[14:18:04.464] [SEVERE ] updating countdown to 60000
[14:18:05.465] [SEVERE ] updating countdown to 59999
[14:18:06.466] [SEVERE ] updating countdown to 58998
[14:18:07.467] [SEVERE ] updating countdown to 57997
[14:18:08.467] [SEVERE ] updating countdown to 56997
[14:18:09.468] [SEVERE ] updating countdown to 55996
[14:18:10.373] [SEVERE ] key 81 was pressed by player 1
[14:18:10.374] [SEVERE ] player 1 placing token on slot 0
[14:18:10.469] [SEVERE ] updating countdown to 54995
[14:18:11.469] [SEVERE ] updating countdown to 53995
[14:18:11.915] [SEVERE ] key 65 was pressed by player 1
[14:18:11.916] [SEVERE ] player 1 placing token on slot 4
[14:18:12.470] [SEVERE ] updating countdown to 52994
[14:18:13.188] [SEVERE ] key 90 was pressed by player 1
[14:18:13.188] [SEVERE ] player 1 placing token on slot 8
[14:18:13.189] [SEVERE ] setting player 1 score to 1
[14:18:13.190] [SEVERE ] removing player 1 token from slot 0
[14:18:13.190] [SEVERE ] removing player 1 token from slot 4
[14:18:13.190] [SEVERE ] removing player 1 token from slot 8
[14:18:13.191] [SEVERE ] removing player 2 token from slot 0
[14:18:13.191] [SEVERE ] removing player 2 token from slot 4
[14:18:13.192] [SEVERE ] removing player 2 token from slot 8
[14:18:13.190] [SEVERE ] setting player 1 freeze to 1999
[14:18:13.203] [SEVERE ] setting player 1 freeze to 1986
[14:18:13.213] [SEVERE ] setting player 1 freeze to 1976
[14:18:13.224] [SEVERE ] setting player 1 freeze to 1965
[14:18:13.235] [SEVERE ] setting player 1 freeze to 1954
[14:18:13.245] [SEVERE ] setting player 1 freeze to 1944
[14:18:13.255] [SEVERE ] setting player 1 freeze to 1934
[14:18:13.266] [SEVERE ] setting player 1 freeze to 1923
[14:18:13.276] [SEVERE ] setting player 1 freeze to 1913
[14:18:13.286] [SEVERE ] setting player 1 freeze to 1903
[14:18:13.292] [SEVERE ] removing card from slot 0
[14:18:13.297] [SEVERE ] setting player 1 freeze to 1892
[14:18:13.307] [SEVERE ] setting player 1 freeze to 1882
[14:18:13.318] [SEVERE ] setting player 1 freeze to 1871
[14:18:13.328] [SEVERE ] setting player 1 freeze to 1861
[14:18:13.338] [SEVERE ] setting player 1 freeze to 1851
[14:18:13.349] [SEVERE ] setting player 1 freeze to 1840
[14:18:13.359] [SEVERE ] setting player 1 freeze to 1830
[14:18:13.370] [SEVERE ] setting player 1 freeze to 1819
[14:18:13.380] [SEVERE ] setting player 1 freeze to 1809
[14:18:13.390] [SEVERE ] setting player 1 freeze to 1799
[14:18:13.393] [SEVERE ] removing card from slot 4
[14:18:13.401] [SEVERE ] setting player 1 freeze to 1788
[14:18:13.411] [SEVERE ] setting player 1 freeze to 1778
[14:18:13.421] [SEVERE ] setting player 1 freeze to 1768
[14:18:13.432] [SEVERE ] setting player 1 freeze to 1757
[14:18:13.442] [SEVERE ] setting player 1 freeze to 1747
[14:18:13.452] [SEVERE ] setting player 1 freeze to 1737
[14:18:13.463] [SEVERE ] setting player 1 freeze to 1726
[14:18:13.473] [SEVERE ] setting player 1 freeze to 1716
[14:18:13.483] [SEVERE ] setting player 1 freeze to 1706
[14:18:13.493] [SEVERE ] removing card from slot 8
[14:18:13.494] [SEVERE ] setting player 1 freeze to 1695
[14:18:13.504] [SEVERE ] setting player 1 freeze to 1685
[14:18:13.514] [SEVERE ] setting player 1 freeze to 1675
[14:18:13.525] [SEVERE ] setting player 1 freeze to 1664
[14:18:13.535] [SEVERE ] setting player 1 freeze to 1654
[14:18:13.546] [SEVERE ] setting player 1 freeze to 1644
[14:18:13.556] [SEVERE ] setting player 1 freeze to 1633
[14:18:13.566] [SEVERE ] setting player 1 freeze to 1623
[14:18:13.576] [SEVERE ] setting player 1 freeze to 1613
[14:18:13.587] [SEVERE ] setting player 1 freeze to 1602
[14:18:13.594] [SEVERE ] placing card 32 in slot 0
[14:18:13.597] [SEVERE ] setting player 1 freeze to 1592
[14:18:13.607] [SEVERE ] setting player 1 freeze to 1582
[14:18:13.618] [SEVERE ] setting player 1 freeze to 1571
[14:18:13.628] [SEVERE ] setting player 1 freeze to 1561
[14:18:13.638] [SEVERE ] setting player 1 freeze to 1551
[14:18:13.649] [SEVERE ] setting player 1 freeze to 1540
[14:18:13.659] [SEVERE ] setting player 1 freeze to 1530
[14:18:13.669] [SEVERE ] setting player 1 freeze to 1520
[14:18:13.680] [SEVERE ] setting player 1 freeze to 1509
[14:18:13.690] [SEVERE ] setting player 1 freeze to 1499
[14:18:13.695] [SEVERE ] placing card 70 in slot 4
[14:18:13.701] [SEVERE ] setting player 1 freeze to 1488
[14:18:13.711] [SEVERE ] setting player 1 freeze to 1478
[14:18:13.721] [SEVERE ] setting player 1 freeze to 1468
[14:18:13.732] [SEVERE ] setting player 1 freeze to 1457
[14:18:13.742] [SEVERE ] setting player 1 freeze to 1447
[14:18:13.752] [SEVERE ] setting player 1 freeze to 1437
[14:18:13.763] [SEVERE ] setting player 1 freeze to 1426
[14:18:13.773] [SEVERE ] setting player 1 freeze to 1416
[14:18:13.783] [SEVERE ] setting player 1 freeze to 1406
[14:18:13.794] [SEVERE ] setting player 1 freeze to 1395
[14:18:13.795] [SEVERE ] placing card 69 in slot 8
[14:18:13.804] [SEVERE ] setting player 1 freeze to 1385
[14:18:13.809] [SEVERE ] updating countdown to 60000
[14:18:13.814] [SEVERE ] setting player 1 freeze to 1375
[14:18:13.825] [SEVERE ] setting player 1 freeze to 1364
[14:18:13.835] [SEVERE ] setting player 1 freeze to 1354
[14:18:13.845] [SEVERE ] setting player 1 freeze to 1344
[14:18:13.856] [SEVERE ] setting player 1 freeze to 1333
[14:18:13.867] [SEVERE ] setting player 1 freeze to 1322
[14:18:13.877] [SEVERE ] setting player 1 freeze to 1312
[14:18:13.887] [SEVERE ] setting player 1 freeze to 1302
[14:18:13.898] [SEVERE ] setting player 1 freeze to 1291
[14:18:13.908] [SEVERE ] setting player 1 freeze to 1281
[14:18:13.918] [SEVERE ] setting player 1 freeze to 1271
[14:18:13.929] [SEVERE ] setting player 1 freeze to 1260
[14:18:13.939] [SEVERE ] setting player 1 freeze to 1250
[14:18:13.949] [SEVERE ] setting player 1 freeze to 1240
[14:18:13.960] [SEVERE ] setting player 1 freeze to 1229
[14:18:13.970] [SEVERE ] setting player 1 freeze to 1219
[14:18:13.981] [SEVERE ] setting player 1 freeze to 1209
[14:18:13.991] [SEVERE ] setting player 1 freeze to 1198
[14:18:14.001] [SEVERE ] setting player 1 freeze to 1188
[14:18:14.011] [SEVERE ] setting player 1 freeze to 1178
[14:18:14.022] [SEVERE ] setting player 1 freeze to 1167
[14:18:14.032] [SEVERE ] setting player 1 freeze to 1157
[14:18:14.042] [SEVERE ] setting player 1 freeze to 1147
[14:18:14.053] [SEVERE ] setting player 1 freeze to 1136
[14:18:14.063] [SEVERE ] setting player 1 freeze to 1126
[14:18:14.073] [SEVERE ] setting player 1 freeze to 1116
[14:18:14.084] [SEVERE ] setting player 1 freeze to 1105
[14:18:14.094] [SEVERE ] setting player 1 freeze to 1095
[14:18:14.104] [SEVERE ] setting player 1 freeze to 1085
[14:18:14.114] [SEVERE ] setting player 1 freeze to 1075
[14:18:14.125] [SEVERE ] setting player 1 freeze to 1064
[14:18:14.135] [SEVERE ] setting player 1 freeze to 1054
[14:18:14.145] [SEVERE ] setting player 1 freeze to 1044
[14:18:14.156] [SEVERE ] setting player 1 freeze to 1033
[14:18:14.166] [SEVERE ] setting player 1 freeze to 1023
[14:18:14.176] [SEVERE ] setting player 1 freeze to 1013
[14:18:14.187] [SEVERE ] setting player 1 freeze to 1002
[14:18:14.197] [SEVERE ] setting player 1 freeze to 992
[14:18:14.207] [SEVERE ] setting player 1 freeze to 982
[14:18:14.218] [SEVERE ] setting player 1 freeze to 971
[14:18:14.228] [SEVERE ] setting player 1 freeze to 961
[14:18:14.239] [SEVERE ] setting player 1 freeze to 950
[14:18:14.249] [SEVERE ] setting player 1 freeze to 940
[14:18:14.259] [SEVERE ] setting player 1 freeze to 930
[14:18:14.270] [SEVERE ] setting player 1 freeze to 919
[14:18:14.280] [SEVERE ] setting player 1 freeze to 909
[14:18:14.290] [SEVERE ] setting player 1 freeze to 899
[14:18:14.301] [SEVERE ] setting player 1 freeze to 888
[14:18:14.311] [SEVERE ] setting player 1 freeze to 878
[14:18:14.321] [SEVERE ] setting player 1 freeze to 868
[14:18:14.332] [SEVERE ] setting player 1 freeze to 857
[14:18:14.342] [SEVERE ] setting player 1 freeze to 847
[14:18:14.352] [SEVERE ] setting player 1 freeze to 837
[14:18:14.363] [SEVERE ] setting player 1 freeze to 826
[14:18:14.373] [SEVERE ] setting player 1 freeze to 816
[14:18:14.383] [SEVERE ] setting player 1 freeze to 806
[14:18:14.393] [SEVERE ] setting player 1 freeze to 796
[14:18:14.404] [SEVERE ] setting player 1 freeze to 785
[14:18:14.414] [SEVERE ] setting player 1 freeze to 775
[14:18:14.425] [SEVERE ] setting player 1 freeze to 765
[14:18:14.435] [SEVERE ] setting player 1 freeze to 754
[14:18:14.445] [SEVERE ] setting player 1 freeze to 744
[14:18:14.455] [SEVERE ] setting player 1 freeze to 734
[14:18:14.466] [SEVERE ] setting player 1 freeze to 723
[14:18:14.476] [SEVERE ] setting player 1 freeze to 713
[14:18:14.487] [SEVERE ] setting player 1 freeze to 702
[14:18:14.497] [SEVERE ] setting player 1 freeze to 692
[14:18:14.507] [SEVERE ] setting player 1 freeze to 682
[14:18:14.518] [SEVERE ] setting player 1 freeze to 671
[14:18:14.528] [SEVERE ] setting player 1 freeze to 661
[14:18:14.538] [SEVERE ] setting player 1 freeze to 651
[14:18:14.548] [SEVERE ] setting player 1 freeze to 641
[14:18:14.559] [SEVERE ] setting player 1 freeze to 630
[14:18:14.569] [SEVERE ] setting player 1 freeze to 620
[14:18:14.579] [SEVERE ] setting player 1 freeze to 610
[14:18:14.590] [SEVERE ] setting player 1 freeze to 599
[14:18:14.600] [SEVERE ] setting player 1 freeze to 589
[14:18:14.610] [SEVERE ] setting player 1 freeze to 579
[14:18:14.620] [SEVERE ] setting player 1 freeze to 569
[14:18:14.631] [SEVERE ] setting player 1 freeze to 558
[14:18:14.641] [SEVERE ] setting player 1 freeze to 548
[14:18:14.652] [SEVERE ] setting player 1 freeze to 537
[14:18:14.662] [SEVERE ] setting player 1 freeze to 527
[14:18:14.672] [SEVERE ] setting player 1 freeze to 517
[14:18:14.683] [SEVERE ] setting player 1 freeze to 506
[14:18:14.693] [SEVERE ] setting player 1 freeze to 496
[14:18:14.703] [SEVERE ] setting player 1 freeze to 486
[14:18:14.714] [SEVERE ] setting player 1 freeze to 475
[14:18:14.724] [SEVERE ] setting player 1 freeze to 465
[14:18:14.734] [SEVERE ] setting player 1 freeze to 455
[14:18:14.745] [SEVERE ] setting player 1 freeze to 444
[14:18:14.755] [SEVERE ] setting player 1 freeze to 434
[14:18:14.765] [SEVERE ] setting player 1 freeze to 424
[14:18:14.775] [SEVERE ] setting player 1 freeze to 414
[14:18:14.786] [SEVERE ] setting player 1 freeze to 403
[14:18:14.796] [SEVERE ] setting player 1 freeze to 393
[14:18:14.806] [SEVERE ] setting player 1 freeze to 383
[14:18:14.809] [SEVERE ] updating countdown to 59999
[14:18:14.817] [SEVERE ] setting player 1 freeze to 372
[14:18:14.827] [SEVERE ] setting player 1 freeze to 362
[14:18:14.837] [SEVERE ] setting player 1 freeze to 352
[14:18:14.848] [SEVERE ] setting player 1 freeze to 341
[14:18:14.858] [SEVERE ] setting player 1 freeze to 331
[14:18:14.868] [SEVERE ] setting player 1 freeze to 321
[14:18:14.878] [SEVERE ] setting player 1 freeze to 311
[14:18:14.889] [SEVERE ] setting player 1 freeze to 300
[14:18:14.899] [SEVERE ] setting player 1 freeze to 290
[14:18:14.909] [SEVERE ] setting player 1 freeze to 280
[14:18:14.920] [SEVERE ] setting player 1 freeze to 269
[14:18:14.930] [SEVERE ] setting player 1 freeze to 259
[14:18:14.940] [SEVERE ] setting player 1 freeze to 249
[14:18:14.951] [SEVERE ] setting player 1 freeze to 238
[14:18:14.961] [SEVERE ] setting player 1 freeze to 228
[14:18:14.971] [SEVERE ] setting player 1 freeze to 218
[14:18:14.981] [SEVERE ] setting player 1 freeze to 208
[14:18:14.992] [SEVERE ] setting player 1 freeze to 197
[14:18:15.002] [SEVERE ] setting player 1 freeze to 187
[14:18:15.012] [SEVERE ] setting player 1 freeze to 177
[14:18:15.023] [SEVERE ] setting player 1 freeze to 166
[14:18:15.033] [SEVERE ] setting player 1 freeze to 156
[14:18:15.043] [SEVERE ] setting player 1 freeze to 146
[14:18:15.053] [SEVERE ] setting player 1 freeze to 136
[14:18:15.064] [SEVERE ] setting player 1 freeze to 125
[14:18:15.074] [SEVERE ] setting player 1 freeze to 115
[14:18:15.084] [SEVERE ] setting player 1 freeze to 105
[14:18:15.095] [SEVERE ] setting player 1 freeze to 94
[14:18:15.105] [SEVERE ] setting player 1 freeze to 84
[14:18:15.116] [SEVERE ] setting player 1 freeze to 73
[14:18:15.126] [SEVERE ] setting player 1 freeze to 63
[14:18:15.137] [SEVERE ] setting player 1 freeze to 52
[14:18:15.147] [SEVERE ] setting player 1 freeze to 42
[14:18:15.157] [SEVERE ] setting player 1 freeze to 32
[14:18:15.168] [SEVERE ] setting player 1 freeze to 21
[14:18:15.178] [SEVERE ] setting player 1 freeze to 11
[14:18:15.188] [SEVERE ] setting player 1 freeze to 1
[14:18:15.198] [SEVERE ] setting player 1 freeze to -9
[14:18:15.809] [SEVERE ] updating countdown to 58999
[14:18:16.810] [SEVERE ] updating countdown to 57998
[14:18:17.810] [SEVERE ] updating countdown to 56998
[14:18:18.810] [SEVERE ] updating countdown to 55998
[14:18:19.810] [SEVERE ] updating countdown to 54998
[14:18:20.811] [SEVERE ] updating countdown to 53997
[14:18:21.811] [SEVERE ] updating countdown to 52997
[14:18:22.812] [SEVERE ] updating countdown to 51996
[14:18:23.813] [SEVERE ] updating countdown to 50995
[14:18:24.813] [SEVERE ] updating countdown to 49995
[14:18:25.814] [SEVERE ] updating countdown to 48994
[14:18:26.814] [SEVERE ] updating countdown to 47994
[14:18:27.595] [SEVERE ] key 81 was pressed by player 1
[14:18:27.596] [SEVERE ] player 1 placing token on slot 0
[14:18:27.815] [SEVERE ] updating countdown to 46993
[14:18:28.092] [SEVERE ] key 69 was pressed by player 1
[14:18:28.092] [SEVERE ] player 1 placing token on slot 2
[14:18:28.816] [SEVERE ] updating countdown to 45992
[14:18:29.283] [SEVERE ] key 68 was pressed by player 1
[14:18:29.283] [SEVERE ] player 1 placing token on slot 6
[14:18:29.284] [SEVERE ] setting player 1 score to 2
[14:18:29.284] [SEVERE ] removing player 1 token from slot 0
[14:18:29.285] [SEVERE ] removing player 1 token from slot 2
[14:18:29.285] [SEVERE ] removing player 1 token from slot 6
[14:18:29.285] [SEVERE ] removing player 2 token from slot 0
[14:18:29.285] [SEVERE ] removing player 2 token from slot 2
[14:18:29.285] [SEVERE ] removing player 2 token from slot 6
[14:18:29.285] [SEVERE ] setting player 1 freeze to 1999
[14:18:29.297] [SEVERE ] setting player 1 freeze to 1987
[14:18:29.307] [SEVERE ] setting player 1 freeze to 1977
[14:18:29.318] [SEVERE ] setting player 1 freeze to 1966
[14:18:29.328] [SEVERE ] setting player 1 freeze to 1956
[14:18:29.338] [SEVERE ] setting player 1 freeze to 1946
[14:18:29.348] [SEVERE ] setting player 1 freeze to 1936
[14:18:29.359] [SEVERE ] setting player 1 freeze to 1925
[14:18:29.369] [SEVERE ] setting player 1 freeze to 1915
[14:18:29.379] [SEVERE ] setting player 1 freeze to 1905
[14:18:29.385] [SEVERE ] removing card from slot 0
[14:18:29.390] [SEVERE ] setting player 1 freeze to 1894
[14:18:29.400] [SEVERE ] setting player 1 freeze to 1884
[14:18:29.411] [SEVERE ] setting player 1 freeze to 1873
[14:18:29.421] [SEVERE ] setting player 1 freeze to 1863
[14:18:29.431] [SEVERE ] setting player 1 freeze to 1853
[14:18:29.441] [SEVERE ] setting player 1 freeze to 1843
[14:18:29.452] [SEVERE ] setting player 1 freeze to 1832
[14:18:29.462] [SEVERE ] setting player 1 freeze to 1822
[14:18:29.472] [SEVERE ] setting player 1 freeze to 1812
[14:18:29.482] [SEVERE ] setting player 1 freeze to 1802
[14:18:29.485] [SEVERE ] removing card from slot 2
[14:18:29.492] [SEVERE ] setting player 1 freeze to 1792
[14:18:29.503] [SEVERE ] setting player 1 freeze to 1781
[14:18:29.513] [SEVERE ] setting player 1 freeze to 1771
[14:18:29.523] [SEVERE ] setting player 1 freeze to 1761
[14:18:29.533] [SEVERE ] setting player 1 freeze to 1751
[14:18:29.544] [SEVERE ] setting player 1 freeze to 1740
[14:18:29.554] [SEVERE ] setting player 1 freeze to 1730
[14:18:29.564] [SEVERE ] setting player 1 freeze to 1720
[14:18:29.575] [SEVERE ] setting player 1 freeze to 1709
[14:18:29.585] [SEVERE ] setting player 1 freeze to 1699
[14:18:29.586] [SEVERE ] removing card from slot 6
[14:18:29.595] [SEVERE ] setting player 1 freeze to 1689
[14:18:29.605] [SEVERE ] setting player 1 freeze to 1679
[14:18:29.616] [SEVERE ] setting player 1 freeze to 1668
[14:18:29.626] [SEVERE ] setting player 1 freeze to 1658
[14:18:29.636] [SEVERE ] setting player 1 freeze to 1648
[14:18:29.646] [SEVERE ] setting player 1 freeze to 1638
[14:18:29.657] [SEVERE ] setting player 1 freeze to 1627
[14:18:29.667] [SEVERE ] setting player 1 freeze to 1617
[14:18:29.677] [SEVERE ] setting player 1 freeze to 1607
[14:18:29.687] [SEVERE ] placing card 30 in slot 0
[14:18:29.689] [SEVERE ] setting player 1 freeze to 1595
[14:18:29.699] [SEVERE ] setting player 1 freeze to 1585
[14:18:29.710] [SEVERE ] setting player 1 freeze to 1574
[14:18:29.720] [SEVERE ] setting player 1 freeze to 1564
[14:18:29.730] [SEVERE ] setting player 1 freeze to 1554
[14:18:29.740] [SEVERE ] setting player 1 freeze to 1544
[14:18:29.751] [SEVERE ] setting player 1 freeze to 1533
[14:18:29.761] [SEVERE ] setting player 1 freeze to 1523
[14:18:29.771] [SEVERE ] setting player 1 freeze to 1513
[14:18:29.781] [SEVERE ] setting player 1 freeze to 1503
[14:18:29.788] [SEVERE ] placing card 5 in slot 2
[14:18:29.792] [SEVERE ] setting player 1 freeze to 1492
[14:18:29.802] [SEVERE ] setting player 1 freeze to 1482
[14:18:29.812] [SEVERE ] setting player 1 freeze to 1472
[14:18:29.822] [SEVERE ] setting player 1 freeze to 1462
[14:18:29.832] [SEVERE ] setting player 1 freeze to 1452
[14:18:29.843] [SEVERE ] setting player 1 freeze to 1441
[14:18:29.853] [SEVERE ] setting player 1 freeze to 1431
[14:18:29.863] [SEVERE ] setting player 1 freeze to 1421
[14:18:29.874] [SEVERE ] setting player 1 freeze to 1410
[14:18:29.884] [SEVERE ] setting player 1 freeze to 1400
[14:18:29.889] [SEVERE ] placing card 62 in slot 6
[14:18:29.890] [SEVERE ] updating countdown to 60000
[14:18:29.894] [SEVERE ] setting player 1 freeze to 1390
[14:18:29.904] [SEVERE ] setting player 1 freeze to 1380
[14:18:29.915] [SEVERE ] setting player 1 freeze to 1369
[14:18:29.925] [SEVERE ] setting player 1 freeze to 1359
[14:18:29.935] [SEVERE ] setting player 1 freeze to 1349
[14:18:29.946] [SEVERE ] setting player 1 freeze to 1338
[14:18:29.956] [SEVERE ] setting player 1 freeze to 1328
[14:18:29.966] [SEVERE ] setting player 1 freeze to 1318
[14:18:29.976] [SEVERE ] setting player 1 freeze to 1308
[14:18:29.987] [SEVERE ] setting player 1 freeze to 1297
[14:18:29.997] [SEVERE ] setting player 1 freeze to 1287
[14:18:30.007] [SEVERE ] setting player 1 freeze to 1277
[14:18:30.018] [SEVERE ] setting player 1 freeze to 1266
[14:18:30.028] [SEVERE ] setting player 1 freeze to 1256
[14:18:30.038] [SEVERE ] setting player 1 freeze to 1246
[14:18:30.048] [SEVERE ] setting player 1 freeze to 1236
[14:18:30.059] [SEVERE ] setting player 1 freeze to 1225
[14:18:30.069] [SEVERE ] setting player 1 freeze to 1215
[14:18:30.079] [SEVERE ] setting player 1 freeze to 1205
[14:18:30.090] [SEVERE ] setting player 1 freeze to 1194
[14:18:30.100] [SEVERE ] setting player 1 freeze to 1184
[14:18:30.110] [SEVERE ] setting player 1 freeze to 1174
[14:18:30.120] [SEVERE ] setting player 1 freeze to 1164
[14:18:30.131] [SEVERE ] setting player 1 freeze to 1153
[14:18:30.141] [SEVERE ] setting player 1 freeze to 1143
[14:18:30.151] [SEVERE ] setting player 1 freeze to 1133
[14:18:30.161] [SEVERE ] setting player 1 freeze to 1123
[14:18:30.172] [SEVERE ] setting player 1 freeze to 1112
[14:18:30.182] [SEVERE ] setting player 1 freeze to 1102
[14:18:30.192] [SEVERE ] setting player 1 freeze to 1092
[14:18:30.202] [SEVERE ] setting player 1 freeze to 1082
[14:18:30.213] [SEVERE ] setting player 1 freeze to 1071
[14:18:30.223] [SEVERE ] setting player 1 freeze to 1061
[14:18:30.233] [SEVERE ] setting player 1 freeze to 1051
[14:18:30.243] [SEVERE ] setting player 1 freeze to 1041
[14:18:30.254] [SEVERE ] setting player 1 freeze to 1030
[14:18:30.264] [SEVERE ] setting player 1 freeze to 1020
[14:18:30.274] [SEVERE ] setting player 1 freeze to 1010
[14:18:30.285] [SEVERE ] setting player 1 freeze to 999
[14:18:30.295] [SEVERE ] setting player 1 freeze to 989
[14:18:30.305] [SEVERE ] setting player 1 freeze to 979
[14:18:30.315] [SEVERE ] setting player 1 freeze to 969
[14:18:30.325] [SEVERE ] setting player 1 freeze to 959
[14:18:30.336] [SEVERE ] setting player 1 freeze to 948
[14:18:30.346] [SEVERE ] setting player 1 freeze to 938
[14:18:30.356] [SEVERE ] setting player 1 freeze to 928
[14:18:30.367] [SEVERE ] setting player 1 freeze to 917
[14:18:30.377] [SEVERE ] setting player 1 freeze to 907
[14:18:30.387] [SEVERE ] setting player 1 freeze to 897
[14:18:30.398] [SEVERE ] setting player 1 freeze to 886
[14:18:30.408] [SEVERE ] setting player 1 freeze to 876
[14:18:30.418] [SEVERE ] setting player 1 freeze to 866
[14:18:30.429] [SEVERE ] setting player 1 freeze to 855
[14:18:30.439] [SEVERE ] setting player 1 freeze to 845
[14:18:30.449] [SEVERE ] setting player 1 freeze to 835
[14:18:30.459] [SEVERE ] setting player 1 freeze to 825
[14:18:30.470] [SEVERE ] setting player 1 freeze to 814
[14:18:30.480] [SEVERE ] setting player 1 freeze to 804
[14:18:30.490] [SEVERE ] setting player 1 freeze to 794
[14:18:30.501] [SEVERE ] setting player 1 freeze to 783
[14:18:30.511] [SEVERE ] setting player 1 freeze to 773
[14:18:30.521] [SEVERE ] setting player 1 freeze to 763
[14:18:30.531] [SEVERE ] setting player 1 freeze to 753
[14:18:30.542] [SEVERE ] setting player 1 freeze to 742
[14:18:30.552] [SEVERE ] setting player 1 freeze to 732
[14:18:30.562] [SEVERE ] setting player 1 freeze to 722
[14:18:30.572] [SEVERE ] setting player 1 freeze to 712
[14:18:30.583] [SEVERE ] setting player 1 freeze to 701
[14:18:30.593] [SEVERE ] setting player 1 freeze to 691
[14:18:30.603] [SEVERE ] setting player 1 freeze to 681
[14:18:30.613] [SEVERE ] setting player 1 freeze to 671
[14:18:30.624] [SEVERE ] setting player 1 freeze to 660
[14:18:30.634] [SEVERE ] setting player 1 freeze to 650
[14:18:30.644] [SEVERE ] setting player 1 freeze to 640
[14:18:30.654] [SEVERE ] setting player 1 freeze to 630
[14:18:30.665] [SEVERE ] setting player 1 freeze to 619
[14:18:30.675] [SEVERE ] setting player 1 freeze to 609
[14:18:30.685] [SEVERE ] setting player 1 freeze to 599
[14:18:30.695] [SEVERE ] setting player 1 freeze to 589
[14:18:30.705] [SEVERE ] setting player 1 freeze to 579
[14:18:30.716] [SEVERE ] setting player 1 freeze to 568
[14:18:30.726] [SEVERE ] setting player 1 freeze to 558
[14:18:30.736] [SEVERE ] setting player 1 freeze to 548
[14:18:30.746] [SEVERE ] setting player 1 freeze to 538
[14:18:30.757] [SEVERE ] setting player 1 freeze to 527
[14:18:30.767] [SEVERE ] setting player 1 freeze to 517
[14:18:30.777] [SEVERE ] setting player 1 freeze to 507
[14:18:30.787] [SEVERE ] setting player 1 freeze to 497
[14:18:30.798] [SEVERE ] setting player 1 freeze to 486
[14:18:30.808] [SEVERE ] setting player 1 freeze to 476
[14:18:30.818] [SEVERE ] setting player 1 freeze to 466
[14:18:30.828] [SEVERE ] setting player 1 freeze to 456
[14:18:30.838] [SEVERE ] setting player 1 freeze to 446
[14:18:30.849] [SEVERE ] setting player 1 freeze to 435
[14:18:30.859] [SEVERE ] setting player 1 freeze to 425
[14:18:30.869] [SEVERE ] setting player 1 freeze to 415
[14:18:30.879] [SEVERE ] setting player 1 freeze to 405
[14:18:30.890] [SEVERE ] setting player 1 freeze to 394
[14:18:30.890] [SEVERE ] updating countdown to 59999
[14:18:30.900] [SEVERE ] setting player 1 freeze to 384
[14:18:30.910] [SEVERE ] setting player 1 freeze to 374
[14:18:30.920] [SEVERE ] setting player 1 freeze to 364
[14:18:30.931] [SEVERE ] setting player 1 freeze to 353
[14:18:30.941] [SEVERE ] setting player 1 freeze to 343
[14:18:30.951] [SEVERE ] setting player 1 freeze to 333
[14:18:30.961] [SEVERE ] setting player 1 freeze to 323
[14:18:30.971] [SEVERE ] setting player 1 freeze to 313
[14:18:30.982] [SEVERE ] setting player 1 freeze to 302
[14:18:30.992] [SEVERE ] setting player 1 freeze to 292
[14:18:31.002] [SEVERE ] setting player 1 freeze to 282
[14:18:31.012] [SEVERE ] setting player 1 freeze to 272
[14:18:31.023] [SEVERE ] setting player 1 freeze to 261
[14:18:31.033] [SEVERE ] setting player 1 freeze to 251
[14:18:31.043] [SEVERE ] setting player 1 freeze to 241
[14:18:31.053] [SEVERE ] setting player 1 freeze to 231
[14:18:31.064] [SEVERE ] setting player 1 freeze to 220
[14:18:31.074] [SEVERE ] setting player 1 freeze to 210
[14:18:31.084] [SEVERE ] setting player 1 freeze to 200
[14:18:31.094] [SEVERE ] setting player 1 freeze to 190
[14:18:31.105] [SEVERE ] setting player 1 freeze to 179
[14:18:31.115] [SEVERE ] setting player 1 freeze to 169
[14:18:31.125] [SEVERE ] setting player 1 freeze to 159
[14:18:31.135] [SEVERE ] setting player 1 freeze to 149
[14:18:31.145] [SEVERE ] setting player 1 freeze to 139
[14:18:31.156] [SEVERE ] setting player 1 freeze to 128
[14:18:31.166] [SEVERE ] setting player 1 freeze to 118
[14:18:31.176] [SEVERE ] setting player 1 freeze to 108
[14:18:31.186] [SEVERE ] setting player 1 freeze to 98
[14:18:31.197] [SEVERE ] setting player 1 freeze to 87
[14:18:31.207] [SEVERE ] setting player 1 freeze to 77
[14:18:31.217] [SEVERE ] setting player 1 freeze to 67
[14:18:31.227] [SEVERE ] setting player 1 freeze to 57
[14:18:31.237] [SEVERE ] setting player 1 freeze to 47
[14:18:31.248] [SEVERE ] setting player 1 freeze to 36
[14:18:31.258] [SEVERE ] setting player 1 freeze to 26
[14:18:31.268] [SEVERE ] setting player 1 freeze to 16
[14:18:31.278] [SEVERE ] setting player 1 freeze to 6
[14:18:31.289] [SEVERE ] setting player 1 freeze to -5
[14:18:31.890] [SEVERE ] updating countdown to 58999
[14:18:32.890] [SEVERE ] updating countdown to 57999
[14:18:33.890] [SEVERE ] updating countdown to 56999
[14:18:34.890] [SEVERE ] updating countdown to 55999
[14:18:35.699] [SEVERE ] key 81 was pressed by player 1
[14:18:35.700] [SEVERE ] player 1 placing token on slot 0
[14:18:35.891] [SEVERE ] updating countdown to 54998
[14:18:36.427] [SEVERE ] key 90 was pressed by player 1
[14:18:36.428] [SEVERE ] player 1 placing token on slot 8
[14:18:36.891] [SEVERE ] updating countdown to 53998
[14:18:37.283] [SEVERE ] key 86 was pressed by player 1
[14:18:37.284] [SEVERE ] player 1 placing token on slot 11
[14:18:37.284] [SEVERE ] setting player 1 score to 3
[14:18:37.284] [SEVERE ] removing player 1 token from slot 0
[14:18:37.285] [SEVERE ] removing player 1 token from slot 8
[14:18:37.285] [SEVERE ] removing player 1 token from slot 11
[14:18:37.285] [SEVERE ] removing player 2 token from slot 0
[14:18:37.285] [SEVERE ] removing player 2 token from slot 8
[14:18:37.285] [SEVERE ] removing player 2 token from slot 11
[14:18:37.285] [SEVERE ] setting player 1 freeze to 1999
[14:18:37.295] [SEVERE ] setting player 1 freeze to 1989
[14:18:37.306] [SEVERE ] setting player 1 freeze to 1978
[14:18:37.316] [SEVERE ] setting player 1 freeze to 1968
[14:18:37.326] [SEVERE ] setting player 1 freeze to 1958
[14:18:37.337] [SEVERE ] setting player 1 freeze to 1947
[14:18:37.347] [SEVERE ] setting player 1 freeze to 1937
[14:18:37.357] [SEVERE ] setting player 1 freeze to 1927
[14:18:37.367] [SEVERE ] setting player 1 freeze to 1917
[14:18:37.377] [SEVERE ] setting player 1 freeze to 1907
[14:18:37.385] [SEVERE ] removing card from slot 0
[14:18:37.388] [SEVERE ] setting player 1 freeze to 1896
[14:18:37.398] [SEVERE ] setting player 1 freeze to 1886
[14:18:37.408] [SEVERE ] setting player 1 freeze to 1876
[14:18:37.419] [SEVERE ] setting player 1 freeze to 1865
[14:18:37.429] [SEVERE ] setting player 1 freeze to 1855
[14:18:37.439] [SEVERE ] setting player 1 freeze to 1845
[14:18:37.449] [SEVERE ] setting player 1 freeze to 1835
[14:18:37.460] [SEVERE ] setting player 1 freeze to 1824
[14:18:37.470] [SEVERE ] setting player 1 freeze to 1814
[14:18:37.480] [SEVERE ] setting player 1 freeze to 1804
[14:18:37.486] [SEVERE ] removing card from slot 8
[14:18:37.490] [SEVERE ] setting player 1 freeze to 1794
[14:18:37.500] [SEVERE ] setting player 1 freeze to 1784
[14:18:37.511] [SEVERE ] setting player 1 freeze to 1773
[14:18:37.521] [SEVERE ] setting player 1 freeze to 1763
[14:18:37.531] [SEVERE ] setting player 1 freeze to 1753
[14:18:37.541] [SEVERE ] setting player 1 freeze to 1743
[14:18:37.552] [SEVERE ] setting player 1 freeze to 1732
[14:18:37.562] [SEVERE ] setting player 1 freeze to 1722
[14:18:37.572] [SEVERE ] setting player 1 freeze to 1712
[14:18:37.582] [SEVERE ] setting player 1 freeze to 1702
[14:18:37.586] [SEVERE ] removing card from slot 11
[14:18:37.592] [SEVERE ] setting player 1 freeze to 1692
[14:18:37.602] [SEVERE ] setting player 1 freeze to 1682
[14:18:37.613] [SEVERE ] setting player 1 freeze to 1671
[14:18:37.623] [SEVERE ] setting player 1 freeze to 1661
[14:18:37.633] [SEVERE ] setting player 1 freeze to 1651
[14:18:37.644] [SEVERE ] setting player 1 freeze to 1640
[14:18:37.654] [SEVERE ] setting player 1 freeze to 1630
[14:18:37.664] [SEVERE ] setting player 1 freeze to 1620
[14:18:37.674] [SEVERE ] setting player 1 freeze to 1610
[14:18:37.685] [SEVERE ] setting player 1 freeze to 1599
[14:18:37.687] [SEVERE ] placing card 27 in slot 0
[14:18:37.695] [SEVERE ] setting player 1 freeze to 1589
[14:18:37.705] [SEVERE ] setting player 1 freeze to 1579
[14:18:37.715] [SEVERE ] setting player 1 freeze to 1569
[14:18:37.725] [SEVERE ] setting player 1 freeze to 1559
[14:18:37.736] [SEVERE ] setting player 1 freeze to 1548
[14:18:37.746] [SEVERE ] setting player 1 freeze to 1538
[14:18:37.756] [SEVERE ] setting player 1 freeze to 1528
[14:18:37.766] [SEVERE ] setting player 1 freeze to 1518
[14:18:37.776] [SEVERE ] setting player 1 freeze to 1508
[14:18:37.787] [SEVERE ] setting player 1 freeze to 1497
[14:18:37.788] [SEVERE ] placing card 80 in slot 8
[14:18:37.797] [SEVERE ] setting player 1 freeze to 1487
[14:18:37.807] [SEVERE ] setting player 1 freeze to 1477
[14:18:37.817] [SEVERE ] setting player 1 freeze to 1467
[14:18:37.828] [SEVERE ] setting player 1 freeze to 1456
[14:18:37.838] [SEVERE ] setting player 1 freeze to 1446
[14:18:37.848] [SEVERE ] setting player 1 freeze to 1436
[14:18:37.858] [SEVERE ] setting player 1 freeze to 1426
[14:18:37.868] [SEVERE ] setting player 1 freeze to 1416
[14:18:37.879] [SEVERE ] setting player 1 freeze to 1405
[14:18:37.888] [SEVERE ] placing card 54 in slot 11
[14:18:37.889] [SEVERE ] setting player 1 freeze to 1395
[14:18:37.891] [SEVERE ] updating countdown to 60000
[14:18:37.899] [SEVERE ] setting player 1 freeze to 1385
[14:18:37.910] [SEVERE ] setting player 1 freeze to 1374
[14:18:37.920] [SEVERE ] setting player 1 freeze to 1364
[14:18:37.930] [SEVERE ] setting player 1 freeze to 1354
[14:18:37.940] [SEVERE ] setting player 1 freeze to 1344
[14:18:37.951] [SEVERE ] setting player 1 freeze to 1333
[14:18:37.961] [SEVERE ] setting player 1 freeze to 1323
[14:18:37.971] [SEVERE ] setting player 1 freeze to 1313
[14:18:37.981] [SEVERE ] setting player 1 freeze to 1303
[14:18:37.991] [SEVERE ] setting player 1 freeze to 1293
[14:18:38.002] [SEVERE ] setting player 1 freeze to 1282
[14:18:38.012] [SEVERE ] setting player 1 freeze to 1272
[14:18:38.022] [SEVERE ] setting player 1 freeze to 1262
[14:18:38.032] [SEVERE ] setting player 1 freeze to 1252
[14:18:38.042] [SEVERE ] setting player 1 freeze to 1242
[14:18:38.053] [SEVERE ] setting player 1 freeze to 1231
[14:18:38.063] [SEVERE ] setting player 1 freeze to 1221
[14:18:38.073] [SEVERE ] setting player 1 freeze to 1211
[14:18:38.083] [SEVERE ] setting player 1 freeze to 1201
[14:18:38.093] [SEVERE ] setting player 1 freeze to 1191
[14:18:38.104] [SEVERE ] setting player 1 freeze to 1180
[14:18:38.114] [SEVERE ] setting player 1 freeze to 1170
[14:18:38.124] [SEVERE ] setting player 1 freeze to 1160
[14:18:38.134] [SEVERE ] setting player 1 freeze to 1150
[14:18:38.145] [SEVERE ] setting player 1 freeze to 1139
[14:18:38.155] [SEVERE ] setting player 1 freeze to 1129
[14:18:38.165] [SEVERE ] setting player 1 freeze to 1119
[14:18:38.175] [SEVERE ] setting player 1 freeze to 1109
[14:18:38.185] [SEVERE ] setting player 1 freeze to 1099
[14:18:38.196] [SEVERE ] setting player 1 freeze to 1088
[14:18:38.206] [SEVERE ] setting player 1 freeze to 1078
[14:18:38.216] [SEVERE ] setting player 1 freeze to 1068
[14:18:38.226] [SEVERE ] setting player 1 freeze to 1058
[14:18:38.236] [SEVERE ] setting player 1 freeze to 1048
[14:18:38.247] [SEVERE ] setting player 1 freeze to 1037
[14:18:38.257] [SEVERE ] setting player 1 freeze to 1027
[14:18:38.267] [SEVERE ] setting player 1 freeze to 1017
[14:18:38.277] [SEVERE ] setting player 1 freeze to 1007
[14:18:38.288] [SEVERE ] setting player 1 freeze to 996
[14:18:38.298] [SEVERE ] setting player 1 freeze to 986
[14:18:38.308] [SEVERE ] setting player 1 freeze to 976
[14:18:38.319] [SEVERE ] setting player 1 freeze to 965
[14:18:38.329] [SEVERE ] setting player 1 freeze to 955
[14:18:38.339] [SEVERE ] setting player 1 freeze to 945
[14:18:38.349] [SEVERE ] setting player 1 freeze to 935
[14:18:38.360] [SEVERE ] setting player 1 freeze to 924
[14:18:38.370] [SEVERE ] setting player 1 freeze to 914
[14:18:38.380] [SEVERE ] setting player 1 freeze to 904
[14:18:38.390] [SEVERE ] setting player 1 freeze to 894
[14:18:38.401] [SEVERE ] setting player 1 freeze to 883
[14:18:38.411] [SEVERE ] setting player 1 freeze to 873
[14:18:38.421] [SEVERE ] setting player 1 freeze to 863
[14:18:38.431] [SEVERE ] setting player 1 freeze to 853
[14:18:38.441] [SEVERE ] setting player 1 freeze to 843
[14:18:38.452] [SEVERE ] setting player 1 freeze to 832
[14:18:38.462] [SEVERE ] setting player 1 freeze to 822
[14:18:38.472] [SEVERE ] setting player 1 freeze to 812
[14:18:38.482] [SEVERE ] setting player 1 freeze to 802
[14:18:38.492] [SEVERE ] setting player 1 freeze to 792
[14:18:38.503] [SEVERE ] setting player 1 freeze to 781
[14:18:38.513] [SEVERE ] setting player 1 freeze to 771
[14:18:38.523] [SEVERE ] setting player 1 freeze to 761
[14:18:38.533] [SEVERE ] setting player 1 freeze to 751
[14:18:38.543] [SEVERE ] setting player 1 freeze to 741
[14:18:38.554] [SEVERE ] setting player 1 freeze to 730
[14:18:38.564] [SEVERE ] setting player 1 freeze to 720
[14:18:38.574] [SEVERE ] setting player 1 freeze to 710
[14:18:38.584] [SEVERE ] setting player 1 freeze to 700
[14:18:38.595] [SEVERE ] setting player 1 freeze to 689
[14:18:38.605] [SEVERE ] setting player 1 freeze to 679
[14:18:38.615] [SEVERE ] setting player 1 freeze to 669
[14:18:38.625] [SEVERE ] setting player 1 freeze to 659
[14:18:38.635] [SEVERE ] setting player 1 freeze to 649
[14:18:38.646] [SEVERE ] setting player 1 freeze to 638
[14:18:38.656] [SEVERE ] setting player 1 freeze to 628
[14:18:38.666] [SEVERE ] setting player 1 freeze to 618
[14:18:38.676] [SEVERE ] setting player 1 freeze to 608
[14:18:38.686] [SEVERE ] setting player 1 freeze to 598
[14:18:38.697] [SEVERE ] setting player 1 freeze to 587
[14:18:38.707] [SEVERE ] setting player 1 freeze to 577
[14:18:38.717] [SEVERE ] setting player 1 freeze to 567
[14:18:38.727] [SEVERE ] setting player 1 freeze to 557
[14:18:38.738] [SEVERE ] setting player 1 freeze to 546
[14:18:38.748] [SEVERE ] setting player 1 freeze to 536
[14:18:38.758] [SEVERE ] setting player 1 freeze to 526
[14:18:38.768] [SEVERE ] setting player 1 freeze to 516
[14:18:38.778] [SEVERE ] setting player 1 freeze to 506
[14:18:38.789] [SEVERE ] setting player 1 freeze to 495
[14:18:38.799] [SEVERE ] setting player 1 freeze to 485
[14:18:38.809] [SEVERE ] setting player 1 freeze to 475
[14:18:38.819] [SEVERE ] setting player 1 freeze to 465
[14:18:38.829] [SEVERE ] setting player 1 freeze to 455
[14:18:38.840] [SEVERE ] setting player 1 freeze to 444
[14:18:38.850] [SEVERE ] setting player 1 freeze to 434
[14:18:38.860] [SEVERE ] setting player 1 freeze to 424
[14:18:38.870] [SEVERE ] setting player 1 freeze to 414
[14:18:38.881] [SEVERE ] setting player 1 freeze to 403
[14:18:38.891] [SEVERE ] setting player 1 freeze to 393
[14:18:38.892] [SEVERE ] updating countdown to 59999
[14:18:38.901] [SEVERE ] setting player 1 freeze to 383
[14:18:38.912] [SEVERE ] setting player 1 freeze to 372
[14:18:38.923] [SEVERE ] setting player 1 freeze to 361
[14:18:38.933] [SEVERE ] setting player 1 freeze to 351
[14:18:38.943] [SEVERE ] setting player 1 freeze to 341
[14:18:38.953] [SEVERE ] setting player 1 freeze to 331
[14:18:38.964] [SEVERE ] setting player 1 freeze to 320
[14:18:38.974] [SEVERE ] setting player 1 freeze to 310
[14:18:38.984] [SEVERE ] setting player 1 freeze to 300
[14:18:38.995] [SEVERE ] setting player 1 freeze to 289
[14:18:39.005] [SEVERE ] setting player 1 freeze to 279
[14:18:39.015] [SEVERE ] setting player 1 freeze to 269
[14:18:39.025] [SEVERE ] setting player 1 freeze to 259
[14:18:39.035] [SEVERE ] setting player 1 freeze to 249
[14:18:39.045] [SEVERE ] setting player 1 freeze to 239
[14:18:39.056] [SEVERE ] setting player 1 freeze to 228
[14:18:39.066] [SEVERE ] setting player 1 freeze to 218
[14:18:39.076] [SEVERE ] setting player 1 freeze to 208
[14:18:39.086] [SEVERE ] setting player 1 freeze to 198
[14:18:39.097] [SEVERE ] setting player 1 freeze to 187
[14:18:39.107] [SEVERE ] setting player 1 freeze to 177
[14:18:39.117] [SEVERE ] setting player 1 freeze to 167
[14:18:39.127] [SEVERE ] setting player 1 freeze to 157
[14:18:39.138] [SEVERE ] setting player 1 freeze to 146
[14:18:39.148] [SEVERE ] setting player 1 freeze to 136
[14:18:39.158] [SEVERE ] setting player 1 freeze to 126
[14:18:39.168] [SEVERE ] setting player 1 freeze to 116
[14:18:39.178] [SEVERE ] setting player 1 freeze to 106
[14:18:39.188] [SEVERE ] setting player 1 freeze to 96
[14:18:39.199] [SEVERE ] setting player 1 freeze to 85
[14:18:39.209] [SEVERE ] setting player 1 freeze to 75
[14:18:39.219] [SEVERE ] setting player 1 freeze to 65
[14:18:39.229] [SEVERE ] setting player 1 freeze to 55
[14:18:39.240] [SEVERE ] setting player 1 freeze to 44
[14:18:39.250] [SEVERE ] setting player 1 freeze to 34
[14:18:39.260] [SEVERE ] setting player 1 freeze to 24
[14:18:39.270] [SEVERE ] setting player 1 freeze to 14
[14:18:39.280] [SEVERE ] setting player 1 freeze to 4
[14:18:39.291] [SEVERE ] setting player 1 freeze to -7
[14:18:39.893] [SEVERE ] updating countdown to 58998
[14:18:40.894] [SEVERE ] updating countdown to 57997
[14:18:41.894] [SEVERE ] updating countdown to 56997
[14:18:42.894] [SEVERE ] updating countdown to 55997
[14:18:43.894] [SEVERE ] updating countdown to 54997
[14:18:44.423] [SEVERE ] exit button pressed
[14:18:44.423] [INFO   ] Thread player1 terminated.
[14:18:44.423] [INFO   ] Thread player0 terminated.
[14:18:44.895] [SEVERE ] updating countdown to 53996
[14:18:44.996] [SEVERE ] removing card from slot 0
[14:18:44.996] [SEVERE ] removing player 1 token from slot 0
[14:18:44.997] [SEVERE ] removing player 2 token from slot 0
[14:18:45.098] [SEVERE ] removing card from slot 1
[14:18:45.098] [SEVERE ] removing player 1 token from slot 1
[14:18:45.098] [SEVERE ] removing player 2 token from slot 1
[14:18:45.199] [SEVERE ] removing card from slot 2
[14:18:45.199] [SEVERE ] removing player 1 token from slot 2
[14:18:45.199] [SEVERE ] removing player 2 token from slot 2
[14:18:45.301] [SEVERE ] removing card from slot 3
[14:18:45.301] [SEVERE ] removing player 1 token from slot 3
[14:18:45.301] [SEVERE ] removing player 2 token from slot 3
[14:18:45.402] [SEVERE ] removing card from slot 4
[14:18:45.402] [SEVERE ] removing player 1 token from slot 4
[14:18:45.403] [SEVERE ] removing player 2 token from slot 4
[14:18:45.504] [SEVERE ] removing card from slot 5
[14:18:45.505] [SEVERE ] removing player 1 token from slot 5
[14:18:45.506] [SEVERE ] removing player 2 token from slot 5
[14:18:45.606] [SEVERE ] removing card from slot 6
[14:18:45.607] [SEVERE ] removing player 1 token from slot 6
[14:18:45.607] [SEVERE ] removing player 2 token from slot 6
[14:18:45.708] [SEVERE ] removing card from slot 7
[14:18:45.708] [SEVERE ] removing player 1 token from slot 7
[14:18:45.709] [SEVERE ] removing player 2 token from slot 7
[14:18:45.810] [SEVERE ] removing card from slot 8
[14:18:45.810] [SEVERE ] removing player 1 token from slot 8
[14:18:45.811] [SEVERE ] removing player 2 token from slot 8
[14:18:45.912] [SEVERE ] removing card from slot 9
[14:18:45.912] [SEVERE ] removing player 1 token from slot 9
[14:18:45.912] [SEVERE ] removing player 2 token from slot 9
[14:18:46.013] [SEVERE ] removing card from slot 10
[14:18:46.013] [SEVERE ] removing player 1 token from slot 10
[14:18:46.013] [SEVERE ] removing player 2 token from slot 10
[14:18:46.114] [SEVERE ] removing card from slot 11
[14:18:46.114] [SEVERE ] removing player 1 token from slot 11
[14:18:46.114] [SEVERE ] removing player 2 token from slot 11
[14:18:46.216] [SEVERE ] placing card 47 in slot 0
[14:18:46.317] [SEVERE ] placing card 74 in slot 1
[14:18:46.417] [SEVERE ] placing card 70 in slot 2
[14:18:46.518] [SEVERE ] placing card 54 in slot 3
[14:18:46.618] [SEVERE ] placing card 62 in slot 4
[14:18:46.719] [SEVERE ] placing card 27 in slot 5
[14:18:46.819] [SEVERE ] placing card 5 in slot 6
[14:18:46.920] [SEVERE ] placing card 2 in slot 7
[14:18:47.020] [SEVERE ] placing card 21 in slot 8
[14:18:47.121] [SEVERE ] placing card 22 in slot 9
[14:18:47.221] [SEVERE ] placing card 80 in slot 10
[14:18:47.322] [SEVERE ] placing card 38 in slot 11
[14:18:47.322] [INFO   ] Thread dealer terminated.
[14:18:47.322] [INFO   ] thread dealer terminated.
[14:18:47.323] [SEVERE ] thanks for playing... it was fun!
[14:18:47.323] [INFO   ] thread main terminated.
