[16:28:22.930] [INFO   ] thread main starting.
[16:28:22.936] [SEVERE ] cannot read configuration file config.properties trying from resources.
[16:28:22.937] [SEVERE ] configuration file was loaded from resources directory.
[16:28:23.500] [INFO   ] thread dealer starting.
[16:28:23.508] [INFO   ] Thread dealer starting.
[16:28:23.511] [INFO   ] Thread player0 starting.
[16:28:23.528] [INFO   ] Thread player1 starting.
[16:28:23.642] [SEVERE ] placing card 5 in slot 0
[16:28:23.748] [SEVERE ] placing card 23 in slot 1
[16:28:23.849] [SEVERE ] placing card 22 in slot 2
[16:28:23.950] [SEVERE ] placing card 51 in slot 3
[16:28:24.050] [SEVERE ] placing card 12 in slot 4
[16:28:24.150] [SEVERE ] placing card 19 in slot 5
[16:28:24.251] [SEVERE ] placing card 75 in slot 6
[16:28:24.351] [SEVERE ] placing card 39 in slot 7
[16:28:24.452] [SEVERE ] placing card 10 in slot 8
[16:28:24.552] [SEVERE ] placing card 13 in slot 9
[16:28:24.652] [SEVERE ] placing card 66 in slot 10
[16:28:24.753] [SEVERE ] placing card 63 in slot 11
[16:28:24.758] [SEVERE ] updating countdown to 60000
[16:28:25.759] [SEVERE ] updating countdown to 59999
[16:28:26.265] [SEVERE ] key 65 was pressed by player 1
[16:28:26.265] [SEVERE ] player 1 placing token on slot 4
[16:28:26.759] [SEVERE ] updating countdown to 58999
[16:28:27.760] [SEVERE ] updating countdown to 57998
[16:28:28.760] [SEVERE ] updating countdown to 56998
[16:28:29.761] [SEVERE ] updating countdown to 55997
[16:28:30.761] [SEVERE ] updating countdown to 54997
[16:28:31.762] [SEVERE ] updating countdown to 53996
[16:28:31.825] [SEVERE ] exit button pressed
[16:28:31.825] [INFO   ] Thread player1 terminated.
[16:28:31.825] [INFO   ] Thread player0 terminated.
[16:28:32.763] [SEVERE ] updating countdown to 52995
[16:28:32.864] [SEVERE ] removing card from slot 0
[16:28:32.864] [SEVERE ] removing player 1 token from slot 0
[16:28:32.865] [SEVERE ] removing player 2 token from slot 0
[16:28:32.966] [SEVERE ] removing card from slot 1
[16:28:32.966] [SEVERE ] removing player 1 token from slot 1
[16:28:32.967] [SEVERE ] removing player 2 token from slot 1
[16:28:33.068] [SEVERE ] removing card from slot 2
[16:28:33.068] [SEVERE ] removing player 1 token from slot 2
[16:28:33.069] [SEVERE ] removing player 2 token from slot 2
[16:28:33.170] [SEVERE ] removing card from slot 3
[16:28:33.170] [SEVERE ] removing player 1 token from slot 3
[16:28:33.171] [SEVERE ] removing player 2 token from slot 3
[16:28:33.272] [SEVERE ] removing card from slot 4
[16:28:33.272] [SEVERE ] removing player 1 token from slot 4
[16:28:33.273] [SEVERE ] removing player 2 token from slot 4
[16:28:33.374] [SEVERE ] removing card from slot 5
[16:28:33.375] [SEVERE ] removing player 1 token from slot 5
[16:28:33.375] [SEVERE ] removing player 2 token from slot 5
[16:28:33.476] [SEVERE ] removing card from slot 6
[16:28:33.477] [SEVERE ] removing player 1 token from slot 6
[16:28:33.478] [SEVERE ] removing player 2 token from slot 6
[16:28:33.578] [SEVERE ] removing card from slot 7
[16:28:33.579] [SEVERE ] removing player 1 token from slot 7
[16:28:33.580] [SEVERE ] removing player 2 token from slot 7
[16:28:33.681] [SEVERE ] removing card from slot 8
[16:28:33.681] [SEVERE ] removing player 1 token from slot 8
[16:28:33.682] [SEVERE ] removing player 2 token from slot 8
[16:28:33.783] [SEVERE ] removing card from slot 9
[16:28:33.783] [SEVERE ] removing player 1 token from slot 9
[16:28:33.784] [SEVERE ] removing player 2 token from slot 9
[16:28:33.885] [SEVERE ] removing card from slot 10
[16:28:33.886] [SEVERE ] removing player 1 token from slot 10
[16:28:33.887] [SEVERE ] removing player 2 token from slot 10
[16:28:33.988] [SEVERE ] removing card from slot 11
[16:28:33.989] [SEVERE ] removing player 1 token from slot 11
[16:28:33.990] [SEVERE ] removing player 2 token from slot 11
[16:28:34.095] [SEVERE ] placing card 8 in slot 0
[16:28:34.196] [SEVERE ] placing card 65 in slot 1
[16:28:34.296] [SEVERE ] placing card 39 in slot 2
[16:28:34.397] [SEVERE ] placing card 12 in slot 3
[16:28:34.497] [SEVERE ] placing card 13 in slot 4
[16:28:34.598] [SEVERE ] placing card 22 in slot 5
[16:28:34.699] [SEVERE ] placing card 51 in slot 6
[16:28:34.800] [SEVERE ] placing card 60 in slot 7
[16:28:34.901] [SEVERE ] placing card 72 in slot 8
[16:28:35.001] [SEVERE ] placing card 23 in slot 9
[16:28:35.102] [SEVERE ] placing card 5 in slot 10
[16:28:35.203] [SEVERE ] placing card 10 in slot 11
[16:28:35.203] [INFO   ] Thread dealer terminated.
[16:28:35.204] [INFO   ] thread dealer terminated.
[16:28:35.205] [SEVERE ] thanks for playing... it was fun!
[16:28:35.206] [INFO   ] thread main terminated.
